ARM GAS  C:\Users\MATEOC~1.QUE\AppData\Local\Temp\cc7Gznrk.s 			page 1


   1              		.syntax unified
   2              		.cpu cortex-m3
   3              		.fpu softvfp
   4              		.eabi_attribute 20, 1
   5              		.eabi_attribute 21, 1
   6              		.eabi_attribute 23, 3
   7              		.eabi_attribute 24, 1
   8              		.eabi_attribute 25, 1
   9              		.eabi_attribute 26, 1
  10              		.eabi_attribute 30, 1
  11              		.eabi_attribute 34, 1
  12              		.eabi_attribute 18, 4
  13              		.thumb
  14              		.syntax unified
  15              		.file	"button.c"
  16              		.text
  17              	.Ltext0:
  18              		.cfi_sections	.debug_frame
  19              		.section	.text.BUTTON_Init,"ax",%progbits
  20              		.align	2
  21              		.global	BUTTON_Init
  22              		.thumb
  23              		.thumb_func
  24              		.type	BUTTON_Init, %function
  25              	BUTTON_Init:
  26              	.LFB110:
  27              		.file 1 "source\\bsw\\LabBoard\\button.c"
   1:source\bsw\LabBoard/button.c **** /**
   2:source\bsw\LabBoard/button.c **** * \file button.c
   3:source\bsw\LabBoard/button.c **** * \author P. Fromm
   4:source\bsw\LabBoard/button.c **** * \date 29.7.17
   5:source\bsw\LabBoard/button.c **** *
   6:source\bsw\LabBoard/button.c **** * \brief Simple button driver
   7:source\bsw\LabBoard/button.c **** *
   8:source\bsw\LabBoard/button.c **** * \copyright Copyright ©2016
   9:source\bsw\LabBoard/button.c **** * Department of electrical engineering and information technology, Hochschule Darmstadt - Universit
  10:source\bsw\LabBoard/button.c **** * Permission to use, copy, modify, and distribute this software and its documentation for education
  11:source\bsw\LabBoard/button.c **** * (unless permitted by h_da) and official h_da projects, is hereby granted for enrolled students of
  12:source\bsw\LabBoard/button.c **** * this paragraph and the following paragraph appear in all copies, modifications, and distributions
  13:source\bsw\LabBoard/button.c **** * Contact Prof.Dr.-Ing. Peter Fromm, peter.fromm@h-da.de, Birkenweg 8 64295 Darmstadt - GERMANY for
  14:source\bsw\LabBoard/button.c **** *
  15:source\bsw\LabBoard/button.c **** * \warning This software is a PROTOTYPE version and is not designed or intended for use in producti
  16:source\bsw\LabBoard/button.c **** * The user represents and warrants that it will NOT use or redistribute the Software for such purpo
  17:source\bsw\LabBoard/button.c **** * This prototype is for research purposes only. This software is provided "AS IS," without a warran
  18:source\bsw\LabBoard/button.c **** */
  19:source\bsw\LabBoard/button.c **** 
  20:source\bsw\LabBoard/button.c **** /*****************************************************************************/
  21:source\bsw\LabBoard/button.c **** /* Include files                                                             */
  22:source\bsw\LabBoard/button.c **** /*****************************************************************************/
  23:source\bsw\LabBoard/button.c **** #include "project.h"
  24:source\bsw\LabBoard/button.c **** #include "button.h"
  25:source\bsw\LabBoard/button.c **** 
  26:source\bsw\LabBoard/button.c **** #include "button_1.h"
  27:source\bsw\LabBoard/button.c **** #include "button_2.h"
  28:source\bsw\LabBoard/button.c **** #include "button_3.h"
  29:source\bsw\LabBoard/button.c **** #include "button_4.h"
  30:source\bsw\LabBoard/button.c **** 
ARM GAS  C:\Users\MATEOC~1.QUE\AppData\Local\Temp\cc7Gznrk.s 			page 2


  31:source\bsw\LabBoard/button.c **** 
  32:source\bsw\LabBoard/button.c **** /*****************************************************************************/
  33:source\bsw\LabBoard/button.c **** /* Local pre-processor symbols/macros ('#define')                            */
  34:source\bsw\LabBoard/button.c **** /*****************************************************************************/
  35:source\bsw\LabBoard/button.c **** 
  36:source\bsw\LabBoard/button.c **** /*****************************************************************************/
  37:source\bsw\LabBoard/button.c **** /* Global variable definitions (declared in header file with 'extern')       */
  38:source\bsw\LabBoard/button.c **** /*****************************************************************************/
  39:source\bsw\LabBoard/button.c **** 
  40:source\bsw\LabBoard/button.c **** /*****************************************************************************/
  41:source\bsw\LabBoard/button.c **** /* Local type definitions ('typedef')                                        */
  42:source\bsw\LabBoard/button.c **** /*****************************************************************************/
  43:source\bsw\LabBoard/button.c **** 
  44:source\bsw\LabBoard/button.c **** /*****************************************************************************/
  45:source\bsw\LabBoard/button.c **** /* Local variable definitions ('static')                                     */
  46:source\bsw\LabBoard/button.c **** /*****************************************************************************/
  47:source\bsw\LabBoard/button.c **** 
  48:source\bsw\LabBoard/button.c **** 
  49:source\bsw\LabBoard/button.c **** 
  50:source\bsw\LabBoard/button.c **** /*****************************************************************************/
  51:source\bsw\LabBoard/button.c **** /* Local function prototypes ('static')                                      */
  52:source\bsw\LabBoard/button.c **** /*****************************************************************************/
  53:source\bsw\LabBoard/button.c **** 
  54:source\bsw\LabBoard/button.c **** 
  55:source\bsw\LabBoard/button.c **** /*****************************************************************************/
  56:source\bsw\LabBoard/button.c **** /* Function implementation - global ('extern') and local ('static')          */
  57:source\bsw\LabBoard/button.c **** /*****************************************************************************/
  58:source\bsw\LabBoard/button.c **** 
  59:source\bsw\LabBoard/button.c **** /**
  60:source\bsw\LabBoard/button.c ****  * Initialize Button
  61:source\bsw\LabBoard/button.c ****  * @return RC_SUCCESS if ok
  62:source\bsw\LabBoard/button.c ****  */
  63:source\bsw\LabBoard/button.c **** RC_t BUTTON_Init(cyisraddress address)
  64:source\bsw\LabBoard/button.c **** {
  28              		.loc 1 64 0
  29              		.cfi_startproc
  30              		@ args = 0, pretend = 0, frame = 0
  31              		@ frame_needed = 0, uses_anonymous_args = 0
  32              	.LVL0:
  65:source\bsw\LabBoard/button.c ****  
  66:source\bsw\LabBoard/button.c ****     if (address != 0)
  33              		.loc 1 66 0
  34 0000 20B1     		cbz	r0, .L4
  64:source\bsw\LabBoard/button.c ****  
  35              		.loc 1 64 0
  36 0002 08B5     		push	{r3, lr}
  37              		.cfi_def_cfa_offset 8
  38              		.cfi_offset 3, -8
  39              		.cfi_offset 14, -4
  67:source\bsw\LabBoard/button.c ****     {
  68:source\bsw\LabBoard/button.c ****         isr_Button_StartEx(address);
  40              		.loc 1 68 0
  41 0004 FFF7FEFF 		bl	isr_Button_StartEx
  42              	.LVL1:
  69:source\bsw\LabBoard/button.c ****     }
  70:source\bsw\LabBoard/button.c ****     
  71:source\bsw\LabBoard/button.c ****     return RC_SUCCESS;
ARM GAS  C:\Users\MATEOC~1.QUE\AppData\Local\Temp\cc7Gznrk.s 			page 3


  72:source\bsw\LabBoard/button.c **** }
  43              		.loc 1 72 0
  44 0008 0020     		movs	r0, #0
  45 000a 08BD     		pop	{r3, pc}
  46              	.LVL2:
  47              	.L4:
  48              		.cfi_def_cfa_offset 0
  49              		.cfi_restore 3
  50              		.cfi_restore 14
  51 000c 0020     		movs	r0, #0
  52              	.LVL3:
  53 000e 7047     		bx	lr
  54              		.cfi_endproc
  55              	.LFE110:
  56              		.size	BUTTON_Init, .-BUTTON_Init
  57              		.section	.text.BUTTON_IsPressed,"ax",%progbits
  58              		.align	2
  59              		.global	BUTTON_IsPressed
  60              		.thumb
  61              		.thumb_func
  62              		.type	BUTTON_IsPressed, %function
  63              	BUTTON_IsPressed:
  64              	.LFB111:
  73:source\bsw\LabBoard/button.c **** 
  74:source\bsw\LabBoard/button.c **** /**
  75:source\bsw\LabBoard/button.c ****  * Initialize Button
  76:source\bsw\LabBoard/button.c ****  * @param BUTTON_id_t button - check if the corresponding button is pressed
  77:source\bsw\LabBoard/button.c ****  * @return TRUE if button is pressed
  78:source\bsw\LabBoard/button.c ****  */
  79:source\bsw\LabBoard/button.c **** boolean_t BUTTON_IsPressed(BUTTON_id_t button)
  80:source\bsw\LabBoard/button.c **** {
  65              		.loc 1 80 0
  66              		.cfi_startproc
  67              		@ args = 0, pretend = 0, frame = 0
  68              		@ frame_needed = 0, uses_anonymous_args = 0
  69              	.LVL4:
  70 0000 08B5     		push	{r3, lr}
  71              		.cfi_def_cfa_offset 8
  72              		.cfi_offset 3, -8
  73              		.cfi_offset 14, -4
  74              	.LVL5:
  81:source\bsw\LabBoard/button.c ****     boolean_t result = FALSE;
  82:source\bsw\LabBoard/button.c ****     
  83:source\bsw\LabBoard/button.c ****     switch (button)
  75              		.loc 1 83 0
  76 0002 0328     		cmp	r0, #3
  77 0004 1BD8     		bhi	.L12
  78 0006 DFE800F0 		tbb	[pc, r0]
  79              	.L8:
  80 000a 02       		.byte	(.L7-.L8)/2
  81 000b 08       		.byte	(.L9-.L8)/2
  82 000c 0E       		.byte	(.L10-.L8)/2
  83 000d 14       		.byte	(.L11-.L8)/2
  84              		.p2align 1
  85              	.L7:
  84:source\bsw\LabBoard/button.c ****     {
  85:source\bsw\LabBoard/button.c ****         case BUTTON_1 : if (BUTTON_1_Read() == 1) result = TRUE; break;
ARM GAS  C:\Users\MATEOC~1.QUE\AppData\Local\Temp\cc7Gznrk.s 			page 4


  86              		.loc 1 85 0
  87 000e FFF7FEFF 		bl	BUTTON_1_Read
  88              	.LVL6:
  89 0012 0128     		cmp	r0, #1
  90 0014 15D0     		beq	.L13
  81:source\bsw\LabBoard/button.c ****     boolean_t result = FALSE;
  91              		.loc 1 81 0
  92 0016 0020     		movs	r0, #0
  93 0018 08BD     		pop	{r3, pc}
  94              	.LVL7:
  95              	.L9:
  86:source\bsw\LabBoard/button.c ****         case BUTTON_2 : if (BUTTON_2_Read() == 1) result = TRUE; break;
  96              		.loc 1 86 0
  97 001a FFF7FEFF 		bl	BUTTON_2_Read
  98              	.LVL8:
  99 001e 0128     		cmp	r0, #1
 100 0020 11D0     		beq	.L14
  81:source\bsw\LabBoard/button.c ****     boolean_t result = FALSE;
 101              		.loc 1 81 0
 102 0022 0020     		movs	r0, #0
 103 0024 08BD     		pop	{r3, pc}
 104              	.LVL9:
 105              	.L10:
  87:source\bsw\LabBoard/button.c ****         case BUTTON_3 : if (BUTTON_3_Read() == 1) result = TRUE; break;
 106              		.loc 1 87 0
 107 0026 FFF7FEFF 		bl	BUTTON_3_Read
 108              	.LVL10:
 109 002a 0128     		cmp	r0, #1
 110 002c 0DD0     		beq	.L15
  81:source\bsw\LabBoard/button.c ****     
 111              		.loc 1 81 0
 112 002e 0020     		movs	r0, #0
 113 0030 08BD     		pop	{r3, pc}
 114              	.LVL11:
 115              	.L11:
  88:source\bsw\LabBoard/button.c ****         case BUTTON_4 : if (BUTTON_4_Read() == 1) result = TRUE; break;
 116              		.loc 1 88 0
 117 0032 FFF7FEFF 		bl	BUTTON_4_Read
 118              	.LVL12:
 119 0036 0128     		cmp	r0, #1
 120 0038 09D0     		beq	.L16
  81:source\bsw\LabBoard/button.c ****     
 121              		.loc 1 81 0
 122 003a 0020     		movs	r0, #0
 123 003c 08BD     		pop	{r3, pc}
 124              	.LVL13:
 125              	.L12:
 126 003e 0020     		movs	r0, #0
 127              	.LVL14:
 128 0040 08BD     		pop	{r3, pc}
 129              	.L13:
  85:source\bsw\LabBoard/button.c ****         case BUTTON_2 : if (BUTTON_2_Read() == 1) result = TRUE; break;
 130              		.loc 1 85 0
 131 0042 0120     		movs	r0, #1
 132 0044 08BD     		pop	{r3, pc}
 133              	.L14:
  86:source\bsw\LabBoard/button.c ****         case BUTTON_3 : if (BUTTON_3_Read() == 1) result = TRUE; break;
ARM GAS  C:\Users\MATEOC~1.QUE\AppData\Local\Temp\cc7Gznrk.s 			page 5


 134              		.loc 1 86 0
 135 0046 0120     		movs	r0, #1
 136 0048 08BD     		pop	{r3, pc}
 137              	.L15:
  87:source\bsw\LabBoard/button.c ****         case BUTTON_4 : if (BUTTON_4_Read() == 1) result = TRUE; break;
 138              		.loc 1 87 0
 139 004a 0120     		movs	r0, #1
 140 004c 08BD     		pop	{r3, pc}
 141              	.L16:
 142              		.loc 1 88 0
 143 004e 0120     		movs	r0, #1
 144              	.LVL15:
  89:source\bsw\LabBoard/button.c ****     }
  90:source\bsw\LabBoard/button.c ****     
  91:source\bsw\LabBoard/button.c ****     return result;
  92:source\bsw\LabBoard/button.c **** }
 145              		.loc 1 92 0
 146 0050 08BD     		pop	{r3, pc}
 147              		.cfi_endproc
 148              	.LFE111:
 149              		.size	BUTTON_IsPressed, .-BUTTON_IsPressed
 150 0052 00BF     		.text
 151              	.Letext0:
 152              		.file 2 "c:\\program files (x86)\\cypress\\psoc creator\\4.4\\psoc creator\\import\\gnu\\arm\\5.4.
 153              		.file 3 "c:\\program files (x86)\\cypress\\psoc creator\\4.4\\psoc creator\\import\\gnu\\arm\\5.4.
 154              		.file 4 "Generated_Source\\PSoC5/cytypes.h"
 155              		.file 5 "Generated_Source\\PSoC5/ErikaOS_1_common_ee_types.inc"
 156              		.file 6 "Generated_Source\\PSoC5/ErikaOS_1_cortex_mx_ee_cpu.inc"
 157              		.file 7 ".\\source\\bsw/global.h"
 158              		.file 8 "source\\bsw\\LabBoard\\button.h"
 159              		.file 9 "Generated_Source\\PSoC5/ErikaOS_1_ee_oo_intfunc.inc"
 160              		.file 10 "Generated_Source\\PSoC5/ErikaOS_1_cortex_mx_ee_context.inc"
 161              		.file 11 "Generated_Source\\PSoC5/ErikaOS_1_common_ee_primitives.inc"
 162              		.file 12 "Generated_Source\\PSoC5/core_cm3.h"
 163              		.file 13 "Generated_Source\\PSoC5/isr_Button.h"
 164              		.file 14 "Generated_Source\\PSoC5/BUTTON_1.h"
 165              		.file 15 "Generated_Source\\PSoC5/BUTTON_2.h"
 166              		.file 16 "Generated_Source\\PSoC5/BUTTON_3.h"
 167              		.file 17 "Generated_Source\\PSoC5/BUTTON_4.h"
 168              		.section	.debug_info,"",%progbits
 169              	.Ldebug_info0:
 170 0000 F3020000 		.4byte	0x2f3
 171 0004 0400     		.2byte	0x4
 172 0006 00000000 		.4byte	.Ldebug_abbrev0
 173 000a 04       		.byte	0x4
 174 000b 01       		.uleb128 0x1
 175 000c 7F030000 		.4byte	.LASF70
 176 0010 0C       		.byte	0xc
 177 0011 67020000 		.4byte	.LASF71
 178 0015 9C000000 		.4byte	.LASF72
 179 0019 00000000 		.4byte	.Ldebug_ranges0+0
 180 001d 00000000 		.4byte	0
 181 0021 00000000 		.4byte	.Ldebug_line0
 182 0025 02       		.uleb128 0x2
 183 0026 01       		.byte	0x1
 184 0027 06       		.byte	0x6
 185 0028 F9020000 		.4byte	.LASF0
ARM GAS  C:\Users\MATEOC~1.QUE\AppData\Local\Temp\cc7Gznrk.s 			page 6


 186 002c 02       		.uleb128 0x2
 187 002d 01       		.byte	0x1
 188 002e 08       		.byte	0x8
 189 002f D2020000 		.4byte	.LASF1
 190 0033 02       		.uleb128 0x2
 191 0034 02       		.byte	0x2
 192 0035 05       		.byte	0x5
 193 0036 39000000 		.4byte	.LASF2
 194 003a 02       		.uleb128 0x2
 195 003b 02       		.byte	0x2
 196 003c 07       		.byte	0x7
 197 003d 6C030000 		.4byte	.LASF3
 198 0041 03       		.uleb128 0x3
 199 0042 B0040000 		.4byte	.LASF9
 200 0046 02       		.byte	0x2
 201 0047 3F       		.byte	0x3f
 202 0048 4C000000 		.4byte	0x4c
 203 004c 02       		.uleb128 0x2
 204 004d 04       		.byte	0x4
 205 004e 05       		.byte	0x5
 206 004f 4C020000 		.4byte	.LASF4
 207 0053 02       		.uleb128 0x2
 208 0054 04       		.byte	0x4
 209 0055 07       		.byte	0x7
 210 0056 61040000 		.4byte	.LASF5
 211 005a 02       		.uleb128 0x2
 212 005b 08       		.byte	0x8
 213 005c 05       		.byte	0x5
 214 005d 01020000 		.4byte	.LASF6
 215 0061 02       		.uleb128 0x2
 216 0062 08       		.byte	0x8
 217 0063 07       		.byte	0x7
 218 0064 05030000 		.4byte	.LASF7
 219 0068 04       		.uleb128 0x4
 220 0069 04       		.byte	0x4
 221 006a 05       		.byte	0x5
 222 006b 696E7400 		.ascii	"int\000"
 223 006f 02       		.uleb128 0x2
 224 0070 04       		.byte	0x4
 225 0071 07       		.byte	0x7
 226 0072 1C030000 		.4byte	.LASF8
 227 0076 03       		.uleb128 0x3
 228 0077 33040000 		.4byte	.LASF10
 229 007b 03       		.byte	0x3
 230 007c 2C       		.byte	0x2c
 231 007d 41000000 		.4byte	0x41
 232 0081 02       		.uleb128 0x2
 233 0082 04       		.byte	0x4
 234 0083 04       		.byte	0x4
 235 0084 ED010000 		.4byte	.LASF11
 236 0088 02       		.uleb128 0x2
 237 0089 08       		.byte	0x8
 238 008a 04       		.byte	0x4
 239 008b 73040000 		.4byte	.LASF12
 240 008f 02       		.uleb128 0x2
 241 0090 01       		.byte	0x1
 242 0091 08       		.byte	0x8
ARM GAS  C:\Users\MATEOC~1.QUE\AppData\Local\Temp\cc7Gznrk.s 			page 7


 243 0092 19040000 		.4byte	.LASF13
 244 0096 05       		.uleb128 0x5
 245 0097 EC020000 		.4byte	.LASF14
 246 009b 04       		.byte	0x4
 247 009c A502     		.2byte	0x2a5
 248 009e A2000000 		.4byte	0xa2
 249 00a2 06       		.uleb128 0x6
 250 00a3 04       		.byte	0x4
 251 00a4 A8000000 		.4byte	0xa8
 252 00a8 07       		.uleb128 0x7
 253 00a9 02       		.uleb128 0x2
 254 00aa 08       		.byte	0x8
 255 00ab 04       		.byte	0x4
 256 00ac E0020000 		.4byte	.LASF15
 257 00b0 02       		.uleb128 0x2
 258 00b1 04       		.byte	0x4
 259 00b2 07       		.byte	0x7
 260 00b3 69000000 		.4byte	.LASF16
 261 00b7 03       		.uleb128 0x3
 262 00b8 5B030000 		.4byte	.LASF17
 263 00bc 05       		.byte	0x5
 264 00bd 53       		.byte	0x53
 265 00be 68000000 		.4byte	0x68
 266 00c2 03       		.uleb128 0x3
 267 00c3 48010000 		.4byte	.LASF18
 268 00c7 05       		.byte	0x5
 269 00c8 54       		.byte	0x54
 270 00c9 6F000000 		.4byte	0x6f
 271 00cd 03       		.uleb128 0x3
 272 00ce 8C040000 		.4byte	.LASF19
 273 00d2 06       		.byte	0x6
 274 00d3 4D       		.byte	0x4d
 275 00d4 C2000000 		.4byte	0xc2
 276 00d8 03       		.uleb128 0x3
 277 00d9 80000000 		.4byte	.LASF20
 278 00dd 06       		.byte	0x6
 279 00de 4F       		.byte	0x4f
 280 00df C2000000 		.4byte	0xc2
 281 00e3 03       		.uleb128 0x3
 282 00e4 6B010000 		.4byte	.LASF21
 283 00e8 06       		.byte	0x6
 284 00e9 78       		.byte	0x78
 285 00ea B7000000 		.4byte	0xb7
 286 00ee 03       		.uleb128 0x3
 287 00ef C8020000 		.4byte	.LASF22
 288 00f3 07       		.byte	0x7
 289 00f4 9C       		.byte	0x9c
 290 00f5 2C000000 		.4byte	0x2c
 291 00f9 08       		.uleb128 0x8
 292 00fa 01       		.byte	0x1
 293 00fb 25000000 		.4byte	0x25
 294 00ff 07       		.byte	0x7
 295 0100 CF       		.byte	0xcf
 296 0101 A2010000 		.4byte	0x1a2
 297 0105 09       		.uleb128 0x9
 298 0106 1A000000 		.4byte	.LASF23
 299 010a 00       		.byte	0
ARM GAS  C:\Users\MATEOC~1.QUE\AppData\Local\Temp\cc7Gznrk.s 			page 8


 300 010b 0A       		.uleb128 0xa
 301 010c 10050000 		.4byte	.LASF24
 302 0110 7F       		.sleb128 -1
 303 0111 0A       		.uleb128 0xa
 304 0112 37030000 		.4byte	.LASF25
 305 0116 7E       		.sleb128 -2
 306 0117 0A       		.uleb128 0xa
 307 0118 72000000 		.4byte	.LASF26
 308 011c 7D       		.sleb128 -3
 309 011d 0A       		.uleb128 0xa
 310 011e 19050000 		.4byte	.LASF27
 311 0122 7C       		.sleb128 -4
 312 0123 0A       		.uleb128 0xa
 313 0124 D0010000 		.4byte	.LASF28
 314 0128 7B       		.sleb128 -5
 315 0129 0A       		.uleb128 0xa
 316 012a 43000000 		.4byte	.LASF29
 317 012e 7A       		.sleb128 -6
 318 012f 0A       		.uleb128 0xa
 319 0130 55020000 		.4byte	.LASF30
 320 0134 79       		.sleb128 -7
 321 0135 0A       		.uleb128 0xa
 322 0136 1E040000 		.4byte	.LASF31
 323 013a 78       		.sleb128 -8
 324 013b 0A       		.uleb128 0xa
 325 013c 45030000 		.4byte	.LASF32
 326 0140 77       		.sleb128 -9
 327 0141 0A       		.uleb128 0xa
 328 0142 8B020000 		.4byte	.LASF33
 329 0146 76       		.sleb128 -10
 330 0147 0A       		.uleb128 0xa
 331 0148 46050000 		.4byte	.LASF34
 332 014c 75       		.sleb128 -11
 333 014d 0A       		.uleb128 0xa
 334 014e 29030000 		.4byte	.LASF35
 335 0152 74       		.sleb128 -12
 336 0153 0A       		.uleb128 0xa
 337 0154 7A040000 		.4byte	.LASF36
 338 0158 73       		.sleb128 -13
 339 0159 0A       		.uleb128 0xa
 340 015a 07000000 		.4byte	.LASF37
 341 015e 72       		.sleb128 -14
 342 015f 0A       		.uleb128 0xa
 343 0160 25000000 		.4byte	.LASF38
 344 0164 71       		.sleb128 -15
 345 0165 0A       		.uleb128 0xa
 346 0166 A5020000 		.4byte	.LASF39
 347 016a 70       		.sleb128 -16
 348 016b 0A       		.uleb128 0xa
 349 016c 88000000 		.4byte	.LASF40
 350 0170 6F       		.sleb128 -17
 351 0171 0A       		.uleb128 0xa
 352 0172 54000000 		.4byte	.LASF41
 353 0176 6E       		.sleb128 -18
 354 0177 0A       		.uleb128 0xa
 355 0178 28020000 		.4byte	.LASF42
 356 017c 6D       		.sleb128 -19
ARM GAS  C:\Users\MATEOC~1.QUE\AppData\Local\Temp\cc7Gznrk.s 			page 9


 357 017d 0A       		.uleb128 0xa
 358 017e 3B040000 		.4byte	.LASF43
 359 0182 6C       		.sleb128 -20
 360 0183 0A       		.uleb128 0xa
 361 0184 B6020000 		.4byte	.LASF44
 362 0188 6B       		.sleb128 -21
 363 0189 0A       		.uleb128 0xa
 364 018a DE040000 		.4byte	.LASF45
 365 018e 6A       		.sleb128 -22
 366 018f 0A       		.uleb128 0xa
 367 0190 7A010000 		.4byte	.LASF46
 368 0194 69       		.sleb128 -23
 369 0195 0A       		.uleb128 0xa
 370 0196 3B020000 		.4byte	.LASF47
 371 019a 68       		.sleb128 -24
 372 019b 0A       		.uleb128 0xa
 373 019c 52010000 		.4byte	.LASF48
 374 01a0 67       		.sleb128 -25
 375 01a1 00       		.byte	0
 376 01a2 03       		.uleb128 0x3
 377 01a3 41050000 		.4byte	.LASF49
 378 01a7 07       		.byte	0x7
 379 01a8 EA       		.byte	0xea
 380 01a9 F9000000 		.4byte	0xf9
 381 01ad 0B       		.uleb128 0xb
 382 01ae 64030000 		.4byte	.LASF73
 383 01b2 01       		.byte	0x1
 384 01b3 2C000000 		.4byte	0x2c
 385 01b7 08       		.byte	0x8
 386 01b8 59       		.byte	0x59
 387 01b9 D6010000 		.4byte	0x1d6
 388 01bd 09       		.uleb128 0x9
 389 01be BA040000 		.4byte	.LASF50
 390 01c2 00       		.byte	0
 391 01c3 09       		.uleb128 0x9
 392 01c4 C3040000 		.4byte	.LASF51
 393 01c8 01       		.byte	0x1
 394 01c9 09       		.uleb128 0x9
 395 01ca CC040000 		.4byte	.LASF52
 396 01ce 02       		.byte	0x2
 397 01cf 09       		.uleb128 0x9
 398 01d0 D5040000 		.4byte	.LASF53
 399 01d4 03       		.byte	0x3
 400 01d5 00       		.byte	0
 401 01d6 03       		.uleb128 0x3
 402 01d7 99020000 		.4byte	.LASF54
 403 01db 08       		.byte	0x8
 404 01dc 5F       		.byte	0x5f
 405 01dd AD010000 		.4byte	0x1ad
 406 01e1 0C       		.uleb128 0xc
 407 01e2 0D040000 		.4byte	.LASF55
 408 01e6 01       		.byte	0x1
 409 01e7 3F       		.byte	0x3f
 410 01e8 A2010000 		.4byte	0x1a2
 411 01ec 00000000 		.4byte	.LFB110
 412 01f0 10000000 		.4byte	.LFE110-.LFB110
 413 01f4 01       		.uleb128 0x1
ARM GAS  C:\Users\MATEOC~1.QUE\AppData\Local\Temp\cc7Gznrk.s 			page 10


 414 01f5 9C       		.byte	0x9c
 415 01f6 1B020000 		.4byte	0x21b
 416 01fa 0D       		.uleb128 0xd
 417 01fb 72010000 		.4byte	.LASF57
 418 01ff 01       		.byte	0x1
 419 0200 3F       		.byte	0x3f
 420 0201 96000000 		.4byte	0x96
 421 0205 00000000 		.4byte	.LLST0
 422 0209 0E       		.uleb128 0xe
 423 020a 08000000 		.4byte	.LVL1
 424 020e BF020000 		.4byte	0x2bf
 425 0212 0F       		.uleb128 0xf
 426 0213 01       		.uleb128 0x1
 427 0214 50       		.byte	0x50
 428 0215 03       		.uleb128 0x3
 429 0216 F3       		.byte	0xf3
 430 0217 01       		.uleb128 0x1
 431 0218 50       		.byte	0x50
 432 0219 00       		.byte	0
 433 021a 00       		.byte	0
 434 021b 0C       		.uleb128 0xc
 435 021c A6010000 		.4byte	.LASF56
 436 0220 01       		.byte	0x1
 437 0221 4F       		.byte	0x4f
 438 0222 EE000000 		.4byte	0xee
 439 0226 00000000 		.4byte	.LFB111
 440 022a 52000000 		.4byte	.LFE111-.LFB111
 441 022e 01       		.uleb128 0x1
 442 022f 9C       		.byte	0x9c
 443 0230 77020000 		.4byte	0x277
 444 0234 0D       		.uleb128 0xd
 445 0235 84020000 		.4byte	.LASF58
 446 0239 01       		.byte	0x1
 447 023a 4F       		.byte	0x4f
 448 023b D6010000 		.4byte	0x1d6
 449 023f 3A000000 		.4byte	.LLST1
 450 0243 10       		.uleb128 0x10
 451 0244 00000000 		.4byte	.LASF74
 452 0248 01       		.byte	0x1
 453 0249 51       		.byte	0x51
 454 024a EE000000 		.4byte	0xee
 455 024e BF000000 		.4byte	.LLST2
 456 0252 11       		.uleb128 0x11
 457 0253 12000000 		.4byte	.LVL6
 458 0257 CA020000 		.4byte	0x2ca
 459 025b 11       		.uleb128 0x11
 460 025c 1E000000 		.4byte	.LVL8
 461 0260 D5020000 		.4byte	0x2d5
 462 0264 11       		.uleb128 0x11
 463 0265 2A000000 		.4byte	.LVL10
 464 0269 E0020000 		.4byte	0x2e0
 465 026d 11       		.uleb128 0x11
 466 026e 36000000 		.4byte	.LVL12
 467 0272 EB020000 		.4byte	0x2eb
 468 0276 00       		.byte	0
 469 0277 12       		.uleb128 0x12
 470 0278 29050000 		.4byte	.LASF59
ARM GAS  C:\Users\MATEOC~1.QUE\AppData\Local\Temp\cc7Gznrk.s 			page 11


 471 027c 09       		.byte	0x9
 472 027d 40       		.byte	0x40
 473 027e CD000000 		.4byte	0xcd
 474 0282 12       		.uleb128 0x12
 475 0283 0F020000 		.4byte	.LASF60
 476 0287 09       		.byte	0x9
 477 0288 47       		.byte	0x47
 478 0289 D8000000 		.4byte	0xd8
 479 028d 12       		.uleb128 0x12
 480 028e 4E040000 		.4byte	.LASF61
 481 0292 09       		.byte	0x9
 482 0293 4A       		.byte	0x4a
 483 0294 CD000000 		.4byte	0xcd
 484 0298 12       		.uleb128 0x12
 485 0299 B7010000 		.4byte	.LASF62
 486 029d 0A       		.byte	0xa
 487 029e 48       		.byte	0x48
 488 029f E3000000 		.4byte	0xe3
 489 02a3 12       		.uleb128 0x12
 490 02a4 91010000 		.4byte	.LASF63
 491 02a8 0B       		.byte	0xb
 492 02a9 44       		.byte	0x44
 493 02aa CD000000 		.4byte	0xcd
 494 02ae 13       		.uleb128 0x13
 495 02af 03050000 		.4byte	.LASF64
 496 02b3 0C       		.byte	0xc
 497 02b4 1207     		.2byte	0x712
 498 02b6 BA020000 		.4byte	0x2ba
 499 02ba 14       		.uleb128 0x14
 500 02bb 76000000 		.4byte	0x76
 501 02bf 15       		.uleb128 0x15
 502 02c0 F0040000 		.4byte	.LASF65
 503 02c4 F0040000 		.4byte	.LASF65
 504 02c8 0D       		.byte	0xd
 505 02c9 18       		.byte	0x18
 506 02ca 15       		.uleb128 0x15
 507 02cb F3010000 		.4byte	.LASF66
 508 02cf F3010000 		.4byte	.LASF66
 509 02d3 0E       		.byte	0xe
 510 02d4 29       		.byte	0x29
 511 02d5 15       		.uleb128 0x15
 512 02d6 A2040000 		.4byte	.LASF67
 513 02da A2040000 		.4byte	.LASF67
 514 02de 0F       		.byte	0xf
 515 02df 29       		.byte	0x29
 516 02e0 15       		.uleb128 0x15
 517 02e1 DF010000 		.4byte	.LASF68
 518 02e5 DF010000 		.4byte	.LASF68
 519 02e9 10       		.byte	0x10
 520 02ea 29       		.byte	0x29
 521 02eb 15       		.uleb128 0x15
 522 02ec 94040000 		.4byte	.LASF69
 523 02f0 94040000 		.4byte	.LASF69
 524 02f4 11       		.byte	0x11
 525 02f5 29       		.byte	0x29
 526 02f6 00       		.byte	0
 527              		.section	.debug_abbrev,"",%progbits
ARM GAS  C:\Users\MATEOC~1.QUE\AppData\Local\Temp\cc7Gznrk.s 			page 12


 528              	.Ldebug_abbrev0:
 529 0000 01       		.uleb128 0x1
 530 0001 11       		.uleb128 0x11
 531 0002 01       		.byte	0x1
 532 0003 25       		.uleb128 0x25
 533 0004 0E       		.uleb128 0xe
 534 0005 13       		.uleb128 0x13
 535 0006 0B       		.uleb128 0xb
 536 0007 03       		.uleb128 0x3
 537 0008 0E       		.uleb128 0xe
 538 0009 1B       		.uleb128 0x1b
 539 000a 0E       		.uleb128 0xe
 540 000b 55       		.uleb128 0x55
 541 000c 17       		.uleb128 0x17
 542 000d 11       		.uleb128 0x11
 543 000e 01       		.uleb128 0x1
 544 000f 10       		.uleb128 0x10
 545 0010 17       		.uleb128 0x17
 546 0011 00       		.byte	0
 547 0012 00       		.byte	0
 548 0013 02       		.uleb128 0x2
 549 0014 24       		.uleb128 0x24
 550 0015 00       		.byte	0
 551 0016 0B       		.uleb128 0xb
 552 0017 0B       		.uleb128 0xb
 553 0018 3E       		.uleb128 0x3e
 554 0019 0B       		.uleb128 0xb
 555 001a 03       		.uleb128 0x3
 556 001b 0E       		.uleb128 0xe
 557 001c 00       		.byte	0
 558 001d 00       		.byte	0
 559 001e 03       		.uleb128 0x3
 560 001f 16       		.uleb128 0x16
 561 0020 00       		.byte	0
 562 0021 03       		.uleb128 0x3
 563 0022 0E       		.uleb128 0xe
 564 0023 3A       		.uleb128 0x3a
 565 0024 0B       		.uleb128 0xb
 566 0025 3B       		.uleb128 0x3b
 567 0026 0B       		.uleb128 0xb
 568 0027 49       		.uleb128 0x49
 569 0028 13       		.uleb128 0x13
 570 0029 00       		.byte	0
 571 002a 00       		.byte	0
 572 002b 04       		.uleb128 0x4
 573 002c 24       		.uleb128 0x24
 574 002d 00       		.byte	0
 575 002e 0B       		.uleb128 0xb
 576 002f 0B       		.uleb128 0xb
 577 0030 3E       		.uleb128 0x3e
 578 0031 0B       		.uleb128 0xb
 579 0032 03       		.uleb128 0x3
 580 0033 08       		.uleb128 0x8
 581 0034 00       		.byte	0
 582 0035 00       		.byte	0
 583 0036 05       		.uleb128 0x5
 584 0037 16       		.uleb128 0x16
ARM GAS  C:\Users\MATEOC~1.QUE\AppData\Local\Temp\cc7Gznrk.s 			page 13


 585 0038 00       		.byte	0
 586 0039 03       		.uleb128 0x3
 587 003a 0E       		.uleb128 0xe
 588 003b 3A       		.uleb128 0x3a
 589 003c 0B       		.uleb128 0xb
 590 003d 3B       		.uleb128 0x3b
 591 003e 05       		.uleb128 0x5
 592 003f 49       		.uleb128 0x49
 593 0040 13       		.uleb128 0x13
 594 0041 00       		.byte	0
 595 0042 00       		.byte	0
 596 0043 06       		.uleb128 0x6
 597 0044 0F       		.uleb128 0xf
 598 0045 00       		.byte	0
 599 0046 0B       		.uleb128 0xb
 600 0047 0B       		.uleb128 0xb
 601 0048 49       		.uleb128 0x49
 602 0049 13       		.uleb128 0x13
 603 004a 00       		.byte	0
 604 004b 00       		.byte	0
 605 004c 07       		.uleb128 0x7
 606 004d 15       		.uleb128 0x15
 607 004e 00       		.byte	0
 608 004f 27       		.uleb128 0x27
 609 0050 19       		.uleb128 0x19
 610 0051 00       		.byte	0
 611 0052 00       		.byte	0
 612 0053 08       		.uleb128 0x8
 613 0054 04       		.uleb128 0x4
 614 0055 01       		.byte	0x1
 615 0056 0B       		.uleb128 0xb
 616 0057 0B       		.uleb128 0xb
 617 0058 49       		.uleb128 0x49
 618 0059 13       		.uleb128 0x13
 619 005a 3A       		.uleb128 0x3a
 620 005b 0B       		.uleb128 0xb
 621 005c 3B       		.uleb128 0x3b
 622 005d 0B       		.uleb128 0xb
 623 005e 01       		.uleb128 0x1
 624 005f 13       		.uleb128 0x13
 625 0060 00       		.byte	0
 626 0061 00       		.byte	0
 627 0062 09       		.uleb128 0x9
 628 0063 28       		.uleb128 0x28
 629 0064 00       		.byte	0
 630 0065 03       		.uleb128 0x3
 631 0066 0E       		.uleb128 0xe
 632 0067 1C       		.uleb128 0x1c
 633 0068 0B       		.uleb128 0xb
 634 0069 00       		.byte	0
 635 006a 00       		.byte	0
 636 006b 0A       		.uleb128 0xa
 637 006c 28       		.uleb128 0x28
 638 006d 00       		.byte	0
 639 006e 03       		.uleb128 0x3
 640 006f 0E       		.uleb128 0xe
 641 0070 1C       		.uleb128 0x1c
ARM GAS  C:\Users\MATEOC~1.QUE\AppData\Local\Temp\cc7Gznrk.s 			page 14


 642 0071 0D       		.uleb128 0xd
 643 0072 00       		.byte	0
 644 0073 00       		.byte	0
 645 0074 0B       		.uleb128 0xb
 646 0075 04       		.uleb128 0x4
 647 0076 01       		.byte	0x1
 648 0077 03       		.uleb128 0x3
 649 0078 0E       		.uleb128 0xe
 650 0079 0B       		.uleb128 0xb
 651 007a 0B       		.uleb128 0xb
 652 007b 49       		.uleb128 0x49
 653 007c 13       		.uleb128 0x13
 654 007d 3A       		.uleb128 0x3a
 655 007e 0B       		.uleb128 0xb
 656 007f 3B       		.uleb128 0x3b
 657 0080 0B       		.uleb128 0xb
 658 0081 01       		.uleb128 0x1
 659 0082 13       		.uleb128 0x13
 660 0083 00       		.byte	0
 661 0084 00       		.byte	0
 662 0085 0C       		.uleb128 0xc
 663 0086 2E       		.uleb128 0x2e
 664 0087 01       		.byte	0x1
 665 0088 3F       		.uleb128 0x3f
 666 0089 19       		.uleb128 0x19
 667 008a 03       		.uleb128 0x3
 668 008b 0E       		.uleb128 0xe
 669 008c 3A       		.uleb128 0x3a
 670 008d 0B       		.uleb128 0xb
 671 008e 3B       		.uleb128 0x3b
 672 008f 0B       		.uleb128 0xb
 673 0090 27       		.uleb128 0x27
 674 0091 19       		.uleb128 0x19
 675 0092 49       		.uleb128 0x49
 676 0093 13       		.uleb128 0x13
 677 0094 11       		.uleb128 0x11
 678 0095 01       		.uleb128 0x1
 679 0096 12       		.uleb128 0x12
 680 0097 06       		.uleb128 0x6
 681 0098 40       		.uleb128 0x40
 682 0099 18       		.uleb128 0x18
 683 009a 9742     		.uleb128 0x2117
 684 009c 19       		.uleb128 0x19
 685 009d 01       		.uleb128 0x1
 686 009e 13       		.uleb128 0x13
 687 009f 00       		.byte	0
 688 00a0 00       		.byte	0
 689 00a1 0D       		.uleb128 0xd
 690 00a2 05       		.uleb128 0x5
 691 00a3 00       		.byte	0
 692 00a4 03       		.uleb128 0x3
 693 00a5 0E       		.uleb128 0xe
 694 00a6 3A       		.uleb128 0x3a
 695 00a7 0B       		.uleb128 0xb
 696 00a8 3B       		.uleb128 0x3b
 697 00a9 0B       		.uleb128 0xb
 698 00aa 49       		.uleb128 0x49
ARM GAS  C:\Users\MATEOC~1.QUE\AppData\Local\Temp\cc7Gznrk.s 			page 15


 699 00ab 13       		.uleb128 0x13
 700 00ac 02       		.uleb128 0x2
 701 00ad 17       		.uleb128 0x17
 702 00ae 00       		.byte	0
 703 00af 00       		.byte	0
 704 00b0 0E       		.uleb128 0xe
 705 00b1 898201   		.uleb128 0x4109
 706 00b4 01       		.byte	0x1
 707 00b5 11       		.uleb128 0x11
 708 00b6 01       		.uleb128 0x1
 709 00b7 31       		.uleb128 0x31
 710 00b8 13       		.uleb128 0x13
 711 00b9 00       		.byte	0
 712 00ba 00       		.byte	0
 713 00bb 0F       		.uleb128 0xf
 714 00bc 8A8201   		.uleb128 0x410a
 715 00bf 00       		.byte	0
 716 00c0 02       		.uleb128 0x2
 717 00c1 18       		.uleb128 0x18
 718 00c2 9142     		.uleb128 0x2111
 719 00c4 18       		.uleb128 0x18
 720 00c5 00       		.byte	0
 721 00c6 00       		.byte	0
 722 00c7 10       		.uleb128 0x10
 723 00c8 34       		.uleb128 0x34
 724 00c9 00       		.byte	0
 725 00ca 03       		.uleb128 0x3
 726 00cb 0E       		.uleb128 0xe
 727 00cc 3A       		.uleb128 0x3a
 728 00cd 0B       		.uleb128 0xb
 729 00ce 3B       		.uleb128 0x3b
 730 00cf 0B       		.uleb128 0xb
 731 00d0 49       		.uleb128 0x49
 732 00d1 13       		.uleb128 0x13
 733 00d2 02       		.uleb128 0x2
 734 00d3 17       		.uleb128 0x17
 735 00d4 00       		.byte	0
 736 00d5 00       		.byte	0
 737 00d6 11       		.uleb128 0x11
 738 00d7 898201   		.uleb128 0x4109
 739 00da 00       		.byte	0
 740 00db 11       		.uleb128 0x11
 741 00dc 01       		.uleb128 0x1
 742 00dd 31       		.uleb128 0x31
 743 00de 13       		.uleb128 0x13
 744 00df 00       		.byte	0
 745 00e0 00       		.byte	0
 746 00e1 12       		.uleb128 0x12
 747 00e2 34       		.uleb128 0x34
 748 00e3 00       		.byte	0
 749 00e4 03       		.uleb128 0x3
 750 00e5 0E       		.uleb128 0xe
 751 00e6 3A       		.uleb128 0x3a
 752 00e7 0B       		.uleb128 0xb
 753 00e8 3B       		.uleb128 0x3b
 754 00e9 0B       		.uleb128 0xb
 755 00ea 49       		.uleb128 0x49
ARM GAS  C:\Users\MATEOC~1.QUE\AppData\Local\Temp\cc7Gznrk.s 			page 16


 756 00eb 13       		.uleb128 0x13
 757 00ec 3F       		.uleb128 0x3f
 758 00ed 19       		.uleb128 0x19
 759 00ee 3C       		.uleb128 0x3c
 760 00ef 19       		.uleb128 0x19
 761 00f0 00       		.byte	0
 762 00f1 00       		.byte	0
 763 00f2 13       		.uleb128 0x13
 764 00f3 34       		.uleb128 0x34
 765 00f4 00       		.byte	0
 766 00f5 03       		.uleb128 0x3
 767 00f6 0E       		.uleb128 0xe
 768 00f7 3A       		.uleb128 0x3a
 769 00f8 0B       		.uleb128 0xb
 770 00f9 3B       		.uleb128 0x3b
 771 00fa 05       		.uleb128 0x5
 772 00fb 49       		.uleb128 0x49
 773 00fc 13       		.uleb128 0x13
 774 00fd 3F       		.uleb128 0x3f
 775 00fe 19       		.uleb128 0x19
 776 00ff 3C       		.uleb128 0x3c
 777 0100 19       		.uleb128 0x19
 778 0101 00       		.byte	0
 779 0102 00       		.byte	0
 780 0103 14       		.uleb128 0x14
 781 0104 35       		.uleb128 0x35
 782 0105 00       		.byte	0
 783 0106 49       		.uleb128 0x49
 784 0107 13       		.uleb128 0x13
 785 0108 00       		.byte	0
 786 0109 00       		.byte	0
 787 010a 15       		.uleb128 0x15
 788 010b 2E       		.uleb128 0x2e
 789 010c 00       		.byte	0
 790 010d 3F       		.uleb128 0x3f
 791 010e 19       		.uleb128 0x19
 792 010f 3C       		.uleb128 0x3c
 793 0110 19       		.uleb128 0x19
 794 0111 6E       		.uleb128 0x6e
 795 0112 0E       		.uleb128 0xe
 796 0113 03       		.uleb128 0x3
 797 0114 0E       		.uleb128 0xe
 798 0115 3A       		.uleb128 0x3a
 799 0116 0B       		.uleb128 0xb
 800 0117 3B       		.uleb128 0x3b
 801 0118 0B       		.uleb128 0xb
 802 0119 00       		.byte	0
 803 011a 00       		.byte	0
 804 011b 00       		.byte	0
 805              		.section	.debug_loc,"",%progbits
 806              	.Ldebug_loc0:
 807              	.LLST0:
 808 0000 00000000 		.4byte	.LVL0
 809 0004 07000000 		.4byte	.LVL1-1
 810 0008 0100     		.2byte	0x1
 811 000a 50       		.byte	0x50
 812 000b 07000000 		.4byte	.LVL1-1
ARM GAS  C:\Users\MATEOC~1.QUE\AppData\Local\Temp\cc7Gznrk.s 			page 17


 813 000f 0C000000 		.4byte	.LVL2
 814 0013 0400     		.2byte	0x4
 815 0015 F3       		.byte	0xf3
 816 0016 01       		.uleb128 0x1
 817 0017 50       		.byte	0x50
 818 0018 9F       		.byte	0x9f
 819 0019 0C000000 		.4byte	.LVL2
 820 001d 0E000000 		.4byte	.LVL3
 821 0021 0100     		.2byte	0x1
 822 0023 50       		.byte	0x50
 823 0024 0E000000 		.4byte	.LVL3
 824 0028 10000000 		.4byte	.LFE110
 825 002c 0400     		.2byte	0x4
 826 002e F3       		.byte	0xf3
 827 002f 01       		.uleb128 0x1
 828 0030 50       		.byte	0x50
 829 0031 9F       		.byte	0x9f
 830 0032 00000000 		.4byte	0
 831 0036 00000000 		.4byte	0
 832              	.LLST1:
 833 003a 00000000 		.4byte	.LVL4
 834 003e 11000000 		.4byte	.LVL6-1
 835 0042 0100     		.2byte	0x1
 836 0044 50       		.byte	0x50
 837 0045 11000000 		.4byte	.LVL6-1
 838 0049 1A000000 		.4byte	.LVL7
 839 004d 0400     		.2byte	0x4
 840 004f F3       		.byte	0xf3
 841 0050 01       		.uleb128 0x1
 842 0051 50       		.byte	0x50
 843 0052 9F       		.byte	0x9f
 844 0053 1A000000 		.4byte	.LVL7
 845 0057 1D000000 		.4byte	.LVL8-1
 846 005b 0100     		.2byte	0x1
 847 005d 50       		.byte	0x50
 848 005e 1D000000 		.4byte	.LVL8-1
 849 0062 26000000 		.4byte	.LVL9
 850 0066 0400     		.2byte	0x4
 851 0068 F3       		.byte	0xf3
 852 0069 01       		.uleb128 0x1
 853 006a 50       		.byte	0x50
 854 006b 9F       		.byte	0x9f
 855 006c 26000000 		.4byte	.LVL9
 856 0070 29000000 		.4byte	.LVL10-1
 857 0074 0100     		.2byte	0x1
 858 0076 50       		.byte	0x50
 859 0077 29000000 		.4byte	.LVL10-1
 860 007b 32000000 		.4byte	.LVL11
 861 007f 0400     		.2byte	0x4
 862 0081 F3       		.byte	0xf3
 863 0082 01       		.uleb128 0x1
 864 0083 50       		.byte	0x50
 865 0084 9F       		.byte	0x9f
 866 0085 32000000 		.4byte	.LVL11
 867 0089 35000000 		.4byte	.LVL12-1
 868 008d 0100     		.2byte	0x1
 869 008f 50       		.byte	0x50
ARM GAS  C:\Users\MATEOC~1.QUE\AppData\Local\Temp\cc7Gznrk.s 			page 18


 870 0090 35000000 		.4byte	.LVL12-1
 871 0094 3E000000 		.4byte	.LVL13
 872 0098 0400     		.2byte	0x4
 873 009a F3       		.byte	0xf3
 874 009b 01       		.uleb128 0x1
 875 009c 50       		.byte	0x50
 876 009d 9F       		.byte	0x9f
 877 009e 3E000000 		.4byte	.LVL13
 878 00a2 40000000 		.4byte	.LVL14
 879 00a6 0100     		.2byte	0x1
 880 00a8 50       		.byte	0x50
 881 00a9 40000000 		.4byte	.LVL14
 882 00ad 52000000 		.4byte	.LFE111
 883 00b1 0400     		.2byte	0x4
 884 00b3 F3       		.byte	0xf3
 885 00b4 01       		.uleb128 0x1
 886 00b5 50       		.byte	0x50
 887 00b6 9F       		.byte	0x9f
 888 00b7 00000000 		.4byte	0
 889 00bb 00000000 		.4byte	0
 890              	.LLST2:
 891 00bf 02000000 		.4byte	.LVL5
 892 00c3 50000000 		.4byte	.LVL15
 893 00c7 0200     		.2byte	0x2
 894 00c9 30       		.byte	0x30
 895 00ca 9F       		.byte	0x9f
 896 00cb 50000000 		.4byte	.LVL15
 897 00cf 52000000 		.4byte	.LFE111
 898 00d3 0100     		.2byte	0x1
 899 00d5 50       		.byte	0x50
 900 00d6 00000000 		.4byte	0
 901 00da 00000000 		.4byte	0
 902              		.section	.debug_aranges,"",%progbits
 903 0000 24000000 		.4byte	0x24
 904 0004 0200     		.2byte	0x2
 905 0006 00000000 		.4byte	.Ldebug_info0
 906 000a 04       		.byte	0x4
 907 000b 00       		.byte	0
 908 000c 0000     		.2byte	0
 909 000e 0000     		.2byte	0
 910 0010 00000000 		.4byte	.LFB110
 911 0014 10000000 		.4byte	.LFE110-.LFB110
 912 0018 00000000 		.4byte	.LFB111
 913 001c 52000000 		.4byte	.LFE111-.LFB111
 914 0020 00000000 		.4byte	0
 915 0024 00000000 		.4byte	0
 916              		.section	.debug_ranges,"",%progbits
 917              	.Ldebug_ranges0:
 918 0000 00000000 		.4byte	.LFB110
 919 0004 10000000 		.4byte	.LFE110
 920 0008 00000000 		.4byte	.LFB111
 921 000c 52000000 		.4byte	.LFE111
 922 0010 00000000 		.4byte	0
 923 0014 00000000 		.4byte	0
 924              		.section	.debug_line,"",%progbits
 925              	.Ldebug_line0:
 926 0000 B8020000 		.section	.debug_str,"MS",%progbits,1
ARM GAS  C:\Users\MATEOC~1.QUE\AppData\Local\Temp\cc7Gznrk.s 			page 19


 926      02007D02 
 926      00000201 
 926      FB0E0D00 
 926      01010101 
 927              	.LASF74:
 928 0000 72657375 		.ascii	"result\000"
 928      6C7400
 929              	.LASF37:
 930 0007 52435F45 		.ascii	"RC_ERROR_READ_ONLY\000"
 930      52524F52 
 930      5F524541 
 930      445F4F4E 
 930      4C5900
 931              	.LASF23:
 932 001a 52435F53 		.ascii	"RC_SUCCESS\000"
 932      55434345 
 932      535300
 933              	.LASF38:
 934 0025 52435F45 		.ascii	"RC_ERROR_WRITE_ONLY\000"
 934      52524F52 
 934      5F575249 
 934      54455F4F 
 934      4E4C5900 
 935              	.LASF2:
 936 0039 73686F72 		.ascii	"short int\000"
 936      7420696E 
 936      7400
 937              	.LASF29:
 938 0043 52435F45 		.ascii	"RC_ERROR_OVERRUN\000"
 938      52524F52 
 938      5F4F5645 
 938      5252554E 
 938      00
 939              	.LASF41:
 940 0054 52435F45 		.ascii	"RC_ERROR_WRITE_FAILS\000"
 940      52524F52 
 940      5F575249 
 940      54455F46 
 940      41494C53 
 941              	.LASF16:
 942 0069 73697A65 		.ascii	"sizetype\000"
 942      74797065 
 942      00
 943              	.LASF26:
 944 0072 52435F45 		.ascii	"RC_ERROR_ZERO\000"
 944      52524F52 
 944      5F5A4552 
 944      4F00
 945              	.LASF20:
 946 0080 45455F46 		.ascii	"EE_FREG\000"
 946      52454700 
 947              	.LASF40:
 948 0088 52435F45 		.ascii	"RC_ERROR_READ_FAILS\000"
 948      52524F52 
 948      5F524541 
 948      445F4641 
 948      494C5300 
ARM GAS  C:\Users\MATEOC~1.QUE\AppData\Local\Temp\cc7Gznrk.s 			page 20


 949              	.LASF72:
 950 009c 433A5C55 		.ascii	"C:\\Users\\Mateo C. Querol\\OneDrive\\University\\D"
 950      73657273 
 950      5C4D6174 
 950      656F2043 
 950      2E205175 
 951 00ca 61726D73 		.ascii	"armstadt\\Advanced Microcontroller Systems and Embe"
 951      74616474 
 951      5C416476 
 951      616E6365 
 951      64204D69 
 952 00fc 64646564 		.ascii	"dded Operating systems\\Embedded Operating Systems\\"
 952      204F7065 
 952      72617469 
 952      6E672073 
 952      79737465 
 953 012e 576F726B 		.ascii	"Workbook\\JSONParser.cydsn\000"
 953      626F6F6B 
 953      5C4A534F 
 953      4E506172 
 953      7365722E 
 954              	.LASF18:
 955 0148 45455F55 		.ascii	"EE_UINT32\000"
 955      494E5433 
 955      3200
 956              	.LASF48:
 957 0152 52435F45 		.ascii	"RC_ERROR_NOT_IMPLEMENTED\000"
 957      52524F52 
 957      5F4E4F54 
 957      5F494D50 
 957      4C454D45 
 958              	.LASF21:
 959 016b 45455F54 		.ascii	"EE_TID\000"
 959      494400
 960              	.LASF57:
 961 0172 61646472 		.ascii	"address\000"
 961      65737300 
 962              	.LASF46:
 963 017a 52435F45 		.ascii	"RC_ERROR_INVALID_STATE\000"
 963      52524F52 
 963      5F494E56 
 963      414C4944 
 963      5F535441 
 964              	.LASF63:
 965 0191 45455F49 		.ascii	"EE_IRQ_nesting_level\000"
 965      52515F6E 
 965      65737469 
 965      6E675F6C 
 965      6576656C 
 966              	.LASF56:
 967 01a6 42555454 		.ascii	"BUTTON_IsPressed\000"
 967      4F4E5F49 
 967      73507265 
 967      73736564 
 967      00
 968              	.LASF62:
 969 01b7 45455F73 		.ascii	"EE_std_endcycle_next_tid\000"
ARM GAS  C:\Users\MATEOC~1.QUE\AppData\Local\Temp\cc7Gznrk.s 			page 21


 969      74645F65 
 969      6E646379 
 969      636C655F 
 969      6E657874 
 970              	.LASF28:
 971 01d0 52435F45 		.ascii	"RC_ERROR_RANGE\000"
 971      52524F52 
 971      5F52414E 
 971      474500
 972              	.LASF68:
 973 01df 42555454 		.ascii	"BUTTON_3_Read\000"
 973      4F4E5F33 
 973      5F526561 
 973      6400
 974              	.LASF11:
 975 01ed 666C6F61 		.ascii	"float\000"
 975      7400
 976              	.LASF66:
 977 01f3 42555454 		.ascii	"BUTTON_1_Read\000"
 977      4F4E5F31 
 977      5F526561 
 977      6400
 978              	.LASF6:
 979 0201 6C6F6E67 		.ascii	"long long int\000"
 979      206C6F6E 
 979      6720696E 
 979      7400
 980              	.LASF60:
 981 020f 45455F6F 		.ascii	"EE_oo_IRQ_suspend_status\000"
 981      6F5F4952 
 981      515F7375 
 981      7370656E 
 981      645F7374 
 982              	.LASF42:
 983 0228 52435F45 		.ascii	"RC_ERROR_NOT_MATCH\000"
 983      52524F52 
 983      5F4E4F54 
 983      5F4D4154 
 983      434800
 984              	.LASF47:
 985 023b 52435F45 		.ascii	"RC_ERROR_UNKNOWN\000"
 985      52524F52 
 985      5F554E4B 
 985      4E4F574E 
 985      00
 986              	.LASF4:
 987 024c 6C6F6E67 		.ascii	"long int\000"
 987      20696E74 
 987      00
 988              	.LASF30:
 989 0255 52435F45 		.ascii	"RC_ERROR_UNDERRUN\000"
 989      52524F52 
 989      5F554E44 
 989      45525255 
 989      4E00
 990              	.LASF71:
 991 0267 736F7572 		.ascii	"source\\bsw\\LabBoard\\button.c\000"
ARM GAS  C:\Users\MATEOC~1.QUE\AppData\Local\Temp\cc7Gznrk.s 			page 22


 991      63655C62 
 991      73775C4C 
 991      6162426F 
 991      6172645C 
 992              	.LASF58:
 993 0284 62757474 		.ascii	"button\000"
 993      6F6E00
 994              	.LASF33:
 995 028b 52435F45 		.ascii	"RC_ERROR_BUSY\000"
 995      52524F52 
 995      5F425553 
 995      5900
 996              	.LASF54:
 997 0299 42555454 		.ascii	"BUTTON_id_t\000"
 997      4F4E5F69 
 997      645F7400 
 998              	.LASF39:
 999 02a5 52435F45 		.ascii	"RC_ERROR_INVALID\000"
 999      52524F52 
 999      5F494E56 
 999      414C4944 
 999      00
 1000              	.LASF44:
 1001 02b6 52435F45 		.ascii	"RC_ERROR_BAD_DATA\000"
 1001      52524F52 
 1001      5F424144 
 1001      5F444154 
 1001      4100
 1002              	.LASF22:
 1003 02c8 626F6F6C 		.ascii	"boolean_t\000"
 1003      65616E5F 
 1003      7400
 1004              	.LASF1:
 1005 02d2 756E7369 		.ascii	"unsigned char\000"
 1005      676E6564 
 1005      20636861 
 1005      7200
 1006              	.LASF15:
 1007 02e0 6C6F6E67 		.ascii	"long double\000"
 1007      20646F75 
 1007      626C6500 
 1008              	.LASF14:
 1009 02ec 63796973 		.ascii	"cyisraddress\000"
 1009      72616464 
 1009      72657373 
 1009      00
 1010              	.LASF0:
 1011 02f9 7369676E 		.ascii	"signed char\000"
 1011      65642063 
 1011      68617200 
 1012              	.LASF7:
 1013 0305 6C6F6E67 		.ascii	"long long unsigned int\000"
 1013      206C6F6E 
 1013      6720756E 
 1013      7369676E 
 1013      65642069 
 1014              	.LASF8:
ARM GAS  C:\Users\MATEOC~1.QUE\AppData\Local\Temp\cc7Gznrk.s 			page 23


 1015 031c 756E7369 		.ascii	"unsigned int\000"
 1015      676E6564 
 1015      20696E74 
 1015      00
 1016              	.LASF35:
 1017 0329 52435F45 		.ascii	"RC_ERROR_OPEN\000"
 1017      52524F52 
 1017      5F4F5045 
 1017      4E00
 1018              	.LASF25:
 1019 0337 52435F45 		.ascii	"RC_ERROR_NULL\000"
 1019      52524F52 
 1019      5F4E554C 
 1019      4C00
 1020              	.LASF32:
 1021 0345 52435F45 		.ascii	"RC_ERROR_BUFFER_EMTPY\000"
 1021      52524F52 
 1021      5F425546 
 1021      4645525F 
 1021      454D5450 
 1022              	.LASF17:
 1023 035b 45455F49 		.ascii	"EE_INT32\000"
 1023      4E543332 
 1023      00
 1024              	.LASF73:
 1025 0364 65427574 		.ascii	"eButton\000"
 1025      746F6E00 
 1026              	.LASF3:
 1027 036c 73686F72 		.ascii	"short unsigned int\000"
 1027      7420756E 
 1027      7369676E 
 1027      65642069 
 1027      6E7400
 1028              	.LASF70:
 1029 037f 474E5520 		.ascii	"GNU C11 5.4.1 20160609 (release) [ARM/embedded-5-br"
 1029      43313120 
 1029      352E342E 
 1029      31203230 
 1029      31363036 
 1030 03b2 616E6368 		.ascii	"anch revision 237715] -mcpu=cortex-m3 -mthumb -g -O"
 1030      20726576 
 1030      6973696F 
 1030      6E203233 
 1030      37373135 
 1031 03e5 67202D66 		.ascii	"g -ffunction-sections -ffat-lto-objects\000"
 1031      66756E63 
 1031      74696F6E 
 1031      2D736563 
 1031      74696F6E 
 1032              	.LASF55:
 1033 040d 42555454 		.ascii	"BUTTON_Init\000"
 1033      4F4E5F49 
 1033      6E697400 
 1034              	.LASF13:
 1035 0419 63686172 		.ascii	"char\000"
 1035      00
 1036              	.LASF31:
ARM GAS  C:\Users\MATEOC~1.QUE\AppData\Local\Temp\cc7Gznrk.s 			page 24


 1037 041e 52435F45 		.ascii	"RC_ERROR_BUFFER_FULL\000"
 1037      52524F52 
 1037      5F425546 
 1037      4645525F 
 1037      46554C4C 
 1038              	.LASF10:
 1039 0433 696E7433 		.ascii	"int32_t\000"
 1039      325F7400 
 1040              	.LASF43:
 1041 043b 52435F45 		.ascii	"RC_ERROR_BAD_PARAM\000"
 1041      52524F52 
 1041      5F424144 
 1041      5F504152 
 1041      414D00
 1042              	.LASF61:
 1043 044e 45455F41 		.ascii	"EE_ApplicationMode\000"
 1043      70706C69 
 1043      63617469 
 1043      6F6E4D6F 
 1043      646500
 1044              	.LASF5:
 1045 0461 6C6F6E67 		.ascii	"long unsigned int\000"
 1045      20756E73 
 1045      69676E65 
 1045      6420696E 
 1045      7400
 1046              	.LASF12:
 1047 0473 646F7562 		.ascii	"double\000"
 1047      6C6500
 1048              	.LASF36:
 1049 047a 52435F45 		.ascii	"RC_ERROR_CHECKSUM\000"
 1049      52524F52 
 1049      5F434845 
 1049      434B5355 
 1049      4D00
 1050              	.LASF19:
 1051 048c 45455F55 		.ascii	"EE_UREG\000"
 1051      52454700 
 1052              	.LASF69:
 1053 0494 42555454 		.ascii	"BUTTON_4_Read\000"
 1053      4F4E5F34 
 1053      5F526561 
 1053      6400
 1054              	.LASF67:
 1055 04a2 42555454 		.ascii	"BUTTON_2_Read\000"
 1055      4F4E5F32 
 1055      5F526561 
 1055      6400
 1056              	.LASF9:
 1057 04b0 5F5F696E 		.ascii	"__int32_t\000"
 1057      7433325F 
 1057      7400
 1058              	.LASF50:
 1059 04ba 42555454 		.ascii	"BUTTON_1\000"
 1059      4F4E5F31 
 1059      00
 1060              	.LASF51:
ARM GAS  C:\Users\MATEOC~1.QUE\AppData\Local\Temp\cc7Gznrk.s 			page 25


 1061 04c3 42555454 		.ascii	"BUTTON_2\000"
 1061      4F4E5F32 
 1061      00
 1062              	.LASF52:
 1063 04cc 42555454 		.ascii	"BUTTON_3\000"
 1063      4F4E5F33 
 1063      00
 1064              	.LASF53:
 1065 04d5 42555454 		.ascii	"BUTTON_4\000"
 1065      4F4E5F34 
 1065      00
 1066              	.LASF45:
 1067 04de 52435F45 		.ascii	"RC_ERROR_CANCELED\000"
 1067      52524F52 
 1067      5F43414E 
 1067      43454C45 
 1067      4400
 1068              	.LASF65:
 1069 04f0 6973725F 		.ascii	"isr_Button_StartEx\000"
 1069      42757474 
 1069      6F6E5F53 
 1069      74617274 
 1069      457800
 1070              	.LASF64:
 1071 0503 49544D5F 		.ascii	"ITM_RxBuffer\000"
 1071      52784275 
 1071      66666572 
 1071      00
 1072              	.LASF24:
 1073 0510 52435F45 		.ascii	"RC_ERROR\000"
 1073      52524F52 
 1073      00
 1074              	.LASF27:
 1075 0519 52435F45 		.ascii	"RC_ERROR_MEMORY\000"
 1075      52524F52 
 1075      5F4D454D 
 1075      4F525900 
 1076              	.LASF59:
 1077 0529 45455F6F 		.ascii	"EE_oo_IRQ_disable_count\000"
 1077      6F5F4952 
 1077      515F6469 
 1077      7361626C 
 1077      655F636F 
 1078              	.LASF49:
 1079 0541 52435F74 		.ascii	"RC_t\000"
 1079      00
 1080              	.LASF34:
 1081 0546 52435F45 		.ascii	"RC_ERROR_TIME_OUT\000"
 1081      52524F52 
 1081      5F54494D 
 1081      455F4F55 
 1081      5400
 1082              		.ident	"GCC: (GNU Tools for ARM Embedded Processors) 5.4.1 20160609 (release) [ARM/embedded-5-bran
