ARM GAS  C:\Users\MATEOC~1.QUE\AppData\Local\Temp\cc4EjnP1.s 			page 1


   1              		.syntax unified
   2              		.cpu cortex-m3
   3              		.fpu softvfp
   4              		.eabi_attribute 20, 1
   5              		.eabi_attribute 21, 1
   6              		.eabi_attribute 23, 3
   7              		.eabi_attribute 24, 1
   8              		.eabi_attribute 25, 1
   9              		.eabi_attribute 26, 1
  10              		.eabi_attribute 30, 1
  11              		.eabi_attribute 34, 1
  12              		.eabi_attribute 18, 4
  13              		.thumb
  14              		.syntax unified
  15              		.file	"drawer.c"
  16              		.text
  17              	.Ltext0:
  18              		.cfi_sections	.debug_frame
  19              	.Letext0:
  20              		.section	.debug_line,"",%progbits
  21              	.Ldebug_line0:
  22              		.section	.debug_str,"MS",%progbits,1
  23              	.LASF0:
  24 0000 433A5C55 		.ascii	"C:\\Users\\Mateo C. Querol\\OneDrive\\University\\D"
  24      73657273 
  24      5C4D6174 
  24      656F2043 
  24      2E205175 
  25 002e 61726D73 		.ascii	"armstadt\\Advanced Microcontroller Systems and Embe"
  25      74616474 
  25      5C416476 
  25      616E6365 
  25      64204D69 
  26 0060 64646564 		.ascii	"dded Operating systems\\Embedded Operating Systems\\"
  26      204F7065 
  26      72617469 
  26      6E672073 
  26      79737465 
  27 0092 576F726B 		.ascii	"Workbook\\JSONParser.cydsn\000"
  27      626F6F6B 
  27      5C4A534F 
  27      4E506172 
  27      7365722E 
  28              	.LASF1:
  29 00ac 474E5520 		.ascii	"GNU C11 5.4.1 20160609 (release) [ARM/embedded-5-br"
  29      43313120 
  29      352E342E 
  29      31203230 
  29      31363036 
  30 00df 616E6368 		.ascii	"anch revision 237715] -mcpu=cortex-m3 -mthumb -g -O"
  30      20726576 
  30      6973696F 
  30      6E203233 
  30      37373135 
  31 0112 67202D66 		.ascii	"g -ffunction-sections -ffat-lto-objects\000"
  31      66756E63 
  31      74696F6E 
ARM GAS  C:\Users\MATEOC~1.QUE\AppData\Local\Temp\cc4EjnP1.s 			page 2


  31      2D736563 
  31      74696F6E 
  32              	.LASF2:
  33 013a 64726177 		.ascii	"drawer.c\000"
  33      65722E63 
  33      00
  34              		.ident	"GCC: (GNU Tools for ARM Embedded Processors) 5.4.1 20160609 (release) [ARM/embedded-5-bran
