ARM GAS  C:\Users\MATEOC~1.QUE\AppData\Local\Temp\ccG337qC.s 			page 1


   1              		.syntax unified
   2              		.cpu cortex-m3
   3              		.fpu softvfp
   4              		.eabi_attribute 20, 1
   5              		.eabi_attribute 21, 1
   6              		.eabi_attribute 23, 3
   7              		.eabi_attribute 24, 1
   8              		.eabi_attribute 25, 1
   9              		.eabi_attribute 26, 1
  10              		.eabi_attribute 30, 1
  11              		.eabi_attribute 34, 1
  12              		.eabi_attribute 18, 4
  13              		.thumb
  14              		.syntax unified
  15              		.file	"ErikaOS_1_common_ee_hal_structs.c"
  16              		.text
  17              	.Ltext0:
  18              		.cfi_sections	.debug_frame
  19              		.comm	EE_std_endcycle_next_tid,4,4
  20              		.comm	EE_IRQ_nesting_level,4,4
  21              	.Letext0:
  22              		.file 1 "Generated_Source\\PSoC5\\ErikaOS_1_common_ee_types.inc"
  23              		.file 2 "Generated_Source\\PSoC5\\ErikaOS_1_cortex_mx_ee_cpu.inc"
  24              		.file 3 "Generated_Source\\PSoC5\\ErikaOS_1_ee_oo_common.inc"
  25              		.file 4 "Generated_Source\\PSoC5\\ErikaOS_1_common_ee_hal_structs.c"
  26              		.file 5 "Generated_Source\\PSoC5\\ErikaOS_1_ee_oo_intfunc.inc"
  27              		.file 6 "Generated_Source\\PSoC5\\ErikaOS_1_ee_oo_internal.inc"
  28              		.section	.debug_info,"",%progbits
  29              	.Ldebug_info0:
  30 0000 C7030000 		.4byte	0x3c7
  31 0004 0400     		.2byte	0x4
  32 0006 00000000 		.4byte	.Ldebug_abbrev0
  33 000a 04       		.byte	0x4
  34 000b 01       		.uleb128 0x1
  35 000c 3A040000 		.4byte	.LASF62
  36 0010 0C       		.byte	0xc
  37 0011 F6030000 		.4byte	.LASF63
  38 0015 8B000000 		.4byte	.LASF64
  39 0019 00000000 		.4byte	.Ldebug_line0
  40 001d 02       		.uleb128 0x2
  41 001e 01       		.byte	0x1
  42 001f 06       		.byte	0x6
  43 0020 D6020000 		.4byte	.LASF0
  44 0024 02       		.uleb128 0x2
  45 0025 01       		.byte	0x1
  46 0026 08       		.byte	0x8
  47 0027 AF020000 		.4byte	.LASF1
  48 002b 02       		.uleb128 0x2
  49 002c 02       		.byte	0x2
  50 002d 05       		.byte	0x5
  51 002e 4C000000 		.4byte	.LASF2
  52 0032 02       		.uleb128 0x2
  53 0033 02       		.byte	0x2
  54 0034 07       		.byte	0x7
  55 0035 34030000 		.4byte	.LASF3
  56 0039 02       		.uleb128 0x2
  57 003a 04       		.byte	0x4
ARM GAS  C:\Users\MATEOC~1.QUE\AppData\Local\Temp\ccG337qC.s 			page 2


  58 003b 05       		.byte	0x5
  59 003c 1C020000 		.4byte	.LASF4
  60 0040 02       		.uleb128 0x2
  61 0041 04       		.byte	0x4
  62 0042 07       		.byte	0x7
  63 0043 91030000 		.4byte	.LASF5
  64 0047 02       		.uleb128 0x2
  65 0048 08       		.byte	0x8
  66 0049 05       		.byte	0x5
  67 004a CC010000 		.4byte	.LASF6
  68 004e 02       		.uleb128 0x2
  69 004f 08       		.byte	0x8
  70 0050 07       		.byte	0x7
  71 0051 E2020000 		.4byte	.LASF7
  72 0055 03       		.uleb128 0x3
  73 0056 04       		.byte	0x4
  74 0057 05       		.byte	0x5
  75 0058 696E7400 		.ascii	"int\000"
  76 005c 02       		.uleb128 0x2
  77 005d 04       		.byte	0x4
  78 005e 07       		.byte	0x7
  79 005f F9020000 		.4byte	.LASF8
  80 0063 02       		.uleb128 0x2
  81 0064 08       		.byte	0x8
  82 0065 04       		.byte	0x4
  83 0066 94020000 		.4byte	.LASF9
  84 006a 04       		.uleb128 0x4
  85 006b DA010000 		.4byte	.LASF10
  86 006f 01       		.byte	0x1
  87 0070 3F       		.byte	0x3f
  88 0071 1D000000 		.4byte	0x1d
  89 0075 04       		.uleb128 0x4
  90 0076 65030000 		.4byte	.LASF11
  91 007a 01       		.byte	0x1
  92 007b 52       		.byte	0x52
  93 007c 32000000 		.4byte	0x32
  94 0080 04       		.uleb128 0x4
  95 0081 2B030000 		.4byte	.LASF12
  96 0085 01       		.byte	0x1
  97 0086 53       		.byte	0x53
  98 0087 55000000 		.4byte	0x55
  99 008b 04       		.uleb128 0x4
 100 008c 37010000 		.4byte	.LASF13
 101 0090 01       		.byte	0x1
 102 0091 54       		.byte	0x54
 103 0092 5C000000 		.4byte	0x5c
 104 0096 04       		.uleb128 0x4
 105 0097 13000000 		.4byte	.LASF14
 106 009b 02       		.byte	0x2
 107 009c 4D       		.byte	0x4d
 108 009d 8B000000 		.4byte	0x8b
 109 00a1 04       		.uleb128 0x4
 110 00a2 83000000 		.4byte	.LASF15
 111 00a6 02       		.byte	0x2
 112 00a7 4F       		.byte	0x4f
 113 00a8 8B000000 		.4byte	0x8b
 114 00ac 04       		.uleb128 0x4
ARM GAS  C:\Users\MATEOC~1.QUE\AppData\Local\Temp\ccG337qC.s 			page 3


 115 00ad A3030000 		.4byte	.LASF16
 116 00b1 02       		.byte	0x2
 117 00b2 54       		.byte	0x54
 118 00b3 96000000 		.4byte	0x96
 119 00b7 04       		.uleb128 0x4
 120 00b8 52010000 		.4byte	.LASF17
 121 00bc 02       		.byte	0x2
 122 00bd 78       		.byte	0x78
 123 00be 80000000 		.4byte	0x80
 124 00c2 05       		.uleb128 0x5
 125 00c3 FB010000 		.4byte	.LASF18
 126 00c7 03       		.byte	0x3
 127 00c8 1101     		.2byte	0x111
 128 00ca 75000000 		.4byte	0x75
 129 00ce 05       		.uleb128 0x5
 130 00cf 6A020000 		.4byte	.LASF19
 131 00d3 03       		.byte	0x3
 132 00d4 3502     		.2byte	0x235
 133 00d6 96000000 		.4byte	0x96
 134 00da 05       		.uleb128 0x5
 135 00db 82020000 		.4byte	.LASF20
 136 00df 03       		.byte	0x3
 137 00e0 5D02     		.2byte	0x25d
 138 00e2 96000000 		.4byte	0x96
 139 00e6 05       		.uleb128 0x5
 140 00e7 C9030000 		.4byte	.LASF21
 141 00eb 03       		.byte	0x3
 142 00ec 6C02     		.2byte	0x26c
 143 00ee 96000000 		.4byte	0x96
 144 00f2 06       		.uleb128 0x6
 145 00f3 0C       		.byte	0xc
 146 00f4 03       		.byte	0x3
 147 00f5 7202     		.2byte	0x272
 148 00f7 23010000 		.4byte	0x123
 149 00fb 07       		.uleb128 0x7
 150 00fc 25020000 		.4byte	.LASF22
 151 0100 03       		.byte	0x3
 152 0101 7302     		.2byte	0x273
 153 0103 CE000000 		.4byte	0xce
 154 0107 00       		.byte	0
 155 0108 07       		.uleb128 0x7
 156 0109 1B000000 		.4byte	.LASF23
 157 010d 03       		.byte	0x3
 158 010e 7402     		.2byte	0x274
 159 0110 CE000000 		.4byte	0xce
 160 0114 04       		.byte	0x4
 161 0115 07       		.uleb128 0x7
 162 0116 59010000 		.4byte	.LASF24
 163 011a 03       		.byte	0x3
 164 011b 7502     		.2byte	0x275
 165 011d CE000000 		.4byte	0xce
 166 0121 08       		.byte	0x8
 167 0122 00       		.byte	0
 168 0123 05       		.uleb128 0x5
 169 0124 53020000 		.4byte	.LASF25
 170 0128 03       		.byte	0x3
 171 0129 7A02     		.2byte	0x27a
ARM GAS  C:\Users\MATEOC~1.QUE\AppData\Local\Temp\ccG337qC.s 			page 4


 172 012b F2000000 		.4byte	0xf2
 173 012f 06       		.uleb128 0x6
 174 0130 08       		.byte	0x8
 175 0131 03       		.byte	0x3
 176 0132 7D02     		.2byte	0x27d
 177 0134 53010000 		.4byte	0x153
 178 0138 07       		.uleb128 0x7
 179 0139 62010000 		.4byte	.LASF26
 180 013d 03       		.byte	0x3
 181 013e 7E02     		.2byte	0x27e
 182 0140 CE000000 		.4byte	0xce
 183 0144 00       		.byte	0
 184 0145 07       		.uleb128 0x7
 185 0146 FB040000 		.4byte	.LASF27
 186 014a 03       		.byte	0x3
 187 014b 7F02     		.2byte	0x27f
 188 014d DA000000 		.4byte	0xda
 189 0151 04       		.byte	0x4
 190 0152 00       		.byte	0
 191 0153 05       		.uleb128 0x5
 192 0154 B5010000 		.4byte	.LASF28
 193 0158 03       		.byte	0x3
 194 0159 8002     		.2byte	0x280
 195 015b 2F010000 		.4byte	0x12f
 196 015f 08       		.uleb128 0x8
 197 0160 01       		.byte	0x1
 198 0161 24000000 		.4byte	0x24
 199 0165 03       		.byte	0x3
 200 0166 8A02     		.2byte	0x28a
 201 0168 79010000 		.4byte	0x179
 202 016c 09       		.uleb128 0x9
 203 016d BB030000 		.4byte	.LASF29
 204 0171 00       		.byte	0
 205 0172 09       		.uleb128 0x9
 206 0173 0B020000 		.4byte	.LASF30
 207 0177 01       		.byte	0x1
 208 0178 00       		.byte	0
 209 0179 05       		.uleb128 0x5
 210 017a 81010000 		.4byte	.LASF31
 211 017e 03       		.byte	0x3
 212 017f 8D02     		.2byte	0x28d
 213 0181 5F010000 		.4byte	0x15f
 214 0185 05       		.uleb128 0x5
 215 0186 6D000000 		.4byte	.LASF32
 216 018a 03       		.byte	0x3
 217 018b 9002     		.2byte	0x290
 218 018d 79010000 		.4byte	0x179
 219 0191 06       		.uleb128 0x6
 220 0192 0C       		.byte	0xc
 221 0193 03       		.byte	0x3
 222 0194 9402     		.2byte	0x294
 223 0196 C0010000 		.4byte	0x1c0
 224 019a 0A       		.uleb128 0xa
 225 019b 6300     		.ascii	"c\000"
 226 019d 03       		.byte	0x3
 227 019e 9602     		.2byte	0x296
 228 01a0 E6000000 		.4byte	0xe6
ARM GAS  C:\Users\MATEOC~1.QUE\AppData\Local\Temp\ccG337qC.s 			page 5


 229 01a4 00       		.byte	0
 230 01a5 07       		.uleb128 0x7
 231 01a6 65000000 		.4byte	.LASF33
 232 01aa 03       		.byte	0x3
 233 01ab 9802     		.2byte	0x298
 234 01ad DA000000 		.4byte	0xda
 235 01b1 04       		.byte	0x4
 236 01b2 07       		.uleb128 0x7
 237 01b3 00000000 		.4byte	.LASF34
 238 01b7 03       		.byte	0x3
 239 01b8 9A02     		.2byte	0x29a
 240 01ba 85010000 		.4byte	0x185
 241 01be 08       		.byte	0x8
 242 01bf 00       		.byte	0
 243 01c0 05       		.uleb128 0x5
 244 01c1 47030000 		.4byte	.LASF35
 245 01c5 03       		.byte	0x3
 246 01c6 9B02     		.2byte	0x29b
 247 01c8 91010000 		.4byte	0x191
 248 01cc 06       		.uleb128 0x6
 249 01cd 10       		.byte	0x10
 250 01ce 03       		.byte	0x3
 251 01cf 9F02     		.2byte	0x29f
 252 01d1 0A020000 		.4byte	0x20a
 253 01d5 07       		.uleb128 0x7
 254 01d6 C4030000 		.4byte	.LASF36
 255 01da 03       		.byte	0x3
 256 01db A002     		.2byte	0x2a0
 257 01dd AC000000 		.4byte	0xac
 258 01e1 00       		.byte	0
 259 01e2 07       		.uleb128 0x7
 260 01e3 C8040000 		.4byte	.LASF37
 261 01e7 03       		.byte	0x3
 262 01e8 A102     		.2byte	0x2a1
 263 01ea CE000000 		.4byte	0xce
 264 01ee 04       		.byte	0x4
 265 01ef 07       		.uleb128 0x7
 266 01f0 5F000000 		.4byte	.LASF38
 267 01f4 03       		.byte	0x3
 268 01f5 A202     		.2byte	0x2a2
 269 01f7 CE000000 		.4byte	0xce
 270 01fb 08       		.byte	0x8
 271 01fc 07       		.uleb128 0x7
 272 01fd E9040000 		.4byte	.LASF39
 273 0201 03       		.byte	0x3
 274 0202 A302     		.2byte	0x2a3
 275 0204 DA000000 		.4byte	0xda
 276 0208 0C       		.byte	0xc
 277 0209 00       		.byte	0
 278 020a 05       		.uleb128 0x5
 279 020b 35020000 		.4byte	.LASF40
 280 020f 03       		.byte	0x3
 281 0210 A402     		.2byte	0x2a4
 282 0212 CC010000 		.4byte	0x1cc
 283 0216 0B       		.uleb128 0xb
 284 0217 A0010000 		.4byte	.LASF41
 285 021b 04       		.byte	0x4
ARM GAS  C:\Users\MATEOC~1.QUE\AppData\Local\Temp\ccG337qC.s 			page 6


 286 021c 3A       		.byte	0x3a
 287 021d 96000000 		.4byte	0x96
 288 0221 05       		.uleb128 0x5
 289 0222 03       		.byte	0x3
 290 0223 00000000 		.4byte	EE_IRQ_nesting_level
 291 0227 0B       		.uleb128 0xb
 292 0228 12030000 		.4byte	.LASF42
 293 022c 04       		.byte	0x4
 294 022d 3F       		.byte	0x3f
 295 022e B7000000 		.4byte	0xb7
 296 0232 05       		.uleb128 0x5
 297 0233 03       		.byte	0x3
 298 0234 00000000 		.4byte	EE_std_endcycle_next_tid
 299 0238 0C       		.uleb128 0xc
 300 0239 4F020000 		.4byte	0x24f
 301 023d 48020000 		.4byte	0x248
 302 0241 0D       		.uleb128 0xd
 303 0242 48020000 		.4byte	0x248
 304 0246 03       		.byte	0x3
 305 0247 00       		.byte	0
 306 0248 02       		.uleb128 0x2
 307 0249 04       		.byte	0x4
 308 024a 07       		.byte	0x7
 309 024b 56000000 		.4byte	.LASF43
 310 024f 0E       		.uleb128 0xe
 311 0250 96000000 		.4byte	0x96
 312 0254 0F       		.uleb128 0xf
 313 0255 41010000 		.4byte	.LASF44
 314 0259 03       		.byte	0x3
 315 025a B2       		.byte	0xb2
 316 025b 5F020000 		.4byte	0x25f
 317 025f 0E       		.uleb128 0xe
 318 0260 38020000 		.4byte	0x238
 319 0264 0F       		.uleb128 0xf
 320 0265 E2030000 		.4byte	.LASF45
 321 0269 03       		.byte	0x3
 322 026a B3       		.byte	0xb3
 323 026b 6F020000 		.4byte	0x26f
 324 026f 0E       		.uleb128 0xe
 325 0270 38020000 		.4byte	0x238
 326 0274 0C       		.uleb128 0xc
 327 0275 96000000 		.4byte	0x96
 328 0279 84020000 		.4byte	0x284
 329 027d 0D       		.uleb128 0xd
 330 027e 48020000 		.4byte	0x248
 331 0282 03       		.byte	0x3
 332 0283 00       		.byte	0
 333 0284 0F       		.uleb128 0xf
 334 0285 D5030000 		.4byte	.LASF46
 335 0289 03       		.byte	0x3
 336 028a CA       		.byte	0xca
 337 028b 74020000 		.4byte	0x274
 338 028f 0C       		.uleb128 0xc
 339 0290 B7000000 		.4byte	0xb7
 340 0294 9F020000 		.4byte	0x29f
 341 0298 0D       		.uleb128 0xd
 342 0299 48020000 		.4byte	0x248
ARM GAS  C:\Users\MATEOC~1.QUE\AppData\Local\Temp\ccG337qC.s 			page 7


 343 029d 03       		.byte	0x3
 344 029e 00       		.byte	0
 345 029f 0F       		.uleb128 0xf
 346 02a0 2F040000 		.4byte	.LASF47
 347 02a4 03       		.byte	0x3
 348 02a5 D2       		.byte	0xd2
 349 02a6 8F020000 		.4byte	0x28f
 350 02aa 0F       		.uleb128 0xf
 351 02ab 06030000 		.4byte	.LASF48
 352 02af 03       		.byte	0x3
 353 02b0 DA       		.byte	0xda
 354 02b1 74020000 		.4byte	0x274
 355 02b5 0F       		.uleb128 0xf
 356 02b6 AF030000 		.4byte	.LASF49
 357 02ba 03       		.byte	0x3
 358 02bb E2       		.byte	0xe2
 359 02bc B7000000 		.4byte	0xb7
 360 02c0 0F       		.uleb128 0xf
 361 02c1 73020000 		.4byte	.LASF50
 362 02c5 03       		.byte	0x3
 363 02c6 F7       		.byte	0xf7
 364 02c7 96000000 		.4byte	0x96
 365 02cb 10       		.uleb128 0x10
 366 02cc 05000000 		.4byte	.LASF51
 367 02d0 03       		.byte	0x3
 368 02d1 3F01     		.2byte	0x13f
 369 02d3 C2000000 		.4byte	0xc2
 370 02d7 10       		.uleb128 0x10
 371 02d8 28000000 		.4byte	.LASF52
 372 02dc 03       		.byte	0x3
 373 02dd 5C01     		.2byte	0x15c
 374 02df 74020000 		.4byte	0x274
 375 02e3 0C       		.uleb128 0xc
 376 02e4 AC000000 		.4byte	0xac
 377 02e8 F3020000 		.4byte	0x2f3
 378 02ec 0D       		.uleb128 0xd
 379 02ed 48020000 		.4byte	0x248
 380 02f1 03       		.byte	0x3
 381 02f2 00       		.byte	0
 382 02f3 10       		.uleb128 0x10
 383 02f4 3B000000 		.4byte	.LASF53
 384 02f8 03       		.byte	0x3
 385 02f9 6701     		.2byte	0x167
 386 02fb E3020000 		.4byte	0x2e3
 387 02ff 0C       		.uleb128 0xc
 388 0300 0F030000 		.4byte	0x30f
 389 0304 0F030000 		.4byte	0x30f
 390 0308 0D       		.uleb128 0xd
 391 0309 48020000 		.4byte	0x248
 392 030d 00       		.byte	0
 393 030e 00       		.byte	0
 394 030f 0E       		.uleb128 0xe
 395 0310 23010000 		.4byte	0x123
 396 0314 10       		.uleb128 0x10
 397 0315 A0020000 		.4byte	.LASF54
 398 0319 03       		.byte	0x3
 399 031a CA02     		.2byte	0x2ca
ARM GAS  C:\Users\MATEOC~1.QUE\AppData\Local\Temp\ccG337qC.s 			page 8


 400 031c 20030000 		.4byte	0x320
 401 0320 0E       		.uleb128 0xe
 402 0321 FF020000 		.4byte	0x2ff
 403 0325 0C       		.uleb128 0xc
 404 0326 35030000 		.4byte	0x335
 405 032a 35030000 		.4byte	0x335
 406 032e 0D       		.uleb128 0xd
 407 032f 48020000 		.4byte	0x248
 408 0333 00       		.byte	0
 409 0334 00       		.byte	0
 410 0335 0E       		.uleb128 0xe
 411 0336 C0010000 		.4byte	0x1c0
 412 033a 10       		.uleb128 0x10
 413 033b 68010000 		.4byte	.LASF55
 414 033f 03       		.byte	0x3
 415 0340 DD02     		.2byte	0x2dd
 416 0342 46030000 		.4byte	0x346
 417 0346 0E       		.uleb128 0xe
 418 0347 25030000 		.4byte	0x325
 419 034b 0C       		.uleb128 0xc
 420 034c 53010000 		.4byte	0x153
 421 0350 5B030000 		.4byte	0x35b
 422 0354 0D       		.uleb128 0xd
 423 0355 48020000 		.4byte	0x248
 424 0359 00       		.byte	0
 425 035a 00       		.byte	0
 426 035b 10       		.uleb128 0x10
 427 035c 6F030000 		.4byte	.LASF56
 428 0360 03       		.byte	0x3
 429 0361 FB02     		.2byte	0x2fb
 430 0363 4B030000 		.4byte	0x34b
 431 0367 0C       		.uleb128 0xc
 432 0368 0A020000 		.4byte	0x20a
 433 036c 77030000 		.4byte	0x377
 434 0370 0D       		.uleb128 0xd
 435 0371 48020000 		.4byte	0x248
 436 0375 00       		.byte	0
 437 0376 00       		.byte	0
 438 0377 10       		.uleb128 0x10
 439 0378 BD020000 		.4byte	.LASF57
 440 037c 03       		.byte	0x3
 441 037d 0403     		.2byte	0x304
 442 037f 67030000 		.4byte	0x367
 443 0383 0F       		.uleb128 0xf
 444 0384 D1040000 		.4byte	.LASF58
 445 0388 05       		.byte	0x5
 446 0389 40       		.byte	0x40
 447 038a 96000000 		.4byte	0x96
 448 038e 0F       		.uleb128 0xf
 449 038f E2010000 		.4byte	.LASF59
 450 0393 05       		.byte	0x5
 451 0394 47       		.byte	0x47
 452 0395 A1000000 		.4byte	0xa1
 453 0399 0F       		.uleb128 0xf
 454 039a 7E030000 		.4byte	.LASF60
 455 039e 05       		.byte	0x5
 456 039f 4A       		.byte	0x4a
ARM GAS  C:\Users\MATEOC~1.QUE\AppData\Local\Temp\ccG337qC.s 			page 9


 457 03a0 96000000 		.4byte	0x96
 458 03a4 0C       		.uleb128 0xc
 459 03a5 B4030000 		.4byte	0x3b4
 460 03a9 B4030000 		.4byte	0x3b4
 461 03ad 0D       		.uleb128 0xd
 462 03ae 48020000 		.4byte	0x248
 463 03b2 FF       		.byte	0xff
 464 03b3 00       		.byte	0
 465 03b4 0E       		.uleb128 0xe
 466 03b5 6A000000 		.4byte	0x6a
 467 03b9 10       		.uleb128 0x10
 468 03ba EE040000 		.4byte	.LASF61
 469 03be 06       		.byte	0x6
 470 03bf AB01     		.2byte	0x1ab
 471 03c1 C5030000 		.4byte	0x3c5
 472 03c5 0E       		.uleb128 0xe
 473 03c6 A4030000 		.4byte	0x3a4
 474 03ca 00       		.byte	0
 475              		.section	.debug_abbrev,"",%progbits
 476              	.Ldebug_abbrev0:
 477 0000 01       		.uleb128 0x1
 478 0001 11       		.uleb128 0x11
 479 0002 01       		.byte	0x1
 480 0003 25       		.uleb128 0x25
 481 0004 0E       		.uleb128 0xe
 482 0005 13       		.uleb128 0x13
 483 0006 0B       		.uleb128 0xb
 484 0007 03       		.uleb128 0x3
 485 0008 0E       		.uleb128 0xe
 486 0009 1B       		.uleb128 0x1b
 487 000a 0E       		.uleb128 0xe
 488 000b 10       		.uleb128 0x10
 489 000c 17       		.uleb128 0x17
 490 000d 00       		.byte	0
 491 000e 00       		.byte	0
 492 000f 02       		.uleb128 0x2
 493 0010 24       		.uleb128 0x24
 494 0011 00       		.byte	0
 495 0012 0B       		.uleb128 0xb
 496 0013 0B       		.uleb128 0xb
 497 0014 3E       		.uleb128 0x3e
 498 0015 0B       		.uleb128 0xb
 499 0016 03       		.uleb128 0x3
 500 0017 0E       		.uleb128 0xe
 501 0018 00       		.byte	0
 502 0019 00       		.byte	0
 503 001a 03       		.uleb128 0x3
 504 001b 24       		.uleb128 0x24
 505 001c 00       		.byte	0
 506 001d 0B       		.uleb128 0xb
 507 001e 0B       		.uleb128 0xb
 508 001f 3E       		.uleb128 0x3e
 509 0020 0B       		.uleb128 0xb
 510 0021 03       		.uleb128 0x3
 511 0022 08       		.uleb128 0x8
 512 0023 00       		.byte	0
 513 0024 00       		.byte	0
ARM GAS  C:\Users\MATEOC~1.QUE\AppData\Local\Temp\ccG337qC.s 			page 10


 514 0025 04       		.uleb128 0x4
 515 0026 16       		.uleb128 0x16
 516 0027 00       		.byte	0
 517 0028 03       		.uleb128 0x3
 518 0029 0E       		.uleb128 0xe
 519 002a 3A       		.uleb128 0x3a
 520 002b 0B       		.uleb128 0xb
 521 002c 3B       		.uleb128 0x3b
 522 002d 0B       		.uleb128 0xb
 523 002e 49       		.uleb128 0x49
 524 002f 13       		.uleb128 0x13
 525 0030 00       		.byte	0
 526 0031 00       		.byte	0
 527 0032 05       		.uleb128 0x5
 528 0033 16       		.uleb128 0x16
 529 0034 00       		.byte	0
 530 0035 03       		.uleb128 0x3
 531 0036 0E       		.uleb128 0xe
 532 0037 3A       		.uleb128 0x3a
 533 0038 0B       		.uleb128 0xb
 534 0039 3B       		.uleb128 0x3b
 535 003a 05       		.uleb128 0x5
 536 003b 49       		.uleb128 0x49
 537 003c 13       		.uleb128 0x13
 538 003d 00       		.byte	0
 539 003e 00       		.byte	0
 540 003f 06       		.uleb128 0x6
 541 0040 13       		.uleb128 0x13
 542 0041 01       		.byte	0x1
 543 0042 0B       		.uleb128 0xb
 544 0043 0B       		.uleb128 0xb
 545 0044 3A       		.uleb128 0x3a
 546 0045 0B       		.uleb128 0xb
 547 0046 3B       		.uleb128 0x3b
 548 0047 05       		.uleb128 0x5
 549 0048 01       		.uleb128 0x1
 550 0049 13       		.uleb128 0x13
 551 004a 00       		.byte	0
 552 004b 00       		.byte	0
 553 004c 07       		.uleb128 0x7
 554 004d 0D       		.uleb128 0xd
 555 004e 00       		.byte	0
 556 004f 03       		.uleb128 0x3
 557 0050 0E       		.uleb128 0xe
 558 0051 3A       		.uleb128 0x3a
 559 0052 0B       		.uleb128 0xb
 560 0053 3B       		.uleb128 0x3b
 561 0054 05       		.uleb128 0x5
 562 0055 49       		.uleb128 0x49
 563 0056 13       		.uleb128 0x13
 564 0057 38       		.uleb128 0x38
 565 0058 0B       		.uleb128 0xb
 566 0059 00       		.byte	0
 567 005a 00       		.byte	0
 568 005b 08       		.uleb128 0x8
 569 005c 04       		.uleb128 0x4
 570 005d 01       		.byte	0x1
ARM GAS  C:\Users\MATEOC~1.QUE\AppData\Local\Temp\ccG337qC.s 			page 11


 571 005e 0B       		.uleb128 0xb
 572 005f 0B       		.uleb128 0xb
 573 0060 49       		.uleb128 0x49
 574 0061 13       		.uleb128 0x13
 575 0062 3A       		.uleb128 0x3a
 576 0063 0B       		.uleb128 0xb
 577 0064 3B       		.uleb128 0x3b
 578 0065 05       		.uleb128 0x5
 579 0066 01       		.uleb128 0x1
 580 0067 13       		.uleb128 0x13
 581 0068 00       		.byte	0
 582 0069 00       		.byte	0
 583 006a 09       		.uleb128 0x9
 584 006b 28       		.uleb128 0x28
 585 006c 00       		.byte	0
 586 006d 03       		.uleb128 0x3
 587 006e 0E       		.uleb128 0xe
 588 006f 1C       		.uleb128 0x1c
 589 0070 0B       		.uleb128 0xb
 590 0071 00       		.byte	0
 591 0072 00       		.byte	0
 592 0073 0A       		.uleb128 0xa
 593 0074 0D       		.uleb128 0xd
 594 0075 00       		.byte	0
 595 0076 03       		.uleb128 0x3
 596 0077 08       		.uleb128 0x8
 597 0078 3A       		.uleb128 0x3a
 598 0079 0B       		.uleb128 0xb
 599 007a 3B       		.uleb128 0x3b
 600 007b 05       		.uleb128 0x5
 601 007c 49       		.uleb128 0x49
 602 007d 13       		.uleb128 0x13
 603 007e 38       		.uleb128 0x38
 604 007f 0B       		.uleb128 0xb
 605 0080 00       		.byte	0
 606 0081 00       		.byte	0
 607 0082 0B       		.uleb128 0xb
 608 0083 34       		.uleb128 0x34
 609 0084 00       		.byte	0
 610 0085 03       		.uleb128 0x3
 611 0086 0E       		.uleb128 0xe
 612 0087 3A       		.uleb128 0x3a
 613 0088 0B       		.uleb128 0xb
 614 0089 3B       		.uleb128 0x3b
 615 008a 0B       		.uleb128 0xb
 616 008b 49       		.uleb128 0x49
 617 008c 13       		.uleb128 0x13
 618 008d 3F       		.uleb128 0x3f
 619 008e 19       		.uleb128 0x19
 620 008f 02       		.uleb128 0x2
 621 0090 18       		.uleb128 0x18
 622 0091 00       		.byte	0
 623 0092 00       		.byte	0
 624 0093 0C       		.uleb128 0xc
 625 0094 01       		.uleb128 0x1
 626 0095 01       		.byte	0x1
 627 0096 49       		.uleb128 0x49
ARM GAS  C:\Users\MATEOC~1.QUE\AppData\Local\Temp\ccG337qC.s 			page 12


 628 0097 13       		.uleb128 0x13
 629 0098 01       		.uleb128 0x1
 630 0099 13       		.uleb128 0x13
 631 009a 00       		.byte	0
 632 009b 00       		.byte	0
 633 009c 0D       		.uleb128 0xd
 634 009d 21       		.uleb128 0x21
 635 009e 00       		.byte	0
 636 009f 49       		.uleb128 0x49
 637 00a0 13       		.uleb128 0x13
 638 00a1 2F       		.uleb128 0x2f
 639 00a2 0B       		.uleb128 0xb
 640 00a3 00       		.byte	0
 641 00a4 00       		.byte	0
 642 00a5 0E       		.uleb128 0xe
 643 00a6 26       		.uleb128 0x26
 644 00a7 00       		.byte	0
 645 00a8 49       		.uleb128 0x49
 646 00a9 13       		.uleb128 0x13
 647 00aa 00       		.byte	0
 648 00ab 00       		.byte	0
 649 00ac 0F       		.uleb128 0xf
 650 00ad 34       		.uleb128 0x34
 651 00ae 00       		.byte	0
 652 00af 03       		.uleb128 0x3
 653 00b0 0E       		.uleb128 0xe
 654 00b1 3A       		.uleb128 0x3a
 655 00b2 0B       		.uleb128 0xb
 656 00b3 3B       		.uleb128 0x3b
 657 00b4 0B       		.uleb128 0xb
 658 00b5 49       		.uleb128 0x49
 659 00b6 13       		.uleb128 0x13
 660 00b7 3F       		.uleb128 0x3f
 661 00b8 19       		.uleb128 0x19
 662 00b9 3C       		.uleb128 0x3c
 663 00ba 19       		.uleb128 0x19
 664 00bb 00       		.byte	0
 665 00bc 00       		.byte	0
 666 00bd 10       		.uleb128 0x10
 667 00be 34       		.uleb128 0x34
 668 00bf 00       		.byte	0
 669 00c0 03       		.uleb128 0x3
 670 00c1 0E       		.uleb128 0xe
 671 00c2 3A       		.uleb128 0x3a
 672 00c3 0B       		.uleb128 0xb
 673 00c4 3B       		.uleb128 0x3b
 674 00c5 05       		.uleb128 0x5
 675 00c6 49       		.uleb128 0x49
 676 00c7 13       		.uleb128 0x13
 677 00c8 3F       		.uleb128 0x3f
 678 00c9 19       		.uleb128 0x19
 679 00ca 3C       		.uleb128 0x3c
 680 00cb 19       		.uleb128 0x19
 681 00cc 00       		.byte	0
 682 00cd 00       		.byte	0
 683 00ce 00       		.byte	0
 684              		.section	.debug_aranges,"",%progbits
ARM GAS  C:\Users\MATEOC~1.QUE\AppData\Local\Temp\ccG337qC.s 			page 13


 685 0000 14000000 		.4byte	0x14
 686 0004 0200     		.2byte	0x2
 687 0006 00000000 		.4byte	.Ldebug_info0
 688 000a 04       		.byte	0x4
 689 000b 00       		.byte	0
 690 000c 0000     		.2byte	0
 691 000e 0000     		.2byte	0
 692 0010 00000000 		.4byte	0
 693 0014 00000000 		.4byte	0
 694              		.section	.debug_line,"",%progbits
 695              	.Ldebug_line0:
 696 0000 F5000000 		.section	.debug_str,"MS",%progbits,1
 696      0200EF00 
 696      00000201 
 696      FB0E0D00 
 696      01010101 
 697              	.LASF34:
 698 0000 6B696E64 		.ascii	"kind\000"
 698      00
 699              	.LASF51:
 700 0005 45455F72 		.ascii	"EE_rq_bitmask\000"
 700      715F6269 
 700      746D6173 
 700      6B00
 701              	.LASF14:
 702 0013 45455F55 		.ascii	"EE_UREG\000"
 702      52454700 
 703              	.LASF23:
 704 001b 7469636B 		.ascii	"ticksperbase\000"
 704      73706572 
 704      62617365 
 704      00
 705              	.LASF52:
 706 0028 45455F74 		.ascii	"EE_th_event_active\000"
 706      685F6576 
 706      656E745F 
 706      61637469 
 706      766500
 707              	.LASF53:
 708 003b 45455F74 		.ascii	"EE_th_waswaiting\000"
 708      685F7761 
 708      73776169 
 708      74696E67 
 708      00
 709              	.LASF2:
 710 004c 73686F72 		.ascii	"short int\000"
 710      7420696E 
 710      7400
 711              	.LASF43:
 712 0056 73697A65 		.ascii	"sizetype\000"
 712      74797065 
 712      00
 713              	.LASF38:
 714 005f 64656C74 		.ascii	"delta\000"
 714      6100
 715              	.LASF33:
 716 0065 73706563 		.ascii	"spec_id\000"
ARM GAS  C:\Users\MATEOC~1.QUE\AppData\Local\Temp\ccG337qC.s 			page 14


 716      5F696400 
 717              	.LASF32:
 718 006d 436F756E 		.ascii	"CounterObjectKindType\000"
 718      7465724F 
 718      626A6563 
 718      744B696E 
 718      64547970 
 719              	.LASF15:
 720 0083 45455F46 		.ascii	"EE_FREG\000"
 720      52454700 
 721              	.LASF64:
 722 008b 433A5C55 		.ascii	"C:\\Users\\Mateo C. Querol\\OneDrive\\University\\D"
 722      73657273 
 722      5C4D6174 
 722      656F2043 
 722      2E205175 
 723 00b9 61726D73 		.ascii	"armstadt\\Advanced Microcontroller Systems and Embe"
 723      74616474 
 723      5C416476 
 723      616E6365 
 723      64204D69 
 724 00eb 64646564 		.ascii	"dded Operating systems\\Embedded Operating Systems\\"
 724      204F7065 
 724      72617469 
 724      6E672073 
 724      79737465 
 725 011d 576F726B 		.ascii	"Workbook\\JSONParser.cydsn\000"
 725      626F6F6B 
 725      5C4A534F 
 725      4E506172 
 725      7365722E 
 726              	.LASF13:
 727 0137 45455F55 		.ascii	"EE_UINT32\000"
 727      494E5433 
 727      3200
 728              	.LASF44:
 729 0141 45455F74 		.ascii	"EE_th_ready_prio\000"
 729      685F7265 
 729      6164795F 
 729      7072696F 
 729      00
 730              	.LASF17:
 731 0152 45455F54 		.ascii	"EE_TID\000"
 731      494400
 732              	.LASF24:
 733 0159 6D696E63 		.ascii	"mincycle\000"
 733      79636C65 
 733      00
 734              	.LASF26:
 735 0162 76616C75 		.ascii	"value\000"
 735      6500
 736              	.LASF55:
 737 0168 45455F6F 		.ascii	"EE_oo_counter_object_ROM\000"
 737      6F5F636F 
 737      756E7465 
 737      725F6F62 
 737      6A656374 
ARM GAS  C:\Users\MATEOC~1.QUE\AppData\Local\Temp\ccG337qC.s 			page 15


 738              	.LASF31:
 739 0181 45455F6F 		.ascii	"EE_oo_counter_object_kind_type\000"
 739      6F5F636F 
 739      756E7465 
 739      725F6F62 
 739      6A656374 
 740              	.LASF41:
 741 01a0 45455F49 		.ascii	"EE_IRQ_nesting_level\000"
 741      52515F6E 
 741      65737469 
 741      6E675F6C 
 741      6576656C 
 742              	.LASF28:
 743 01b5 45455F6F 		.ascii	"EE_oo_counter_RAM_type\000"
 743      6F5F636F 
 743      756E7465 
 743      725F5241 
 743      4D5F7479 
 744              	.LASF6:
 745 01cc 6C6F6E67 		.ascii	"long long int\000"
 745      206C6F6E 
 745      6720696E 
 745      7400
 746              	.LASF10:
 747 01da 45455F49 		.ascii	"EE_INT8\000"
 747      4E543800 
 748              	.LASF59:
 749 01e2 45455F6F 		.ascii	"EE_oo_IRQ_suspend_status\000"
 749      6F5F4952 
 749      515F7375 
 749      7370656E 
 749      645F7374 
 750              	.LASF18:
 751 01fb 45455F54 		.ascii	"EE_TYPE_RQ_MASK\000"
 751      5950455F 
 751      52515F4D 
 751      41534B00 
 752              	.LASF30:
 753 020b 45455F53 		.ascii	"EE_SCHEDULETABLE\000"
 753      43484544 
 753      554C4554 
 753      41424C45 
 753      00
 754              	.LASF4:
 755 021c 6C6F6E67 		.ascii	"long int\000"
 755      20696E74 
 755      00
 756              	.LASF22:
 757 0225 6D617861 		.ascii	"maxallowedvalue\000"
 757      6C6C6F77 
 757      65647661 
 757      6C756500 
 758              	.LASF40:
 759 0235 45455F6F 		.ascii	"EE_oo_counter_object_RAM_type\000"
 759      6F5F636F 
 759      756E7465 
 759      725F6F62 
ARM GAS  C:\Users\MATEOC~1.QUE\AppData\Local\Temp\ccG337qC.s 			page 16


 759      6A656374 
 760              	.LASF25:
 761 0253 45455F6F 		.ascii	"EE_oo_counter_ROM_type\000"
 761      6F5F636F 
 761      756E7465 
 761      725F524F 
 761      4D5F7479 
 762              	.LASF19:
 763 026a 5469636B 		.ascii	"TickType\000"
 763      54797065 
 763      00
 764              	.LASF50:
 765 0273 45455F73 		.ascii	"EE_sys_ceiling\000"
 765      79735F63 
 765      65696C69 
 765      6E6700
 766              	.LASF20:
 767 0282 436F756E 		.ascii	"CounterObjectType\000"
 767      7465724F 
 767      626A6563 
 767      74547970 
 767      6500
 768              	.LASF9:
 769 0294 6C6F6E67 		.ascii	"long double\000"
 769      20646F75 
 769      626C6500 
 770              	.LASF54:
 771 02a0 45455F63 		.ascii	"EE_counter_ROM\000"
 771      6F756E74 
 771      65725F52 
 771      4F4D00
 772              	.LASF1:
 773 02af 756E7369 		.ascii	"unsigned char\000"
 773      676E6564 
 773      20636861 
 773      7200
 774              	.LASF57:
 775 02bd 45455F6F 		.ascii	"EE_oo_counter_object_RAM\000"
 775      6F5F636F 
 775      756E7465 
 775      725F6F62 
 775      6A656374 
 776              	.LASF0:
 777 02d6 7369676E 		.ascii	"signed char\000"
 777      65642063 
 777      68617200 
 778              	.LASF7:
 779 02e2 6C6F6E67 		.ascii	"long long unsigned int\000"
 779      206C6F6E 
 779      6720756E 
 779      7369676E 
 779      65642069 
 780              	.LASF8:
 781 02f9 756E7369 		.ascii	"unsigned int\000"
 781      676E6564 
 781      20696E74 
 781      00
ARM GAS  C:\Users\MATEOC~1.QUE\AppData\Local\Temp\ccG337qC.s 			page 17


 782              	.LASF48:
 783 0306 45455F74 		.ascii	"EE_th_rnact\000"
 783      685F726E 
 783      61637400 
 784              	.LASF42:
 785 0312 45455F73 		.ascii	"EE_std_endcycle_next_tid\000"
 785      74645F65 
 785      6E646379 
 785      636C655F 
 785      6E657874 
 786              	.LASF12:
 787 032b 45455F49 		.ascii	"EE_INT32\000"
 787      4E543332 
 787      00
 788              	.LASF3:
 789 0334 73686F72 		.ascii	"short unsigned int\000"
 789      7420756E 
 789      7369676E 
 789      65642069 
 789      6E7400
 790              	.LASF35:
 791 0347 45455F6F 		.ascii	"EE_oo_counter_object_ROM_type\000"
 791      6F5F636F 
 791      756E7465 
 791      725F6F62 
 791      6A656374 
 792              	.LASF11:
 793 0365 45455F55 		.ascii	"EE_UINT16\000"
 793      494E5431 
 793      3600
 794              	.LASF56:
 795 036f 45455F63 		.ascii	"EE_counter_RAM\000"
 795      6F756E74 
 795      65725F52 
 795      414D00
 796              	.LASF60:
 797 037e 45455F41 		.ascii	"EE_ApplicationMode\000"
 797      70706C69 
 797      63617469 
 797      6F6E4D6F 
 797      646500
 798              	.LASF5:
 799 0391 6C6F6E67 		.ascii	"long unsigned int\000"
 799      20756E73 
 799      69676E65 
 799      6420696E 
 799      7400
 800              	.LASF16:
 801 03a3 45455F54 		.ascii	"EE_TYPEBOOL\000"
 801      59504542 
 801      4F4F4C00 
 802              	.LASF49:
 803 03af 45455F73 		.ascii	"EE_stkfirst\000"
 803      746B6669 
 803      72737400 
 804              	.LASF29:
 805 03bb 45455F41 		.ascii	"EE_ALARM\000"
ARM GAS  C:\Users\MATEOC~1.QUE\AppData\Local\Temp\ccG337qC.s 			page 18


 805      4C41524D 
 805      00
 806              	.LASF36:
 807 03c4 75736564 		.ascii	"used\000"
 807      00
 808              	.LASF21:
 809 03c9 436F756E 		.ascii	"CounterType\000"
 809      74657254 
 809      79706500 
 810              	.LASF46:
 811 03d5 45455F74 		.ascii	"EE_th_status\000"
 811      685F7374 
 811      61747573 
 811      00
 812              	.LASF45:
 813 03e2 45455F74 		.ascii	"EE_th_dispatch_prio\000"
 813      685F6469 
 813      73706174 
 813      63685F70 
 813      72696F00 
 814              	.LASF63:
 815 03f6 47656E65 		.ascii	"Generated_Source\\PSoC5\\ErikaOS_1_common_ee_hal_st"
 815      72617465 
 815      645F536F 
 815      75726365 
 815      5C50536F 
 816 0427 72756374 		.ascii	"ructs.c\000"
 816      732E6300 
 817              	.LASF47:
 818 042f 45455F74 		.ascii	"EE_th_next\000"
 818      685F6E65 
 818      787400
 819              	.LASF62:
 820 043a 474E5520 		.ascii	"GNU C11 5.4.1 20160609 (release) [ARM/embedded-5-br"
 820      43313120 
 820      352E342E 
 820      31203230 
 820      31363036 
 821 046d 616E6368 		.ascii	"anch revision 237715] -mcpu=cortex-m3 -mthumb -g -O"
 821      20726576 
 821      6973696F 
 821      6E203233 
 821      37373135 
 822 04a0 67202D66 		.ascii	"g -ffunction-sections -ffat-lto-objects\000"
 822      66756E63 
 822      74696F6E 
 822      2D736563 
 822      74696F6E 
 823              	.LASF37:
 824 04c8 636E7463 		.ascii	"cntcycle\000"
 824      79636C65 
 824      00
 825              	.LASF58:
 826 04d1 45455F6F 		.ascii	"EE_oo_IRQ_disable_count\000"
 826      6F5F4952 
 826      515F6469 
 826      7361626C 
ARM GAS  C:\Users\MATEOC~1.QUE\AppData\Local\Temp\ccG337qC.s 			page 19


 826      655F636F 
 827              	.LASF39:
 828 04e9 6E657874 		.ascii	"next\000"
 828      00
 829              	.LASF61:
 830 04ee 45455F72 		.ascii	"EE_rq_lookup\000"
 830      715F6C6F 
 830      6F6B7570 
 830      00
 831              	.LASF27:
 832 04fb 66697273 		.ascii	"first\000"
 832      7400
 833              		.ident	"GCC: (GNU Tools for ARM Embedded Processors) 5.4.1 20160609 (release) [ARM/embedded-5-bran
