ARM GAS  C:\Users\robom\AppData\Local\Temp\ccEL54lh.s 			page 1


   1              		.syntax unified
   2              		.cpu cortex-m3
   3              		.fpu softvfp
   4              		.eabi_attribute 20, 1
   5              		.eabi_attribute 21, 1
   6              		.eabi_attribute 23, 3
   7              		.eabi_attribute 24, 1
   8              		.eabi_attribute 25, 1
   9              		.eabi_attribute 26, 1
  10              		.eabi_attribute 30, 1
  11              		.eabi_attribute 34, 1
  12              		.eabi_attribute 18, 4
  13              		.thumb
  14              		.syntax unified
  15              		.file	"ErikaOS_1_cortex_mx_ee_system_timer.c"
  16              		.text
  17              	.Ltext0:
  18              		.cfi_sections	.debug_frame
  19              	.Letext0:
  20              		.file 1 "Generated_Source\\PSoC5/ErikaOS_1_common_ee_types.inc"
  21              		.file 2 "Generated_Source\\PSoC5/ErikaOS_1_cortex_mx_ee_cpu.inc"
  22              		.file 3 "Generated_Source\\PSoC5/ErikaOS_1_ee_oo_common.inc"
  23              		.file 4 "Generated_Source\\PSoC5/ErikaOS_1_ee_oo_intfunc.inc"
  24              		.file 5 "Generated_Source\\PSoC5/ErikaOS_1_cortex_mx_ee_context.inc"
  25              		.file 6 "Generated_Source\\PSoC5/ErikaOS_1_common_ee_primitives.inc"
  26              		.file 7 "Generated_Source\\PSoC5/ErikaOS_1_ee_oo_internal.inc"
  27              		.section	.debug_info,"",%progbits
  28              	.Ldebug_info0:
  29 0000 BB030000 		.4byte	0x3bb
  30 0004 0400     		.2byte	0x4
  31 0006 00000000 		.4byte	.Ldebug_abbrev0
  32 000a 04       		.byte	0x4
  33 000b 01       		.uleb128 0x1
  34 000c 34040000 		.4byte	.LASF62
  35 0010 0C       		.byte	0xc
  36 0011 DD010000 		.4byte	.LASF63
  37 0015 40030000 		.4byte	.LASF64
  38 0019 00000000 		.4byte	.Ldebug_line0
  39 001d 02       		.uleb128 0x2
  40 001e 01       		.byte	0x1
  41 001f 06       		.byte	0x6
  42 0020 50020000 		.4byte	.LASF0
  43 0024 02       		.uleb128 0x2
  44 0025 01       		.byte	0x1
  45 0026 08       		.byte	0x8
  46 0027 29020000 		.4byte	.LASF1
  47 002b 02       		.uleb128 0x2
  48 002c 02       		.byte	0x2
  49 002d 05       		.byte	0x5
  50 002e 4C000000 		.4byte	.LASF2
  51 0032 02       		.uleb128 0x2
  52 0033 02       		.byte	0x2
  53 0034 07       		.byte	0x7
  54 0035 C5020000 		.4byte	.LASF3
  55 0039 02       		.uleb128 0x2
  56 003a 04       		.byte	0x4
  57 003b 05       		.byte	0x5
ARM GAS  C:\Users\robom\AppData\Local\Temp\ccEL54lh.s 			page 2


  58 003c 65010000 		.4byte	.LASF4
  59 0040 02       		.uleb128 0x2
  60 0041 04       		.byte	0x4
  61 0042 07       		.byte	0x7
  62 0043 22030000 		.4byte	.LASF5
  63 0047 02       		.uleb128 0x2
  64 0048 08       		.byte	0x8
  65 0049 05       		.byte	0x5
  66 004a 15010000 		.4byte	.LASF6
  67 004e 02       		.uleb128 0x2
  68 004f 08       		.byte	0x8
  69 0050 07       		.byte	0x7
  70 0051 5C020000 		.4byte	.LASF7
  71 0055 03       		.uleb128 0x3
  72 0056 04       		.byte	0x4
  73 0057 05       		.byte	0x5
  74 0058 696E7400 		.ascii	"int\000"
  75 005c 02       		.uleb128 0x2
  76 005d 04       		.byte	0x4
  77 005e 07       		.byte	0x7
  78 005f 8A020000 		.4byte	.LASF8
  79 0063 02       		.uleb128 0x2
  80 0064 08       		.byte	0x8
  81 0065 04       		.byte	0x4
  82 0066 09010000 		.4byte	.LASF9
  83 006a 04       		.uleb128 0x4
  84 006b 23010000 		.4byte	.LASF10
  85 006f 01       		.byte	0x1
  86 0070 3F       		.byte	0x3f
  87 0071 1D000000 		.4byte	0x1d
  88 0075 04       		.uleb128 0x4
  89 0076 F6020000 		.4byte	.LASF11
  90 007a 01       		.byte	0x1
  91 007b 52       		.byte	0x52
  92 007c 32000000 		.4byte	0x32
  93 0080 04       		.uleb128 0x4
  94 0081 BC020000 		.4byte	.LASF12
  95 0085 01       		.byte	0x1
  96 0086 53       		.byte	0x53
  97 0087 55000000 		.4byte	0x55
  98 008b 04       		.uleb128 0x4
  99 008c 8B000000 		.4byte	.LASF13
 100 0090 01       		.byte	0x1
 101 0091 54       		.byte	0x54
 102 0092 5C000000 		.4byte	0x5c
 103 0096 04       		.uleb128 0x4
 104 0097 13000000 		.4byte	.LASF14
 105 009b 02       		.byte	0x2
 106 009c 4D       		.byte	0x4d
 107 009d 8B000000 		.4byte	0x8b
 108 00a1 04       		.uleb128 0x4
 109 00a2 6D000000 		.4byte	.LASF15
 110 00a6 02       		.byte	0x2
 111 00a7 4F       		.byte	0x4f
 112 00a8 8B000000 		.4byte	0x8b
 113 00ac 04       		.uleb128 0x4
 114 00ad 34030000 		.4byte	.LASF16
ARM GAS  C:\Users\robom\AppData\Local\Temp\ccEL54lh.s 			page 3


 115 00b1 02       		.byte	0x2
 116 00b2 54       		.byte	0x54
 117 00b3 96000000 		.4byte	0x96
 118 00b7 04       		.uleb128 0x4
 119 00b8 A6000000 		.4byte	.LASF17
 120 00bc 02       		.byte	0x2
 121 00bd 78       		.byte	0x78
 122 00be 80000000 		.4byte	0x80
 123 00c2 05       		.uleb128 0x5
 124 00c3 44010000 		.4byte	.LASF18
 125 00c7 03       		.byte	0x3
 126 00c8 1101     		.2byte	0x111
 127 00ca 75000000 		.4byte	0x75
 128 00ce 05       		.uleb128 0x5
 129 00cf B3010000 		.4byte	.LASF19
 130 00d3 03       		.byte	0x3
 131 00d4 3502     		.2byte	0x235
 132 00d6 96000000 		.4byte	0x96
 133 00da 05       		.uleb128 0x5
 134 00db CB010000 		.4byte	.LASF20
 135 00df 03       		.byte	0x3
 136 00e0 5D02     		.2byte	0x25d
 137 00e2 96000000 		.4byte	0x96
 138 00e6 05       		.uleb128 0x5
 139 00e7 FC030000 		.4byte	.LASF21
 140 00eb 03       		.byte	0x3
 141 00ec 6C02     		.2byte	0x26c
 142 00ee 96000000 		.4byte	0x96
 143 00f2 06       		.uleb128 0x6
 144 00f3 0C       		.byte	0xc
 145 00f4 03       		.byte	0x3
 146 00f5 7202     		.2byte	0x272
 147 00f7 23010000 		.4byte	0x123
 148 00fb 07       		.uleb128 0x7
 149 00fc 6E010000 		.4byte	.LASF22
 150 0100 03       		.byte	0x3
 151 0101 7302     		.2byte	0x273
 152 0103 CE000000 		.4byte	0xce
 153 0107 00       		.byte	0
 154 0108 07       		.uleb128 0x7
 155 0109 1B000000 		.4byte	.LASF23
 156 010d 03       		.byte	0x3
 157 010e 7402     		.2byte	0x274
 158 0110 CE000000 		.4byte	0xce
 159 0114 04       		.byte	0x4
 160 0115 07       		.uleb128 0x7
 161 0116 AD000000 		.4byte	.LASF24
 162 011a 03       		.byte	0x3
 163 011b 7502     		.2byte	0x275
 164 011d CE000000 		.4byte	0xce
 165 0121 08       		.byte	0x8
 166 0122 00       		.byte	0
 167 0123 05       		.uleb128 0x5
 168 0124 9C010000 		.4byte	.LASF25
 169 0128 03       		.byte	0x3
 170 0129 7A02     		.2byte	0x27a
 171 012b F2000000 		.4byte	0xf2
ARM GAS  C:\Users\robom\AppData\Local\Temp\ccEL54lh.s 			page 4


 172 012f 06       		.uleb128 0x6
 173 0130 08       		.byte	0x8
 174 0131 03       		.byte	0x3
 175 0132 7D02     		.2byte	0x27d
 176 0134 53010000 		.4byte	0x153
 177 0138 07       		.uleb128 0x7
 178 0139 B6000000 		.4byte	.LASF26
 179 013d 03       		.byte	0x3
 180 013e 7E02     		.2byte	0x27e
 181 0140 CE000000 		.4byte	0xce
 182 0144 00       		.byte	0
 183 0145 07       		.uleb128 0x7
 184 0146 F5040000 		.4byte	.LASF27
 185 014a 03       		.byte	0x3
 186 014b 7F02     		.2byte	0x27f
 187 014d DA000000 		.4byte	0xda
 188 0151 04       		.byte	0x4
 189 0152 00       		.byte	0
 190 0153 05       		.uleb128 0x5
 191 0154 73020000 		.4byte	.LASF28
 192 0158 03       		.byte	0x3
 193 0159 8002     		.2byte	0x280
 194 015b 2F010000 		.4byte	0x12f
 195 015f 08       		.uleb128 0x8
 196 0160 01       		.byte	0x1
 197 0161 24000000 		.4byte	0x24
 198 0165 03       		.byte	0x3
 199 0166 8A02     		.2byte	0x28a
 200 0168 79010000 		.4byte	0x179
 201 016c 09       		.uleb128 0x9
 202 016d EE030000 		.4byte	.LASF29
 203 0171 00       		.byte	0
 204 0172 09       		.uleb128 0x9
 205 0173 54010000 		.4byte	.LASF30
 206 0177 01       		.byte	0x1
 207 0178 00       		.byte	0
 208 0179 05       		.uleb128 0x5
 209 017a D5000000 		.4byte	.LASF31
 210 017e 03       		.byte	0x3
 211 017f 8D02     		.2byte	0x28d
 212 0181 5F010000 		.4byte	0x15f
 213 0185 05       		.uleb128 0x5
 214 0186 75000000 		.4byte	.LASF32
 215 018a 03       		.byte	0x3
 216 018b 9002     		.2byte	0x290
 217 018d 79010000 		.4byte	0x179
 218 0191 06       		.uleb128 0x6
 219 0192 0C       		.byte	0xc
 220 0193 03       		.byte	0x3
 221 0194 9402     		.2byte	0x294
 222 0196 C0010000 		.4byte	0x1c0
 223 019a 0A       		.uleb128 0xa
 224 019b 6300     		.ascii	"c\000"
 225 019d 03       		.byte	0x3
 226 019e 9602     		.2byte	0x296
 227 01a0 E6000000 		.4byte	0xe6
 228 01a4 00       		.byte	0
ARM GAS  C:\Users\robom\AppData\Local\Temp\ccEL54lh.s 			page 5


 229 01a5 07       		.uleb128 0x7
 230 01a6 65000000 		.4byte	.LASF33
 231 01aa 03       		.byte	0x3
 232 01ab 9802     		.2byte	0x298
 233 01ad DA000000 		.4byte	0xda
 234 01b1 04       		.byte	0x4
 235 01b2 07       		.uleb128 0x7
 236 01b3 00000000 		.4byte	.LASF34
 237 01b7 03       		.byte	0x3
 238 01b8 9A02     		.2byte	0x29a
 239 01ba 85010000 		.4byte	0x185
 240 01be 08       		.byte	0x8
 241 01bf 00       		.byte	0
 242 01c0 05       		.uleb128 0x5
 243 01c1 D8020000 		.4byte	.LASF35
 244 01c5 03       		.byte	0x3
 245 01c6 9B02     		.2byte	0x29b
 246 01c8 91010000 		.4byte	0x191
 247 01cc 06       		.uleb128 0x6
 248 01cd 10       		.byte	0x10
 249 01ce 03       		.byte	0x3
 250 01cf 9F02     		.2byte	0x29f
 251 01d1 0A020000 		.4byte	0x20a
 252 01d5 07       		.uleb128 0x7
 253 01d6 F7030000 		.4byte	.LASF36
 254 01da 03       		.byte	0x3
 255 01db A002     		.2byte	0x2a0
 256 01dd AC000000 		.4byte	0xac
 257 01e1 00       		.byte	0
 258 01e2 07       		.uleb128 0x7
 259 01e3 C2040000 		.4byte	.LASF37
 260 01e7 03       		.byte	0x3
 261 01e8 A102     		.2byte	0x2a1
 262 01ea CE000000 		.4byte	0xce
 263 01ee 04       		.byte	0x4
 264 01ef 07       		.uleb128 0x7
 265 01f0 5F000000 		.4byte	.LASF38
 266 01f4 03       		.byte	0x3
 267 01f5 A202     		.2byte	0x2a2
 268 01f7 CE000000 		.4byte	0xce
 269 01fb 08       		.byte	0x8
 270 01fc 07       		.uleb128 0x7
 271 01fd E3040000 		.4byte	.LASF39
 272 0201 03       		.byte	0x3
 273 0202 A302     		.2byte	0x2a3
 274 0204 DA000000 		.4byte	0xda
 275 0208 0C       		.byte	0xc
 276 0209 00       		.byte	0
 277 020a 05       		.uleb128 0x5
 278 020b 7E010000 		.4byte	.LASF40
 279 020f 03       		.byte	0x3
 280 0210 A402     		.2byte	0x2a4
 281 0212 CC010000 		.4byte	0x1cc
 282 0216 0B       		.uleb128 0xb
 283 0217 2D020000 		.4byte	0x22d
 284 021b 26020000 		.4byte	0x226
 285 021f 0C       		.uleb128 0xc
ARM GAS  C:\Users\robom\AppData\Local\Temp\ccEL54lh.s 			page 6


 286 0220 26020000 		.4byte	0x226
 287 0224 03       		.byte	0x3
 288 0225 00       		.byte	0
 289 0226 02       		.uleb128 0x2
 290 0227 04       		.byte	0x4
 291 0228 07       		.byte	0x7
 292 0229 56000000 		.4byte	.LASF41
 293 022d 0D       		.uleb128 0xd
 294 022e 96000000 		.4byte	0x96
 295 0232 0E       		.uleb128 0xe
 296 0233 95000000 		.4byte	.LASF42
 297 0237 03       		.byte	0x3
 298 0238 B2       		.byte	0xb2
 299 0239 3D020000 		.4byte	0x23d
 300 023d 0D       		.uleb128 0xd
 301 023e 16020000 		.4byte	0x216
 302 0242 0E       		.uleb128 0xe
 303 0243 15040000 		.4byte	.LASF43
 304 0247 03       		.byte	0x3
 305 0248 B3       		.byte	0xb3
 306 0249 4D020000 		.4byte	0x24d
 307 024d 0D       		.uleb128 0xd
 308 024e 16020000 		.4byte	0x216
 309 0252 0B       		.uleb128 0xb
 310 0253 96000000 		.4byte	0x96
 311 0257 62020000 		.4byte	0x262
 312 025b 0C       		.uleb128 0xc
 313 025c 26020000 		.4byte	0x226
 314 0260 03       		.byte	0x3
 315 0261 00       		.byte	0
 316 0262 0E       		.uleb128 0xe
 317 0263 08040000 		.4byte	.LASF44
 318 0267 03       		.byte	0x3
 319 0268 CA       		.byte	0xca
 320 0269 52020000 		.4byte	0x252
 321 026d 0B       		.uleb128 0xb
 322 026e B7000000 		.4byte	0xb7
 323 0272 7D020000 		.4byte	0x27d
 324 0276 0C       		.uleb128 0xc
 325 0277 26020000 		.4byte	0x226
 326 027b 03       		.byte	0x3
 327 027c 00       		.byte	0
 328 027d 0E       		.uleb128 0xe
 329 027e 29040000 		.4byte	.LASF45
 330 0282 03       		.byte	0x3
 331 0283 D2       		.byte	0xd2
 332 0284 6D020000 		.4byte	0x26d
 333 0288 0E       		.uleb128 0xe
 334 0289 97020000 		.4byte	.LASF46
 335 028d 03       		.byte	0x3
 336 028e DA       		.byte	0xda
 337 028f 52020000 		.4byte	0x252
 338 0293 0E       		.uleb128 0xe
 339 0294 E2030000 		.4byte	.LASF47
 340 0298 03       		.byte	0x3
 341 0299 E2       		.byte	0xe2
 342 029a B7000000 		.4byte	0xb7
ARM GAS  C:\Users\robom\AppData\Local\Temp\ccEL54lh.s 			page 7


 343 029e 0E       		.uleb128 0xe
 344 029f BC010000 		.4byte	.LASF48
 345 02a3 03       		.byte	0x3
 346 02a4 F7       		.byte	0xf7
 347 02a5 96000000 		.4byte	0x96
 348 02a9 0F       		.uleb128 0xf
 349 02aa 05000000 		.4byte	.LASF49
 350 02ae 03       		.byte	0x3
 351 02af 3F01     		.2byte	0x13f
 352 02b1 C2000000 		.4byte	0xc2
 353 02b5 0F       		.uleb128 0xf
 354 02b6 28000000 		.4byte	.LASF50
 355 02ba 03       		.byte	0x3
 356 02bb 5C01     		.2byte	0x15c
 357 02bd 52020000 		.4byte	0x252
 358 02c1 0B       		.uleb128 0xb
 359 02c2 AC000000 		.4byte	0xac
 360 02c6 D1020000 		.4byte	0x2d1
 361 02ca 0C       		.uleb128 0xc
 362 02cb 26020000 		.4byte	0x226
 363 02cf 03       		.byte	0x3
 364 02d0 00       		.byte	0
 365 02d1 0F       		.uleb128 0xf
 366 02d2 3B000000 		.4byte	.LASF51
 367 02d6 03       		.byte	0x3
 368 02d7 6701     		.2byte	0x167
 369 02d9 C1020000 		.4byte	0x2c1
 370 02dd 0B       		.uleb128 0xb
 371 02de ED020000 		.4byte	0x2ed
 372 02e2 ED020000 		.4byte	0x2ed
 373 02e6 0C       		.uleb128 0xc
 374 02e7 26020000 		.4byte	0x226
 375 02eb 00       		.byte	0
 376 02ec 00       		.byte	0
 377 02ed 0D       		.uleb128 0xd
 378 02ee 23010000 		.4byte	0x123
 379 02f2 0F       		.uleb128 0xf
 380 02f3 1A020000 		.4byte	.LASF52
 381 02f7 03       		.byte	0x3
 382 02f8 CA02     		.2byte	0x2ca
 383 02fa FE020000 		.4byte	0x2fe
 384 02fe 0D       		.uleb128 0xd
 385 02ff DD020000 		.4byte	0x2dd
 386 0303 0B       		.uleb128 0xb
 387 0304 13030000 		.4byte	0x313
 388 0308 13030000 		.4byte	0x313
 389 030c 0C       		.uleb128 0xc
 390 030d 26020000 		.4byte	0x226
 391 0311 00       		.byte	0
 392 0312 00       		.byte	0
 393 0313 0D       		.uleb128 0xd
 394 0314 C0010000 		.4byte	0x1c0
 395 0318 0F       		.uleb128 0xf
 396 0319 BC000000 		.4byte	.LASF53
 397 031d 03       		.byte	0x3
 398 031e DD02     		.2byte	0x2dd
 399 0320 24030000 		.4byte	0x324
ARM GAS  C:\Users\robom\AppData\Local\Temp\ccEL54lh.s 			page 8


 400 0324 0D       		.uleb128 0xd
 401 0325 03030000 		.4byte	0x303
 402 0329 0B       		.uleb128 0xb
 403 032a 53010000 		.4byte	0x153
 404 032e 39030000 		.4byte	0x339
 405 0332 0C       		.uleb128 0xc
 406 0333 26020000 		.4byte	0x226
 407 0337 00       		.byte	0
 408 0338 00       		.byte	0
 409 0339 0F       		.uleb128 0xf
 410 033a 00030000 		.4byte	.LASF54
 411 033e 03       		.byte	0x3
 412 033f FB02     		.2byte	0x2fb
 413 0341 29030000 		.4byte	0x329
 414 0345 0B       		.uleb128 0xb
 415 0346 0A020000 		.4byte	0x20a
 416 034a 55030000 		.4byte	0x355
 417 034e 0C       		.uleb128 0xc
 418 034f 26020000 		.4byte	0x226
 419 0353 00       		.byte	0
 420 0354 00       		.byte	0
 421 0355 0F       		.uleb128 0xf
 422 0356 37020000 		.4byte	.LASF55
 423 035a 03       		.byte	0x3
 424 035b 0403     		.2byte	0x304
 425 035d 45030000 		.4byte	0x345
 426 0361 0E       		.uleb128 0xe
 427 0362 CB040000 		.4byte	.LASF56
 428 0366 04       		.byte	0x4
 429 0367 40       		.byte	0x40
 430 0368 96000000 		.4byte	0x96
 431 036c 0E       		.uleb128 0xe
 432 036d 2B010000 		.4byte	.LASF57
 433 0371 04       		.byte	0x4
 434 0372 47       		.byte	0x47
 435 0373 A1000000 		.4byte	0xa1
 436 0377 0E       		.uleb128 0xe
 437 0378 0F030000 		.4byte	.LASF58
 438 037c 04       		.byte	0x4
 439 037d 4A       		.byte	0x4a
 440 037e 96000000 		.4byte	0x96
 441 0382 0E       		.uleb128 0xe
 442 0383 A3020000 		.4byte	.LASF59
 443 0387 05       		.byte	0x5
 444 0388 48       		.byte	0x48
 445 0389 B7000000 		.4byte	0xb7
 446 038d 0E       		.uleb128 0xe
 447 038e F4000000 		.4byte	.LASF60
 448 0392 06       		.byte	0x6
 449 0393 44       		.byte	0x44
 450 0394 96000000 		.4byte	0x96
 451 0398 0B       		.uleb128 0xb
 452 0399 A8030000 		.4byte	0x3a8
 453 039d A8030000 		.4byte	0x3a8
 454 03a1 0C       		.uleb128 0xc
 455 03a2 26020000 		.4byte	0x226
 456 03a6 FF       		.byte	0xff
ARM GAS  C:\Users\robom\AppData\Local\Temp\ccEL54lh.s 			page 9


 457 03a7 00       		.byte	0
 458 03a8 0D       		.uleb128 0xd
 459 03a9 6A000000 		.4byte	0x6a
 460 03ad 0F       		.uleb128 0xf
 461 03ae E8040000 		.4byte	.LASF61
 462 03b2 07       		.byte	0x7
 463 03b3 AB01     		.2byte	0x1ab
 464 03b5 B9030000 		.4byte	0x3b9
 465 03b9 0D       		.uleb128 0xd
 466 03ba 98030000 		.4byte	0x398
 467 03be 00       		.byte	0
 468              		.section	.debug_abbrev,"",%progbits
 469              	.Ldebug_abbrev0:
 470 0000 01       		.uleb128 0x1
 471 0001 11       		.uleb128 0x11
 472 0002 01       		.byte	0x1
 473 0003 25       		.uleb128 0x25
 474 0004 0E       		.uleb128 0xe
 475 0005 13       		.uleb128 0x13
 476 0006 0B       		.uleb128 0xb
 477 0007 03       		.uleb128 0x3
 478 0008 0E       		.uleb128 0xe
 479 0009 1B       		.uleb128 0x1b
 480 000a 0E       		.uleb128 0xe
 481 000b 10       		.uleb128 0x10
 482 000c 17       		.uleb128 0x17
 483 000d 00       		.byte	0
 484 000e 00       		.byte	0
 485 000f 02       		.uleb128 0x2
 486 0010 24       		.uleb128 0x24
 487 0011 00       		.byte	0
 488 0012 0B       		.uleb128 0xb
 489 0013 0B       		.uleb128 0xb
 490 0014 3E       		.uleb128 0x3e
 491 0015 0B       		.uleb128 0xb
 492 0016 03       		.uleb128 0x3
 493 0017 0E       		.uleb128 0xe
 494 0018 00       		.byte	0
 495 0019 00       		.byte	0
 496 001a 03       		.uleb128 0x3
 497 001b 24       		.uleb128 0x24
 498 001c 00       		.byte	0
 499 001d 0B       		.uleb128 0xb
 500 001e 0B       		.uleb128 0xb
 501 001f 3E       		.uleb128 0x3e
 502 0020 0B       		.uleb128 0xb
 503 0021 03       		.uleb128 0x3
 504 0022 08       		.uleb128 0x8
 505 0023 00       		.byte	0
 506 0024 00       		.byte	0
 507 0025 04       		.uleb128 0x4
 508 0026 16       		.uleb128 0x16
 509 0027 00       		.byte	0
 510 0028 03       		.uleb128 0x3
 511 0029 0E       		.uleb128 0xe
 512 002a 3A       		.uleb128 0x3a
 513 002b 0B       		.uleb128 0xb
ARM GAS  C:\Users\robom\AppData\Local\Temp\ccEL54lh.s 			page 10


 514 002c 3B       		.uleb128 0x3b
 515 002d 0B       		.uleb128 0xb
 516 002e 49       		.uleb128 0x49
 517 002f 13       		.uleb128 0x13
 518 0030 00       		.byte	0
 519 0031 00       		.byte	0
 520 0032 05       		.uleb128 0x5
 521 0033 16       		.uleb128 0x16
 522 0034 00       		.byte	0
 523 0035 03       		.uleb128 0x3
 524 0036 0E       		.uleb128 0xe
 525 0037 3A       		.uleb128 0x3a
 526 0038 0B       		.uleb128 0xb
 527 0039 3B       		.uleb128 0x3b
 528 003a 05       		.uleb128 0x5
 529 003b 49       		.uleb128 0x49
 530 003c 13       		.uleb128 0x13
 531 003d 00       		.byte	0
 532 003e 00       		.byte	0
 533 003f 06       		.uleb128 0x6
 534 0040 13       		.uleb128 0x13
 535 0041 01       		.byte	0x1
 536 0042 0B       		.uleb128 0xb
 537 0043 0B       		.uleb128 0xb
 538 0044 3A       		.uleb128 0x3a
 539 0045 0B       		.uleb128 0xb
 540 0046 3B       		.uleb128 0x3b
 541 0047 05       		.uleb128 0x5
 542 0048 01       		.uleb128 0x1
 543 0049 13       		.uleb128 0x13
 544 004a 00       		.byte	0
 545 004b 00       		.byte	0
 546 004c 07       		.uleb128 0x7
 547 004d 0D       		.uleb128 0xd
 548 004e 00       		.byte	0
 549 004f 03       		.uleb128 0x3
 550 0050 0E       		.uleb128 0xe
 551 0051 3A       		.uleb128 0x3a
 552 0052 0B       		.uleb128 0xb
 553 0053 3B       		.uleb128 0x3b
 554 0054 05       		.uleb128 0x5
 555 0055 49       		.uleb128 0x49
 556 0056 13       		.uleb128 0x13
 557 0057 38       		.uleb128 0x38
 558 0058 0B       		.uleb128 0xb
 559 0059 00       		.byte	0
 560 005a 00       		.byte	0
 561 005b 08       		.uleb128 0x8
 562 005c 04       		.uleb128 0x4
 563 005d 01       		.byte	0x1
 564 005e 0B       		.uleb128 0xb
 565 005f 0B       		.uleb128 0xb
 566 0060 49       		.uleb128 0x49
 567 0061 13       		.uleb128 0x13
 568 0062 3A       		.uleb128 0x3a
 569 0063 0B       		.uleb128 0xb
 570 0064 3B       		.uleb128 0x3b
ARM GAS  C:\Users\robom\AppData\Local\Temp\ccEL54lh.s 			page 11


 571 0065 05       		.uleb128 0x5
 572 0066 01       		.uleb128 0x1
 573 0067 13       		.uleb128 0x13
 574 0068 00       		.byte	0
 575 0069 00       		.byte	0
 576 006a 09       		.uleb128 0x9
 577 006b 28       		.uleb128 0x28
 578 006c 00       		.byte	0
 579 006d 03       		.uleb128 0x3
 580 006e 0E       		.uleb128 0xe
 581 006f 1C       		.uleb128 0x1c
 582 0070 0B       		.uleb128 0xb
 583 0071 00       		.byte	0
 584 0072 00       		.byte	0
 585 0073 0A       		.uleb128 0xa
 586 0074 0D       		.uleb128 0xd
 587 0075 00       		.byte	0
 588 0076 03       		.uleb128 0x3
 589 0077 08       		.uleb128 0x8
 590 0078 3A       		.uleb128 0x3a
 591 0079 0B       		.uleb128 0xb
 592 007a 3B       		.uleb128 0x3b
 593 007b 05       		.uleb128 0x5
 594 007c 49       		.uleb128 0x49
 595 007d 13       		.uleb128 0x13
 596 007e 38       		.uleb128 0x38
 597 007f 0B       		.uleb128 0xb
 598 0080 00       		.byte	0
 599 0081 00       		.byte	0
 600 0082 0B       		.uleb128 0xb
 601 0083 01       		.uleb128 0x1
 602 0084 01       		.byte	0x1
 603 0085 49       		.uleb128 0x49
 604 0086 13       		.uleb128 0x13
 605 0087 01       		.uleb128 0x1
 606 0088 13       		.uleb128 0x13
 607 0089 00       		.byte	0
 608 008a 00       		.byte	0
 609 008b 0C       		.uleb128 0xc
 610 008c 21       		.uleb128 0x21
 611 008d 00       		.byte	0
 612 008e 49       		.uleb128 0x49
 613 008f 13       		.uleb128 0x13
 614 0090 2F       		.uleb128 0x2f
 615 0091 0B       		.uleb128 0xb
 616 0092 00       		.byte	0
 617 0093 00       		.byte	0
 618 0094 0D       		.uleb128 0xd
 619 0095 26       		.uleb128 0x26
 620 0096 00       		.byte	0
 621 0097 49       		.uleb128 0x49
 622 0098 13       		.uleb128 0x13
 623 0099 00       		.byte	0
 624 009a 00       		.byte	0
 625 009b 0E       		.uleb128 0xe
 626 009c 34       		.uleb128 0x34
 627 009d 00       		.byte	0
ARM GAS  C:\Users\robom\AppData\Local\Temp\ccEL54lh.s 			page 12


 628 009e 03       		.uleb128 0x3
 629 009f 0E       		.uleb128 0xe
 630 00a0 3A       		.uleb128 0x3a
 631 00a1 0B       		.uleb128 0xb
 632 00a2 3B       		.uleb128 0x3b
 633 00a3 0B       		.uleb128 0xb
 634 00a4 49       		.uleb128 0x49
 635 00a5 13       		.uleb128 0x13
 636 00a6 3F       		.uleb128 0x3f
 637 00a7 19       		.uleb128 0x19
 638 00a8 3C       		.uleb128 0x3c
 639 00a9 19       		.uleb128 0x19
 640 00aa 00       		.byte	0
 641 00ab 00       		.byte	0
 642 00ac 0F       		.uleb128 0xf
 643 00ad 34       		.uleb128 0x34
 644 00ae 00       		.byte	0
 645 00af 03       		.uleb128 0x3
 646 00b0 0E       		.uleb128 0xe
 647 00b1 3A       		.uleb128 0x3a
 648 00b2 0B       		.uleb128 0xb
 649 00b3 3B       		.uleb128 0x3b
 650 00b4 05       		.uleb128 0x5
 651 00b5 49       		.uleb128 0x49
 652 00b6 13       		.uleb128 0x13
 653 00b7 3F       		.uleb128 0x3f
 654 00b8 19       		.uleb128 0x19
 655 00b9 3C       		.uleb128 0x3c
 656 00ba 19       		.uleb128 0x19
 657 00bb 00       		.byte	0
 658 00bc 00       		.byte	0
 659 00bd 00       		.byte	0
 660              		.section	.debug_aranges,"",%progbits
 661 0000 14000000 		.4byte	0x14
 662 0004 0200     		.2byte	0x2
 663 0006 00000000 		.4byte	.Ldebug_info0
 664 000a 04       		.byte	0x4
 665 000b 00       		.byte	0
 666 000c 0000     		.2byte	0
 667 000e 0000     		.2byte	0
 668 0010 00000000 		.4byte	0
 669 0014 00000000 		.4byte	0
 670              		.section	.debug_line,"",%progbits
 671              	.Ldebug_line0:
 672 0000 1C010000 		.section	.debug_str,"MS",%progbits,1
 672      02001601 
 672      00000201 
 672      FB0E0D00 
 672      01010101 
 673              	.LASF34:
 674 0000 6B696E64 		.ascii	"kind\000"
 674      00
 675              	.LASF49:
 676 0005 45455F72 		.ascii	"EE_rq_bitmask\000"
 676      715F6269 
 676      746D6173 
 676      6B00
ARM GAS  C:\Users\robom\AppData\Local\Temp\ccEL54lh.s 			page 13


 677              	.LASF14:
 678 0013 45455F55 		.ascii	"EE_UREG\000"
 678      52454700 
 679              	.LASF23:
 680 001b 7469636B 		.ascii	"ticksperbase\000"
 680      73706572 
 680      62617365 
 680      00
 681              	.LASF50:
 682 0028 45455F74 		.ascii	"EE_th_event_active\000"
 682      685F6576 
 682      656E745F 
 682      61637469 
 682      766500
 683              	.LASF51:
 684 003b 45455F74 		.ascii	"EE_th_waswaiting\000"
 684      685F7761 
 684      73776169 
 684      74696E67 
 684      00
 685              	.LASF2:
 686 004c 73686F72 		.ascii	"short int\000"
 686      7420696E 
 686      7400
 687              	.LASF41:
 688 0056 73697A65 		.ascii	"sizetype\000"
 688      74797065 
 688      00
 689              	.LASF38:
 690 005f 64656C74 		.ascii	"delta\000"
 690      6100
 691              	.LASF33:
 692 0065 73706563 		.ascii	"spec_id\000"
 692      5F696400 
 693              	.LASF15:
 694 006d 45455F46 		.ascii	"EE_FREG\000"
 694      52454700 
 695              	.LASF32:
 696 0075 436F756E 		.ascii	"CounterObjectKindType\000"
 696      7465724F 
 696      626A6563 
 696      744B696E 
 696      64547970 
 697              	.LASF13:
 698 008b 45455F55 		.ascii	"EE_UINT32\000"
 698      494E5433 
 698      3200
 699              	.LASF42:
 700 0095 45455F74 		.ascii	"EE_th_ready_prio\000"
 700      685F7265 
 700      6164795F 
 700      7072696F 
 700      00
 701              	.LASF17:
 702 00a6 45455F54 		.ascii	"EE_TID\000"
 702      494400
 703              	.LASF24:
ARM GAS  C:\Users\robom\AppData\Local\Temp\ccEL54lh.s 			page 14


 704 00ad 6D696E63 		.ascii	"mincycle\000"
 704      79636C65 
 704      00
 705              	.LASF26:
 706 00b6 76616C75 		.ascii	"value\000"
 706      6500
 707              	.LASF53:
 708 00bc 45455F6F 		.ascii	"EE_oo_counter_object_ROM\000"
 708      6F5F636F 
 708      756E7465 
 708      725F6F62 
 708      6A656374 
 709              	.LASF31:
 710 00d5 45455F6F 		.ascii	"EE_oo_counter_object_kind_type\000"
 710      6F5F636F 
 710      756E7465 
 710      725F6F62 
 710      6A656374 
 711              	.LASF60:
 712 00f4 45455F49 		.ascii	"EE_IRQ_nesting_level\000"
 712      52515F6E 
 712      65737469 
 712      6E675F6C 
 712      6576656C 
 713              	.LASF9:
 714 0109 6C6F6E67 		.ascii	"long double\000"
 714      20646F75 
 714      626C6500 
 715              	.LASF6:
 716 0115 6C6F6E67 		.ascii	"long long int\000"
 716      206C6F6E 
 716      6720696E 
 716      7400
 717              	.LASF10:
 718 0123 45455F49 		.ascii	"EE_INT8\000"
 718      4E543800 
 719              	.LASF57:
 720 012b 45455F6F 		.ascii	"EE_oo_IRQ_suspend_status\000"
 720      6F5F4952 
 720      515F7375 
 720      7370656E 
 720      645F7374 
 721              	.LASF18:
 722 0144 45455F54 		.ascii	"EE_TYPE_RQ_MASK\000"
 722      5950455F 
 722      52515F4D 
 722      41534B00 
 723              	.LASF30:
 724 0154 45455F53 		.ascii	"EE_SCHEDULETABLE\000"
 724      43484544 
 724      554C4554 
 724      41424C45 
 724      00
 725              	.LASF4:
 726 0165 6C6F6E67 		.ascii	"long int\000"
 726      20696E74 
 726      00
ARM GAS  C:\Users\robom\AppData\Local\Temp\ccEL54lh.s 			page 15


 727              	.LASF22:
 728 016e 6D617861 		.ascii	"maxallowedvalue\000"
 728      6C6C6F77 
 728      65647661 
 728      6C756500 
 729              	.LASF40:
 730 017e 45455F6F 		.ascii	"EE_oo_counter_object_RAM_type\000"
 730      6F5F636F 
 730      756E7465 
 730      725F6F62 
 730      6A656374 
 731              	.LASF25:
 732 019c 45455F6F 		.ascii	"EE_oo_counter_ROM_type\000"
 732      6F5F636F 
 732      756E7465 
 732      725F524F 
 732      4D5F7479 
 733              	.LASF19:
 734 01b3 5469636B 		.ascii	"TickType\000"
 734      54797065 
 734      00
 735              	.LASF48:
 736 01bc 45455F73 		.ascii	"EE_sys_ceiling\000"
 736      79735F63 
 736      65696C69 
 736      6E6700
 737              	.LASF20:
 738 01cb 436F756E 		.ascii	"CounterObjectType\000"
 738      7465724F 
 738      626A6563 
 738      74547970 
 738      6500
 739              	.LASF63:
 740 01dd 47656E65 		.ascii	"Generated_Source\\PSoC5\\ErikaOS_1_cortex_mx_ee_sys"
 740      72617465 
 740      645F536F 
 740      75726365 
 740      5C50536F 
 741 020e 74656D5F 		.ascii	"tem_timer.c\000"
 741      74696D65 
 741      722E6300 
 742              	.LASF52:
 743 021a 45455F63 		.ascii	"EE_counter_ROM\000"
 743      6F756E74 
 743      65725F52 
 743      4F4D00
 744              	.LASF1:
 745 0229 756E7369 		.ascii	"unsigned char\000"
 745      676E6564 
 745      20636861 
 745      7200
 746              	.LASF55:
 747 0237 45455F6F 		.ascii	"EE_oo_counter_object_RAM\000"
 747      6F5F636F 
 747      756E7465 
 747      725F6F62 
 747      6A656374 
ARM GAS  C:\Users\robom\AppData\Local\Temp\ccEL54lh.s 			page 16


 748              	.LASF0:
 749 0250 7369676E 		.ascii	"signed char\000"
 749      65642063 
 749      68617200 
 750              	.LASF7:
 751 025c 6C6F6E67 		.ascii	"long long unsigned int\000"
 751      206C6F6E 
 751      6720756E 
 751      7369676E 
 751      65642069 
 752              	.LASF28:
 753 0273 45455F6F 		.ascii	"EE_oo_counter_RAM_type\000"
 753      6F5F636F 
 753      756E7465 
 753      725F5241 
 753      4D5F7479 
 754              	.LASF8:
 755 028a 756E7369 		.ascii	"unsigned int\000"
 755      676E6564 
 755      20696E74 
 755      00
 756              	.LASF46:
 757 0297 45455F74 		.ascii	"EE_th_rnact\000"
 757      685F726E 
 757      61637400 
 758              	.LASF59:
 759 02a3 45455F73 		.ascii	"EE_std_endcycle_next_tid\000"
 759      74645F65 
 759      6E646379 
 759      636C655F 
 759      6E657874 
 760              	.LASF12:
 761 02bc 45455F49 		.ascii	"EE_INT32\000"
 761      4E543332 
 761      00
 762              	.LASF3:
 763 02c5 73686F72 		.ascii	"short unsigned int\000"
 763      7420756E 
 763      7369676E 
 763      65642069 
 763      6E7400
 764              	.LASF35:
 765 02d8 45455F6F 		.ascii	"EE_oo_counter_object_ROM_type\000"
 765      6F5F636F 
 765      756E7465 
 765      725F6F62 
 765      6A656374 
 766              	.LASF11:
 767 02f6 45455F55 		.ascii	"EE_UINT16\000"
 767      494E5431 
 767      3600
 768              	.LASF54:
 769 0300 45455F63 		.ascii	"EE_counter_RAM\000"
 769      6F756E74 
 769      65725F52 
 769      414D00
 770              	.LASF58:
ARM GAS  C:\Users\robom\AppData\Local\Temp\ccEL54lh.s 			page 17


 771 030f 45455F41 		.ascii	"EE_ApplicationMode\000"
 771      70706C69 
 771      63617469 
 771      6F6E4D6F 
 771      646500
 772              	.LASF5:
 773 0322 6C6F6E67 		.ascii	"long unsigned int\000"
 773      20756E73 
 773      69676E65 
 773      6420696E 
 773      7400
 774              	.LASF16:
 775 0334 45455F54 		.ascii	"EE_TYPEBOOL\000"
 775      59504542 
 775      4F4F4C00 
 776              	.LASF64:
 777 0340 433A5C55 		.ascii	"C:\\Users\\robom\\OneDrive\\University\\Darmstadt\\"
 777      73657273 
 777      5C726F62 
 777      6F6D5C4F 
 777      6E654472 
 778 036d 41647661 		.ascii	"Advanced Microcontroller Systems and Embedded Opera"
 778      6E636564 
 778      204D6963 
 778      726F636F 
 778      6E74726F 
 779 03a0 74696E67 		.ascii	"ting systems\\Embedded Operating Systems\\Workbook\\"
 779      20737973 
 779      74656D73 
 779      5C456D62 
 779      65646465 
 780 03d1 4A534F4E 		.ascii	"JSONParser.cydsn\000"
 780      50617273 
 780      65722E63 
 780      7964736E 
 780      00
 781              	.LASF47:
 782 03e2 45455F73 		.ascii	"EE_stkfirst\000"
 782      746B6669 
 782      72737400 
 783              	.LASF29:
 784 03ee 45455F41 		.ascii	"EE_ALARM\000"
 784      4C41524D 
 784      00
 785              	.LASF36:
 786 03f7 75736564 		.ascii	"used\000"
 786      00
 787              	.LASF21:
 788 03fc 436F756E 		.ascii	"CounterType\000"
 788      74657254 
 788      79706500 
 789              	.LASF44:
 790 0408 45455F74 		.ascii	"EE_th_status\000"
 790      685F7374 
 790      61747573 
 790      00
 791              	.LASF43:
ARM GAS  C:\Users\robom\AppData\Local\Temp\ccEL54lh.s 			page 18


 792 0415 45455F74 		.ascii	"EE_th_dispatch_prio\000"
 792      685F6469 
 792      73706174 
 792      63685F70 
 792      72696F00 
 793              	.LASF45:
 794 0429 45455F74 		.ascii	"EE_th_next\000"
 794      685F6E65 
 794      787400
 795              	.LASF62:
 796 0434 474E5520 		.ascii	"GNU C11 5.4.1 20160609 (release) [ARM/embedded-5-br"
 796      43313120 
 796      352E342E 
 796      31203230 
 796      31363036 
 797 0467 616E6368 		.ascii	"anch revision 237715] -mcpu=cortex-m3 -mthumb -g -O"
 797      20726576 
 797      6973696F 
 797      6E203233 
 797      37373135 
 798 049a 67202D66 		.ascii	"g -ffunction-sections -ffat-lto-objects\000"
 798      66756E63 
 798      74696F6E 
 798      2D736563 
 798      74696F6E 
 799              	.LASF37:
 800 04c2 636E7463 		.ascii	"cntcycle\000"
 800      79636C65 
 800      00
 801              	.LASF56:
 802 04cb 45455F6F 		.ascii	"EE_oo_IRQ_disable_count\000"
 802      6F5F4952 
 802      515F6469 
 802      7361626C 
 802      655F636F 
 803              	.LASF39:
 804 04e3 6E657874 		.ascii	"next\000"
 804      00
 805              	.LASF61:
 806 04e8 45455F72 		.ascii	"EE_rq_lookup\000"
 806      715F6C6F 
 806      6F6B7570 
 806      00
 807              	.LASF27:
 808 04f5 66697273 		.ascii	"first\000"
 808      7400
 809              		.ident	"GCC: (GNU Tools for ARM Embedded Processors) 5.4.1 20160609 (release) [ARM/embedded-5-bran
