ARM GAS  C:\Users\MATEOC~1.QUE\AppData\Local\Temp\ccixYGS0.s 			page 1


   1              		.syntax unified
   2              		.cpu cortex-m3
   3              		.fpu softvfp
   4              		.eabi_attribute 20, 1
   5              		.eabi_attribute 21, 1
   6              		.eabi_attribute 23, 3
   7              		.eabi_attribute 24, 1
   8              		.eabi_attribute 25, 1
   9              		.eabi_attribute 26, 1
  10              		.eabi_attribute 30, 1
  11              		.eabi_attribute 34, 1
  12              		.eabi_attribute 18, 4
  13              		.thumb
  14              		.syntax unified
  15              		.file	"ErikaOS_1_eecfg.c"
  16              		.text
  17              	.Ltext0:
  18              		.cfi_sections	.debug_frame
  19              		.global	EE_oo_autostart_task_data
  20              		.comm	EE_ApplicationMode,4,4
  21              		.global	EE_oo_action_ROM
  22              		.comm	EE_oo_counter_object_RAM,16,4
  23              		.global	EE_oo_counter_object_ROM
  24              		.global	EE_ALARM_ID
  25              		.global	EE_ALARM_NAME
  26              		.global	EE_alarm_ROM
  27              		.global	EE_counter_RAM
  28              		.global	EE_counter_ROM
  29              		.global	EE_th_is_extended
  30              		.global	EE_th_waswaiting
  31              		.global	EE_th_event_waitmask
  32              		.global	EE_th_event_active
  33              		.global	EE_th_terminate_nextask
  34              		.global	EE_rq_free
  35              		.comm	EE_rq_pairs_tid,16,4
  36              		.global	EE_rq_pairs_next
  37              		.global	EE_rq_link
  38              		.global	EE_th_rnact_max
  39              		.global	EE_th_rnact
  40              		.global	EE_rq_bitmask
  41              		.global	EE_rq_queues_tail
  42              		.global	EE_rq_queues_head
  43              		.global	EE_sys_ceiling
  44              		.global	EE_stkfirst
  45              		.global	EE_th_next
  46              		.global	EE_th_status
  47              		.global	EE_th_dispatch_prio
  48              		.global	EE_EVENT_ID
  49              		.global	EE_EVENT_NAME
  50              		.global	EE_TASK_NAME
  51              		.global	EE_th_ready_prio
  52              		.global	EE_terminate_real_th_body
  53              		.comm	EE_terminate_data,16,4
  54              		.global	EE_hal_thread_body
  55              		.global	EE_cortex_mx_IRQ_tos
  56              		.global	EE_cortex_mx_active_tos
  57              		.global	EE_cortex_mx_system_tos
ARM GAS  C:\Users\MATEOC~1.QUE\AppData\Local\Temp\ccixYGS0.s 			page 2


  58              		.global	EE_std_thread_tos
  59              		.comm	EE_cortex_mx_stack_9,512,4
  60              		.comm	EE_cortex_mx_stack_3,500,4
  61              		.section	.rodata
  62              		.align	2
  63              		.type	EE_oo_autostart_task_data, %object
  64              		.size	EE_oo_autostart_task_data, 8
  65              	EE_oo_autostart_task_data:
  66 0000 01000000 		.word	1
  67 0004 08000000 		.word	EE_oo_autostart_task_mode_OSDEFAULTAPPMODE
  68              		.type	EE_oo_autostart_task_mode_OSDEFAULTAPPMODE, %object
  69              		.size	EE_oo_autostart_task_mode_OSDEFAULTAPPMODE, 4
  70              	EE_oo_autostart_task_mode_OSDEFAULTAPPMODE:
  71 0008 00000000 		.space	4
  72              		.type	EE_oo_action_ROM, %object
  73              		.size	EE_oo_action_ROM, 20
  74              	EE_oo_action_ROM:
  75 000c 00       		.byte	0
  76 000d 000000   		.space	3
  77 0010 03000000 		.word	3
  78 0014 00000000 		.word	0
  79 0018 00000000 		.word	0
  80 001c FFFFFFFF 		.word	-1
  81              		.type	EE_oo_counter_object_ROM, %object
  82              		.size	EE_oo_counter_object_ROM, 12
  83              	EE_oo_counter_object_ROM:
  84 0020 00000000 		.space	12
  84      00000000 
  84      00000000 
  85              		.type	EE_ALARM_ID, %object
  86              		.size	EE_ALARM_ID, 4
  87              	EE_ALARM_ID:
  88 002c 00000000 		.space	4
  89              		.type	EE_alarm_ROM, %object
  90              		.size	EE_alarm_ROM, 4
  91              	EE_alarm_ROM:
  92 0030 00000000 		.space	4
  93              		.type	EE_counter_ROM, %object
  94              		.size	EE_counter_ROM, 12
  95              	EE_counter_ROM:
  96 0034 10270000 		.word	10000
  97 0038 01000000 		.word	1
  98 003c 01000000 		.word	1
  99              		.type	EE_th_is_extended, %object
 100              		.size	EE_th_is_extended, 16
 101              	EE_th_is_extended:
 102 0040 00000000 		.word	0
 103 0044 00000000 		.word	0
 104 0048 01000000 		.word	1
 105 004c 00000000 		.word	0
 106              		.type	EE_th_rnact_max, %object
 107              		.size	EE_th_rnact_max, 16
 108              	EE_th_rnact_max:
 109 0050 01000000 		.word	1
 110 0054 01000000 		.word	1
 111 0058 01000000 		.word	1
 112 005c 01000000 		.word	1
ARM GAS  C:\Users\MATEOC~1.QUE\AppData\Local\Temp\ccixYGS0.s 			page 3


 113              		.type	EE_th_dispatch_prio, %object
 114              		.size	EE_th_dispatch_prio, 16
 115              	EE_th_dispatch_prio:
 116 0060 80000000 		.word	128
 117 0064 01000000 		.word	1
 118 0068 10000000 		.word	16
 119 006c 80000000 		.word	128
 120              		.type	EE_EVENT_ID, %object
 121              		.size	EE_EVENT_ID, 4
 122              	EE_EVENT_ID:
 123 0070 01000000 		.word	1
 124              		.type	EE_th_ready_prio, %object
 125              		.size	EE_th_ready_prio, 16
 126              	EE_th_ready_prio:
 127 0074 01000000 		.word	1
 128 0078 01000000 		.word	1
 129 007c 10000000 		.word	16
 130 0080 40000000 		.word	64
 131              		.type	EE_terminate_real_th_body, %object
 132              		.size	EE_terminate_real_th_body, 16
 133              	EE_terminate_real_th_body:
 134 0084 00000000 		.word	Functsk_init
 135 0088 00000000 		.word	Functsk_background
 136 008c 00000000 		.word	Functsk_json
 137 0090 00000000 		.word	Functsk_sampleTask
 138              		.type	EE_hal_thread_body, %object
 139              		.size	EE_hal_thread_body, 16
 140              	EE_hal_thread_body:
 141 0094 00000000 		.word	EE_oo_thread_stub
 142 0098 00000000 		.word	EE_oo_thread_stub
 143 009c 00000000 		.word	EE_oo_thread_stub
 144 00a0 00000000 		.word	EE_oo_thread_stub
 145              		.type	EE_std_thread_tos, %object
 146              		.size	EE_std_thread_tos, 20
 147              	EE_std_thread_tos:
 148 00a4 00000000 		.word	0
 149 00a8 00000000 		.word	0
 150 00ac 00000000 		.word	0
 151 00b0 01000000 		.word	1
 152 00b4 00000000 		.word	0
 153              		.data
 154              		.align	2
 155              		.type	EE_ALARM_NAME, %object
 156              		.size	EE_ALARM_NAME, 4
 157              	EE_ALARM_NAME:
 158 0000 00000000 		.word	.LC0
 159              		.type	EE_counter_RAM, %object
 160              		.size	EE_counter_RAM, 8
 161              	EE_counter_RAM:
 162 0004 00000000 		.word	0
 163 0008 FFFFFFFF 		.word	-1
 164              		.type	EE_th_terminate_nextask, %object
 165              		.size	EE_th_terminate_nextask, 16
 166              	EE_th_terminate_nextask:
 167 000c FFFFFFFF 		.word	-1
 168 0010 FFFFFFFF 		.word	-1
 169 0014 FFFFFFFF 		.word	-1
ARM GAS  C:\Users\MATEOC~1.QUE\AppData\Local\Temp\ccixYGS0.s 			page 4


 170 0018 FFFFFFFF 		.word	-1
 171              		.type	EE_rq_pairs_next, %object
 172              		.size	EE_rq_pairs_next, 16
 173              	EE_rq_pairs_next:
 174 001c 01000000 		.word	1
 175 0020 02000000 		.word	2
 176 0024 03000000 		.word	3
 177 0028 FFFFFFFF 		.word	-1
 178              		.type	EE_rq_link, %object
 179              		.size	EE_rq_link, 16
 180              	EE_rq_link:
 181 002c 00000000 		.word	0
 182 0030 00000000 		.word	0
 183 0034 04000000 		.word	4
 184 0038 06000000 		.word	6
 185              		.type	EE_th_rnact, %object
 186              		.size	EE_th_rnact, 16
 187              	EE_th_rnact:
 188 003c 01000000 		.word	1
 189 0040 01000000 		.word	1
 190 0044 01000000 		.word	1
 191 0048 01000000 		.word	1
 192              		.type	EE_rq_queues_tail, %object
 193              		.size	EE_rq_queues_tail, 64
 194              	EE_rq_queues_tail:
 195 004c FFFFFFFF 		.word	-1
 196 0050 FFFFFFFF 		.word	-1
 197 0054 FFFFFFFF 		.word	-1
 198 0058 FFFFFFFF 		.word	-1
 199 005c FFFFFFFF 		.word	-1
 200 0060 FFFFFFFF 		.word	-1
 201 0064 FFFFFFFF 		.word	-1
 202 0068 FFFFFFFF 		.word	-1
 203 006c FFFFFFFF 		.word	-1
 204 0070 FFFFFFFF 		.word	-1
 205 0074 FFFFFFFF 		.word	-1
 206 0078 FFFFFFFF 		.word	-1
 207 007c FFFFFFFF 		.word	-1
 208 0080 FFFFFFFF 		.word	-1
 209 0084 FFFFFFFF 		.word	-1
 210 0088 FFFFFFFF 		.word	-1
 211              		.type	EE_rq_queues_head, %object
 212              		.size	EE_rq_queues_head, 64
 213              	EE_rq_queues_head:
 214 008c FFFFFFFF 		.word	-1
 215 0090 FFFFFFFF 		.word	-1
 216 0094 FFFFFFFF 		.word	-1
 217 0098 FFFFFFFF 		.word	-1
 218 009c FFFFFFFF 		.word	-1
 219 00a0 FFFFFFFF 		.word	-1
 220 00a4 FFFFFFFF 		.word	-1
 221 00a8 FFFFFFFF 		.word	-1
 222 00ac FFFFFFFF 		.word	-1
 223 00b0 FFFFFFFF 		.word	-1
 224 00b4 FFFFFFFF 		.word	-1
 225 00b8 FFFFFFFF 		.word	-1
 226 00bc FFFFFFFF 		.word	-1
ARM GAS  C:\Users\MATEOC~1.QUE\AppData\Local\Temp\ccixYGS0.s 			page 5


 227 00c0 FFFFFFFF 		.word	-1
 228 00c4 FFFFFFFF 		.word	-1
 229 00c8 FFFFFFFF 		.word	-1
 230              		.type	EE_stkfirst, %object
 231              		.size	EE_stkfirst, 4
 232              	EE_stkfirst:
 233 00cc FFFFFFFF 		.word	-1
 234              		.type	EE_th_next, %object
 235              		.size	EE_th_next, 16
 236              	EE_th_next:
 237 00d0 FFFFFFFF 		.word	-1
 238 00d4 FFFFFFFF 		.word	-1
 239 00d8 FFFFFFFF 		.word	-1
 240 00dc FFFFFFFF 		.word	-1
 241              		.type	EE_th_status, %object
 242              		.size	EE_th_status, 16
 243              	EE_th_status:
 244 00e0 03000000 		.word	3
 245 00e4 03000000 		.word	3
 246 00e8 03000000 		.word	3
 247 00ec 03000000 		.word	3
 248              		.type	EE_EVENT_NAME, %object
 249              		.size	EE_EVENT_NAME, 4
 250              	EE_EVENT_NAME:
 251 00f0 14000000 		.word	.LC1
 252              		.type	EE_TASK_NAME, %object
 253              		.size	EE_TASK_NAME, 16
 254              	EE_TASK_NAME:
 255 00f4 24000000 		.word	.LC2
 256 00f8 30000000 		.word	.LC3
 257 00fc 40000000 		.word	.LC4
 258 0100 4C000000 		.word	.LC5
 259              		.type	EE_cortex_mx_IRQ_tos, %object
 260              		.size	EE_cortex_mx_IRQ_tos, 4
 261              	EE_cortex_mx_IRQ_tos:
 262 0104 00020000 		.word	EE_cortex_mx_stack_9+512
 263              		.type	EE_cortex_mx_system_tos, %object
 264              		.size	EE_cortex_mx_system_tos, 8
 265              	EE_cortex_mx_system_tos:
 266 0108 00000000 		.word	0
 267 010c CC010000 		.word	EE_cortex_mx_stack_3+460
 268              		.section	.rodata.str1.4,"aMS",%progbits,1
 269              		.align	2
 270              	.LC0:
 271 0000 616C726D 		.ascii	"alrm_SampleAlarm\000"
 271      5F53616D 
 271      706C6541 
 271      6C61726D 
 271      00
 272 0011 000000   		.space	3
 273              	.LC1:
 274 0014 65765F65 		.ascii	"ev_endOfString\000"
 274      6E644F66 
 274      53747269 
 274      6E6700
 275 0023 00       		.space	1
 276              	.LC2:
ARM GAS  C:\Users\MATEOC~1.QUE\AppData\Local\Temp\ccixYGS0.s 			page 6


 277 0024 74736B5F 		.ascii	"tsk_init\000"
 277      696E6974 
 277      00
 278 002d 000000   		.space	3
 279              	.LC3:
 280 0030 74736B5F 		.ascii	"tsk_background\000"
 280      6261636B 
 280      67726F75 
 280      6E6400
 281 003f 00       		.space	1
 282              	.LC4:
 283 0040 74736B5F 		.ascii	"tsk_json\000"
 283      6A736F6E 
 283      00
 284 0049 000000   		.space	3
 285              	.LC5:
 286 004c 74736B5F 		.ascii	"tsk_sampleTask\000"
 286      73616D70 
 286      6C655461 
 286      736B00
 287              		.bss
 288              		.align	2
 289              		.type	EE_th_waswaiting, %object
 290              		.size	EE_th_waswaiting, 16
 291              	EE_th_waswaiting:
 292 0000 00000000 		.space	16
 292      00000000 
 292      00000000 
 292      00000000 
 293              		.type	EE_th_event_waitmask, %object
 294              		.size	EE_th_event_waitmask, 16
 295              	EE_th_event_waitmask:
 296 0010 00000000 		.space	16
 296      00000000 
 296      00000000 
 296      00000000 
 297              		.type	EE_th_event_active, %object
 298              		.size	EE_th_event_active, 16
 299              	EE_th_event_active:
 300 0020 00000000 		.space	16
 300      00000000 
 300      00000000 
 300      00000000 
 301              		.type	EE_rq_free, %object
 302              		.size	EE_rq_free, 4
 303              	EE_rq_free:
 304 0030 00000000 		.space	4
 305              		.type	EE_rq_bitmask, %object
 306              		.size	EE_rq_bitmask, 2
 307              	EE_rq_bitmask:
 308 0034 0000     		.space	2
 309 0036 0000     		.space	2
 310              		.type	EE_sys_ceiling, %object
 311              		.size	EE_sys_ceiling, 4
 312              	EE_sys_ceiling:
 313 0038 00000000 		.space	4
 314              		.type	EE_cortex_mx_active_tos, %object
ARM GAS  C:\Users\MATEOC~1.QUE\AppData\Local\Temp\ccixYGS0.s 			page 7


 315              		.size	EE_cortex_mx_active_tos, 4
 316              	EE_cortex_mx_active_tos:
 317 003c 00000000 		.space	4
 318              		.text
 319              	.Letext0:
 320              		.file 1 "Generated_Source\\PSoC5\\ErikaOS_1_common_ee_types.inc"
 321              		.file 2 "Generated_Source\\PSoC5\\ErikaOS_1_cortex_mx_ee_cpu.inc"
 322              		.file 3 "Generated_Source\\PSoC5\\ErikaOS_1_ee_oo_common.inc"
 323              		.file 4 "Generated_Source\\PSoC5\\ErikaOS_1_common_ee_hal_structs.inc"
 324              		.file 5 "Generated_Source\\PSoC5\\ErikaOS_1_eecfg.c"
 325              		.file 6 "Generated_Source\\PSoC5\\ErikaOS_1_ee_oo_intfunc.inc"
 326              		.file 7 "Generated_Source\\PSoC5\\ErikaOS_1_cortex_mx_ee_context.inc"
 327              		.file 8 "Generated_Source\\PSoC5\\ErikaOS_1_common_ee_primitives.inc"
 328              		.section	.debug_info,"",%progbits
 329              	.Ldebug_info0:
 330 0000 92080000 		.4byte	0x892
 331 0004 0400     		.2byte	0x4
 332 0006 00000000 		.4byte	.Ldebug_abbrev0
 333 000a 04       		.byte	0x4
 334 000b 01       		.uleb128 0x1
 335 000c D5040000 		.4byte	.LASF112
 336 0010 0C       		.byte	0xc
 337 0011 A5070000 		.4byte	.LASF113
 338 0015 C2050000 		.4byte	.LASF114
 339 0019 00000000 		.4byte	.Ldebug_line0
 340 001d 02       		.uleb128 0x2
 341 001e 01       		.byte	0x1
 342 001f 06       		.byte	0x6
 343 0020 0F010000 		.4byte	.LASF0
 344 0024 02       		.uleb128 0x2
 345 0025 01       		.byte	0x1
 346 0026 08       		.byte	0x8
 347 0027 38040000 		.4byte	.LASF1
 348 002b 02       		.uleb128 0x2
 349 002c 02       		.byte	0x2
 350 002d 05       		.byte	0x5
 351 002e 7D040000 		.4byte	.LASF2
 352 0032 02       		.uleb128 0x2
 353 0033 02       		.byte	0x2
 354 0034 07       		.byte	0x7
 355 0035 73020000 		.4byte	.LASF3
 356 0039 02       		.uleb128 0x2
 357 003a 04       		.byte	0x4
 358 003b 05       		.byte	0x5
 359 003c 96010000 		.4byte	.LASF4
 360 0040 02       		.uleb128 0x2
 361 0041 04       		.byte	0x4
 362 0042 07       		.byte	0x7
 363 0043 31020000 		.4byte	.LASF5
 364 0047 02       		.uleb128 0x2
 365 0048 08       		.byte	0x8
 366 0049 05       		.byte	0x5
 367 004a 01010000 		.4byte	.LASF6
 368 004e 02       		.uleb128 0x2
 369 004f 08       		.byte	0x8
 370 0050 07       		.byte	0x7
 371 0051 5E000000 		.4byte	.LASF7
ARM GAS  C:\Users\MATEOC~1.QUE\AppData\Local\Temp\ccixYGS0.s 			page 8


 372 0055 03       		.uleb128 0x3
 373 0056 04       		.byte	0x4
 374 0057 05       		.byte	0x5
 375 0058 696E7400 		.ascii	"int\000"
 376 005c 02       		.uleb128 0x2
 377 005d 04       		.byte	0x4
 378 005e 07       		.byte	0x7
 379 005f F9010000 		.4byte	.LASF8
 380 0063 02       		.uleb128 0x2
 381 0064 08       		.byte	0x8
 382 0065 04       		.byte	0x4
 383 0066 86030000 		.4byte	.LASF9
 384 006a 04       		.uleb128 0x4
 385 006b 05040000 		.4byte	.LASF10
 386 006f 01       		.byte	0x1
 387 0070 52       		.byte	0x52
 388 0071 32000000 		.4byte	0x32
 389 0075 04       		.uleb128 0x4
 390 0076 8A070000 		.4byte	.LASF11
 391 007a 01       		.byte	0x1
 392 007b 53       		.byte	0x53
 393 007c 55000000 		.4byte	0x55
 394 0080 04       		.uleb128 0x4
 395 0081 80070000 		.4byte	.LASF12
 396 0085 01       		.byte	0x1
 397 0086 54       		.byte	0x54
 398 0087 5C000000 		.4byte	0x5c
 399 008b 04       		.uleb128 0x4
 400 008c FE070000 		.4byte	.LASF13
 401 0090 01       		.byte	0x1
 402 0091 64       		.byte	0x64
 403 0092 96000000 		.4byte	0x96
 404 0096 05       		.uleb128 0x5
 405 0097 04       		.byte	0x4
 406 0098 06       		.uleb128 0x6
 407 0099 04       		.byte	0x4
 408 009a 9E000000 		.4byte	0x9e
 409 009e 07       		.uleb128 0x7
 410 009f 04       		.uleb128 0x4
 411 00a0 09030000 		.4byte	.LASF14
 412 00a4 01       		.byte	0x1
 413 00a5 70       		.byte	0x70
 414 00a6 98000000 		.4byte	0x98
 415 00aa 04       		.uleb128 0x4
 416 00ab 6F050000 		.4byte	.LASF15
 417 00af 01       		.byte	0x1
 418 00b0 73       		.byte	0x73
 419 00b1 98000000 		.4byte	0x98
 420 00b5 04       		.uleb128 0x4
 421 00b6 06020000 		.4byte	.LASF16
 422 00ba 02       		.byte	0x2
 423 00bb 4D       		.byte	0x4d
 424 00bc 80000000 		.4byte	0x80
 425 00c0 04       		.uleb128 0x4
 426 00c1 A8030000 		.4byte	.LASF17
 427 00c5 02       		.byte	0x2
 428 00c6 4E       		.byte	0x4e
ARM GAS  C:\Users\MATEOC~1.QUE\AppData\Local\Temp\ccixYGS0.s 			page 9


 429 00c7 75000000 		.4byte	0x75
 430 00cb 04       		.uleb128 0x4
 431 00cc 18080000 		.4byte	.LASF18
 432 00d0 02       		.byte	0x2
 433 00d1 4F       		.byte	0x4f
 434 00d2 80000000 		.4byte	0x80
 435 00d6 04       		.uleb128 0x4
 436 00d7 3D000000 		.4byte	.LASF19
 437 00db 02       		.byte	0x2
 438 00dc 54       		.byte	0x54
 439 00dd B5000000 		.4byte	0xb5
 440 00e1 04       		.uleb128 0x4
 441 00e2 EC010000 		.4byte	.LASF20
 442 00e6 02       		.byte	0x2
 443 00e7 78       		.byte	0x78
 444 00e8 75000000 		.4byte	0x75
 445 00ec 08       		.uleb128 0x8
 446 00ed B3000000 		.4byte	.LASF61
 447 00f1 04       		.byte	0x4
 448 00f2 04       		.byte	0x4
 449 00f3 4D       		.byte	0x4d
 450 00f4 05010000 		.4byte	0x105
 451 00f8 09       		.uleb128 0x9
 452 00f9 EA070000 		.4byte	.LASF28
 453 00fd 04       		.byte	0x4
 454 00fe 4E       		.byte	0x4e
 455 00ff 8B000000 		.4byte	0x8b
 456 0103 00       		.byte	0
 457 0104 00       		.byte	0
 458 0105 0A       		.uleb128 0xa
 459 0106 6D030000 		.4byte	.LASF21
 460 010a 03       		.byte	0x3
 461 010b 1101     		.2byte	0x111
 462 010d 6A000000 		.4byte	0x6a
 463 0111 0A       		.uleb128 0xa
 464 0112 AA000000 		.4byte	.LASF22
 465 0116 03       		.byte	0x3
 466 0117 F701     		.2byte	0x1f7
 467 0119 E1000000 		.4byte	0xe1
 468 011d 0A       		.uleb128 0xa
 469 011e 32010000 		.4byte	.LASF23
 470 0122 03       		.byte	0x3
 471 0123 2C02     		.2byte	0x22c
 472 0125 B5000000 		.4byte	0xb5
 473 0129 0A       		.uleb128 0xa
 474 012a 1D000000 		.4byte	.LASF24
 475 012e 03       		.byte	0x3
 476 012f 3502     		.2byte	0x235
 477 0131 B5000000 		.4byte	0xb5
 478 0135 0A       		.uleb128 0xa
 479 0136 74060000 		.4byte	.LASF25
 480 013a 03       		.byte	0x3
 481 013b 5D02     		.2byte	0x25d
 482 013d B5000000 		.4byte	0xb5
 483 0141 0A       		.uleb128 0xa
 484 0142 32000000 		.4byte	.LASF26
 485 0146 03       		.byte	0x3
ARM GAS  C:\Users\MATEOC~1.QUE\AppData\Local\Temp\ccixYGS0.s 			page 10


 486 0147 6302     		.2byte	0x263
 487 0149 B5000000 		.4byte	0xb5
 488 014d 0A       		.uleb128 0xa
 489 014e 1A030000 		.4byte	.LASF27
 490 0152 03       		.byte	0x3
 491 0153 6C02     		.2byte	0x26c
 492 0155 B5000000 		.4byte	0xb5
 493 0159 0B       		.uleb128 0xb
 494 015a 0C       		.byte	0xc
 495 015b 03       		.byte	0x3
 496 015c 7202     		.2byte	0x272
 497 015e 8A010000 		.4byte	0x18a
 498 0162 0C       		.uleb128 0xc
 499 0163 BA000000 		.4byte	.LASF29
 500 0167 03       		.byte	0x3
 501 0168 7302     		.2byte	0x273
 502 016a 29010000 		.4byte	0x129
 503 016e 00       		.byte	0
 504 016f 0C       		.uleb128 0xc
 505 0170 B0030000 		.4byte	.LASF30
 506 0174 03       		.byte	0x3
 507 0175 7402     		.2byte	0x274
 508 0177 29010000 		.4byte	0x129
 509 017b 04       		.byte	0x4
 510 017c 0C       		.uleb128 0xc
 511 017d E3010000 		.4byte	.LASF31
 512 0181 03       		.byte	0x3
 513 0182 7502     		.2byte	0x275
 514 0184 29010000 		.4byte	0x129
 515 0188 08       		.byte	0x8
 516 0189 00       		.byte	0
 517 018a 0A       		.uleb128 0xa
 518 018b BE040000 		.4byte	.LASF32
 519 018f 03       		.byte	0x3
 520 0190 7A02     		.2byte	0x27a
 521 0192 59010000 		.4byte	0x159
 522 0196 0B       		.uleb128 0xb
 523 0197 08       		.byte	0x8
 524 0198 03       		.byte	0x3
 525 0199 7D02     		.2byte	0x27d
 526 019b BA010000 		.4byte	0x1ba
 527 019f 0C       		.uleb128 0xc
 528 01a0 F3010000 		.4byte	.LASF33
 529 01a4 03       		.byte	0x3
 530 01a5 7E02     		.2byte	0x27e
 531 01a7 29010000 		.4byte	0x129
 532 01ab 00       		.byte	0
 533 01ac 0C       		.uleb128 0xc
 534 01ad 6E060000 		.4byte	.LASF34
 535 01b1 03       		.byte	0x3
 536 01b2 7F02     		.2byte	0x27f
 537 01b4 35010000 		.4byte	0x135
 538 01b8 04       		.byte	0x4
 539 01b9 00       		.byte	0
 540 01ba 0A       		.uleb128 0xa
 541 01bb 73010000 		.4byte	.LASF35
 542 01bf 03       		.byte	0x3
ARM GAS  C:\Users\MATEOC~1.QUE\AppData\Local\Temp\ccixYGS0.s 			page 11


 543 01c0 8002     		.2byte	0x280
 544 01c2 96010000 		.4byte	0x196
 545 01c6 0D       		.uleb128 0xd
 546 01c7 01       		.byte	0x1
 547 01c8 24000000 		.4byte	0x24
 548 01cc 03       		.byte	0x3
 549 01cd 8A02     		.2byte	0x28a
 550 01cf E0010000 		.4byte	0x1e0
 551 01d3 0E       		.uleb128 0xe
 552 01d4 46040000 		.4byte	.LASF36
 553 01d8 00       		.byte	0
 554 01d9 0E       		.uleb128 0xe
 555 01da 0F040000 		.4byte	.LASF37
 556 01de 01       		.byte	0x1
 557 01df 00       		.byte	0
 558 01e0 0A       		.uleb128 0xa
 559 01e1 9E020000 		.4byte	.LASF38
 560 01e5 03       		.byte	0x3
 561 01e6 8D02     		.2byte	0x28d
 562 01e8 C6010000 		.4byte	0x1c6
 563 01ec 0A       		.uleb128 0xa
 564 01ed CA020000 		.4byte	.LASF39
 565 01f1 03       		.byte	0x3
 566 01f2 9002     		.2byte	0x290
 567 01f4 E0010000 		.4byte	0x1e0
 568 01f8 0B       		.uleb128 0xb
 569 01f9 0C       		.byte	0xc
 570 01fa 03       		.byte	0x3
 571 01fb 9402     		.2byte	0x294
 572 01fd 27020000 		.4byte	0x227
 573 0201 0F       		.uleb128 0xf
 574 0202 6300     		.ascii	"c\000"
 575 0204 03       		.byte	0x3
 576 0205 9602     		.2byte	0x296
 577 0207 4D010000 		.4byte	0x14d
 578 020b 00       		.byte	0
 579 020c 0C       		.uleb128 0xc
 580 020d CB060000 		.4byte	.LASF40
 581 0211 03       		.byte	0x3
 582 0212 9802     		.2byte	0x298
 583 0214 35010000 		.4byte	0x135
 584 0218 04       		.byte	0x4
 585 0219 0C       		.uleb128 0xc
 586 021a 6E020000 		.4byte	.LASF41
 587 021e 03       		.byte	0x3
 588 021f 9A02     		.2byte	0x29a
 589 0221 EC010000 		.4byte	0x1ec
 590 0225 08       		.byte	0x8
 591 0226 00       		.byte	0
 592 0227 0A       		.uleb128 0xa
 593 0228 7B000000 		.4byte	.LASF42
 594 022c 03       		.byte	0x3
 595 022d 9B02     		.2byte	0x29b
 596 022f F8010000 		.4byte	0x1f8
 597 0233 0B       		.uleb128 0xb
 598 0234 10       		.byte	0x10
 599 0235 03       		.byte	0x3
ARM GAS  C:\Users\MATEOC~1.QUE\AppData\Local\Temp\ccixYGS0.s 			page 12


 600 0236 9F02     		.2byte	0x29f
 601 0238 71020000 		.4byte	0x271
 602 023c 0C       		.uleb128 0xc
 603 023d BD030000 		.4byte	.LASF43
 604 0241 03       		.byte	0x3
 605 0242 A002     		.2byte	0x2a0
 606 0244 D6000000 		.4byte	0xd6
 607 0248 00       		.byte	0
 608 0249 0C       		.uleb128 0xc
 609 024a E1070000 		.4byte	.LASF44
 610 024e 03       		.byte	0x3
 611 024f A102     		.2byte	0x2a1
 612 0251 29010000 		.4byte	0x129
 613 0255 04       		.byte	0x4
 614 0256 0C       		.uleb128 0xc
 615 0257 75000000 		.4byte	.LASF45
 616 025b 03       		.byte	0x3
 617 025c A202     		.2byte	0x2a2
 618 025e 29010000 		.4byte	0x129
 619 0262 08       		.byte	0x8
 620 0263 0C       		.uleb128 0xc
 621 0264 00000000 		.4byte	.LASF46
 622 0268 03       		.byte	0x3
 623 0269 A302     		.2byte	0x2a3
 624 026b 35010000 		.4byte	0x135
 625 026f 0C       		.byte	0xc
 626 0270 00       		.byte	0
 627 0271 0A       		.uleb128 0xa
 628 0272 C2030000 		.4byte	.LASF47
 629 0276 03       		.byte	0x3
 630 0277 A402     		.2byte	0x2a4
 631 0279 33020000 		.4byte	0x233
 632 027d 0D       		.uleb128 0xd
 633 027e 01       		.byte	0x1
 634 027f 24000000 		.4byte	0x24
 635 0283 03       		.byte	0x3
 636 0284 A702     		.2byte	0x2a7
 637 0286 A3020000 		.4byte	0x2a3
 638 028a 0E       		.uleb128 0xe
 639 028b 8B060000 		.4byte	.LASF48
 640 028f 00       		.byte	0
 641 0290 0E       		.uleb128 0xe
 642 0291 D3060000 		.4byte	.LASF49
 643 0295 01       		.byte	0x1
 644 0296 0E       		.uleb128 0xe
 645 0297 AA060000 		.4byte	.LASF50
 646 029b 02       		.byte	0x2
 647 029c 0E       		.uleb128 0xe
 648 029d A1050000 		.4byte	.LASF51
 649 02a1 03       		.byte	0x3
 650 02a2 00       		.byte	0
 651 02a3 0A       		.uleb128 0xa
 652 02a4 1B010000 		.4byte	.LASF52
 653 02a8 03       		.byte	0x3
 654 02a9 AC02     		.2byte	0x2ac
 655 02ab 7D020000 		.4byte	0x27d
 656 02af 0A       		.uleb128 0xa
ARM GAS  C:\Users\MATEOC~1.QUE\AppData\Local\Temp\ccixYGS0.s 			page 13


 657 02b0 2F070000 		.4byte	.LASF53
 658 02b4 03       		.byte	0x3
 659 02b5 AF02     		.2byte	0x2af
 660 02b7 A3020000 		.4byte	0x2a3
 661 02bb 0B       		.uleb128 0xb
 662 02bc 14       		.byte	0x14
 663 02bd 03       		.byte	0x3
 664 02be B202     		.2byte	0x2b2
 665 02c0 04030000 		.4byte	0x304
 666 02c4 0C       		.uleb128 0xc
 667 02c5 05070000 		.4byte	.LASF54
 668 02c9 03       		.byte	0x3
 669 02ca B302     		.2byte	0x2b3
 670 02cc AF020000 		.4byte	0x2af
 671 02d0 00       		.byte	0
 672 02d1 0C       		.uleb128 0xc
 673 02d2 F2070000 		.4byte	.LASF55
 674 02d6 03       		.byte	0x3
 675 02d7 B402     		.2byte	0x2b4
 676 02d9 11010000 		.4byte	0x111
 677 02dd 04       		.byte	0x4
 678 02de 0C       		.uleb128 0xc
 679 02df 63050000 		.4byte	.LASF56
 680 02e3 03       		.byte	0x3
 681 02e4 B602     		.2byte	0x2b6
 682 02e6 1D010000 		.4byte	0x11d
 683 02ea 08       		.byte	0x8
 684 02eb 0F       		.uleb128 0xf
 685 02ec 6600     		.ascii	"f\000"
 686 02ee 03       		.byte	0x3
 687 02ef B802     		.2byte	0x2b8
 688 02f1 9F000000 		.4byte	0x9f
 689 02f5 0C       		.byte	0xc
 690 02f6 0C       		.uleb128 0xc
 691 02f7 74040000 		.4byte	.LASF57
 692 02fb 03       		.byte	0x3
 693 02fc BA02     		.2byte	0x2ba
 694 02fe 4D010000 		.4byte	0x14d
 695 0302 10       		.byte	0x10
 696 0303 00       		.byte	0
 697 0304 0A       		.uleb128 0xa
 698 0305 EF030000 		.4byte	.LASF58
 699 0309 03       		.byte	0x3
 700 030a BB02     		.2byte	0x2bb
 701 030c BB020000 		.4byte	0x2bb
 702 0310 0B       		.uleb128 0xb
 703 0311 04       		.byte	0x4
 704 0312 03       		.byte	0x3
 705 0313 BD02     		.2byte	0x2bd
 706 0315 27030000 		.4byte	0x327
 707 0319 0C       		.uleb128 0xc
 708 031a 3F030000 		.4byte	.LASF59
 709 031e 03       		.byte	0x3
 710 031f BF02     		.2byte	0x2bf
 711 0321 41010000 		.4byte	0x141
 712 0325 00       		.byte	0
 713 0326 00       		.byte	0
ARM GAS  C:\Users\MATEOC~1.QUE\AppData\Local\Temp\ccixYGS0.s 			page 14


 714 0327 0A       		.uleb128 0xa
 715 0328 0E020000 		.4byte	.LASF60
 716 032c 03       		.byte	0x3
 717 032d C402     		.2byte	0x2c4
 718 032f 10030000 		.4byte	0x310
 719 0333 10       		.uleb128 0x10
 720 0334 54020000 		.4byte	.LASF62
 721 0338 08       		.byte	0x8
 722 0339 03       		.byte	0x3
 723 033a 0E04     		.2byte	0x40e
 724 033c 5A030000 		.4byte	0x35a
 725 0340 0F       		.uleb128 0xf
 726 0341 6E7400   		.ascii	"nt\000"
 727 0344 03       		.byte	0x3
 728 0345 0F04     		.2byte	0x40f
 729 0347 B5000000 		.4byte	0xb5
 730 034b 00       		.byte	0
 731 034c 0C       		.uleb128 0xc
 732 034d 11070000 		.4byte	.LASF63
 733 0351 03       		.byte	0x3
 734 0352 1004     		.2byte	0x410
 735 0354 6A030000 		.4byte	0x36a
 736 0358 04       		.byte	0x4
 737 0359 00       		.byte	0
 738 035a 11       		.uleb128 0x11
 739 035b 65030000 		.4byte	0x365
 740 035f 65030000 		.4byte	0x365
 741 0363 12       		.uleb128 0x12
 742 0364 00       		.byte	0
 743 0365 13       		.uleb128 0x13
 744 0366 E1000000 		.4byte	0xe1
 745 036a 06       		.uleb128 0x6
 746 036b 04       		.byte	0x4
 747 036c 5A030000 		.4byte	0x35a
 748 0370 11       		.uleb128 0x11
 749 0371 65030000 		.4byte	0x365
 750 0375 80030000 		.4byte	0x380
 751 0379 14       		.uleb128 0x14
 752 037a 80030000 		.4byte	0x380
 753 037e 00       		.byte	0
 754 037f 00       		.byte	0
 755 0380 02       		.uleb128 0x2
 756 0381 04       		.byte	0x4
 757 0382 07       		.byte	0x7
 758 0383 7D030000 		.4byte	.LASF64
 759 0387 15       		.uleb128 0x15
 760 0388 CA000000 		.4byte	.LASF115
 761 038c 05       		.byte	0x5
 762 038d 6507     		.2byte	0x765
 763 038f 99030000 		.4byte	0x399
 764 0393 05       		.uleb128 0x5
 765 0394 03       		.byte	0x3
 766 0395 08000000 		.4byte	EE_oo_autostart_task_mode_OSDEFAULTAPPMODE
 767 0399 13       		.uleb128 0x13
 768 039a 70030000 		.4byte	0x370
 769 039e 11       		.uleb128 0x11
 770 039f AE030000 		.4byte	0x3ae
ARM GAS  C:\Users\MATEOC~1.QUE\AppData\Local\Temp\ccixYGS0.s 			page 15


 771 03a3 AE030000 		.4byte	0x3ae
 772 03a7 14       		.uleb128 0x14
 773 03a8 80030000 		.4byte	0x380
 774 03ac 03       		.byte	0x3
 775 03ad 00       		.byte	0
 776 03ae 13       		.uleb128 0x13
 777 03af AA000000 		.4byte	0xaa
 778 03b3 16       		.uleb128 0x16
 779 03b4 E3060000 		.4byte	.LASF65
 780 03b8 05       		.byte	0x5
 781 03b9 D2       		.byte	0xd2
 782 03ba C4030000 		.4byte	0x3c4
 783 03be 05       		.uleb128 0x5
 784 03bf 03       		.byte	0x3
 785 03c0 00000000 		.4byte	EE_hal_thread_body
 786 03c4 13       		.uleb128 0x13
 787 03c5 9E030000 		.4byte	0x39e
 788 03c9 11       		.uleb128 0x11
 789 03ca D9030000 		.4byte	0x3d9
 790 03ce D9030000 		.4byte	0x3d9
 791 03d2 14       		.uleb128 0x14
 792 03d3 80030000 		.4byte	0x380
 793 03d7 04       		.byte	0x4
 794 03d8 00       		.byte	0
 795 03d9 13       		.uleb128 0x13
 796 03da B5000000 		.4byte	0xb5
 797 03de 16       		.uleb128 0x16
 798 03df 8F050000 		.4byte	.LASF66
 799 03e3 05       		.byte	0x5
 800 03e4 71       		.byte	0x71
 801 03e5 EF030000 		.4byte	0x3ef
 802 03e9 05       		.uleb128 0x5
 803 03ea 03       		.byte	0x3
 804 03eb 00000000 		.4byte	EE_std_thread_tos
 805 03ef 13       		.uleb128 0x13
 806 03f0 C9030000 		.4byte	0x3c9
 807 03f4 11       		.uleb128 0x11
 808 03f5 80000000 		.4byte	0x80
 809 03f9 04040000 		.4byte	0x404
 810 03fd 14       		.uleb128 0x14
 811 03fe 80030000 		.4byte	0x380
 812 0402 03       		.byte	0x3
 813 0403 00       		.byte	0
 814 0404 16       		.uleb128 0x16
 815 0405 93070000 		.4byte	.LASF67
 816 0409 05       		.byte	0x5
 817 040a ED       		.byte	0xed
 818 040b F4030000 		.4byte	0x3f4
 819 040f 05       		.uleb128 0x5
 820 0410 03       		.byte	0x3
 821 0411 00000000 		.4byte	EE_terminate_data
 822 0415 16       		.uleb128 0x16
 823 0416 5A040000 		.4byte	.LASF68
 824 041a 05       		.byte	0x5
 825 041b F0       		.byte	0xf0
 826 041c 26040000 		.4byte	0x426
 827 0420 05       		.uleb128 0x5
ARM GAS  C:\Users\MATEOC~1.QUE\AppData\Local\Temp\ccixYGS0.s 			page 16


 828 0421 03       		.byte	0x3
 829 0422 00000000 		.4byte	EE_terminate_real_th_body
 830 0426 13       		.uleb128 0x13
 831 0427 9E030000 		.4byte	0x39e
 832 042b 11       		.uleb128 0x11
 833 042c EC000000 		.4byte	0xec
 834 0430 3B040000 		.4byte	0x43b
 835 0434 14       		.uleb128 0x14
 836 0435 80030000 		.4byte	0x380
 837 0439 01       		.byte	0x1
 838 043a 00       		.byte	0
 839 043b 16       		.uleb128 0x16
 840 043c 20040000 		.4byte	.LASF69
 841 0440 05       		.byte	0x5
 842 0441 8D       		.byte	0x8d
 843 0442 2B040000 		.4byte	0x42b
 844 0446 05       		.uleb128 0x5
 845 0447 03       		.byte	0x3
 846 0448 00000000 		.4byte	EE_cortex_mx_system_tos
 847 044c 16       		.uleb128 0x16
 848 044d 5B010000 		.4byte	.LASF70
 849 0451 05       		.byte	0x5
 850 0452 A9       		.byte	0xa9
 851 0453 B5000000 		.4byte	0xb5
 852 0457 05       		.uleb128 0x5
 853 0458 03       		.byte	0x3
 854 0459 00000000 		.4byte	EE_cortex_mx_active_tos
 855 045d 11       		.uleb128 0x11
 856 045e D9030000 		.4byte	0x3d9
 857 0462 6D040000 		.4byte	0x46d
 858 0466 14       		.uleb128 0x14
 859 0467 80030000 		.4byte	0x380
 860 046b 03       		.byte	0x3
 861 046c 00       		.byte	0
 862 046d 17       		.uleb128 0x17
 863 046e 9A060000 		.4byte	.LASF71
 864 0472 05       		.byte	0x5
 865 0473 E202     		.2byte	0x2e2
 866 0475 7F040000 		.4byte	0x47f
 867 0479 05       		.uleb128 0x5
 868 047a 03       		.byte	0x3
 869 047b 00000000 		.4byte	EE_th_rnact_max
 870 047f 13       		.uleb128 0x13
 871 0480 5D040000 		.4byte	0x45d
 872 0484 17       		.uleb128 0x17
 873 0485 3E070000 		.4byte	.LASF72
 874 0489 05       		.byte	0x5
 875 048a 0C01     		.2byte	0x10c
 876 048c 96040000 		.4byte	0x496
 877 0490 05       		.uleb128 0x5
 878 0491 03       		.byte	0x3
 879 0492 00000000 		.4byte	EE_th_ready_prio
 880 0496 13       		.uleb128 0x13
 881 0497 5D040000 		.4byte	0x45d
 882 049b 17       		.uleb128 0x17
 883 049c E0020000 		.4byte	.LASF73
 884 04a0 05       		.byte	0x5
ARM GAS  C:\Users\MATEOC~1.QUE\AppData\Local\Temp\ccixYGS0.s 			page 17


 885 04a1 4502     		.2byte	0x245
 886 04a3 AD040000 		.4byte	0x4ad
 887 04a7 05       		.uleb128 0x5
 888 04a8 03       		.byte	0x3
 889 04a9 00000000 		.4byte	EE_th_dispatch_prio
 890 04ad 13       		.uleb128 0x13
 891 04ae 5D040000 		.4byte	0x45d
 892 04b2 11       		.uleb128 0x11
 893 04b3 C2040000 		.4byte	0x4c2
 894 04b7 C2040000 		.4byte	0x4c2
 895 04bb 14       		.uleb128 0x14
 896 04bc 80030000 		.4byte	0x380
 897 04c0 03       		.byte	0x3
 898 04c1 00       		.byte	0
 899 04c2 06       		.uleb128 0x6
 900 04c3 04       		.byte	0x4
 901 04c4 CF040000 		.4byte	0x4cf
 902 04c8 02       		.uleb128 0x2
 903 04c9 01       		.byte	0x1
 904 04ca 08       		.byte	0x8
 905 04cb 86060000 		.4byte	.LASF74
 906 04cf 13       		.uleb128 0x13
 907 04d0 C8040000 		.4byte	0x4c8
 908 04d4 17       		.uleb128 0x17
 909 04d5 B1040000 		.4byte	.LASF75
 910 04d9 05       		.byte	0x5
 911 04da 2801     		.2byte	0x128
 912 04dc B2040000 		.4byte	0x4b2
 913 04e0 05       		.uleb128 0x5
 914 04e1 03       		.byte	0x3
 915 04e2 00000000 		.4byte	EE_TASK_NAME
 916 04e6 11       		.uleb128 0x11
 917 04e7 C2040000 		.4byte	0x4c2
 918 04eb F6040000 		.4byte	0x4f6
 919 04ef 14       		.uleb128 0x14
 920 04f0 80030000 		.4byte	0x380
 921 04f4 00       		.byte	0
 922 04f5 00       		.byte	0
 923 04f6 17       		.uleb128 0x17
 924 04f7 40010000 		.4byte	.LASF76
 925 04fb 05       		.byte	0x5
 926 04fc 8101     		.2byte	0x181
 927 04fe E6040000 		.4byte	0x4e6
 928 0502 05       		.uleb128 0x5
 929 0503 03       		.byte	0x3
 930 0504 00000000 		.4byte	EE_EVENT_NAME
 931 0508 17       		.uleb128 0x17
 932 0509 23020000 		.4byte	.LASF77
 933 050d 05       		.byte	0x5
 934 050e 3D06     		.2byte	0x63d
 935 0510 E6040000 		.4byte	0x4e6
 936 0514 05       		.uleb128 0x5
 937 0515 03       		.byte	0x3
 938 0516 00000000 		.4byte	EE_ALARM_NAME
 939 051a 11       		.uleb128 0x11
 940 051b 2A050000 		.4byte	0x52a
 941 051f 2A050000 		.4byte	0x52a
ARM GAS  C:\Users\MATEOC~1.QUE\AppData\Local\Temp\ccixYGS0.s 			page 18


 942 0523 14       		.uleb128 0x14
 943 0524 80030000 		.4byte	0x380
 944 0528 00       		.byte	0
 945 0529 00       		.byte	0
 946 052a 13       		.uleb128 0x13
 947 052b 40000000 		.4byte	0x40
 948 052f 17       		.uleb128 0x17
 949 0530 8A010000 		.4byte	.LASF78
 950 0534 05       		.byte	0x5
 951 0535 E201     		.2byte	0x1e2
 952 0537 41050000 		.4byte	0x541
 953 053b 05       		.uleb128 0x5
 954 053c 03       		.byte	0x3
 955 053d 00000000 		.4byte	EE_EVENT_ID
 956 0541 13       		.uleb128 0x13
 957 0542 1A050000 		.4byte	0x51a
 958 0546 17       		.uleb128 0x17
 959 0547 F5000000 		.4byte	.LASF79
 960 054b 05       		.byte	0x5
 961 054c 5906     		.2byte	0x659
 962 054e 58050000 		.4byte	0x558
 963 0552 05       		.uleb128 0x5
 964 0553 03       		.byte	0x3
 965 0554 00000000 		.4byte	EE_ALARM_ID
 966 0558 13       		.uleb128 0x13
 967 0559 1A050000 		.4byte	0x51a
 968 055d 11       		.uleb128 0x11
 969 055e B5000000 		.4byte	0xb5
 970 0562 6D050000 		.4byte	0x56d
 971 0566 14       		.uleb128 0x14
 972 0567 80030000 		.4byte	0x380
 973 056b 03       		.byte	0x3
 974 056c 00       		.byte	0
 975 056d 17       		.uleb128 0x17
 976 056e BD020000 		.4byte	.LASF80
 977 0572 05       		.byte	0x5
 978 0573 8102     		.2byte	0x281
 979 0575 5D050000 		.4byte	0x55d
 980 0579 05       		.uleb128 0x5
 981 057a 03       		.byte	0x3
 982 057b 00000000 		.4byte	EE_th_status
 983 057f 11       		.uleb128 0x11
 984 0580 E1000000 		.4byte	0xe1
 985 0584 8F050000 		.4byte	0x58f
 986 0588 14       		.uleb128 0x14
 987 0589 80030000 		.4byte	0x380
 988 058d 03       		.byte	0x3
 989 058e 00       		.byte	0
 990 058f 17       		.uleb128 0x17
 991 0590 4F040000 		.4byte	.LASF81
 992 0594 05       		.byte	0x5
 993 0595 9D02     		.2byte	0x29d
 994 0597 7F050000 		.4byte	0x57f
 995 059b 05       		.uleb128 0x5
 996 059c 03       		.byte	0x3
 997 059d 00000000 		.4byte	EE_th_next
 998 05a1 17       		.uleb128 0x17
ARM GAS  C:\Users\MATEOC~1.QUE\AppData\Local\Temp\ccixYGS0.s 			page 19


 999 05a2 4F070000 		.4byte	.LASF82
 1000 05a6 05       		.byte	0x5
 1001 05a7 C702     		.2byte	0x2c7
 1002 05a9 5D050000 		.4byte	0x55d
 1003 05ad 05       		.uleb128 0x5
 1004 05ae 03       		.byte	0x3
 1005 05af 00000000 		.4byte	EE_th_rnact
 1006 05b3 17       		.uleb128 0x17
 1007 05b4 05000000 		.4byte	.LASF83
 1008 05b8 05       		.byte	0x5
 1009 05b9 7703     		.2byte	0x377
 1010 05bb 7F050000 		.4byte	0x57f
 1011 05bf 05       		.uleb128 0x5
 1012 05c0 03       		.byte	0x3
 1013 05c1 00000000 		.4byte	EE_th_terminate_nextask
 1014 05c5 17       		.uleb128 0x17
 1015 05c6 26000000 		.4byte	.LASF84
 1016 05ca 05       		.byte	0x5
 1017 05cb B902     		.2byte	0x2b9
 1018 05cd E1000000 		.4byte	0xe1
 1019 05d1 05       		.uleb128 0x5
 1020 05d2 03       		.byte	0x3
 1021 05d3 00000000 		.4byte	EE_stkfirst
 1022 05d7 17       		.uleb128 0x17
 1023 05d8 F6060000 		.4byte	.LASF85
 1024 05dc 05       		.byte	0x5
 1025 05dd BC02     		.2byte	0x2bc
 1026 05df B5000000 		.4byte	0xb5
 1027 05e3 05       		.uleb128 0x5
 1028 05e4 03       		.byte	0x3
 1029 05e5 00000000 		.4byte	EE_sys_ceiling
 1030 05e9 17       		.uleb128 0x17
 1031 05ea 9D030000 		.4byte	.LASF86
 1032 05ee 05       		.byte	0x5
 1033 05ef FD02     		.2byte	0x2fd
 1034 05f1 5D050000 		.4byte	0x55d
 1035 05f5 05       		.uleb128 0x5
 1036 05f6 03       		.byte	0x3
 1037 05f7 00000000 		.4byte	EE_rq_link
 1038 05fb 11       		.uleb128 0x11
 1039 05fc C0000000 		.4byte	0xc0
 1040 0600 0B060000 		.4byte	0x60b
 1041 0604 14       		.uleb128 0x14
 1042 0605 80030000 		.4byte	0x380
 1043 0609 0F       		.byte	0xf
 1044 060a 00       		.byte	0
 1045 060b 17       		.uleb128 0x17
 1046 060c 9F010000 		.4byte	.LASF87
 1047 0610 05       		.byte	0x5
 1048 0611 BF02     		.2byte	0x2bf
 1049 0613 FB050000 		.4byte	0x5fb
 1050 0617 05       		.uleb128 0x5
 1051 0618 03       		.byte	0x3
 1052 0619 00000000 		.4byte	EE_rq_queues_head
 1053 061d 17       		.uleb128 0x17
 1054 061e 7D050000 		.4byte	.LASF88
 1055 0622 05       		.byte	0x5
ARM GAS  C:\Users\MATEOC~1.QUE\AppData\Local\Temp\ccixYGS0.s 			page 20


 1056 0623 C102     		.2byte	0x2c1
 1057 0625 FB050000 		.4byte	0x5fb
 1058 0629 05       		.uleb128 0x5
 1059 062a 03       		.byte	0x3
 1060 062b 00000000 		.4byte	EE_rq_queues_tail
 1061 062f 11       		.uleb128 0x11
 1062 0630 C0000000 		.4byte	0xc0
 1063 0634 3F060000 		.4byte	0x63f
 1064 0638 14       		.uleb128 0x14
 1065 0639 80030000 		.4byte	0x380
 1066 063d 03       		.byte	0x3
 1067 063e 00       		.byte	0
 1068 063f 17       		.uleb128 0x17
 1069 0640 99000000 		.4byte	.LASF89
 1070 0644 05       		.byte	0x5
 1071 0645 1B03     		.2byte	0x31b
 1072 0647 2F060000 		.4byte	0x62f
 1073 064b 05       		.uleb128 0x5
 1074 064c 03       		.byte	0x3
 1075 064d 00000000 		.4byte	EE_rq_pairs_next
 1076 0651 17       		.uleb128 0x17
 1077 0652 5B070000 		.4byte	.LASF90
 1078 0656 05       		.byte	0x5
 1079 0657 7003     		.2byte	0x370
 1080 0659 7F050000 		.4byte	0x57f
 1081 065d 05       		.uleb128 0x5
 1082 065e 03       		.byte	0x3
 1083 065f 00000000 		.4byte	EE_rq_pairs_tid
 1084 0663 17       		.uleb128 0x17
 1085 0664 B4050000 		.4byte	.LASF91
 1086 0668 05       		.byte	0x5
 1087 0669 C402     		.2byte	0x2c4
 1088 066b 05010000 		.4byte	0x105
 1089 066f 05       		.uleb128 0x5
 1090 0670 03       		.byte	0x3
 1091 0671 00000000 		.4byte	EE_rq_bitmask
 1092 0675 17       		.uleb128 0x17
 1093 0676 92030000 		.4byte	.LASF92
 1094 067a 05       		.byte	0x5
 1095 067b 7303     		.2byte	0x373
 1096 067d C0000000 		.4byte	0xc0
 1097 0681 05       		.uleb128 0x5
 1098 0682 03       		.byte	0x3
 1099 0683 00000000 		.4byte	EE_rq_free
 1100 0687 17       		.uleb128 0x17
 1101 0688 CE070000 		.4byte	.LASF93
 1102 068c 05       		.byte	0x5
 1103 068d 9A03     		.2byte	0x39a
 1104 068f 5D050000 		.4byte	0x55d
 1105 0693 05       		.uleb128 0x5
 1106 0694 03       		.byte	0x3
 1107 0695 00000000 		.4byte	EE_th_event_active
 1108 0699 17       		.uleb128 0x17
 1109 069a 87040000 		.4byte	.LASF94
 1110 069e 05       		.byte	0x5
 1111 069f B603     		.2byte	0x3b6
 1112 06a1 5D050000 		.4byte	0x55d
ARM GAS  C:\Users\MATEOC~1.QUE\AppData\Local\Temp\ccixYGS0.s 			page 21


 1113 06a5 05       		.uleb128 0x5
 1114 06a6 03       		.byte	0x3
 1115 06a7 00000000 		.4byte	EE_th_event_waitmask
 1116 06ab 11       		.uleb128 0x11
 1117 06ac D6000000 		.4byte	0xd6
 1118 06b0 BB060000 		.4byte	0x6bb
 1119 06b4 14       		.uleb128 0x14
 1120 06b5 80030000 		.4byte	0x380
 1121 06b9 03       		.byte	0x3
 1122 06ba 00       		.byte	0
 1123 06bb 17       		.uleb128 0x17
 1124 06bc 43020000 		.4byte	.LASF95
 1125 06c0 05       		.byte	0x5
 1126 06c1 D203     		.2byte	0x3d2
 1127 06c3 AB060000 		.4byte	0x6ab
 1128 06c7 05       		.uleb128 0x5
 1129 06c8 03       		.byte	0x3
 1130 06c9 00000000 		.4byte	EE_th_waswaiting
 1131 06cd 17       		.uleb128 0x17
 1132 06ce 06080000 		.4byte	.LASF96
 1133 06d2 05       		.byte	0x5
 1134 06d3 EE03     		.2byte	0x3ee
 1135 06d5 DF060000 		.4byte	0x6df
 1136 06d9 05       		.uleb128 0x5
 1137 06da 03       		.byte	0x3
 1138 06db 00000000 		.4byte	EE_th_is_extended
 1139 06df 13       		.uleb128 0x13
 1140 06e0 5D040000 		.4byte	0x45d
 1141 06e4 11       		.uleb128 0x11
 1142 06e5 F4060000 		.4byte	0x6f4
 1143 06e9 F4060000 		.4byte	0x6f4
 1144 06ed 14       		.uleb128 0x14
 1145 06ee 80030000 		.4byte	0x380
 1146 06f2 00       		.byte	0
 1147 06f3 00       		.byte	0
 1148 06f4 13       		.uleb128 0x13
 1149 06f5 8A010000 		.4byte	0x18a
 1150 06f9 17       		.uleb128 0x17
 1151 06fa E0030000 		.4byte	.LASF97
 1152 06fe 05       		.byte	0x5
 1153 06ff FF05     		.2byte	0x5ff
 1154 0701 0B070000 		.4byte	0x70b
 1155 0705 05       		.uleb128 0x5
 1156 0706 03       		.byte	0x3
 1157 0707 00000000 		.4byte	EE_counter_ROM
 1158 070b 13       		.uleb128 0x13
 1159 070c E4060000 		.4byte	0x6e4
 1160 0710 11       		.uleb128 0x11
 1161 0711 20070000 		.4byte	0x720
 1162 0715 20070000 		.4byte	0x720
 1163 0719 14       		.uleb128 0x14
 1164 071a 80030000 		.4byte	0x380
 1165 071e 00       		.byte	0
 1166 071f 00       		.byte	0
 1167 0720 13       		.uleb128 0x13
 1168 0721 27020000 		.4byte	0x227
 1169 0725 17       		.uleb128 0x17
ARM GAS  C:\Users\MATEOC~1.QUE\AppData\Local\Temp\ccixYGS0.s 			page 22


 1170 0726 26030000 		.4byte	.LASF98
 1171 072a 05       		.byte	0x5
 1172 072b 9606     		.2byte	0x696
 1173 072d 37070000 		.4byte	0x737
 1174 0731 05       		.uleb128 0x5
 1175 0732 03       		.byte	0x3
 1176 0733 00000000 		.4byte	EE_oo_counter_object_ROM
 1177 0737 13       		.uleb128 0x13
 1178 0738 10070000 		.4byte	0x710
 1179 073c 11       		.uleb128 0x11
 1180 073d 4C070000 		.4byte	0x74c
 1181 0741 4C070000 		.4byte	0x74c
 1182 0745 14       		.uleb128 0x14
 1183 0746 80030000 		.4byte	0x380
 1184 074a 00       		.byte	0
 1185 074b 00       		.byte	0
 1186 074c 13       		.uleb128 0x13
 1187 074d 04030000 		.4byte	0x304
 1188 0751 17       		.uleb128 0x17
 1189 0752 5C030000 		.4byte	.LASF99
 1190 0756 05       		.byte	0x5
 1191 0757 BA06     		.2byte	0x6ba
 1192 0759 63070000 		.4byte	0x763
 1193 075d 05       		.uleb128 0x5
 1194 075e 03       		.byte	0x3
 1195 075f 00000000 		.4byte	EE_oo_action_ROM
 1196 0763 13       		.uleb128 0x13
 1197 0764 3C070000 		.4byte	0x73c
 1198 0768 11       		.uleb128 0x11
 1199 0769 78070000 		.4byte	0x778
 1200 076d 78070000 		.4byte	0x778
 1201 0771 14       		.uleb128 0x14
 1202 0772 80030000 		.4byte	0x380
 1203 0776 00       		.byte	0
 1204 0777 00       		.byte	0
 1205 0778 13       		.uleb128 0x13
 1206 0779 27030000 		.4byte	0x327
 1207 077d 17       		.uleb128 0x17
 1208 077e 4E010000 		.4byte	.LASF100
 1209 0782 05       		.byte	0x5
 1210 0783 2006     		.2byte	0x620
 1211 0785 8F070000 		.4byte	0x78f
 1212 0789 05       		.uleb128 0x5
 1213 078a 03       		.byte	0x3
 1214 078b 00000000 		.4byte	EE_alarm_ROM
 1215 078f 13       		.uleb128 0x13
 1216 0790 68070000 		.4byte	0x768
 1217 0794 11       		.uleb128 0x11
 1218 0795 BA010000 		.4byte	0x1ba
 1219 0799 A4070000 		.4byte	0x7a4
 1220 079d 14       		.uleb128 0x14
 1221 079e 80030000 		.4byte	0x380
 1222 07a2 00       		.byte	0
 1223 07a3 00       		.byte	0
 1224 07a4 17       		.uleb128 0x17
 1225 07a5 BC060000 		.4byte	.LASF101
 1226 07a9 05       		.byte	0x5
ARM GAS  C:\Users\MATEOC~1.QUE\AppData\Local\Temp\ccixYGS0.s 			page 23


 1227 07aa 0C06     		.2byte	0x60c
 1228 07ac 94070000 		.4byte	0x794
 1229 07b0 05       		.uleb128 0x5
 1230 07b1 03       		.byte	0x3
 1231 07b2 00000000 		.4byte	EE_counter_RAM
 1232 07b6 11       		.uleb128 0x11
 1233 07b7 71020000 		.4byte	0x271
 1234 07bb C6070000 		.4byte	0x7c6
 1235 07bf 14       		.uleb128 0x14
 1236 07c0 80030000 		.4byte	0x380
 1237 07c4 00       		.byte	0
 1238 07c5 00       		.byte	0
 1239 07c6 17       		.uleb128 0x17
 1240 07c7 16070000 		.4byte	.LASF102
 1241 07cb 05       		.byte	0x5
 1242 07cc B106     		.2byte	0x6b1
 1243 07ce B6070000 		.4byte	0x7b6
 1244 07d2 05       		.uleb128 0x5
 1245 07d3 03       		.byte	0x3
 1246 07d4 00000000 		.4byte	EE_oo_counter_object_RAM
 1247 07d8 11       		.uleb128 0x11
 1248 07d9 E8070000 		.4byte	0x7e8
 1249 07dd E8070000 		.4byte	0x7e8
 1250 07e1 14       		.uleb128 0x14
 1251 07e2 80030000 		.4byte	0x380
 1252 07e6 00       		.byte	0
 1253 07e7 00       		.byte	0
 1254 07e8 13       		.uleb128 0x13
 1255 07e9 33030000 		.4byte	0x333
 1256 07ed 17       		.uleb128 0x17
 1257 07ee 20080000 		.4byte	.LASF103
 1258 07f2 05       		.byte	0x5
 1259 07f3 9607     		.2byte	0x796
 1260 07f5 FF070000 		.4byte	0x7ff
 1261 07f9 05       		.uleb128 0x5
 1262 07fa 03       		.byte	0x3
 1263 07fb 00000000 		.4byte	EE_oo_autostart_task_data
 1264 07ff 13       		.uleb128 0x13
 1265 0800 D8070000 		.4byte	0x7d8
 1266 0804 18       		.uleb128 0x18
 1267 0805 86020000 		.4byte	.LASF104
 1268 0809 06       		.byte	0x6
 1269 080a 40       		.byte	0x40
 1270 080b B5000000 		.4byte	0xb5
 1271 080f 18       		.uleb128 0x18
 1272 0810 B1010000 		.4byte	.LASF105
 1273 0814 06       		.byte	0x6
 1274 0815 47       		.byte	0x47
 1275 0816 CB000000 		.4byte	0xcb
 1276 081a 17       		.uleb128 0x17
 1277 081b 49030000 		.4byte	.LASF106
 1278 081f 05       		.byte	0x5
 1279 0820 5C07     		.2byte	0x75c
 1280 0822 B5000000 		.4byte	0xb5
 1281 0826 05       		.uleb128 0x5
 1282 0827 03       		.byte	0x3
 1283 0828 00000000 		.4byte	EE_ApplicationMode
ARM GAS  C:\Users\MATEOC~1.QUE\AppData\Local\Temp\ccixYGS0.s 			page 24


 1284 082c 18       		.uleb128 0x18
 1285 082d CA010000 		.4byte	.LASF107
 1286 0831 07       		.byte	0x7
 1287 0832 48       		.byte	0x48
 1288 0833 E1000000 		.4byte	0xe1
 1289 0837 18       		.uleb128 0x18
 1290 0838 6B070000 		.4byte	.LASF108
 1291 083c 08       		.byte	0x8
 1292 083d 44       		.byte	0x44
 1293 083e B5000000 		.4byte	0xb5
 1294 0842 16       		.uleb128 0x16
 1295 0843 49000000 		.4byte	.LASF109
 1296 0847 05       		.byte	0x5
 1297 0848 AD       		.byte	0xad
 1298 0849 EC000000 		.4byte	0xec
 1299 084d 05       		.uleb128 0x5
 1300 084e 03       		.byte	0x3
 1301 084f 00000000 		.4byte	EE_cortex_mx_IRQ_tos
 1302 0853 11       		.uleb128 0x11
 1303 0854 55000000 		.4byte	0x55
 1304 0858 63080000 		.4byte	0x863
 1305 085c 14       		.uleb128 0x14
 1306 085d 80030000 		.4byte	0x380
 1307 0861 7C       		.byte	0x7c
 1308 0862 00       		.byte	0
 1309 0863 16       		.uleb128 0x16
 1310 0864 9C040000 		.4byte	.LASF110
 1311 0868 05       		.byte	0x5
 1312 0869 19       		.byte	0x19
 1313 086a 53080000 		.4byte	0x853
 1314 086e 05       		.uleb128 0x5
 1315 086f 03       		.byte	0x3
 1316 0870 00000000 		.4byte	EE_cortex_mx_stack_3
 1317 0874 11       		.uleb128 0x11
 1318 0875 55000000 		.4byte	0x55
 1319 0879 84080000 		.4byte	0x884
 1320 087d 14       		.uleb128 0x14
 1321 087e 80030000 		.4byte	0x380
 1322 0882 7F       		.byte	0x7f
 1323 0883 00       		.byte	0
 1324 0884 16       		.uleb128 0x16
 1325 0885 F4020000 		.4byte	.LASF111
 1326 0889 05       		.byte	0x5
 1327 088a 32       		.byte	0x32
 1328 088b 74080000 		.4byte	0x874
 1329 088f 05       		.uleb128 0x5
 1330 0890 03       		.byte	0x3
 1331 0891 00000000 		.4byte	EE_cortex_mx_stack_9
 1332 0895 00       		.byte	0
 1333              		.section	.debug_abbrev,"",%progbits
 1334              	.Ldebug_abbrev0:
 1335 0000 01       		.uleb128 0x1
 1336 0001 11       		.uleb128 0x11
 1337 0002 01       		.byte	0x1
 1338 0003 25       		.uleb128 0x25
 1339 0004 0E       		.uleb128 0xe
 1340 0005 13       		.uleb128 0x13
ARM GAS  C:\Users\MATEOC~1.QUE\AppData\Local\Temp\ccixYGS0.s 			page 25


 1341 0006 0B       		.uleb128 0xb
 1342 0007 03       		.uleb128 0x3
 1343 0008 0E       		.uleb128 0xe
 1344 0009 1B       		.uleb128 0x1b
 1345 000a 0E       		.uleb128 0xe
 1346 000b 10       		.uleb128 0x10
 1347 000c 17       		.uleb128 0x17
 1348 000d 00       		.byte	0
 1349 000e 00       		.byte	0
 1350 000f 02       		.uleb128 0x2
 1351 0010 24       		.uleb128 0x24
 1352 0011 00       		.byte	0
 1353 0012 0B       		.uleb128 0xb
 1354 0013 0B       		.uleb128 0xb
 1355 0014 3E       		.uleb128 0x3e
 1356 0015 0B       		.uleb128 0xb
 1357 0016 03       		.uleb128 0x3
 1358 0017 0E       		.uleb128 0xe
 1359 0018 00       		.byte	0
 1360 0019 00       		.byte	0
 1361 001a 03       		.uleb128 0x3
 1362 001b 24       		.uleb128 0x24
 1363 001c 00       		.byte	0
 1364 001d 0B       		.uleb128 0xb
 1365 001e 0B       		.uleb128 0xb
 1366 001f 3E       		.uleb128 0x3e
 1367 0020 0B       		.uleb128 0xb
 1368 0021 03       		.uleb128 0x3
 1369 0022 08       		.uleb128 0x8
 1370 0023 00       		.byte	0
 1371 0024 00       		.byte	0
 1372 0025 04       		.uleb128 0x4
 1373 0026 16       		.uleb128 0x16
 1374 0027 00       		.byte	0
 1375 0028 03       		.uleb128 0x3
 1376 0029 0E       		.uleb128 0xe
 1377 002a 3A       		.uleb128 0x3a
 1378 002b 0B       		.uleb128 0xb
 1379 002c 3B       		.uleb128 0x3b
 1380 002d 0B       		.uleb128 0xb
 1381 002e 49       		.uleb128 0x49
 1382 002f 13       		.uleb128 0x13
 1383 0030 00       		.byte	0
 1384 0031 00       		.byte	0
 1385 0032 05       		.uleb128 0x5
 1386 0033 0F       		.uleb128 0xf
 1387 0034 00       		.byte	0
 1388 0035 0B       		.uleb128 0xb
 1389 0036 0B       		.uleb128 0xb
 1390 0037 00       		.byte	0
 1391 0038 00       		.byte	0
 1392 0039 06       		.uleb128 0x6
 1393 003a 0F       		.uleb128 0xf
 1394 003b 00       		.byte	0
 1395 003c 0B       		.uleb128 0xb
 1396 003d 0B       		.uleb128 0xb
 1397 003e 49       		.uleb128 0x49
ARM GAS  C:\Users\MATEOC~1.QUE\AppData\Local\Temp\ccixYGS0.s 			page 26


 1398 003f 13       		.uleb128 0x13
 1399 0040 00       		.byte	0
 1400 0041 00       		.byte	0
 1401 0042 07       		.uleb128 0x7
 1402 0043 15       		.uleb128 0x15
 1403 0044 00       		.byte	0
 1404 0045 27       		.uleb128 0x27
 1405 0046 19       		.uleb128 0x19
 1406 0047 00       		.byte	0
 1407 0048 00       		.byte	0
 1408 0049 08       		.uleb128 0x8
 1409 004a 13       		.uleb128 0x13
 1410 004b 01       		.byte	0x1
 1411 004c 03       		.uleb128 0x3
 1412 004d 0E       		.uleb128 0xe
 1413 004e 0B       		.uleb128 0xb
 1414 004f 0B       		.uleb128 0xb
 1415 0050 3A       		.uleb128 0x3a
 1416 0051 0B       		.uleb128 0xb
 1417 0052 3B       		.uleb128 0x3b
 1418 0053 0B       		.uleb128 0xb
 1419 0054 01       		.uleb128 0x1
 1420 0055 13       		.uleb128 0x13
 1421 0056 00       		.byte	0
 1422 0057 00       		.byte	0
 1423 0058 09       		.uleb128 0x9
 1424 0059 0D       		.uleb128 0xd
 1425 005a 00       		.byte	0
 1426 005b 03       		.uleb128 0x3
 1427 005c 0E       		.uleb128 0xe
 1428 005d 3A       		.uleb128 0x3a
 1429 005e 0B       		.uleb128 0xb
 1430 005f 3B       		.uleb128 0x3b
 1431 0060 0B       		.uleb128 0xb
 1432 0061 49       		.uleb128 0x49
 1433 0062 13       		.uleb128 0x13
 1434 0063 38       		.uleb128 0x38
 1435 0064 0B       		.uleb128 0xb
 1436 0065 00       		.byte	0
 1437 0066 00       		.byte	0
 1438 0067 0A       		.uleb128 0xa
 1439 0068 16       		.uleb128 0x16
 1440 0069 00       		.byte	0
 1441 006a 03       		.uleb128 0x3
 1442 006b 0E       		.uleb128 0xe
 1443 006c 3A       		.uleb128 0x3a
 1444 006d 0B       		.uleb128 0xb
 1445 006e 3B       		.uleb128 0x3b
 1446 006f 05       		.uleb128 0x5
 1447 0070 49       		.uleb128 0x49
 1448 0071 13       		.uleb128 0x13
 1449 0072 00       		.byte	0
 1450 0073 00       		.byte	0
 1451 0074 0B       		.uleb128 0xb
 1452 0075 13       		.uleb128 0x13
 1453 0076 01       		.byte	0x1
 1454 0077 0B       		.uleb128 0xb
ARM GAS  C:\Users\MATEOC~1.QUE\AppData\Local\Temp\ccixYGS0.s 			page 27


 1455 0078 0B       		.uleb128 0xb
 1456 0079 3A       		.uleb128 0x3a
 1457 007a 0B       		.uleb128 0xb
 1458 007b 3B       		.uleb128 0x3b
 1459 007c 05       		.uleb128 0x5
 1460 007d 01       		.uleb128 0x1
 1461 007e 13       		.uleb128 0x13
 1462 007f 00       		.byte	0
 1463 0080 00       		.byte	0
 1464 0081 0C       		.uleb128 0xc
 1465 0082 0D       		.uleb128 0xd
 1466 0083 00       		.byte	0
 1467 0084 03       		.uleb128 0x3
 1468 0085 0E       		.uleb128 0xe
 1469 0086 3A       		.uleb128 0x3a
 1470 0087 0B       		.uleb128 0xb
 1471 0088 3B       		.uleb128 0x3b
 1472 0089 05       		.uleb128 0x5
 1473 008a 49       		.uleb128 0x49
 1474 008b 13       		.uleb128 0x13
 1475 008c 38       		.uleb128 0x38
 1476 008d 0B       		.uleb128 0xb
 1477 008e 00       		.byte	0
 1478 008f 00       		.byte	0
 1479 0090 0D       		.uleb128 0xd
 1480 0091 04       		.uleb128 0x4
 1481 0092 01       		.byte	0x1
 1482 0093 0B       		.uleb128 0xb
 1483 0094 0B       		.uleb128 0xb
 1484 0095 49       		.uleb128 0x49
 1485 0096 13       		.uleb128 0x13
 1486 0097 3A       		.uleb128 0x3a
 1487 0098 0B       		.uleb128 0xb
 1488 0099 3B       		.uleb128 0x3b
 1489 009a 05       		.uleb128 0x5
 1490 009b 01       		.uleb128 0x1
 1491 009c 13       		.uleb128 0x13
 1492 009d 00       		.byte	0
 1493 009e 00       		.byte	0
 1494 009f 0E       		.uleb128 0xe
 1495 00a0 28       		.uleb128 0x28
 1496 00a1 00       		.byte	0
 1497 00a2 03       		.uleb128 0x3
 1498 00a3 0E       		.uleb128 0xe
 1499 00a4 1C       		.uleb128 0x1c
 1500 00a5 0B       		.uleb128 0xb
 1501 00a6 00       		.byte	0
 1502 00a7 00       		.byte	0
 1503 00a8 0F       		.uleb128 0xf
 1504 00a9 0D       		.uleb128 0xd
 1505 00aa 00       		.byte	0
 1506 00ab 03       		.uleb128 0x3
 1507 00ac 08       		.uleb128 0x8
 1508 00ad 3A       		.uleb128 0x3a
 1509 00ae 0B       		.uleb128 0xb
 1510 00af 3B       		.uleb128 0x3b
 1511 00b0 05       		.uleb128 0x5
ARM GAS  C:\Users\MATEOC~1.QUE\AppData\Local\Temp\ccixYGS0.s 			page 28


 1512 00b1 49       		.uleb128 0x49
 1513 00b2 13       		.uleb128 0x13
 1514 00b3 38       		.uleb128 0x38
 1515 00b4 0B       		.uleb128 0xb
 1516 00b5 00       		.byte	0
 1517 00b6 00       		.byte	0
 1518 00b7 10       		.uleb128 0x10
 1519 00b8 13       		.uleb128 0x13
 1520 00b9 01       		.byte	0x1
 1521 00ba 03       		.uleb128 0x3
 1522 00bb 0E       		.uleb128 0xe
 1523 00bc 0B       		.uleb128 0xb
 1524 00bd 0B       		.uleb128 0xb
 1525 00be 3A       		.uleb128 0x3a
 1526 00bf 0B       		.uleb128 0xb
 1527 00c0 3B       		.uleb128 0x3b
 1528 00c1 05       		.uleb128 0x5
 1529 00c2 01       		.uleb128 0x1
 1530 00c3 13       		.uleb128 0x13
 1531 00c4 00       		.byte	0
 1532 00c5 00       		.byte	0
 1533 00c6 11       		.uleb128 0x11
 1534 00c7 01       		.uleb128 0x1
 1535 00c8 01       		.byte	0x1
 1536 00c9 49       		.uleb128 0x49
 1537 00ca 13       		.uleb128 0x13
 1538 00cb 01       		.uleb128 0x1
 1539 00cc 13       		.uleb128 0x13
 1540 00cd 00       		.byte	0
 1541 00ce 00       		.byte	0
 1542 00cf 12       		.uleb128 0x12
 1543 00d0 21       		.uleb128 0x21
 1544 00d1 00       		.byte	0
 1545 00d2 00       		.byte	0
 1546 00d3 00       		.byte	0
 1547 00d4 13       		.uleb128 0x13
 1548 00d5 26       		.uleb128 0x26
 1549 00d6 00       		.byte	0
 1550 00d7 49       		.uleb128 0x49
 1551 00d8 13       		.uleb128 0x13
 1552 00d9 00       		.byte	0
 1553 00da 00       		.byte	0
 1554 00db 14       		.uleb128 0x14
 1555 00dc 21       		.uleb128 0x21
 1556 00dd 00       		.byte	0
 1557 00de 49       		.uleb128 0x49
 1558 00df 13       		.uleb128 0x13
 1559 00e0 2F       		.uleb128 0x2f
 1560 00e1 0B       		.uleb128 0xb
 1561 00e2 00       		.byte	0
 1562 00e3 00       		.byte	0
 1563 00e4 15       		.uleb128 0x15
 1564 00e5 34       		.uleb128 0x34
 1565 00e6 00       		.byte	0
 1566 00e7 03       		.uleb128 0x3
 1567 00e8 0E       		.uleb128 0xe
 1568 00e9 3A       		.uleb128 0x3a
ARM GAS  C:\Users\MATEOC~1.QUE\AppData\Local\Temp\ccixYGS0.s 			page 29


 1569 00ea 0B       		.uleb128 0xb
 1570 00eb 3B       		.uleb128 0x3b
 1571 00ec 05       		.uleb128 0x5
 1572 00ed 49       		.uleb128 0x49
 1573 00ee 13       		.uleb128 0x13
 1574 00ef 02       		.uleb128 0x2
 1575 00f0 18       		.uleb128 0x18
 1576 00f1 00       		.byte	0
 1577 00f2 00       		.byte	0
 1578 00f3 16       		.uleb128 0x16
 1579 00f4 34       		.uleb128 0x34
 1580 00f5 00       		.byte	0
 1581 00f6 03       		.uleb128 0x3
 1582 00f7 0E       		.uleb128 0xe
 1583 00f8 3A       		.uleb128 0x3a
 1584 00f9 0B       		.uleb128 0xb
 1585 00fa 3B       		.uleb128 0x3b
 1586 00fb 0B       		.uleb128 0xb
 1587 00fc 49       		.uleb128 0x49
 1588 00fd 13       		.uleb128 0x13
 1589 00fe 3F       		.uleb128 0x3f
 1590 00ff 19       		.uleb128 0x19
 1591 0100 02       		.uleb128 0x2
 1592 0101 18       		.uleb128 0x18
 1593 0102 00       		.byte	0
 1594 0103 00       		.byte	0
 1595 0104 17       		.uleb128 0x17
 1596 0105 34       		.uleb128 0x34
 1597 0106 00       		.byte	0
 1598 0107 03       		.uleb128 0x3
 1599 0108 0E       		.uleb128 0xe
 1600 0109 3A       		.uleb128 0x3a
 1601 010a 0B       		.uleb128 0xb
 1602 010b 3B       		.uleb128 0x3b
 1603 010c 05       		.uleb128 0x5
 1604 010d 49       		.uleb128 0x49
 1605 010e 13       		.uleb128 0x13
 1606 010f 3F       		.uleb128 0x3f
 1607 0110 19       		.uleb128 0x19
 1608 0111 02       		.uleb128 0x2
 1609 0112 18       		.uleb128 0x18
 1610 0113 00       		.byte	0
 1611 0114 00       		.byte	0
 1612 0115 18       		.uleb128 0x18
 1613 0116 34       		.uleb128 0x34
 1614 0117 00       		.byte	0
 1615 0118 03       		.uleb128 0x3
 1616 0119 0E       		.uleb128 0xe
 1617 011a 3A       		.uleb128 0x3a
 1618 011b 0B       		.uleb128 0xb
 1619 011c 3B       		.uleb128 0x3b
 1620 011d 0B       		.uleb128 0xb
 1621 011e 49       		.uleb128 0x49
 1622 011f 13       		.uleb128 0x13
 1623 0120 3F       		.uleb128 0x3f
 1624 0121 19       		.uleb128 0x19
 1625 0122 3C       		.uleb128 0x3c
ARM GAS  C:\Users\MATEOC~1.QUE\AppData\Local\Temp\ccixYGS0.s 			page 30


 1626 0123 19       		.uleb128 0x19
 1627 0124 00       		.byte	0
 1628 0125 00       		.byte	0
 1629 0126 00       		.byte	0
 1630              		.section	.debug_aranges,"",%progbits
 1631 0000 14000000 		.4byte	0x14
 1632 0004 0200     		.2byte	0x2
 1633 0006 00000000 		.4byte	.Ldebug_info0
 1634 000a 04       		.byte	0x4
 1635 000b 00       		.byte	0
 1636 000c 0000     		.2byte	0
 1637 000e 0000     		.2byte	0
 1638 0010 00000000 		.4byte	0
 1639 0014 00000000 		.4byte	0
 1640              		.section	.debug_line,"",%progbits
 1641              	.Ldebug_line0:
 1642 0000 38010000 		.section	.debug_str,"MS",%progbits,1
 1642      02003201 
 1642      00000201 
 1642      FB0E0D00 
 1642      01010101 
 1643              	.LASF46:
 1644 0000 6E657874 		.ascii	"next\000"
 1644      00
 1645              	.LASF83:
 1646 0005 45455F74 		.ascii	"EE_th_terminate_nextask\000"
 1646      685F7465 
 1646      726D696E 
 1646      6174655F 
 1646      6E657874 
 1647              	.LASF24:
 1648 001d 5469636B 		.ascii	"TickType\000"
 1648      54797065 
 1648      00
 1649              	.LASF84:
 1650 0026 45455F73 		.ascii	"EE_stkfirst\000"
 1650      746B6669 
 1650      72737400 
 1651              	.LASF26:
 1652 0032 41637469 		.ascii	"ActionType\000"
 1652      6F6E5479 
 1652      706500
 1653              	.LASF19:
 1654 003d 45455F54 		.ascii	"EE_TYPEBOOL\000"
 1654      59504542 
 1654      4F4F4C00 
 1655              	.LASF109:
 1656 0049 45455F63 		.ascii	"EE_cortex_mx_IRQ_tos\000"
 1656      6F727465 
 1656      785F6D78 
 1656      5F495251 
 1656      5F746F73 
 1657              	.LASF7:
 1658 005e 6C6F6E67 		.ascii	"long long unsigned int\000"
 1658      206C6F6E 
 1658      6720756E 
 1658      7369676E 
ARM GAS  C:\Users\MATEOC~1.QUE\AppData\Local\Temp\ccixYGS0.s 			page 31


 1658      65642069 
 1659              	.LASF45:
 1660 0075 64656C74 		.ascii	"delta\000"
 1660      6100
 1661              	.LASF42:
 1662 007b 45455F6F 		.ascii	"EE_oo_counter_object_ROM_type\000"
 1662      6F5F636F 
 1662      756E7465 
 1662      725F6F62 
 1662      6A656374 
 1663              	.LASF89:
 1664 0099 45455F72 		.ascii	"EE_rq_pairs_next\000"
 1664      715F7061 
 1664      6972735F 
 1664      6E657874 
 1664      00
 1665              	.LASF22:
 1666 00aa 5461736B 		.ascii	"TaskType\000"
 1666      54797065 
 1666      00
 1667              	.LASF61:
 1668 00b3 45455F54 		.ascii	"EE_TOS\000"
 1668      4F5300
 1669              	.LASF29:
 1670 00ba 6D617861 		.ascii	"maxallowedvalue\000"
 1670      6C6C6F77 
 1670      65647661 
 1670      6C756500 
 1671              	.LASF115:
 1672 00ca 45455F6F 		.ascii	"EE_oo_autostart_task_mode_OSDEFAULTAPPMODE\000"
 1672      6F5F6175 
 1672      746F7374 
 1672      6172745F 
 1672      7461736B 
 1673              	.LASF79:
 1674 00f5 45455F41 		.ascii	"EE_ALARM_ID\000"
 1674      4C41524D 
 1674      5F494400 
 1675              	.LASF6:
 1676 0101 6C6F6E67 		.ascii	"long long int\000"
 1676      206C6F6E 
 1676      6720696E 
 1676      7400
 1677              	.LASF0:
 1678 010f 7369676E 		.ascii	"signed char\000"
 1678      65642063 
 1678      68617200 
 1679              	.LASF52:
 1680 011b 45455F6F 		.ascii	"EE_oo_action_kind_type\000"
 1680      6F5F6163 
 1680      74696F6E 
 1680      5F6B696E 
 1680      645F7479 
 1681              	.LASF23:
 1682 0132 4576656E 		.ascii	"EventMaskType\000"
 1682      744D6173 
 1682      6B547970 
ARM GAS  C:\Users\MATEOC~1.QUE\AppData\Local\Temp\ccixYGS0.s 			page 32


 1682      6500
 1683              	.LASF76:
 1684 0140 45455F45 		.ascii	"EE_EVENT_NAME\000"
 1684      56454E54 
 1684      5F4E414D 
 1684      4500
 1685              	.LASF100:
 1686 014e 45455F61 		.ascii	"EE_alarm_ROM\000"
 1686      6C61726D 
 1686      5F524F4D 
 1686      00
 1687              	.LASF70:
 1688 015b 45455F63 		.ascii	"EE_cortex_mx_active_tos\000"
 1688      6F727465 
 1688      785F6D78 
 1688      5F616374 
 1688      6976655F 
 1689              	.LASF35:
 1690 0173 45455F6F 		.ascii	"EE_oo_counter_RAM_type\000"
 1690      6F5F636F 
 1690      756E7465 
 1690      725F5241 
 1690      4D5F7479 
 1691              	.LASF78:
 1692 018a 45455F45 		.ascii	"EE_EVENT_ID\000"
 1692      56454E54 
 1692      5F494400 
 1693              	.LASF4:
 1694 0196 6C6F6E67 		.ascii	"long int\000"
 1694      20696E74 
 1694      00
 1695              	.LASF87:
 1696 019f 45455F72 		.ascii	"EE_rq_queues_head\000"
 1696      715F7175 
 1696      65756573 
 1696      5F686561 
 1696      6400
 1697              	.LASF105:
 1698 01b1 45455F6F 		.ascii	"EE_oo_IRQ_suspend_status\000"
 1698      6F5F4952 
 1698      515F7375 
 1698      7370656E 
 1698      645F7374 
 1699              	.LASF107:
 1700 01ca 45455F73 		.ascii	"EE_std_endcycle_next_tid\000"
 1700      74645F65 
 1700      6E646379 
 1700      636C655F 
 1700      6E657874 
 1701              	.LASF31:
 1702 01e3 6D696E63 		.ascii	"mincycle\000"
 1702      79636C65 
 1702      00
 1703              	.LASF20:
 1704 01ec 45455F54 		.ascii	"EE_TID\000"
 1704      494400
 1705              	.LASF33:
ARM GAS  C:\Users\MATEOC~1.QUE\AppData\Local\Temp\ccixYGS0.s 			page 33


 1706 01f3 76616C75 		.ascii	"value\000"
 1706      6500
 1707              	.LASF8:
 1708 01f9 756E7369 		.ascii	"unsigned int\000"
 1708      676E6564 
 1708      20696E74 
 1708      00
 1709              	.LASF16:
 1710 0206 45455F55 		.ascii	"EE_UREG\000"
 1710      52454700 
 1711              	.LASF60:
 1712 020e 45455F6F 		.ascii	"EE_oo_alarm_ROM_type\000"
 1712      6F5F616C 
 1712      61726D5F 
 1712      524F4D5F 
 1712      74797065 
 1713              	.LASF77:
 1714 0223 45455F41 		.ascii	"EE_ALARM_NAME\000"
 1714      4C41524D 
 1714      5F4E414D 
 1714      4500
 1715              	.LASF5:
 1716 0231 6C6F6E67 		.ascii	"long unsigned int\000"
 1716      20756E73 
 1716      69676E65 
 1716      6420696E 
 1716      7400
 1717              	.LASF95:
 1718 0243 45455F74 		.ascii	"EE_th_waswaiting\000"
 1718      685F7761 
 1718      73776169 
 1718      74696E67 
 1718      00
 1719              	.LASF62:
 1720 0254 45455F6F 		.ascii	"EE_oo_autostart_task_type\000"
 1720      6F5F6175 
 1720      746F7374 
 1720      6172745F 
 1720      7461736B 
 1721              	.LASF41:
 1722 026e 6B696E64 		.ascii	"kind\000"
 1722      00
 1723              	.LASF3:
 1724 0273 73686F72 		.ascii	"short unsigned int\000"
 1724      7420756E 
 1724      7369676E 
 1724      65642069 
 1724      6E7400
 1725              	.LASF104:
 1726 0286 45455F6F 		.ascii	"EE_oo_IRQ_disable_count\000"
 1726      6F5F4952 
 1726      515F6469 
 1726      7361626C 
 1726      655F636F 
 1727              	.LASF38:
 1728 029e 45455F6F 		.ascii	"EE_oo_counter_object_kind_type\000"
 1728      6F5F636F 
ARM GAS  C:\Users\MATEOC~1.QUE\AppData\Local\Temp\ccixYGS0.s 			page 34


 1728      756E7465 
 1728      725F6F62 
 1728      6A656374 
 1729              	.LASF80:
 1730 02bd 45455F74 		.ascii	"EE_th_status\000"
 1730      685F7374 
 1730      61747573 
 1730      00
 1731              	.LASF39:
 1732 02ca 436F756E 		.ascii	"CounterObjectKindType\000"
 1732      7465724F 
 1732      626A6563 
 1732      744B696E 
 1732      64547970 
 1733              	.LASF73:
 1734 02e0 45455F74 		.ascii	"EE_th_dispatch_prio\000"
 1734      685F6469 
 1734      73706174 
 1734      63685F70 
 1734      72696F00 
 1735              	.LASF111:
 1736 02f4 45455F63 		.ascii	"EE_cortex_mx_stack_9\000"
 1736      6F727465 
 1736      785F6D78 
 1736      5F737461 
 1736      636B5F39 
 1737              	.LASF14:
 1738 0309 45455F56 		.ascii	"EE_VOID_CALLBACK\000"
 1738      4F49445F 
 1738      43414C4C 
 1738      4241434B 
 1738      00
 1739              	.LASF27:
 1740 031a 436F756E 		.ascii	"CounterType\000"
 1740      74657254 
 1740      79706500 
 1741              	.LASF98:
 1742 0326 45455F6F 		.ascii	"EE_oo_counter_object_ROM\000"
 1742      6F5F636F 
 1742      756E7465 
 1742      725F6F62 
 1742      6A656374 
 1743              	.LASF59:
 1744 033f 61637469 		.ascii	"action_id\000"
 1744      6F6E5F69 
 1744      6400
 1745              	.LASF106:
 1746 0349 45455F41 		.ascii	"EE_ApplicationMode\000"
 1746      70706C69 
 1746      63617469 
 1746      6F6E4D6F 
 1746      646500
 1747              	.LASF99:
 1748 035c 45455F6F 		.ascii	"EE_oo_action_ROM\000"
 1748      6F5F6163 
 1748      74696F6E 
 1748      5F524F4D 
ARM GAS  C:\Users\MATEOC~1.QUE\AppData\Local\Temp\ccixYGS0.s 			page 35


 1748      00
 1749              	.LASF21:
 1750 036d 45455F54 		.ascii	"EE_TYPE_RQ_MASK\000"
 1750      5950455F 
 1750      52515F4D 
 1750      41534B00 
 1751              	.LASF64:
 1752 037d 73697A65 		.ascii	"sizetype\000"
 1752      74797065 
 1752      00
 1753              	.LASF9:
 1754 0386 6C6F6E67 		.ascii	"long double\000"
 1754      20646F75 
 1754      626C6500 
 1755              	.LASF92:
 1756 0392 45455F72 		.ascii	"EE_rq_free\000"
 1756      715F6672 
 1756      656500
 1757              	.LASF86:
 1758 039d 45455F72 		.ascii	"EE_rq_link\000"
 1758      715F6C69 
 1758      6E6B00
 1759              	.LASF17:
 1760 03a8 45455F53 		.ascii	"EE_SREG\000"
 1760      52454700 
 1761              	.LASF30:
 1762 03b0 7469636B 		.ascii	"ticksperbase\000"
 1762      73706572 
 1762      62617365 
 1762      00
 1763              	.LASF43:
 1764 03bd 75736564 		.ascii	"used\000"
 1764      00
 1765              	.LASF47:
 1766 03c2 45455F6F 		.ascii	"EE_oo_counter_object_RAM_type\000"
 1766      6F5F636F 
 1766      756E7465 
 1766      725F6F62 
 1766      6A656374 
 1767              	.LASF97:
 1768 03e0 45455F63 		.ascii	"EE_counter_ROM\000"
 1768      6F756E74 
 1768      65725F52 
 1768      4F4D00
 1769              	.LASF58:
 1770 03ef 45455F6F 		.ascii	"EE_oo_action_ROM_type\000"
 1770      6F5F6163 
 1770      74696F6E 
 1770      5F524F4D 
 1770      5F747970 
 1771              	.LASF10:
 1772 0405 45455F55 		.ascii	"EE_UINT16\000"
 1772      494E5431 
 1772      3600
 1773              	.LASF37:
 1774 040f 45455F53 		.ascii	"EE_SCHEDULETABLE\000"
 1774      43484544 
ARM GAS  C:\Users\MATEOC~1.QUE\AppData\Local\Temp\ccixYGS0.s 			page 36


 1774      554C4554 
 1774      41424C45 
 1774      00
 1775              	.LASF69:
 1776 0420 45455F63 		.ascii	"EE_cortex_mx_system_tos\000"
 1776      6F727465 
 1776      785F6D78 
 1776      5F737973 
 1776      74656D5F 
 1777              	.LASF1:
 1778 0438 756E7369 		.ascii	"unsigned char\000"
 1778      676E6564 
 1778      20636861 
 1778      7200
 1779              	.LASF36:
 1780 0446 45455F41 		.ascii	"EE_ALARM\000"
 1780      4C41524D 
 1780      00
 1781              	.LASF81:
 1782 044f 45455F74 		.ascii	"EE_th_next\000"
 1782      685F6E65 
 1782      787400
 1783              	.LASF68:
 1784 045a 45455F74 		.ascii	"EE_terminate_real_th_body\000"
 1784      65726D69 
 1784      6E617465 
 1784      5F726561 
 1784      6C5F7468 
 1785              	.LASF57:
 1786 0474 696E6363 		.ascii	"inccount\000"
 1786      6F756E74 
 1786      00
 1787              	.LASF2:
 1788 047d 73686F72 		.ascii	"short int\000"
 1788      7420696E 
 1788      7400
 1789              	.LASF94:
 1790 0487 45455F74 		.ascii	"EE_th_event_waitmask\000"
 1790      685F6576 
 1790      656E745F 
 1790      77616974 
 1790      6D61736B 
 1791              	.LASF110:
 1792 049c 45455F63 		.ascii	"EE_cortex_mx_stack_3\000"
 1792      6F727465 
 1792      785F6D78 
 1792      5F737461 
 1792      636B5F33 
 1793              	.LASF75:
 1794 04b1 45455F54 		.ascii	"EE_TASK_NAME\000"
 1794      41534B5F 
 1794      4E414D45 
 1794      00
 1795              	.LASF32:
 1796 04be 45455F6F 		.ascii	"EE_oo_counter_ROM_type\000"
 1796      6F5F636F 
 1796      756E7465 
ARM GAS  C:\Users\MATEOC~1.QUE\AppData\Local\Temp\ccixYGS0.s 			page 37


 1796      725F524F 
 1796      4D5F7479 
 1797              	.LASF112:
 1798 04d5 474E5520 		.ascii	"GNU C11 5.4.1 20160609 (release) [ARM/embedded-5-br"
 1798      43313120 
 1798      352E342E 
 1798      31203230 
 1798      31363036 
 1799 0508 616E6368 		.ascii	"anch revision 237715] -mcpu=cortex-m3 -mthumb -g -O"
 1799      20726576 
 1799      6973696F 
 1799      6E203233 
 1799      37373135 
 1800 053b 67202D66 		.ascii	"g -ffunction-sections -ffat-lto-objects\000"
 1800      66756E63 
 1800      74696F6E 
 1800      2D736563 
 1800      74696F6E 
 1801              	.LASF56:
 1802 0563 61637469 		.ascii	"action_mask\000"
 1802      6F6E5F6D 
 1802      61736B00 
 1803              	.LASF15:
 1804 056f 45455F54 		.ascii	"EE_THREAD_PTR\000"
 1804      48524541 
 1804      445F5054 
 1804      5200
 1805              	.LASF88:
 1806 057d 45455F72 		.ascii	"EE_rq_queues_tail\000"
 1806      715F7175 
 1806      65756573 
 1806      5F746169 
 1806      6C00
 1807              	.LASF66:
 1808 058f 45455F73 		.ascii	"EE_std_thread_tos\000"
 1808      74645F74 
 1808      68726561 
 1808      645F746F 
 1808      7300
 1809              	.LASF51:
 1810 05a1 45455F41 		.ascii	"EE_ACTION_CALLBACK\000"
 1810      4354494F 
 1810      4E5F4341 
 1810      4C4C4241 
 1810      434B00
 1811              	.LASF91:
 1812 05b4 45455F72 		.ascii	"EE_rq_bitmask\000"
 1812      715F6269 
 1812      746D6173 
 1812      6B00
 1813              	.LASF114:
 1814 05c2 433A5C55 		.ascii	"C:\\Users\\Mateo C. Querol\\OneDrive\\University\\D"
 1814      73657273 
 1814      5C4D6174 
 1814      656F2043 
 1814      2E205175 
 1815 05f0 61726D73 		.ascii	"armstadt\\Advanced Microcontroller Systems and Embe"
ARM GAS  C:\Users\MATEOC~1.QUE\AppData\Local\Temp\ccixYGS0.s 			page 38


 1815      74616474 
 1815      5C416476 
 1815      616E6365 
 1815      64204D69 
 1816 0622 64646564 		.ascii	"dded Operating systems\\Embedded Operating Systems\\"
 1816      204F7065 
 1816      72617469 
 1816      6E672073 
 1816      79737465 
 1817 0654 576F726B 		.ascii	"Workbook\\JSONParser.cydsn\000"
 1817      626F6F6B 
 1817      5C4A534F 
 1817      4E506172 
 1817      7365722E 
 1818              	.LASF34:
 1819 066e 66697273 		.ascii	"first\000"
 1819      7400
 1820              	.LASF25:
 1821 0674 436F756E 		.ascii	"CounterObjectType\000"
 1821      7465724F 
 1821      626A6563 
 1821      74547970 
 1821      6500
 1822              	.LASF74:
 1823 0686 63686172 		.ascii	"char\000"
 1823      00
 1824              	.LASF48:
 1825 068b 45455F41 		.ascii	"EE_ACTION_TASK\000"
 1825      4354494F 
 1825      4E5F5441 
 1825      534B00
 1826              	.LASF71:
 1827 069a 45455F74 		.ascii	"EE_th_rnact_max\000"
 1827      685F726E 
 1827      6163745F 
 1827      6D617800 
 1828              	.LASF50:
 1829 06aa 45455F41 		.ascii	"EE_ACTION_COUNTER\000"
 1829      4354494F 
 1829      4E5F434F 
 1829      554E5445 
 1829      5200
 1830              	.LASF101:
 1831 06bc 45455F63 		.ascii	"EE_counter_RAM\000"
 1831      6F756E74 
 1831      65725F52 
 1831      414D00
 1832              	.LASF40:
 1833 06cb 73706563 		.ascii	"spec_id\000"
 1833      5F696400 
 1834              	.LASF49:
 1835 06d3 45455F41 		.ascii	"EE_ACTION_EVENT\000"
 1835      4354494F 
 1835      4E5F4556 
 1835      454E5400 
 1836              	.LASF65:
 1837 06e3 45455F68 		.ascii	"EE_hal_thread_body\000"
ARM GAS  C:\Users\MATEOC~1.QUE\AppData\Local\Temp\ccixYGS0.s 			page 39


 1837      616C5F74 
 1837      68726561 
 1837      645F626F 
 1837      647900
 1838              	.LASF85:
 1839 06f6 45455F73 		.ascii	"EE_sys_ceiling\000"
 1839      79735F63 
 1839      65696C69 
 1839      6E6700
 1840              	.LASF54:
 1841 0705 61637469 		.ascii	"action_kind\000"
 1841      6F6E5F6B 
 1841      696E6400 
 1842              	.LASF63:
 1843 0711 7461736B 		.ascii	"task\000"
 1843      00
 1844              	.LASF102:
 1845 0716 45455F6F 		.ascii	"EE_oo_counter_object_RAM\000"
 1845      6F5F636F 
 1845      756E7465 
 1845      725F6F62 
 1845      6A656374 
 1846              	.LASF53:
 1847 072f 41637469 		.ascii	"ActionKindType\000"
 1847      6F6E4B69 
 1847      6E645479 
 1847      706500
 1848              	.LASF72:
 1849 073e 45455F74 		.ascii	"EE_th_ready_prio\000"
 1849      685F7265 
 1849      6164795F 
 1849      7072696F 
 1849      00
 1850              	.LASF82:
 1851 074f 45455F74 		.ascii	"EE_th_rnact\000"
 1851      685F726E 
 1851      61637400 
 1852              	.LASF90:
 1853 075b 45455F72 		.ascii	"EE_rq_pairs_tid\000"
 1853      715F7061 
 1853      6972735F 
 1853      74696400 
 1854              	.LASF108:
 1855 076b 45455F49 		.ascii	"EE_IRQ_nesting_level\000"
 1855      52515F6E 
 1855      65737469 
 1855      6E675F6C 
 1855      6576656C 
 1856              	.LASF12:
 1857 0780 45455F55 		.ascii	"EE_UINT32\000"
 1857      494E5433 
 1857      3200
 1858              	.LASF11:
 1859 078a 45455F49 		.ascii	"EE_INT32\000"
 1859      4E543332 
 1859      00
 1860              	.LASF67:
ARM GAS  C:\Users\MATEOC~1.QUE\AppData\Local\Temp\ccixYGS0.s 			page 40


 1861 0793 45455F74 		.ascii	"EE_terminate_data\000"
 1861      65726D69 
 1861      6E617465 
 1861      5F646174 
 1861      6100
 1862              	.LASF113:
 1863 07a5 47656E65 		.ascii	"Generated_Source\\PSoC5\\ErikaOS_1_eecfg.c\000"
 1863      72617465 
 1863      645F536F 
 1863      75726365 
 1863      5C50536F 
 1864              	.LASF93:
 1865 07ce 45455F74 		.ascii	"EE_th_event_active\000"
 1865      685F6576 
 1865      656E745F 
 1865      61637469 
 1865      766500
 1866              	.LASF44:
 1867 07e1 636E7463 		.ascii	"cntcycle\000"
 1867      79636C65 
 1867      00
 1868              	.LASF28:
 1869 07ea 5359535F 		.ascii	"SYS_tos\000"
 1869      746F7300 
 1870              	.LASF55:
 1871 07f2 61637469 		.ascii	"action_task\000"
 1871      6F6E5F74 
 1871      61736B00 
 1872              	.LASF13:
 1873 07fe 45455F41 		.ascii	"EE_ADDR\000"
 1873      44445200 
 1874              	.LASF96:
 1875 0806 45455F74 		.ascii	"EE_th_is_extended\000"
 1875      685F6973 
 1875      5F657874 
 1875      656E6465 
 1875      6400
 1876              	.LASF18:
 1877 0818 45455F46 		.ascii	"EE_FREG\000"
 1877      52454700 
 1878              	.LASF103:
 1879 0820 45455F6F 		.ascii	"EE_oo_autostart_task_data\000"
 1879      6F5F6175 
 1879      746F7374 
 1879      6172745F 
 1879      7461736B 
 1880              		.ident	"GCC: (GNU Tools for ARM Embedded Processors) 5.4.1 20160609 (release) [ARM/embedded-5-bran
