ARM GAS  C:\Users\MATEOC~1.QUE\AppData\Local\Temp\ccrRtPdg.s 			page 1


   1              		.syntax unified
   2              		.cpu cortex-m3
   3              		.fpu softvfp
   4              		.eabi_attribute 20, 1
   5              		.eabi_attribute 21, 1
   6              		.eabi_attribute 23, 3
   7              		.eabi_attribute 24, 1
   8              		.eabi_attribute 25, 1
   9              		.eabi_attribute 26, 1
  10              		.eabi_attribute 30, 1
  11              		.eabi_attribute 34, 1
  12              		.eabi_attribute 18, 4
  13              		.thumb
  14              		.syntax unified
  15              		.file	"Ringbuffer.c"
  16              		.text
  17              	.Ltext0:
  18              		.cfi_sections	.debug_frame
  19              		.section	.text.ringbuffer_deinit,"ax",%progbits
  20              		.align	2
  21              		.global	ringbuffer_deinit
  22              		.thumb
  23              		.thumb_func
  24              		.type	ringbuffer_deinit, %function
  25              	ringbuffer_deinit:
  26              	.LFB2:
  27              		.file 1 "Ringbuffer.c"
   1:Ringbuffer.c  **** /*
   2:Ringbuffer.c  ****  * ringbuffer.c
   3:Ringbuffer.c  ****  *
   4:Ringbuffer.c  ****  *  Created on: 13 Mar 2023
   5:Ringbuffer.c  ****  *      Author: Mateo Ceballos Querol
   6:Ringbuffer.c  ****  */
   7:Ringbuffer.c  **** 
   8:Ringbuffer.c  **** #include "Ringbuffer.h"
   9:Ringbuffer.c  **** #include <stdlib.h>
  10:Ringbuffer.c  **** #include <stdio.h>
  11:Ringbuffer.c  **** 
  12:Ringbuffer.c  **** RC_t ringbuffer_init(ringbuffer_t *const me, uint8_t size)
  13:Ringbuffer.c  **** {
  14:Ringbuffer.c  **** 	me->m_size = size;
  15:Ringbuffer.c  **** 	me->m_buffer = (uint8_t*)malloc(size * sizeof(uint8_t));
  16:Ringbuffer.c  **** 
  17:Ringbuffer.c  **** 	ringbuffer_clear(me);
  18:Ringbuffer.c  **** 
  19:Ringbuffer.c  **** 
  20:Ringbuffer.c  **** 	return RC_SUCCESS;
  21:Ringbuffer.c  **** }
  22:Ringbuffer.c  **** 
  23:Ringbuffer.c  **** RC_t ringbuffer_deinit(ringbuffer_t *const me)
  24:Ringbuffer.c  **** {
  28              		.loc 1 24 0
  29              		.cfi_startproc
  30              		@ args = 0, pretend = 0, frame = 0
  31              		@ frame_needed = 0, uses_anonymous_args = 0
  32              	.LVL0:
  33 0000 08B5     		push	{r3, lr}
ARM GAS  C:\Users\MATEOC~1.QUE\AppData\Local\Temp\ccrRtPdg.s 			page 2


  34              		.cfi_def_cfa_offset 8
  35              		.cfi_offset 3, -8
  36              		.cfi_offset 14, -4
  25:Ringbuffer.c  **** 	free(me->m_buffer);
  37              		.loc 1 25 0
  38 0002 0068     		ldr	r0, [r0]
  39              	.LVL1:
  40 0004 FFF7FEFF 		bl	free
  41              	.LVL2:
  26:Ringbuffer.c  **** 
  27:Ringbuffer.c  **** 	return RC_SUCCESS;
  28:Ringbuffer.c  **** }
  42              		.loc 1 28 0
  43 0008 0020     		movs	r0, #0
  44 000a 08BD     		pop	{r3, pc}
  45              		.cfi_endproc
  46              	.LFE2:
  47              		.size	ringbuffer_deinit, .-ringbuffer_deinit
  48              		.section	.text.ringbuffer_write,"ax",%progbits
  49              		.align	2
  50              		.global	ringbuffer_write
  51              		.thumb
  52              		.thumb_func
  53              		.type	ringbuffer_write, %function
  54              	ringbuffer_write:
  55              	.LFB3:
  29:Ringbuffer.c  **** 
  30:Ringbuffer.c  **** RC_t ringbuffer_write(ringbuffer_t *const me, uint8_t data)
  31:Ringbuffer.c  **** {
  56              		.loc 1 31 0
  57              		.cfi_startproc
  58              		@ args = 0, pretend = 0, frame = 0
  59              		@ frame_needed = 0, uses_anonymous_args = 0
  60              		@ link register save eliminated.
  61              	.LVL3:
  32:Ringbuffer.c  **** 	if (me->m_fillLevel < me->m_size)
  62              		.loc 1 32 0
  63 0000 C279     		ldrb	r2, [r0, #7]	@ zero_extendqisi2
  64 0002 0379     		ldrb	r3, [r0, #4]	@ zero_extendqisi2
  65 0004 9A42     		cmp	r2, r3
  66 0006 10D2     		bcs	.L5
  33:Ringbuffer.c  **** 	{
  34:Ringbuffer.c  **** 		me->m_buffer[me->m_writeIndex] = data;
  67              		.loc 1 34 0
  68 0008 0268     		ldr	r2, [r0]
  69 000a 8379     		ldrb	r3, [r0, #6]	@ zero_extendqisi2
  70 000c D154     		strb	r1, [r2, r3]
  35:Ringbuffer.c  **** 		me->m_writeIndex %= me->m_size;
  71              		.loc 1 35 0
  72 000e 0379     		ldrb	r3, [r0, #4]	@ zero_extendqisi2
  73 0010 8179     		ldrb	r1, [r0, #6]	@ zero_extendqisi2
  74              	.LVL4:
  75 0012 B1FBF3F2 		udiv	r2, r1, r3
  76 0016 03FB1213 		mls	r3, r3, r2, r1
  77 001a DBB2     		uxtb	r3, r3
  36:Ringbuffer.c  **** 		me->m_writeIndex++;
  78              		.loc 1 36 0
ARM GAS  C:\Users\MATEOC~1.QUE\AppData\Local\Temp\ccrRtPdg.s 			page 3


  79 001c 0133     		adds	r3, r3, #1
  80 001e 8371     		strb	r3, [r0, #6]
  37:Ringbuffer.c  **** 		me->m_fillLevel++;
  81              		.loc 1 37 0
  82 0020 C379     		ldrb	r3, [r0, #7]	@ zero_extendqisi2
  83 0022 0133     		adds	r3, r3, #1
  84 0024 C371     		strb	r3, [r0, #7]
  38:Ringbuffer.c  **** 
  39:Ringbuffer.c  **** 
  40:Ringbuffer.c  **** 		return RC_SUCCESS;
  85              		.loc 1 40 0
  86 0026 0020     		movs	r0, #0
  87              	.LVL5:
  88 0028 7047     		bx	lr
  89              	.LVL6:
  90              	.L5:
  41:Ringbuffer.c  **** 	}
  42:Ringbuffer.c  **** 	else
  43:Ringbuffer.c  **** 	{
  44:Ringbuffer.c  **** 		return RC_ERROR_BUFFER_FULL;
  91              		.loc 1 44 0
  92 002a 6FF00700 		mvn	r0, #7
  93              	.LVL7:
  45:Ringbuffer.c  **** 	}
  46:Ringbuffer.c  **** 
  47:Ringbuffer.c  **** 	return RC_SUCCESS;
  48:Ringbuffer.c  **** }
  94              		.loc 1 48 0
  95 002e 7047     		bx	lr
  96              		.cfi_endproc
  97              	.LFE3:
  98              		.size	ringbuffer_write, .-ringbuffer_write
  99              		.section	.text.ringbuffer_read,"ax",%progbits
 100              		.align	2
 101              		.global	ringbuffer_read
 102              		.thumb
 103              		.thumb_func
 104              		.type	ringbuffer_read, %function
 105              	ringbuffer_read:
 106              	.LFB4:
  49:Ringbuffer.c  **** 
  50:Ringbuffer.c  **** RC_t ringbuffer_read(ringbuffer_t *const me, uint8_t *const data)
  51:Ringbuffer.c  **** {
 107              		.loc 1 51 0
 108              		.cfi_startproc
 109              		@ args = 0, pretend = 0, frame = 0
 110              		@ frame_needed = 0, uses_anonymous_args = 0
 111              		@ link register save eliminated.
 112              	.LVL8:
  52:Ringbuffer.c  **** 	if(me->m_fillLevel > 0)
 113              		.loc 1 52 0
 114 0000 C379     		ldrb	r3, [r0, #7]	@ zero_extendqisi2
 115 0002 8BB1     		cbz	r3, .L8
  53:Ringbuffer.c  **** 	{
  54:Ringbuffer.c  **** 		*data = me->m_buffer[me->m_readIndex];
 116              		.loc 1 54 0
 117 0004 0268     		ldr	r2, [r0]
ARM GAS  C:\Users\MATEOC~1.QUE\AppData\Local\Temp\ccrRtPdg.s 			page 4


 118 0006 4379     		ldrb	r3, [r0, #5]	@ zero_extendqisi2
 119 0008 D35C     		ldrb	r3, [r2, r3]	@ zero_extendqisi2
 120 000a 0B70     		strb	r3, [r1]
  55:Ringbuffer.c  **** 		me->m_readIndex++;
 121              		.loc 1 55 0
 122 000c 4379     		ldrb	r3, [r0, #5]	@ zero_extendqisi2
 123 000e 0133     		adds	r3, r3, #1
 124 0010 DBB2     		uxtb	r3, r3
  56:Ringbuffer.c  **** 		me->m_readIndex %= me->m_size;
 125              		.loc 1 56 0
 126 0012 0179     		ldrb	r1, [r0, #4]	@ zero_extendqisi2
 127              	.LVL9:
 128 0014 B3FBF1F2 		udiv	r2, r3, r1
 129 0018 01FB1233 		mls	r3, r1, r2, r3
 130 001c 4371     		strb	r3, [r0, #5]
  57:Ringbuffer.c  **** 		me->m_fillLevel--;
 131              		.loc 1 57 0
 132 001e C379     		ldrb	r3, [r0, #7]	@ zero_extendqisi2
 133 0020 013B     		subs	r3, r3, #1
 134 0022 C371     		strb	r3, [r0, #7]
  58:Ringbuffer.c  **** 
  59:Ringbuffer.c  **** 	}
  60:Ringbuffer.c  **** 	else
  61:Ringbuffer.c  **** 	{
  62:Ringbuffer.c  **** 		return RC_ERROR_BUFFER_EMTPY;
  63:Ringbuffer.c  **** 	}
  64:Ringbuffer.c  **** 
  65:Ringbuffer.c  **** 	return RC_SUCCESS;
 135              		.loc 1 65 0
 136 0024 0020     		movs	r0, #0
 137              	.LVL10:
 138 0026 7047     		bx	lr
 139              	.LVL11:
 140              	.L8:
  62:Ringbuffer.c  **** 	}
 141              		.loc 1 62 0
 142 0028 6FF00800 		mvn	r0, #8
 143              	.LVL12:
  66:Ringbuffer.c  **** }
 144              		.loc 1 66 0
 145 002c 7047     		bx	lr
 146              		.cfi_endproc
 147              	.LFE4:
 148              		.size	ringbuffer_read, .-ringbuffer_read
 149 002e 00BF     		.section	.text.ringbuffer_clear,"ax",%progbits
 150              		.align	2
 151              		.global	ringbuffer_clear
 152              		.thumb
 153              		.thumb_func
 154              		.type	ringbuffer_clear, %function
 155              	ringbuffer_clear:
 156              	.LFB5:
  67:Ringbuffer.c  **** 
  68:Ringbuffer.c  **** RC_t ringbuffer_clear(ringbuffer_t *const me)
  69:Ringbuffer.c  **** {
 157              		.loc 1 69 0
 158              		.cfi_startproc
ARM GAS  C:\Users\MATEOC~1.QUE\AppData\Local\Temp\ccrRtPdg.s 			page 5


 159              		@ args = 0, pretend = 0, frame = 0
 160              		@ frame_needed = 0, uses_anonymous_args = 0
 161              		@ link register save eliminated.
 162              	.LVL13:
  70:Ringbuffer.c  **** 	me->m_fillLevel = 0;
 163              		.loc 1 70 0
 164 0000 0023     		movs	r3, #0
 165 0002 C371     		strb	r3, [r0, #7]
  71:Ringbuffer.c  **** 	me->m_readIndex = 0;
 166              		.loc 1 71 0
 167 0004 4371     		strb	r3, [r0, #5]
  72:Ringbuffer.c  **** 	me->m_writeIndex = 0;
 168              		.loc 1 72 0
 169 0006 8371     		strb	r3, [r0, #6]
  73:Ringbuffer.c  **** 
  74:Ringbuffer.c  **** 	return RC_SUCCESS;
  75:Ringbuffer.c  **** }
 170              		.loc 1 75 0
 171 0008 1846     		mov	r0, r3
 172              	.LVL14:
 173 000a 7047     		bx	lr
 174              		.cfi_endproc
 175              	.LFE5:
 176              		.size	ringbuffer_clear, .-ringbuffer_clear
 177              		.section	.text.ringbuffer_init,"ax",%progbits
 178              		.align	2
 179              		.global	ringbuffer_init
 180              		.thumb
 181              		.thumb_func
 182              		.type	ringbuffer_init, %function
 183              	ringbuffer_init:
 184              	.LFB1:
  13:Ringbuffer.c  **** 	me->m_size = size;
 185              		.loc 1 13 0
 186              		.cfi_startproc
 187              		@ args = 0, pretend = 0, frame = 0
 188              		@ frame_needed = 0, uses_anonymous_args = 0
 189              	.LVL15:
 190 0000 10B5     		push	{r4, lr}
 191              		.cfi_def_cfa_offset 8
 192              		.cfi_offset 4, -8
 193              		.cfi_offset 14, -4
 194 0002 0446     		mov	r4, r0
  14:Ringbuffer.c  **** 	me->m_buffer = (uint8_t*)malloc(size * sizeof(uint8_t));
 195              		.loc 1 14 0
 196 0004 0171     		strb	r1, [r0, #4]
  15:Ringbuffer.c  **** 
 197              		.loc 1 15 0
 198 0006 0846     		mov	r0, r1
 199              	.LVL16:
 200 0008 FFF7FEFF 		bl	malloc
 201              	.LVL17:
 202 000c 2060     		str	r0, [r4]
  17:Ringbuffer.c  **** 
 203              		.loc 1 17 0
 204 000e 2046     		mov	r0, r4
 205 0010 FFF7FEFF 		bl	ringbuffer_clear
ARM GAS  C:\Users\MATEOC~1.QUE\AppData\Local\Temp\ccrRtPdg.s 			page 6


 206              	.LVL18:
  21:Ringbuffer.c  **** 
 207              		.loc 1 21 0
 208 0014 0020     		movs	r0, #0
 209 0016 10BD     		pop	{r4, pc}
 210              		.cfi_endproc
 211              	.LFE1:
 212              		.size	ringbuffer_init, .-ringbuffer_init
 213              		.text
 214              	.Letext0:
 215              		.file 2 ".\\source\\bsw/global.h"
 216              		.file 3 "Ringbuffer.h"
 217              		.file 4 "c:\\program files (x86)\\cypress\\psoc creator\\4.4\\psoc creator\\import\\gnu\\arm\\5.4.
 218              		.section	.debug_info,"",%progbits
 219              	.Ldebug_info0:
 220 0000 E1020000 		.4byte	0x2e1
 221 0004 0400     		.2byte	0x4
 222 0006 00000000 		.4byte	.Ldebug_abbrev0
 223 000a 04       		.byte	0x4
 224 000b 01       		.uleb128 0x1
 225 000c F4000000 		.4byte	.LASF57
 226 0010 0C       		.byte	0xc
 227 0011 C1020000 		.4byte	.LASF58
 228 0015 64030000 		.4byte	.LASF59
 229 0019 00000000 		.4byte	.Ldebug_ranges0+0
 230 001d 00000000 		.4byte	0
 231 0021 00000000 		.4byte	.Ldebug_line0
 232 0025 02       		.uleb128 0x2
 233 0026 04       		.byte	0x4
 234 0027 07       		.byte	0x7
 235 0028 75020000 		.4byte	.LASF0
 236 002c 02       		.uleb128 0x2
 237 002d 01       		.byte	0x1
 238 002e 06       		.byte	0x6
 239 002f 4F040000 		.4byte	.LASF1
 240 0033 03       		.uleb128 0x3
 241 0034 A7020000 		.4byte	.LASF38
 242 0038 02       		.byte	0x2
 243 0039 91       		.byte	0x91
 244 003a 3E000000 		.4byte	0x3e
 245 003e 02       		.uleb128 0x2
 246 003f 01       		.byte	0x1
 247 0040 08       		.byte	0x8
 248 0041 67020000 		.4byte	.LASF2
 249 0045 02       		.uleb128 0x2
 250 0046 02       		.byte	0x2
 251 0047 05       		.byte	0x5
 252 0048 3A030000 		.4byte	.LASF3
 253 004c 02       		.uleb128 0x2
 254 004d 02       		.byte	0x2
 255 004e 07       		.byte	0x7
 256 004f BE010000 		.4byte	.LASF4
 257 0053 02       		.uleb128 0x2
 258 0054 04       		.byte	0x4
 259 0055 05       		.byte	0x5
 260 0056 22040000 		.4byte	.LASF5
 261 005a 02       		.uleb128 0x2
ARM GAS  C:\Users\MATEOC~1.QUE\AppData\Local\Temp\ccrRtPdg.s 			page 7


 262 005b 04       		.byte	0x4
 263 005c 07       		.byte	0x7
 264 005d AC010000 		.4byte	.LASF6
 265 0061 02       		.uleb128 0x2
 266 0062 04       		.byte	0x4
 267 0063 04       		.byte	0x4
 268 0064 D9000000 		.4byte	.LASF7
 269 0068 02       		.uleb128 0x2
 270 0069 08       		.byte	0x8
 271 006a 04       		.byte	0x4
 272 006b 1D020000 		.4byte	.LASF8
 273 006f 02       		.uleb128 0x2
 274 0070 08       		.byte	0x8
 275 0071 05       		.byte	0x5
 276 0072 FD020000 		.4byte	.LASF9
 277 0076 02       		.uleb128 0x2
 278 0077 08       		.byte	0x8
 279 0078 07       		.byte	0x7
 280 0079 90020000 		.4byte	.LASF10
 281 007d 02       		.uleb128 0x2
 282 007e 01       		.byte	0x1
 283 007f 08       		.byte	0x8
 284 0080 0B030000 		.4byte	.LASF11
 285 0084 04       		.uleb128 0x4
 286 0085 01       		.byte	0x1
 287 0086 2C000000 		.4byte	0x2c
 288 008a 02       		.byte	0x2
 289 008b CF       		.byte	0xcf
 290 008c 2D010000 		.4byte	0x12d
 291 0090 05       		.uleb128 0x5
 292 0091 82010000 		.4byte	.LASF12
 293 0095 00       		.byte	0
 294 0096 06       		.uleb128 0x6
 295 0097 2A000000 		.4byte	.LASF13
 296 009b 7F       		.sleb128 -1
 297 009c 06       		.uleb128 0x6
 298 009d 87000000 		.4byte	.LASF14
 299 00a1 7E       		.sleb128 -2
 300 00a2 06       		.uleb128 0x6
 301 00a3 8D010000 		.4byte	.LASF15
 302 00a7 7D       		.sleb128 -3
 303 00a8 06       		.uleb128 0x6
 304 00a9 35020000 		.4byte	.LASF16
 305 00ad 7C       		.sleb128 -4
 306 00ae 06       		.uleb128 0x6
 307 00af 70040000 		.4byte	.LASF17
 308 00b3 7B       		.sleb128 -5
 309 00b4 06       		.uleb128 0x6
 310 00b5 24020000 		.4byte	.LASF18
 311 00b9 7A       		.sleb128 -6
 312 00ba 06       		.uleb128 0x6
 313 00bb 4C000000 		.4byte	.LASF19
 314 00bf 79       		.sleb128 -7
 315 00c0 06       		.uleb128 0x6
 316 00c1 CE020000 		.4byte	.LASF20
 317 00c5 78       		.sleb128 -8
 318 00c6 06       		.uleb128 0x6
ARM GAS  C:\Users\MATEOC~1.QUE\AppData\Local\Temp\ccrRtPdg.s 			page 8


 319 00c7 00000000 		.4byte	.LASF21
 320 00cb 77       		.sleb128 -9
 321 00cc 06       		.uleb128 0x6
 322 00cd 82020000 		.4byte	.LASF22
 323 00d1 76       		.sleb128 -10
 324 00d2 06       		.uleb128 0x6
 325 00d3 D1010000 		.4byte	.LASF23
 326 00d7 75       		.sleb128 -11
 327 00d8 06       		.uleb128 0x6
 328 00d9 5B040000 		.4byte	.LASF24
 329 00dd 74       		.sleb128 -12
 330 00de 06       		.uleb128 0x6
 331 00df AF020000 		.4byte	.LASF25
 332 00e3 73       		.sleb128 -13
 333 00e4 06       		.uleb128 0x6
 334 00e5 3C040000 		.4byte	.LASF26
 335 00e9 72       		.sleb128 -14
 336 00ea 06       		.uleb128 0x6
 337 00eb 50030000 		.4byte	.LASF27
 338 00ef 71       		.sleb128 -15
 339 00f0 06       		.uleb128 0x6
 340 00f1 95000000 		.4byte	.LASF28
 341 00f5 70       		.sleb128 -16
 342 00f6 06       		.uleb128 0x6
 343 00f7 16000000 		.4byte	.LASF29
 344 00fb 6F       		.sleb128 -17
 345 00fc 06       		.uleb128 0x6
 346 00fd F5010000 		.4byte	.LASF30
 347 0101 6E       		.sleb128 -18
 348 0102 06       		.uleb128 0x6
 349 0103 0A020000 		.4byte	.LASF31
 350 0107 6D       		.sleb128 -19
 351 0108 06       		.uleb128 0x6
 352 0109 6F000000 		.4byte	.LASF32
 353 010d 6C       		.sleb128 -20
 354 010e 06       		.uleb128 0x6
 355 010f E3010000 		.4byte	.LASF33
 356 0113 6B       		.sleb128 -21
 357 0114 06       		.uleb128 0x6
 358 0115 55020000 		.4byte	.LASF34
 359 0119 6A       		.sleb128 -22
 360 011a 06       		.uleb128 0x6
 361 011b 23030000 		.4byte	.LASF35
 362 011f 69       		.sleb128 -23
 363 0120 06       		.uleb128 0x6
 364 0121 5E000000 		.4byte	.LASF36
 365 0125 68       		.sleb128 -24
 366 0126 06       		.uleb128 0x6
 367 0127 B3000000 		.4byte	.LASF37
 368 012b 67       		.sleb128 -25
 369 012c 00       		.byte	0
 370 012d 03       		.uleb128 0x3
 371 012e 82000000 		.4byte	.LASF39
 372 0132 02       		.byte	0x2
 373 0133 EA       		.byte	0xea
 374 0134 84000000 		.4byte	0x84
 375 0138 07       		.uleb128 0x7
ARM GAS  C:\Users\MATEOC~1.QUE\AppData\Local\Temp\ccrRtPdg.s 			page 9


 376 0139 E4000000 		.4byte	.LASF60
 377 013d 08       		.byte	0x8
 378 013e 03       		.byte	0x3
 379 013f 0D       		.byte	0xd
 380 0140 81010000 		.4byte	0x181
 381 0144 08       		.uleb128 0x8
 382 0145 33000000 		.4byte	.LASF40
 383 0149 03       		.byte	0x3
 384 014a 0F       		.byte	0xf
 385 014b 81010000 		.4byte	0x181
 386 014f 00       		.byte	0
 387 0150 08       		.uleb128 0x8
 388 0151 10030000 		.4byte	.LASF41
 389 0155 03       		.byte	0x3
 390 0156 10       		.byte	0x10
 391 0157 33000000 		.4byte	0x33
 392 015b 04       		.byte	0x4
 393 015c 08       		.uleb128 0x8
 394 015d 44030000 		.4byte	.LASF42
 395 0161 03       		.byte	0x3
 396 0162 11       		.byte	0x11
 397 0163 33000000 		.4byte	0x33
 398 0167 05       		.byte	0x5
 399 0168 08       		.uleb128 0x8
 400 0169 CC000000 		.4byte	.LASF43
 401 016d 03       		.byte	0x3
 402 016e 12       		.byte	0x12
 403 016f 33000000 		.4byte	0x33
 404 0173 06       		.byte	0x6
 405 0174 08       		.uleb128 0x8
 406 0175 17030000 		.4byte	.LASF44
 407 0179 03       		.byte	0x3
 408 017a 13       		.byte	0x13
 409 017b 33000000 		.4byte	0x33
 410 017f 07       		.byte	0x7
 411 0180 00       		.byte	0
 412 0181 09       		.uleb128 0x9
 413 0182 04       		.byte	0x4
 414 0183 33000000 		.4byte	0x33
 415 0187 03       		.uleb128 0x3
 416 0188 A6000000 		.4byte	.LASF45
 417 018c 03       		.byte	0x3
 418 018d 16       		.byte	0x16
 419 018e 38010000 		.4byte	0x138
 420 0192 0A       		.uleb128 0xa
 421 0193 04       		.byte	0x4
 422 0194 05       		.byte	0x5
 423 0195 696E7400 		.ascii	"int\000"
 424 0199 02       		.uleb128 0x2
 425 019a 08       		.byte	0x8
 426 019b 04       		.byte	0x4
 427 019c E3020000 		.4byte	.LASF46
 428 01a0 02       		.uleb128 0x2
 429 01a1 04       		.byte	0x4
 430 01a2 07       		.byte	0x7
 431 01a3 EF020000 		.4byte	.LASF47
 432 01a7 0B       		.uleb128 0xb
ARM GAS  C:\Users\MATEOC~1.QUE\AppData\Local\Temp\ccrRtPdg.s 			page 10


 433 01a8 10040000 		.4byte	.LASF48
 434 01ac 01       		.byte	0x1
 435 01ad 17       		.byte	0x17
 436 01ae 2D010000 		.4byte	0x12d
 437 01b2 00000000 		.4byte	.LFB2
 438 01b6 0C000000 		.4byte	.LFE2-.LFB2
 439 01ba 01       		.uleb128 0x1
 440 01bb 9C       		.byte	0x9c
 441 01bc D8010000 		.4byte	0x1d8
 442 01c0 0C       		.uleb128 0xc
 443 01c1 6D6500   		.ascii	"me\000"
 444 01c4 01       		.byte	0x1
 445 01c5 17       		.byte	0x17
 446 01c6 DE010000 		.4byte	0x1de
 447 01ca 00000000 		.4byte	.LLST0
 448 01ce 0D       		.uleb128 0xd
 449 01cf 08000000 		.4byte	.LVL2
 450 01d3 CE020000 		.4byte	0x2ce
 451 01d7 00       		.byte	0
 452 01d8 09       		.uleb128 0x9
 453 01d9 04       		.byte	0x4
 454 01da 87010000 		.4byte	0x187
 455 01de 0E       		.uleb128 0xe
 456 01df D8010000 		.4byte	0x1d8
 457 01e3 0B       		.uleb128 0xb
 458 01e4 9B010000 		.4byte	.LASF49
 459 01e8 01       		.byte	0x1
 460 01e9 1E       		.byte	0x1e
 461 01ea 2D010000 		.4byte	0x12d
 462 01ee 00000000 		.4byte	.LFB3
 463 01f2 30000000 		.4byte	.LFE3-.LFB3
 464 01f6 01       		.uleb128 0x1
 465 01f7 9C       		.byte	0x9c
 466 01f8 1A020000 		.4byte	0x21a
 467 01fc 0C       		.uleb128 0xc
 468 01fd 6D6500   		.ascii	"me\000"
 469 0200 01       		.byte	0x1
 470 0201 1E       		.byte	0x1e
 471 0202 DE010000 		.4byte	0x1de
 472 0206 21000000 		.4byte	.LLST1
 473 020a 0F       		.uleb128 0xf
 474 020b DF000000 		.4byte	.LASF50
 475 020f 01       		.byte	0x1
 476 0210 1E       		.byte	0x1e
 477 0211 33000000 		.4byte	0x33
 478 0215 5B000000 		.4byte	.LLST2
 479 0219 00       		.byte	0
 480 021a 0B       		.uleb128 0xb
 481 021b 45020000 		.4byte	.LASF51
 482 021f 01       		.byte	0x1
 483 0220 32       		.byte	0x32
 484 0221 2D010000 		.4byte	0x12d
 485 0225 00000000 		.4byte	.LFB4
 486 0229 2E000000 		.4byte	.LFE4-.LFB4
 487 022d 01       		.uleb128 0x1
 488 022e 9C       		.byte	0x9c
 489 022f 51020000 		.4byte	0x251
ARM GAS  C:\Users\MATEOC~1.QUE\AppData\Local\Temp\ccrRtPdg.s 			page 11


 490 0233 0C       		.uleb128 0xc
 491 0234 6D6500   		.ascii	"me\000"
 492 0237 01       		.byte	0x1
 493 0238 32       		.byte	0x32
 494 0239 DE010000 		.4byte	0x1de
 495 023d 87000000 		.4byte	.LLST3
 496 0241 0F       		.uleb128 0xf
 497 0242 DF000000 		.4byte	.LASF50
 498 0246 01       		.byte	0x1
 499 0247 32       		.byte	0x32
 500 0248 51020000 		.4byte	0x251
 501 024c C1000000 		.4byte	.LLST4
 502 0250 00       		.byte	0
 503 0251 0E       		.uleb128 0xe
 504 0252 81010000 		.4byte	0x181
 505 0256 0B       		.uleb128 0xb
 506 0257 2B040000 		.4byte	.LASF52
 507 025b 01       		.byte	0x1
 508 025c 44       		.byte	0x44
 509 025d 2D010000 		.4byte	0x12d
 510 0261 00000000 		.4byte	.LFB5
 511 0265 0C000000 		.4byte	.LFE5-.LFB5
 512 0269 01       		.uleb128 0x1
 513 026a 9C       		.byte	0x9c
 514 026b 7E020000 		.4byte	0x27e
 515 026f 0C       		.uleb128 0xc
 516 0270 6D6500   		.ascii	"me\000"
 517 0273 01       		.byte	0x1
 518 0274 44       		.byte	0x44
 519 0275 DE010000 		.4byte	0x1de
 520 0279 ED000000 		.4byte	.LLST5
 521 027d 00       		.byte	0
 522 027e 0B       		.uleb128 0xb
 523 027f 3C000000 		.4byte	.LASF53
 524 0283 01       		.byte	0x1
 525 0284 0C       		.byte	0xc
 526 0285 2D010000 		.4byte	0x12d
 527 0289 00000000 		.4byte	.LFB1
 528 028d 18000000 		.4byte	.LFE1-.LFB1
 529 0291 01       		.uleb128 0x1
 530 0292 9C       		.byte	0x9c
 531 0293 CE020000 		.4byte	0x2ce
 532 0297 0C       		.uleb128 0xc
 533 0298 6D6500   		.ascii	"me\000"
 534 029b 01       		.byte	0x1
 535 029c 0C       		.byte	0xc
 536 029d DE010000 		.4byte	0x1de
 537 02a1 0E010000 		.4byte	.LLST6
 538 02a5 0F       		.uleb128 0xf
 539 02a6 EF000000 		.4byte	.LASF54
 540 02aa 01       		.byte	0x1
 541 02ab 0C       		.byte	0xc
 542 02ac 33000000 		.4byte	0x33
 543 02b0 2C010000 		.4byte	.LLST7
 544 02b4 0D       		.uleb128 0xd
 545 02b5 0C000000 		.4byte	.LVL17
 546 02b9 D9020000 		.4byte	0x2d9
ARM GAS  C:\Users\MATEOC~1.QUE\AppData\Local\Temp\ccrRtPdg.s 			page 12


 547 02bd 10       		.uleb128 0x10
 548 02be 14000000 		.4byte	.LVL18
 549 02c2 56020000 		.4byte	0x256
 550 02c6 11       		.uleb128 0x11
 551 02c7 01       		.uleb128 0x1
 552 02c8 50       		.byte	0x50
 553 02c9 02       		.uleb128 0x2
 554 02ca 74       		.byte	0x74
 555 02cb 00       		.sleb128 0
 556 02cc 00       		.byte	0
 557 02cd 00       		.byte	0
 558 02ce 12       		.uleb128 0x12
 559 02cf F8020000 		.4byte	.LASF55
 560 02d3 F8020000 		.4byte	.LASF55
 561 02d7 04       		.byte	0x4
 562 02d8 59       		.byte	0x59
 563 02d9 12       		.uleb128 0x12
 564 02da 69040000 		.4byte	.LASF56
 565 02de 69040000 		.4byte	.LASF56
 566 02e2 04       		.byte	0x4
 567 02e3 64       		.byte	0x64
 568 02e4 00       		.byte	0
 569              		.section	.debug_abbrev,"",%progbits
 570              	.Ldebug_abbrev0:
 571 0000 01       		.uleb128 0x1
 572 0001 11       		.uleb128 0x11
 573 0002 01       		.byte	0x1
 574 0003 25       		.uleb128 0x25
 575 0004 0E       		.uleb128 0xe
 576 0005 13       		.uleb128 0x13
 577 0006 0B       		.uleb128 0xb
 578 0007 03       		.uleb128 0x3
 579 0008 0E       		.uleb128 0xe
 580 0009 1B       		.uleb128 0x1b
 581 000a 0E       		.uleb128 0xe
 582 000b 55       		.uleb128 0x55
 583 000c 17       		.uleb128 0x17
 584 000d 11       		.uleb128 0x11
 585 000e 01       		.uleb128 0x1
 586 000f 10       		.uleb128 0x10
 587 0010 17       		.uleb128 0x17
 588 0011 00       		.byte	0
 589 0012 00       		.byte	0
 590 0013 02       		.uleb128 0x2
 591 0014 24       		.uleb128 0x24
 592 0015 00       		.byte	0
 593 0016 0B       		.uleb128 0xb
 594 0017 0B       		.uleb128 0xb
 595 0018 3E       		.uleb128 0x3e
 596 0019 0B       		.uleb128 0xb
 597 001a 03       		.uleb128 0x3
 598 001b 0E       		.uleb128 0xe
 599 001c 00       		.byte	0
 600 001d 00       		.byte	0
 601 001e 03       		.uleb128 0x3
 602 001f 16       		.uleb128 0x16
 603 0020 00       		.byte	0
ARM GAS  C:\Users\MATEOC~1.QUE\AppData\Local\Temp\ccrRtPdg.s 			page 13


 604 0021 03       		.uleb128 0x3
 605 0022 0E       		.uleb128 0xe
 606 0023 3A       		.uleb128 0x3a
 607 0024 0B       		.uleb128 0xb
 608 0025 3B       		.uleb128 0x3b
 609 0026 0B       		.uleb128 0xb
 610 0027 49       		.uleb128 0x49
 611 0028 13       		.uleb128 0x13
 612 0029 00       		.byte	0
 613 002a 00       		.byte	0
 614 002b 04       		.uleb128 0x4
 615 002c 04       		.uleb128 0x4
 616 002d 01       		.byte	0x1
 617 002e 0B       		.uleb128 0xb
 618 002f 0B       		.uleb128 0xb
 619 0030 49       		.uleb128 0x49
 620 0031 13       		.uleb128 0x13
 621 0032 3A       		.uleb128 0x3a
 622 0033 0B       		.uleb128 0xb
 623 0034 3B       		.uleb128 0x3b
 624 0035 0B       		.uleb128 0xb
 625 0036 01       		.uleb128 0x1
 626 0037 13       		.uleb128 0x13
 627 0038 00       		.byte	0
 628 0039 00       		.byte	0
 629 003a 05       		.uleb128 0x5
 630 003b 28       		.uleb128 0x28
 631 003c 00       		.byte	0
 632 003d 03       		.uleb128 0x3
 633 003e 0E       		.uleb128 0xe
 634 003f 1C       		.uleb128 0x1c
 635 0040 0B       		.uleb128 0xb
 636 0041 00       		.byte	0
 637 0042 00       		.byte	0
 638 0043 06       		.uleb128 0x6
 639 0044 28       		.uleb128 0x28
 640 0045 00       		.byte	0
 641 0046 03       		.uleb128 0x3
 642 0047 0E       		.uleb128 0xe
 643 0048 1C       		.uleb128 0x1c
 644 0049 0D       		.uleb128 0xd
 645 004a 00       		.byte	0
 646 004b 00       		.byte	0
 647 004c 07       		.uleb128 0x7
 648 004d 13       		.uleb128 0x13
 649 004e 01       		.byte	0x1
 650 004f 03       		.uleb128 0x3
 651 0050 0E       		.uleb128 0xe
 652 0051 0B       		.uleb128 0xb
 653 0052 0B       		.uleb128 0xb
 654 0053 3A       		.uleb128 0x3a
 655 0054 0B       		.uleb128 0xb
 656 0055 3B       		.uleb128 0x3b
 657 0056 0B       		.uleb128 0xb
 658 0057 01       		.uleb128 0x1
 659 0058 13       		.uleb128 0x13
 660 0059 00       		.byte	0
ARM GAS  C:\Users\MATEOC~1.QUE\AppData\Local\Temp\ccrRtPdg.s 			page 14


 661 005a 00       		.byte	0
 662 005b 08       		.uleb128 0x8
 663 005c 0D       		.uleb128 0xd
 664 005d 00       		.byte	0
 665 005e 03       		.uleb128 0x3
 666 005f 0E       		.uleb128 0xe
 667 0060 3A       		.uleb128 0x3a
 668 0061 0B       		.uleb128 0xb
 669 0062 3B       		.uleb128 0x3b
 670 0063 0B       		.uleb128 0xb
 671 0064 49       		.uleb128 0x49
 672 0065 13       		.uleb128 0x13
 673 0066 38       		.uleb128 0x38
 674 0067 0B       		.uleb128 0xb
 675 0068 00       		.byte	0
 676 0069 00       		.byte	0
 677 006a 09       		.uleb128 0x9
 678 006b 0F       		.uleb128 0xf
 679 006c 00       		.byte	0
 680 006d 0B       		.uleb128 0xb
 681 006e 0B       		.uleb128 0xb
 682 006f 49       		.uleb128 0x49
 683 0070 13       		.uleb128 0x13
 684 0071 00       		.byte	0
 685 0072 00       		.byte	0
 686 0073 0A       		.uleb128 0xa
 687 0074 24       		.uleb128 0x24
 688 0075 00       		.byte	0
 689 0076 0B       		.uleb128 0xb
 690 0077 0B       		.uleb128 0xb
 691 0078 3E       		.uleb128 0x3e
 692 0079 0B       		.uleb128 0xb
 693 007a 03       		.uleb128 0x3
 694 007b 08       		.uleb128 0x8
 695 007c 00       		.byte	0
 696 007d 00       		.byte	0
 697 007e 0B       		.uleb128 0xb
 698 007f 2E       		.uleb128 0x2e
 699 0080 01       		.byte	0x1
 700 0081 3F       		.uleb128 0x3f
 701 0082 19       		.uleb128 0x19
 702 0083 03       		.uleb128 0x3
 703 0084 0E       		.uleb128 0xe
 704 0085 3A       		.uleb128 0x3a
 705 0086 0B       		.uleb128 0xb
 706 0087 3B       		.uleb128 0x3b
 707 0088 0B       		.uleb128 0xb
 708 0089 27       		.uleb128 0x27
 709 008a 19       		.uleb128 0x19
 710 008b 49       		.uleb128 0x49
 711 008c 13       		.uleb128 0x13
 712 008d 11       		.uleb128 0x11
 713 008e 01       		.uleb128 0x1
 714 008f 12       		.uleb128 0x12
 715 0090 06       		.uleb128 0x6
 716 0091 40       		.uleb128 0x40
 717 0092 18       		.uleb128 0x18
ARM GAS  C:\Users\MATEOC~1.QUE\AppData\Local\Temp\ccrRtPdg.s 			page 15


 718 0093 9742     		.uleb128 0x2117
 719 0095 19       		.uleb128 0x19
 720 0096 01       		.uleb128 0x1
 721 0097 13       		.uleb128 0x13
 722 0098 00       		.byte	0
 723 0099 00       		.byte	0
 724 009a 0C       		.uleb128 0xc
 725 009b 05       		.uleb128 0x5
 726 009c 00       		.byte	0
 727 009d 03       		.uleb128 0x3
 728 009e 08       		.uleb128 0x8
 729 009f 3A       		.uleb128 0x3a
 730 00a0 0B       		.uleb128 0xb
 731 00a1 3B       		.uleb128 0x3b
 732 00a2 0B       		.uleb128 0xb
 733 00a3 49       		.uleb128 0x49
 734 00a4 13       		.uleb128 0x13
 735 00a5 02       		.uleb128 0x2
 736 00a6 17       		.uleb128 0x17
 737 00a7 00       		.byte	0
 738 00a8 00       		.byte	0
 739 00a9 0D       		.uleb128 0xd
 740 00aa 898201   		.uleb128 0x4109
 741 00ad 00       		.byte	0
 742 00ae 11       		.uleb128 0x11
 743 00af 01       		.uleb128 0x1
 744 00b0 31       		.uleb128 0x31
 745 00b1 13       		.uleb128 0x13
 746 00b2 00       		.byte	0
 747 00b3 00       		.byte	0
 748 00b4 0E       		.uleb128 0xe
 749 00b5 26       		.uleb128 0x26
 750 00b6 00       		.byte	0
 751 00b7 49       		.uleb128 0x49
 752 00b8 13       		.uleb128 0x13
 753 00b9 00       		.byte	0
 754 00ba 00       		.byte	0
 755 00bb 0F       		.uleb128 0xf
 756 00bc 05       		.uleb128 0x5
 757 00bd 00       		.byte	0
 758 00be 03       		.uleb128 0x3
 759 00bf 0E       		.uleb128 0xe
 760 00c0 3A       		.uleb128 0x3a
 761 00c1 0B       		.uleb128 0xb
 762 00c2 3B       		.uleb128 0x3b
 763 00c3 0B       		.uleb128 0xb
 764 00c4 49       		.uleb128 0x49
 765 00c5 13       		.uleb128 0x13
 766 00c6 02       		.uleb128 0x2
 767 00c7 17       		.uleb128 0x17
 768 00c8 00       		.byte	0
 769 00c9 00       		.byte	0
 770 00ca 10       		.uleb128 0x10
 771 00cb 898201   		.uleb128 0x4109
 772 00ce 01       		.byte	0x1
 773 00cf 11       		.uleb128 0x11
 774 00d0 01       		.uleb128 0x1
ARM GAS  C:\Users\MATEOC~1.QUE\AppData\Local\Temp\ccrRtPdg.s 			page 16


 775 00d1 31       		.uleb128 0x31
 776 00d2 13       		.uleb128 0x13
 777 00d3 00       		.byte	0
 778 00d4 00       		.byte	0
 779 00d5 11       		.uleb128 0x11
 780 00d6 8A8201   		.uleb128 0x410a
 781 00d9 00       		.byte	0
 782 00da 02       		.uleb128 0x2
 783 00db 18       		.uleb128 0x18
 784 00dc 9142     		.uleb128 0x2111
 785 00de 18       		.uleb128 0x18
 786 00df 00       		.byte	0
 787 00e0 00       		.byte	0
 788 00e1 12       		.uleb128 0x12
 789 00e2 2E       		.uleb128 0x2e
 790 00e3 00       		.byte	0
 791 00e4 3F       		.uleb128 0x3f
 792 00e5 19       		.uleb128 0x19
 793 00e6 3C       		.uleb128 0x3c
 794 00e7 19       		.uleb128 0x19
 795 00e8 6E       		.uleb128 0x6e
 796 00e9 0E       		.uleb128 0xe
 797 00ea 03       		.uleb128 0x3
 798 00eb 0E       		.uleb128 0xe
 799 00ec 3A       		.uleb128 0x3a
 800 00ed 0B       		.uleb128 0xb
 801 00ee 3B       		.uleb128 0x3b
 802 00ef 0B       		.uleb128 0xb
 803 00f0 00       		.byte	0
 804 00f1 00       		.byte	0
 805 00f2 00       		.byte	0
 806              		.section	.debug_loc,"",%progbits
 807              	.Ldebug_loc0:
 808              	.LLST0:
 809 0000 00000000 		.4byte	.LVL0
 810 0004 04000000 		.4byte	.LVL1
 811 0008 0100     		.2byte	0x1
 812 000a 50       		.byte	0x50
 813 000b 04000000 		.4byte	.LVL1
 814 000f 0C000000 		.4byte	.LFE2
 815 0013 0400     		.2byte	0x4
 816 0015 F3       		.byte	0xf3
 817 0016 01       		.uleb128 0x1
 818 0017 50       		.byte	0x50
 819 0018 9F       		.byte	0x9f
 820 0019 00000000 		.4byte	0
 821 001d 00000000 		.4byte	0
 822              	.LLST1:
 823 0021 00000000 		.4byte	.LVL3
 824 0025 28000000 		.4byte	.LVL5
 825 0029 0100     		.2byte	0x1
 826 002b 50       		.byte	0x50
 827 002c 28000000 		.4byte	.LVL5
 828 0030 2A000000 		.4byte	.LVL6
 829 0034 0400     		.2byte	0x4
 830 0036 F3       		.byte	0xf3
 831 0037 01       		.uleb128 0x1
ARM GAS  C:\Users\MATEOC~1.QUE\AppData\Local\Temp\ccrRtPdg.s 			page 17


 832 0038 50       		.byte	0x50
 833 0039 9F       		.byte	0x9f
 834 003a 2A000000 		.4byte	.LVL6
 835 003e 2E000000 		.4byte	.LVL7
 836 0042 0100     		.2byte	0x1
 837 0044 50       		.byte	0x50
 838 0045 2E000000 		.4byte	.LVL7
 839 0049 30000000 		.4byte	.LFE3
 840 004d 0400     		.2byte	0x4
 841 004f F3       		.byte	0xf3
 842 0050 01       		.uleb128 0x1
 843 0051 50       		.byte	0x50
 844 0052 9F       		.byte	0x9f
 845 0053 00000000 		.4byte	0
 846 0057 00000000 		.4byte	0
 847              	.LLST2:
 848 005b 00000000 		.4byte	.LVL3
 849 005f 12000000 		.4byte	.LVL4
 850 0063 0100     		.2byte	0x1
 851 0065 51       		.byte	0x51
 852 0066 12000000 		.4byte	.LVL4
 853 006a 2A000000 		.4byte	.LVL6
 854 006e 0400     		.2byte	0x4
 855 0070 F3       		.byte	0xf3
 856 0071 01       		.uleb128 0x1
 857 0072 51       		.byte	0x51
 858 0073 9F       		.byte	0x9f
 859 0074 2A000000 		.4byte	.LVL6
 860 0078 30000000 		.4byte	.LFE3
 861 007c 0100     		.2byte	0x1
 862 007e 51       		.byte	0x51
 863 007f 00000000 		.4byte	0
 864 0083 00000000 		.4byte	0
 865              	.LLST3:
 866 0087 00000000 		.4byte	.LVL8
 867 008b 26000000 		.4byte	.LVL10
 868 008f 0100     		.2byte	0x1
 869 0091 50       		.byte	0x50
 870 0092 26000000 		.4byte	.LVL10
 871 0096 28000000 		.4byte	.LVL11
 872 009a 0400     		.2byte	0x4
 873 009c F3       		.byte	0xf3
 874 009d 01       		.uleb128 0x1
 875 009e 50       		.byte	0x50
 876 009f 9F       		.byte	0x9f
 877 00a0 28000000 		.4byte	.LVL11
 878 00a4 2C000000 		.4byte	.LVL12
 879 00a8 0100     		.2byte	0x1
 880 00aa 50       		.byte	0x50
 881 00ab 2C000000 		.4byte	.LVL12
 882 00af 2E000000 		.4byte	.LFE4
 883 00b3 0400     		.2byte	0x4
 884 00b5 F3       		.byte	0xf3
 885 00b6 01       		.uleb128 0x1
 886 00b7 50       		.byte	0x50
 887 00b8 9F       		.byte	0x9f
 888 00b9 00000000 		.4byte	0
ARM GAS  C:\Users\MATEOC~1.QUE\AppData\Local\Temp\ccrRtPdg.s 			page 18


 889 00bd 00000000 		.4byte	0
 890              	.LLST4:
 891 00c1 00000000 		.4byte	.LVL8
 892 00c5 14000000 		.4byte	.LVL9
 893 00c9 0100     		.2byte	0x1
 894 00cb 51       		.byte	0x51
 895 00cc 14000000 		.4byte	.LVL9
 896 00d0 28000000 		.4byte	.LVL11
 897 00d4 0400     		.2byte	0x4
 898 00d6 F3       		.byte	0xf3
 899 00d7 01       		.uleb128 0x1
 900 00d8 51       		.byte	0x51
 901 00d9 9F       		.byte	0x9f
 902 00da 28000000 		.4byte	.LVL11
 903 00de 2E000000 		.4byte	.LFE4
 904 00e2 0100     		.2byte	0x1
 905 00e4 51       		.byte	0x51
 906 00e5 00000000 		.4byte	0
 907 00e9 00000000 		.4byte	0
 908              	.LLST5:
 909 00ed 00000000 		.4byte	.LVL13
 910 00f1 0A000000 		.4byte	.LVL14
 911 00f5 0100     		.2byte	0x1
 912 00f7 50       		.byte	0x50
 913 00f8 0A000000 		.4byte	.LVL14
 914 00fc 0C000000 		.4byte	.LFE5
 915 0100 0400     		.2byte	0x4
 916 0102 F3       		.byte	0xf3
 917 0103 01       		.uleb128 0x1
 918 0104 50       		.byte	0x50
 919 0105 9F       		.byte	0x9f
 920 0106 00000000 		.4byte	0
 921 010a 00000000 		.4byte	0
 922              	.LLST6:
 923 010e 00000000 		.4byte	.LVL15
 924 0112 08000000 		.4byte	.LVL16
 925 0116 0100     		.2byte	0x1
 926 0118 50       		.byte	0x50
 927 0119 08000000 		.4byte	.LVL16
 928 011d 18000000 		.4byte	.LFE1
 929 0121 0100     		.2byte	0x1
 930 0123 54       		.byte	0x54
 931 0124 00000000 		.4byte	0
 932 0128 00000000 		.4byte	0
 933              	.LLST7:
 934 012c 00000000 		.4byte	.LVL15
 935 0130 0B000000 		.4byte	.LVL17-1
 936 0134 0100     		.2byte	0x1
 937 0136 51       		.byte	0x51
 938 0137 0B000000 		.4byte	.LVL17-1
 939 013b 18000000 		.4byte	.LFE1
 940 013f 0400     		.2byte	0x4
 941 0141 F3       		.byte	0xf3
 942 0142 01       		.uleb128 0x1
 943 0143 51       		.byte	0x51
 944 0144 9F       		.byte	0x9f
 945 0145 00000000 		.4byte	0
ARM GAS  C:\Users\MATEOC~1.QUE\AppData\Local\Temp\ccrRtPdg.s 			page 19


 946 0149 00000000 		.4byte	0
 947              		.section	.debug_aranges,"",%progbits
 948 0000 3C000000 		.4byte	0x3c
 949 0004 0200     		.2byte	0x2
 950 0006 00000000 		.4byte	.Ldebug_info0
 951 000a 04       		.byte	0x4
 952 000b 00       		.byte	0
 953 000c 0000     		.2byte	0
 954 000e 0000     		.2byte	0
 955 0010 00000000 		.4byte	.LFB2
 956 0014 0C000000 		.4byte	.LFE2-.LFB2
 957 0018 00000000 		.4byte	.LFB3
 958 001c 30000000 		.4byte	.LFE3-.LFB3
 959 0020 00000000 		.4byte	.LFB4
 960 0024 2E000000 		.4byte	.LFE4-.LFB4
 961 0028 00000000 		.4byte	.LFB5
 962 002c 0C000000 		.4byte	.LFE5-.LFB5
 963 0030 00000000 		.4byte	.LFB1
 964 0034 18000000 		.4byte	.LFE1-.LFB1
 965 0038 00000000 		.4byte	0
 966 003c 00000000 		.4byte	0
 967              		.section	.debug_ranges,"",%progbits
 968              	.Ldebug_ranges0:
 969 0000 00000000 		.4byte	.LFB2
 970 0004 0C000000 		.4byte	.LFE2
 971 0008 00000000 		.4byte	.LFB3
 972 000c 30000000 		.4byte	.LFE3
 973 0010 00000000 		.4byte	.LFB4
 974 0014 2E000000 		.4byte	.LFE4
 975 0018 00000000 		.4byte	.LFB5
 976 001c 0C000000 		.4byte	.LFE5
 977 0020 00000000 		.4byte	.LFB1
 978 0024 18000000 		.4byte	.LFE1
 979 0028 00000000 		.4byte	0
 980 002c 00000000 		.4byte	0
 981              		.section	.debug_line,"",%progbits
 982              	.Ldebug_line0:
 983 0000 2C010000 		.section	.debug_str,"MS",%progbits,1
 983      0200C000 
 983      00000201 
 983      FB0E0D00 
 983      01010101 
 984              	.LASF21:
 985 0000 52435F45 		.ascii	"RC_ERROR_BUFFER_EMTPY\000"
 985      52524F52 
 985      5F425546 
 985      4645525F 
 985      454D5450 
 986              	.LASF29:
 987 0016 52435F45 		.ascii	"RC_ERROR_READ_FAILS\000"
 987      52524F52 
 987      5F524541 
 987      445F4641 
 987      494C5300 
 988              	.LASF13:
 989 002a 52435F45 		.ascii	"RC_ERROR\000"
 989      52524F52 
ARM GAS  C:\Users\MATEOC~1.QUE\AppData\Local\Temp\ccrRtPdg.s 			page 20


 989      00
 990              	.LASF40:
 991 0033 6D5F6275 		.ascii	"m_buffer\000"
 991      66666572 
 991      00
 992              	.LASF53:
 993 003c 72696E67 		.ascii	"ringbuffer_init\000"
 993      62756666 
 993      65725F69 
 993      6E697400 
 994              	.LASF19:
 995 004c 52435F45 		.ascii	"RC_ERROR_UNDERRUN\000"
 995      52524F52 
 995      5F554E44 
 995      45525255 
 995      4E00
 996              	.LASF36:
 997 005e 52435F45 		.ascii	"RC_ERROR_UNKNOWN\000"
 997      52524F52 
 997      5F554E4B 
 997      4E4F574E 
 997      00
 998              	.LASF32:
 999 006f 52435F45 		.ascii	"RC_ERROR_BAD_PARAM\000"
 999      52524F52 
 999      5F424144 
 999      5F504152 
 999      414D00
 1000              	.LASF39:
 1001 0082 52435F74 		.ascii	"RC_t\000"
 1001      00
 1002              	.LASF14:
 1003 0087 52435F45 		.ascii	"RC_ERROR_NULL\000"
 1003      52524F52 
 1003      5F4E554C 
 1003      4C00
 1004              	.LASF28:
 1005 0095 52435F45 		.ascii	"RC_ERROR_INVALID\000"
 1005      52524F52 
 1005      5F494E56 
 1005      414C4944 
 1005      00
 1006              	.LASF45:
 1007 00a6 72696E67 		.ascii	"ringbuffer_t\000"
 1007      62756666 
 1007      65725F74 
 1007      00
 1008              	.LASF37:
 1009 00b3 52435F45 		.ascii	"RC_ERROR_NOT_IMPLEMENTED\000"
 1009      52524F52 
 1009      5F4E4F54 
 1009      5F494D50 
 1009      4C454D45 
 1010              	.LASF43:
 1011 00cc 6D5F7772 		.ascii	"m_writeIndex\000"
 1011      69746549 
 1011      6E646578 
ARM GAS  C:\Users\MATEOC~1.QUE\AppData\Local\Temp\ccrRtPdg.s 			page 21


 1011      00
 1012              	.LASF7:
 1013 00d9 666C6F61 		.ascii	"float\000"
 1013      7400
 1014              	.LASF50:
 1015 00df 64617461 		.ascii	"data\000"
 1015      00
 1016              	.LASF60:
 1017 00e4 72696E67 		.ascii	"ringbuffer\000"
 1017      62756666 
 1017      657200
 1018              	.LASF54:
 1019 00ef 73697A65 		.ascii	"size\000"
 1019      00
 1020              	.LASF57:
 1021 00f4 474E5520 		.ascii	"GNU C11 5.4.1 20160609 (release) [ARM/embedded-5-br"
 1021      43313120 
 1021      352E342E 
 1021      31203230 
 1021      31363036 
 1022 0127 616E6368 		.ascii	"anch revision 237715] -mcpu=cortex-m3 -mthumb -g -O"
 1022      20726576 
 1022      6973696F 
 1022      6E203233 
 1022      37373135 
 1023 015a 67202D66 		.ascii	"g -ffunction-sections -ffat-lto-objects\000"
 1023      66756E63 
 1023      74696F6E 
 1023      2D736563 
 1023      74696F6E 
 1024              	.LASF12:
 1025 0182 52435F53 		.ascii	"RC_SUCCESS\000"
 1025      55434345 
 1025      535300
 1026              	.LASF15:
 1027 018d 52435F45 		.ascii	"RC_ERROR_ZERO\000"
 1027      52524F52 
 1027      5F5A4552 
 1027      4F00
 1028              	.LASF49:
 1029 019b 72696E67 		.ascii	"ringbuffer_write\000"
 1029      62756666 
 1029      65725F77 
 1029      72697465 
 1029      00
 1030              	.LASF6:
 1031 01ac 6C6F6E67 		.ascii	"long unsigned int\000"
 1031      20756E73 
 1031      69676E65 
 1031      6420696E 
 1031      7400
 1032              	.LASF4:
 1033 01be 73686F72 		.ascii	"short unsigned int\000"
 1033      7420756E 
 1033      7369676E 
 1033      65642069 
 1033      6E7400
ARM GAS  C:\Users\MATEOC~1.QUE\AppData\Local\Temp\ccrRtPdg.s 			page 22


 1034              	.LASF23:
 1035 01d1 52435F45 		.ascii	"RC_ERROR_TIME_OUT\000"
 1035      52524F52 
 1035      5F54494D 
 1035      455F4F55 
 1035      5400
 1036              	.LASF33:
 1037 01e3 52435F45 		.ascii	"RC_ERROR_BAD_DATA\000"
 1037      52524F52 
 1037      5F424144 
 1037      5F444154 
 1037      4100
 1038              	.LASF30:
 1039 01f5 52435F45 		.ascii	"RC_ERROR_WRITE_FAILS\000"
 1039      52524F52 
 1039      5F575249 
 1039      54455F46 
 1039      41494C53 
 1040              	.LASF31:
 1041 020a 52435F45 		.ascii	"RC_ERROR_NOT_MATCH\000"
 1041      52524F52 
 1041      5F4E4F54 
 1041      5F4D4154 
 1041      434800
 1042              	.LASF8:
 1043 021d 646F7562 		.ascii	"double\000"
 1043      6C6500
 1044              	.LASF18:
 1045 0224 52435F45 		.ascii	"RC_ERROR_OVERRUN\000"
 1045      52524F52 
 1045      5F4F5645 
 1045      5252554E 
 1045      00
 1046              	.LASF16:
 1047 0235 52435F45 		.ascii	"RC_ERROR_MEMORY\000"
 1047      52524F52 
 1047      5F4D454D 
 1047      4F525900 
 1048              	.LASF51:
 1049 0245 72696E67 		.ascii	"ringbuffer_read\000"
 1049      62756666 
 1049      65725F72 
 1049      65616400 
 1050              	.LASF34:
 1051 0255 52435F45 		.ascii	"RC_ERROR_CANCELED\000"
 1051      52524F52 
 1051      5F43414E 
 1051      43454C45 
 1051      4400
 1052              	.LASF2:
 1053 0267 756E7369 		.ascii	"unsigned char\000"
 1053      676E6564 
 1053      20636861 
 1053      7200
 1054              	.LASF0:
 1055 0275 756E7369 		.ascii	"unsigned int\000"
 1055      676E6564 
ARM GAS  C:\Users\MATEOC~1.QUE\AppData\Local\Temp\ccrRtPdg.s 			page 23


 1055      20696E74 
 1055      00
 1056              	.LASF22:
 1057 0282 52435F45 		.ascii	"RC_ERROR_BUSY\000"
 1057      52524F52 
 1057      5F425553 
 1057      5900
 1058              	.LASF10:
 1059 0290 6C6F6E67 		.ascii	"long long unsigned int\000"
 1059      206C6F6E 
 1059      6720756E 
 1059      7369676E 
 1059      65642069 
 1060              	.LASF38:
 1061 02a7 75696E74 		.ascii	"uint8_t\000"
 1061      385F7400 
 1062              	.LASF25:
 1063 02af 52435F45 		.ascii	"RC_ERROR_CHECKSUM\000"
 1063      52524F52 
 1063      5F434845 
 1063      434B5355 
 1063      4D00
 1064              	.LASF58:
 1065 02c1 52696E67 		.ascii	"Ringbuffer.c\000"
 1065      62756666 
 1065      65722E63 
 1065      00
 1066              	.LASF20:
 1067 02ce 52435F45 		.ascii	"RC_ERROR_BUFFER_FULL\000"
 1067      52524F52 
 1067      5F425546 
 1067      4645525F 
 1067      46554C4C 
 1068              	.LASF46:
 1069 02e3 6C6F6E67 		.ascii	"long double\000"
 1069      20646F75 
 1069      626C6500 
 1070              	.LASF47:
 1071 02ef 73697A65 		.ascii	"sizetype\000"
 1071      74797065 
 1071      00
 1072              	.LASF55:
 1073 02f8 66726565 		.ascii	"free\000"
 1073      00
 1074              	.LASF9:
 1075 02fd 6C6F6E67 		.ascii	"long long int\000"
 1075      206C6F6E 
 1075      6720696E 
 1075      7400
 1076              	.LASF11:
 1077 030b 63686172 		.ascii	"char\000"
 1077      00
 1078              	.LASF41:
 1079 0310 6D5F7369 		.ascii	"m_size\000"
 1079      7A6500
 1080              	.LASF44:
 1081 0317 6D5F6669 		.ascii	"m_fillLevel\000"
ARM GAS  C:\Users\MATEOC~1.QUE\AppData\Local\Temp\ccrRtPdg.s 			page 24


 1081      6C6C4C65 
 1081      76656C00 
 1082              	.LASF35:
 1083 0323 52435F45 		.ascii	"RC_ERROR_INVALID_STATE\000"
 1083      52524F52 
 1083      5F494E56 
 1083      414C4944 
 1083      5F535441 
 1084              	.LASF3:
 1085 033a 73686F72 		.ascii	"short int\000"
 1085      7420696E 
 1085      7400
 1086              	.LASF42:
 1087 0344 6D5F7265 		.ascii	"m_readIndex\000"
 1087      6164496E 
 1087      64657800 
 1088              	.LASF27:
 1089 0350 52435F45 		.ascii	"RC_ERROR_WRITE_ONLY\000"
 1089      52524F52 
 1089      5F575249 
 1089      54455F4F 
 1089      4E4C5900 
 1090              	.LASF59:
 1091 0364 433A5C55 		.ascii	"C:\\Users\\Mateo C. Querol\\OneDrive\\University\\D"
 1091      73657273 
 1091      5C4D6174 
 1091      656F2043 
 1091      2E205175 
 1092 0392 61726D73 		.ascii	"armstadt\\Advanced Microcontroller Systems and Embe"
 1092      74616474 
 1092      5C416476 
 1092      616E6365 
 1092      64204D69 
 1093 03c4 64646564 		.ascii	"dded Operating systems\\Embedded Operating Systems\\"
 1093      204F7065 
 1093      72617469 
 1093      6E672073 
 1093      79737465 
 1094 03f6 576F726B 		.ascii	"Workbook\\JSONParser.cydsn\000"
 1094      626F6F6B 
 1094      5C4A534F 
 1094      4E506172 
 1094      7365722E 
 1095              	.LASF48:
 1096 0410 72696E67 		.ascii	"ringbuffer_deinit\000"
 1096      62756666 
 1096      65725F64 
 1096      65696E69 
 1096      7400
 1097              	.LASF5:
 1098 0422 6C6F6E67 		.ascii	"long int\000"
 1098      20696E74 
 1098      00
 1099              	.LASF52:
 1100 042b 72696E67 		.ascii	"ringbuffer_clear\000"
 1100      62756666 
 1100      65725F63 
ARM GAS  C:\Users\MATEOC~1.QUE\AppData\Local\Temp\ccrRtPdg.s 			page 25


 1100      6C656172 
 1100      00
 1101              	.LASF26:
 1102 043c 52435F45 		.ascii	"RC_ERROR_READ_ONLY\000"
 1102      52524F52 
 1102      5F524541 
 1102      445F4F4E 
 1102      4C5900
 1103              	.LASF1:
 1104 044f 7369676E 		.ascii	"signed char\000"
 1104      65642063 
 1104      68617200 
 1105              	.LASF24:
 1106 045b 52435F45 		.ascii	"RC_ERROR_OPEN\000"
 1106      52524F52 
 1106      5F4F5045 
 1106      4E00
 1107              	.LASF56:
 1108 0469 6D616C6C 		.ascii	"malloc\000"
 1108      6F6300
 1109              	.LASF17:
 1110 0470 52435F45 		.ascii	"RC_ERROR_RANGE\000"
 1110      52524F52 
 1110      5F52414E 
 1110      474500
 1111              		.ident	"GCC: (GNU Tools for ARM Embedded Processors) 5.4.1 20160609 (release) [ARM/embedded-5-bran
