#***************************************************************************

#sjplacer

#Version:            1.1

#Build Date:         Sep  9 2019 11:47:43

#File Generated:     Jul 24 2023 18:48:07

#Purpose:            

#Copyright (C) 2010-2011 by Softjin Technologies Pvt Ltd. All rights reserved.

#***************************************************************************

Executing : C:\Program Files (x86)\Cypress\PSoC Creator\4.4\PSoC Creator\bin/sjplacer.exe --proj-name JSONParser --netlist-vh2 JSONParser_p.vh2 --arch p35_udb4x6 --arch-file C:\Program Files (x86)\Cypress\PSoC Creator\4.4\PSoC Creator\dev\arch/udbdsi_4x6_24.cydata --ip-file C:\Program Files (x86)\Cypress\PSoC Creator\4.4\PSoC Creator\dev\psoc5/psoc5lp/ip_blocks.cydata --rrg-file C:\Program Files (x86)\Cypress\PSoC Creator\4.4\PSoC Creator\dev\psoc5/psoc5lp/route_arch-rrg.cydata --irq-file C:\Program Files (x86)\Cypress\PSoC Creator\4.4\PSoC Creator\dev\psoc5/psoc5lp/irqconn.cydata --drq-file C:\Program Files (x86)\Cypress\PSoC Creator\4.4\PSoC Creator\dev\psoc5/psoc5lp/dmaconn.cydata --dsi-conn-file C:\Program Files (x86)\Cypress\PSoC Creator\4.4\PSoC Creator\dev\psoc5/psoc5lp/dsiconn.cydata --pins-file pins_68-QFN.xml --lib-file JSONParser_p.lib --sdc-file JSONParser.sdc --io-pcf JSONParser.pci --outdir .

		Softjin Techologies Placer, Version 1.1

Build Date : Sep  9 2019	11:45:12

D2004: Option and Settings Summary
=============================================================
Netlist vh2 file          - JSONParser_p.vh2
Architecture file         - C:\Program Files (x86)\Cypress\PSoC Creator\4.4\PSoC Creator\dev\arch/udbdsi_4x6_24.cydata
Package                   - 
Defparam file             - 
SDC file                  - JSONParser.sdc
Output directory          - .
Timing library            - JSONParser_p.lib
IO Placement file         - JSONParser.pci

D2050: Starting reading inputs for placer
=============================================================
D2065: Reading netlist file : "JSONParser_p.vh2"
D2065: Reading arch file : "C:\Program Files (x86)\Cypress\PSoC Creator\4.4\PSoC Creator\dev\arch/udbdsi_4x6_24.cydata"
D2051: Reading of inputs for placer completed successfully

D2053: Starting placement of the design
=============================================================

Phase 2
Phase 3

Design Statistics after Packing
    Number of Combinational MCs 	:	17
    Number of Sequential MCs    	:	104
    Number of DPs               	:	10
    Number of Controls          	:	8
    Number of Status            	:	5
    Number of SyncCells         	:	2
    Number of count7cells       	:	3

Device Utilization Summary after Packing
    Macrocells                  :	121/192
    UDBS                        :	23/24
    IOs                         :	31/72


D2088: Phase 3, elapsed time : 0.0 (sec)

Phase 4
D2088: Phase 4, elapsed time : 0.0 (sec)

Phase 5
D2088: Phase 5, elapsed time : 0.0 (sec)

Phase 6

######################################################################
Placement Timing Summary

The timing summary is based on estimated routing delays after
placement. For final timing report, please carry out the timing
analysis after routing.
======================================================================

######################################################################
                     Clock Summary 
======================================================================
Number of clocks: 12
Clock: CLK_LED              | Frequency: N/A       | Target:   0.0 MHz
Clock: CLK_LED(fixed-function) | Frequency: N/A       | Target:   0.0 MHz
Clock: CyBUS_CLK            | Frequency:  62.1 MHz | Target:  72.0 MHz
Clock: CyILO                | Frequency: N/A       | Target:   0.1 MHz
Clock: CyIMO                | Frequency: N/A       | Target:  24.0 MHz
Clock: CyMASTER_CLK         | Frequency: N/A       | Target:  72.0 MHz
Clock: CyPLL_OUT            | Frequency: N/A       | Target:  72.0 MHz
Clock: JOYSTICK_ADC_XY_IntClock | Frequency:  30.4 MHz | Target:   1.6 MHz
Clock: JOYSTICK_ADC_XY_IntClock(routed) | Frequency: N/A       | Target:   1.6 MHz
Clock: PWM_Clock            | Frequency:  61.7 MHz | Target:   8.0 MHz
Clock: TFT_SPI_IntClock     | Frequency:  65.0 MHz | Target:  72.0 MHz
Clock: UART_LOG_IntClock    | Frequency:  52.1 MHz | Target:   0.9 MHz

======================================================================
                     End of Clock Summary
######################################################################

D2088: Phase 6, elapsed time : 0.1 (sec)

Phase 7
######################################################################
                     Clock Summary 
======================================================================
Number of clocks: 12
Clock: CLK_LED              | Frequency: N/A       | Target:   0.0 MHz
Clock: CLK_LED(fixed-function) | Frequency: N/A       | Target:   0.0 MHz
Clock: CyBUS_CLK            | Frequency:  62.1 MHz | Target:  72.0 MHz
Clock: CyILO                | Frequency: N/A       | Target:   0.1 MHz
Clock: CyIMO                | Frequency: N/A       | Target:  24.0 MHz
Clock: CyMASTER_CLK         | Frequency: N/A       | Target:  72.0 MHz
Clock: CyPLL_OUT            | Frequency: N/A       | Target:  72.0 MHz
Clock: JOYSTICK_ADC_XY_IntClock | Frequency:  29.4 MHz | Target:   1.6 MHz
Clock: JOYSTICK_ADC_XY_IntClock(routed) | Frequency: N/A       | Target:   1.6 MHz
Clock: PWM_Clock            | Frequency:  61.7 MHz | Target:   8.0 MHz
Clock: TFT_SPI_IntClock     | Frequency:  67.4 MHz | Target:  72.0 MHz
Clock: UART_LOG_IntClock    | Frequency:  52.1 MHz | Target:   0.9 MHz

======================================================================
                     End of Clock Summary
######################################################################
D2088: Phase 7, elapsed time : 2.8 (sec)

Final Design Statistics
    Number of Combinational MCs 	:	17
    Number of Sequential MCs    	:	104
    Number of DPs               	:	10
    Number of Controls          	:	8
    Number of Status            	:	5
    Number of SyncCells         	:	2
    Number of count7cells       	:	3
    Number of IOs       	:	31

Device Utilization Summary
    Macrocells                  :	121/192
    IOs                         :	31/72



######################################################################
Placement Timing Summary

The timing summary is based on estimated routing delays after
placement. For final timing report, please carry out the timing
analysis after routing.
======================================================================


######################################################################
                     Clock Summary 
======================================================================
Number of clocks: 12
Clock: CLK_LED              | Frequency: N/A       | Target:   0.0 MHz
Clock: CLK_LED(fixed-function) | Frequency: N/A       | Target:   0.0 MHz
Clock: CyBUS_CLK            | Frequency:  62.1 MHz | Target:  72.0 MHz
Clock: CyILO                | Frequency: N/A       | Target:   0.1 MHz
Clock: CyIMO                | Frequency: N/A       | Target:  24.0 MHz
Clock: CyMASTER_CLK         | Frequency: N/A       | Target:  72.0 MHz
Clock: CyPLL_OUT            | Frequency: N/A       | Target:  72.0 MHz
Clock: JOYSTICK_ADC_XY_IntClock | Frequency:  27.8 MHz | Target:   1.6 MHz
Clock: JOYSTICK_ADC_XY_IntClock(routed) | Frequency: N/A       | Target:   1.6 MHz
Clock: PWM_Clock            | Frequency:  61.7 MHz | Target:   8.0 MHz
Clock: TFT_SPI_IntClock     | Frequency:  67.4 MHz | Target:  72.0 MHz
Clock: UART_LOG_IntClock    | Frequency:  51.4 MHz | Target:   0.9 MHz

======================================================================
                     End of Clock Summary
######################################################################

Phase 8
D2088: Phase 8, elapsed time : 0.0 (sec)

D2054: Placement of the design completed successfully

I2076: Total run-time: 3.6 sec.

