ARM GAS  C:\Users\robom\AppData\Local\Temp\ccEUwPMY.s 			page 1


   1              		.syntax unified
   2              		.cpu cortex-m3
   3              		.fpu softvfp
   4              		.eabi_attribute 20, 1
   5              		.eabi_attribute 21, 1
   6              		.eabi_attribute 23, 3
   7              		.eabi_attribute 24, 1
   8              		.eabi_attribute 25, 1
   9              		.eabi_attribute 26, 1
  10              		.eabi_attribute 30, 1
  11              		.eabi_attribute 34, 1
  12              		.eabi_attribute 18, 4
  13              		.thumb
  14              		.syntax unified
  15              		.file	"ErikaOS_1_eecfg.c"
  16              		.text
  17              	.Ltext0:
  18              		.cfi_sections	.debug_frame
  19              		.global	EE_oo_autostart_task_data
  20              		.comm	EE_ApplicationMode,4,4
  21              		.global	EE_oo_action_ROM
  22              		.comm	EE_oo_counter_object_RAM,48,4
  23              		.global	EE_oo_counter_object_ROM
  24              		.global	EE_ALARM_ID
  25              		.global	EE_ALARM_NAME
  26              		.global	EE_alarm_ROM
  27              		.global	EE_counter_RAM
  28              		.global	EE_counter_ROM
  29              		.global	EE_th_is_extended
  30              		.global	EE_th_waswaiting
  31              		.global	EE_th_event_waitmask
  32              		.global	EE_th_event_active
  33              		.global	EE_th_terminate_nextask
  34              		.global	EE_rq_free
  35              		.comm	EE_rq_pairs_tid,16,4
  36              		.global	EE_rq_pairs_next
  37              		.global	EE_rq_link
  38              		.global	EE_th_rnact_max
  39              		.global	EE_th_rnact
  40              		.global	EE_rq_bitmask
  41              		.global	EE_rq_queues_tail
  42              		.global	EE_rq_queues_head
  43              		.global	EE_sys_ceiling
  44              		.global	EE_stkfirst
  45              		.global	EE_th_next
  46              		.global	EE_th_status
  47              		.global	EE_th_dispatch_prio
  48              		.global	EE_EVENT_ID
  49              		.global	EE_EVENT_NAME
  50              		.global	EE_TASK_NAME
  51              		.global	EE_th_ready_prio
  52              		.global	EE_terminate_real_th_body
  53              		.comm	EE_terminate_data,16,4
  54              		.global	EE_hal_thread_body
  55              		.global	EE_cortex_mx_IRQ_tos
  56              		.global	EE_cortex_mx_active_tos
  57              		.global	EE_cortex_mx_system_tos
ARM GAS  C:\Users\robom\AppData\Local\Temp\ccEUwPMY.s 			page 2


  58              		.global	EE_std_thread_tos
  59              		.comm	EE_cortex_mx_stack_9,512,4
  60              		.comm	EE_cortex_mx_stack_4,200,4
  61              		.comm	EE_cortex_mx_stack_3,1000,4
  62              		.section	.rodata
  63              		.align	2
  64              		.type	EE_oo_autostart_task_data, %object
  65              		.size	EE_oo_autostart_task_data, 8
  66              	EE_oo_autostart_task_data:
  67 0000 01000000 		.word	1
  68 0004 08000000 		.word	EE_oo_autostart_task_mode_OSDEFAULTAPPMODE
  69              		.type	EE_oo_autostart_task_mode_OSDEFAULTAPPMODE, %object
  70              		.size	EE_oo_autostart_task_mode_OSDEFAULTAPPMODE, 4
  71              	EE_oo_autostart_task_mode_OSDEFAULTAPPMODE:
  72 0008 00000000 		.space	4
  73              		.type	EE_oo_action_ROM, %object
  74              		.size	EE_oo_action_ROM, 60
  75              	EE_oo_action_ROM:
  76 000c 01       		.byte	1
  77 000d 000000   		.space	3
  78 0010 02000000 		.word	2
  79 0014 04000000 		.word	4
  80 0018 00000000 		.word	0
  81 001c FFFFFFFF 		.word	-1
  82 0020 00       		.byte	0
  83 0021 000000   		.space	3
  84 0024 02000000 		.word	2
  85 0028 00000000 		.word	0
  86 002c 00000000 		.word	0
  87 0030 FFFFFFFF 		.word	-1
  88 0034 00       		.byte	0
  89 0035 000000   		.space	3
  90 0038 03000000 		.word	3
  91 003c 00000000 		.word	0
  92 0040 00000000 		.word	0
  93 0044 FFFFFFFF 		.word	-1
  94              		.type	EE_oo_counter_object_ROM, %object
  95              		.size	EE_oo_counter_object_ROM, 36
  96              	EE_oo_counter_object_ROM:
  97 0048 00000000 		.word	0
  98 004c 00000000 		.word	0
  99 0050 00       		.byte	0
 100 0051 000000   		.space	3
 101 0054 00000000 		.word	0
 102 0058 01000000 		.word	1
 103 005c 00       		.byte	0
 104 005d 000000   		.space	3
 105 0060 00000000 		.word	0
 106 0064 02000000 		.word	2
 107 0068 00       		.byte	0
 108 0069 000000   		.space	3
 109              		.type	EE_ALARM_ID, %object
 110              		.size	EE_ALARM_ID, 12
 111              	EE_ALARM_ID:
 112 006c 00000000 		.word	0
 113 0070 01000000 		.word	1
 114 0074 02000000 		.word	2
ARM GAS  C:\Users\robom\AppData\Local\Temp\ccEUwPMY.s 			page 3


 115              		.type	EE_alarm_ROM, %object
 116              		.size	EE_alarm_ROM, 12
 117              	EE_alarm_ROM:
 118 0078 00000000 		.word	0
 119 007c 01000000 		.word	1
 120 0080 02000000 		.word	2
 121              		.type	EE_counter_ROM, %object
 122              		.size	EE_counter_ROM, 12
 123              	EE_counter_ROM:
 124 0084 10270000 		.word	10000
 125 0088 01000000 		.word	1
 126 008c 00000000 		.word	0
 127              		.type	EE_th_is_extended, %object
 128              		.size	EE_th_is_extended, 16
 129              	EE_th_is_extended:
 130 0090 00000000 		.word	0
 131 0094 00000000 		.word	0
 132 0098 01000000 		.word	1
 133 009c 01000000 		.word	1
 134              		.type	EE_th_rnact_max, %object
 135              		.size	EE_th_rnact_max, 16
 136              	EE_th_rnact_max:
 137 00a0 01000000 		.word	1
 138 00a4 01000000 		.word	1
 139 00a8 01000000 		.word	1
 140 00ac 01000000 		.word	1
 141              		.type	EE_th_dispatch_prio, %object
 142              		.size	EE_th_dispatch_prio, 16
 143              	EE_th_dispatch_prio:
 144 00b0 80000000 		.word	128
 145 00b4 01000000 		.word	1
 146 00b8 10000000 		.word	16
 147 00bc 02000000 		.word	2
 148              		.type	EE_EVENT_ID, %object
 149              		.size	EE_EVENT_ID, 12
 150              	EE_EVENT_ID:
 151 00c0 01000000 		.word	1
 152 00c4 02000000 		.word	2
 153 00c8 04000000 		.word	4
 154              		.type	EE_th_ready_prio, %object
 155              		.size	EE_th_ready_prio, 16
 156              	EE_th_ready_prio:
 157 00cc 01000000 		.word	1
 158 00d0 01000000 		.word	1
 159 00d4 10000000 		.word	16
 160 00d8 02000000 		.word	2
 161              		.type	EE_terminate_real_th_body, %object
 162              		.size	EE_terminate_real_th_body, 16
 163              	EE_terminate_real_th_body:
 164 00dc 00000000 		.word	Functsk_init
 165 00e0 00000000 		.word	Functsk_background
 166 00e4 00000000 		.word	Functsk_logic
 167 00e8 00000000 		.word	Functsk_timer
 168              		.type	EE_hal_thread_body, %object
 169              		.size	EE_hal_thread_body, 16
 170              	EE_hal_thread_body:
 171 00ec 00000000 		.word	EE_oo_thread_stub
ARM GAS  C:\Users\robom\AppData\Local\Temp\ccEUwPMY.s 			page 4


 172 00f0 00000000 		.word	EE_oo_thread_stub
 173 00f4 00000000 		.word	EE_oo_thread_stub
 174 00f8 00000000 		.word	EE_oo_thread_stub
 175              		.type	EE_std_thread_tos, %object
 176              		.size	EE_std_thread_tos, 20
 177              	EE_std_thread_tos:
 178 00fc 00000000 		.word	0
 179 0100 00000000 		.word	0
 180 0104 00000000 		.word	0
 181 0108 01000000 		.word	1
 182 010c 02000000 		.word	2
 183              		.data
 184              		.align	2
 185              		.type	EE_ALARM_NAME, %object
 186              		.size	EE_ALARM_NAME, 12
 187              	EE_ALARM_NAME:
 188 0000 00000000 		.word	.LC0
 189 0004 10000000 		.word	.LC1
 190 0008 1C000000 		.word	.LC2
 191              		.type	EE_counter_RAM, %object
 192              		.size	EE_counter_RAM, 8
 193              	EE_counter_RAM:
 194 000c 00000000 		.word	0
 195 0010 FFFFFFFF 		.word	-1
 196              		.type	EE_th_terminate_nextask, %object
 197              		.size	EE_th_terminate_nextask, 16
 198              	EE_th_terminate_nextask:
 199 0014 FFFFFFFF 		.word	-1
 200 0018 FFFFFFFF 		.word	-1
 201 001c FFFFFFFF 		.word	-1
 202 0020 FFFFFFFF 		.word	-1
 203              		.type	EE_rq_pairs_next, %object
 204              		.size	EE_rq_pairs_next, 16
 205              	EE_rq_pairs_next:
 206 0024 01000000 		.word	1
 207 0028 02000000 		.word	2
 208 002c 03000000 		.word	3
 209 0030 FFFFFFFF 		.word	-1
 210              		.type	EE_rq_link, %object
 211              		.size	EE_rq_link, 16
 212              	EE_rq_link:
 213 0034 00000000 		.word	0
 214 0038 00000000 		.word	0
 215 003c 04000000 		.word	4
 216 0040 01000000 		.word	1
 217              		.type	EE_th_rnact, %object
 218              		.size	EE_th_rnact, 16
 219              	EE_th_rnact:
 220 0044 01000000 		.word	1
 221 0048 01000000 		.word	1
 222 004c 01000000 		.word	1
 223 0050 01000000 		.word	1
 224              		.type	EE_rq_queues_tail, %object
 225              		.size	EE_rq_queues_tail, 64
 226              	EE_rq_queues_tail:
 227 0054 FFFFFFFF 		.word	-1
 228 0058 FFFFFFFF 		.word	-1
ARM GAS  C:\Users\robom\AppData\Local\Temp\ccEUwPMY.s 			page 5


 229 005c FFFFFFFF 		.word	-1
 230 0060 FFFFFFFF 		.word	-1
 231 0064 FFFFFFFF 		.word	-1
 232 0068 FFFFFFFF 		.word	-1
 233 006c FFFFFFFF 		.word	-1
 234 0070 FFFFFFFF 		.word	-1
 235 0074 FFFFFFFF 		.word	-1
 236 0078 FFFFFFFF 		.word	-1
 237 007c FFFFFFFF 		.word	-1
 238 0080 FFFFFFFF 		.word	-1
 239 0084 FFFFFFFF 		.word	-1
 240 0088 FFFFFFFF 		.word	-1
 241 008c FFFFFFFF 		.word	-1
 242 0090 FFFFFFFF 		.word	-1
 243              		.type	EE_rq_queues_head, %object
 244              		.size	EE_rq_queues_head, 64
 245              	EE_rq_queues_head:
 246 0094 FFFFFFFF 		.word	-1
 247 0098 FFFFFFFF 		.word	-1
 248 009c FFFFFFFF 		.word	-1
 249 00a0 FFFFFFFF 		.word	-1
 250 00a4 FFFFFFFF 		.word	-1
 251 00a8 FFFFFFFF 		.word	-1
 252 00ac FFFFFFFF 		.word	-1
 253 00b0 FFFFFFFF 		.word	-1
 254 00b4 FFFFFFFF 		.word	-1
 255 00b8 FFFFFFFF 		.word	-1
 256 00bc FFFFFFFF 		.word	-1
 257 00c0 FFFFFFFF 		.word	-1
 258 00c4 FFFFFFFF 		.word	-1
 259 00c8 FFFFFFFF 		.word	-1
 260 00cc FFFFFFFF 		.word	-1
 261 00d0 FFFFFFFF 		.word	-1
 262              		.type	EE_stkfirst, %object
 263              		.size	EE_stkfirst, 4
 264              	EE_stkfirst:
 265 00d4 FFFFFFFF 		.word	-1
 266              		.type	EE_th_next, %object
 267              		.size	EE_th_next, 16
 268              	EE_th_next:
 269 00d8 FFFFFFFF 		.word	-1
 270 00dc FFFFFFFF 		.word	-1
 271 00e0 FFFFFFFF 		.word	-1
 272 00e4 FFFFFFFF 		.word	-1
 273              		.type	EE_th_status, %object
 274              		.size	EE_th_status, 16
 275              	EE_th_status:
 276 00e8 03000000 		.word	3
 277 00ec 03000000 		.word	3
 278 00f0 03000000 		.word	3
 279 00f4 03000000 		.word	3
 280              		.type	EE_EVENT_NAME, %object
 281              		.size	EE_EVENT_NAME, 12
 282              	EE_EVENT_NAME:
 283 00f8 30000000 		.word	.LC3
 284 00fc 3C000000 		.word	.LC4
 285 0100 48000000 		.word	.LC5
ARM GAS  C:\Users\robom\AppData\Local\Temp\ccEUwPMY.s 			page 6


 286              		.type	EE_TASK_NAME, %object
 287              		.size	EE_TASK_NAME, 16
 288              	EE_TASK_NAME:
 289 0104 54000000 		.word	.LC6
 290 0108 60000000 		.word	.LC7
 291 010c 70000000 		.word	.LC8
 292 0110 7C000000 		.word	.LC9
 293              		.type	EE_cortex_mx_IRQ_tos, %object
 294              		.size	EE_cortex_mx_IRQ_tos, 4
 295              	EE_cortex_mx_IRQ_tos:
 296 0114 00020000 		.word	EE_cortex_mx_stack_9+512
 297              		.type	EE_cortex_mx_system_tos, %object
 298              		.size	EE_cortex_mx_system_tos, 12
 299              	EE_cortex_mx_system_tos:
 300 0118 00000000 		.word	0
 301 011c C0030000 		.word	EE_cortex_mx_stack_3+960
 302 0120 A0000000 		.word	EE_cortex_mx_stack_4+160
 303              		.section	.rodata.str1.4,"aMS",%progbits,1
 304              		.align	2
 305              	.LC0:
 306 0000 616C726D 		.ascii	"alrm_randTime\000"
 306      5F72616E 
 306      6454696D 
 306      6500
 307 000e 0000     		.space	2
 308              	.LC1:
 309 0010 616C726D 		.ascii	"alrm_1000ms\000"
 309      5F313030 
 309      306D7300 
 310              	.LC2:
 311 001c 616C726D 		.ascii	"alrm_measureTime\000"
 311      5F6D6561 
 311      73757265 
 311      54696D65 
 311      00
 312 002d 000000   		.space	3
 313              	.LC3:
 314 0030 65765F62 		.ascii	"ev_button\000"
 314      7574746F 
 314      6E00
 315 003a 0000     		.space	2
 316              	.LC4:
 317 003c 65765F74 		.ascii	"ev_timeout\000"
 317      696D656F 
 317      757400
 318 0047 00       		.space	1
 319              	.LC5:
 320 0048 65765F72 		.ascii	"ev_randTime\000"
 320      616E6454 
 320      696D6500 
 321              	.LC6:
 322 0054 74736B5F 		.ascii	"tsk_init\000"
 322      696E6974 
 322      00
 323 005d 000000   		.space	3
 324              	.LC7:
 325 0060 74736B5F 		.ascii	"tsk_background\000"
ARM GAS  C:\Users\robom\AppData\Local\Temp\ccEUwPMY.s 			page 7


 325      6261636B 
 325      67726F75 
 325      6E6400
 326 006f 00       		.space	1
 327              	.LC8:
 328 0070 74736B5F 		.ascii	"tsk_logic\000"
 328      6C6F6769 
 328      6300
 329 007a 0000     		.space	2
 330              	.LC9:
 331 007c 74736B5F 		.ascii	"tsk_timer\000"
 331      74696D65 
 331      7200
 332              		.bss
 333              		.align	2
 334              		.type	EE_th_waswaiting, %object
 335              		.size	EE_th_waswaiting, 16
 336              	EE_th_waswaiting:
 337 0000 00000000 		.space	16
 337      00000000 
 337      00000000 
 337      00000000 
 338              		.type	EE_th_event_waitmask, %object
 339              		.size	EE_th_event_waitmask, 16
 340              	EE_th_event_waitmask:
 341 0010 00000000 		.space	16
 341      00000000 
 341      00000000 
 341      00000000 
 342              		.type	EE_th_event_active, %object
 343              		.size	EE_th_event_active, 16
 344              	EE_th_event_active:
 345 0020 00000000 		.space	16
 345      00000000 
 345      00000000 
 345      00000000 
 346              		.type	EE_rq_free, %object
 347              		.size	EE_rq_free, 4
 348              	EE_rq_free:
 349 0030 00000000 		.space	4
 350              		.type	EE_rq_bitmask, %object
 351              		.size	EE_rq_bitmask, 2
 352              	EE_rq_bitmask:
 353 0034 0000     		.space	2
 354 0036 0000     		.space	2
 355              		.type	EE_sys_ceiling, %object
 356              		.size	EE_sys_ceiling, 4
 357              	EE_sys_ceiling:
 358 0038 00000000 		.space	4
 359              		.type	EE_cortex_mx_active_tos, %object
 360              		.size	EE_cortex_mx_active_tos, 4
 361              	EE_cortex_mx_active_tos:
 362 003c 00000000 		.space	4
 363              		.text
 364              	.Letext0:
 365              		.file 1 "Generated_Source\\PSoC5\\ErikaOS_1_common_ee_types.inc"
 366              		.file 2 "Generated_Source\\PSoC5\\ErikaOS_1_cortex_mx_ee_cpu.inc"
ARM GAS  C:\Users\robom\AppData\Local\Temp\ccEUwPMY.s 			page 8


 367              		.file 3 "Generated_Source\\PSoC5\\ErikaOS_1_ee_oo_common.inc"
 368              		.file 4 "Generated_Source\\PSoC5\\ErikaOS_1_common_ee_hal_structs.inc"
 369              		.file 5 "Generated_Source\\PSoC5\\ErikaOS_1_eecfg.c"
 370              		.file 6 "Generated_Source\\PSoC5\\ErikaOS_1_ee_oo_intfunc.inc"
 371              		.file 7 "Generated_Source\\PSoC5\\ErikaOS_1_cortex_mx_ee_context.inc"
 372              		.file 8 "Generated_Source\\PSoC5\\ErikaOS_1_common_ee_primitives.inc"
 373              		.section	.debug_info,"",%progbits
 374              	.Ldebug_info0:
 375 0000 B3080000 		.4byte	0x8b3
 376 0004 0400     		.2byte	0x4
 377 0006 00000000 		.4byte	.Ldebug_abbrev0
 378 000a 04       		.byte	0x4
 379 000b 01       		.uleb128 0x1
 380 000c FC040000 		.4byte	.LASF113
 381 0010 0C       		.byte	0xc
 382 0011 B6070000 		.4byte	.LASF114
 383 0015 B6050000 		.4byte	.LASF115
 384 0019 00000000 		.4byte	.Ldebug_line0
 385 001d 02       		.uleb128 0x2
 386 001e 01       		.byte	0x1
 387 001f 06       		.byte	0x6
 388 0020 0F010000 		.4byte	.LASF0
 389 0024 02       		.uleb128 0x2
 390 0025 01       		.byte	0x1
 391 0026 08       		.byte	0x8
 392 0027 5F040000 		.4byte	.LASF1
 393 002b 02       		.uleb128 0x2
 394 002c 02       		.byte	0x2
 395 002d 05       		.byte	0x5
 396 002e A4040000 		.4byte	.LASF2
 397 0032 02       		.uleb128 0x2
 398 0033 02       		.byte	0x2
 399 0034 07       		.byte	0x7
 400 0035 7E020000 		.4byte	.LASF3
 401 0039 02       		.uleb128 0x2
 402 003a 04       		.byte	0x4
 403 003b 05       		.byte	0x5
 404 003c 96010000 		.4byte	.LASF4
 405 0040 02       		.uleb128 0x2
 406 0041 04       		.byte	0x4
 407 0042 07       		.byte	0x7
 408 0043 3C020000 		.4byte	.LASF5
 409 0047 02       		.uleb128 0x2
 410 0048 08       		.byte	0x8
 411 0049 05       		.byte	0x5
 412 004a 01010000 		.4byte	.LASF6
 413 004e 02       		.uleb128 0x2
 414 004f 08       		.byte	0x8
 415 0050 07       		.byte	0x7
 416 0051 5E000000 		.4byte	.LASF7
 417 0055 03       		.uleb128 0x3
 418 0056 04       		.byte	0x4
 419 0057 05       		.byte	0x5
 420 0058 696E7400 		.ascii	"int\000"
 421 005c 02       		.uleb128 0x2
 422 005d 04       		.byte	0x4
 423 005e 07       		.byte	0x7
ARM GAS  C:\Users\robom\AppData\Local\Temp\ccEUwPMY.s 			page 9


 424 005f 04020000 		.4byte	.LASF8
 425 0063 02       		.uleb128 0x2
 426 0064 08       		.byte	0x8
 427 0065 04       		.byte	0x4
 428 0066 A6030000 		.4byte	.LASF9
 429 006a 04       		.uleb128 0x4
 430 006b 2C040000 		.4byte	.LASF10
 431 006f 01       		.byte	0x1
 432 0070 52       		.byte	0x52
 433 0071 32000000 		.4byte	0x32
 434 0075 04       		.uleb128 0x4
 435 0076 9B070000 		.4byte	.LASF11
 436 007a 01       		.byte	0x1
 437 007b 53       		.byte	0x53
 438 007c 55000000 		.4byte	0x55
 439 0080 04       		.uleb128 0x4
 440 0081 91070000 		.4byte	.LASF12
 441 0085 01       		.byte	0x1
 442 0086 54       		.byte	0x54
 443 0087 5C000000 		.4byte	0x5c
 444 008b 04       		.uleb128 0x4
 445 008c 0F080000 		.4byte	.LASF13
 446 0090 01       		.byte	0x1
 447 0091 64       		.byte	0x64
 448 0092 96000000 		.4byte	0x96
 449 0096 05       		.uleb128 0x5
 450 0097 04       		.byte	0x4
 451 0098 06       		.uleb128 0x6
 452 0099 04       		.byte	0x4
 453 009a 9E000000 		.4byte	0x9e
 454 009e 07       		.uleb128 0x7
 455 009f 04       		.uleb128 0x4
 456 00a0 29030000 		.4byte	.LASF14
 457 00a4 01       		.byte	0x1
 458 00a5 70       		.byte	0x70
 459 00a6 98000000 		.4byte	0x98
 460 00aa 04       		.uleb128 0x4
 461 00ab 96050000 		.4byte	.LASF15
 462 00af 01       		.byte	0x1
 463 00b0 73       		.byte	0x73
 464 00b1 98000000 		.4byte	0x98
 465 00b5 04       		.uleb128 0x4
 466 00b6 11020000 		.4byte	.LASF16
 467 00ba 02       		.byte	0x2
 468 00bb 4D       		.byte	0x4d
 469 00bc 80000000 		.4byte	0x80
 470 00c0 04       		.uleb128 0x4
 471 00c1 CF030000 		.4byte	.LASF17
 472 00c5 02       		.byte	0x2
 473 00c6 4E       		.byte	0x4e
 474 00c7 75000000 		.4byte	0x75
 475 00cb 04       		.uleb128 0x4
 476 00cc 29080000 		.4byte	.LASF18
 477 00d0 02       		.byte	0x2
 478 00d1 4F       		.byte	0x4f
 479 00d2 80000000 		.4byte	0x80
 480 00d6 04       		.uleb128 0x4
ARM GAS  C:\Users\robom\AppData\Local\Temp\ccEUwPMY.s 			page 10


 481 00d7 3D000000 		.4byte	.LASF19
 482 00db 02       		.byte	0x2
 483 00dc 54       		.byte	0x54
 484 00dd B5000000 		.4byte	0xb5
 485 00e1 04       		.uleb128 0x4
 486 00e2 F7010000 		.4byte	.LASF20
 487 00e6 02       		.byte	0x2
 488 00e7 78       		.byte	0x78
 489 00e8 75000000 		.4byte	0x75
 490 00ec 08       		.uleb128 0x8
 491 00ed B3000000 		.4byte	.LASF61
 492 00f1 04       		.byte	0x4
 493 00f2 04       		.byte	0x4
 494 00f3 4D       		.byte	0x4d
 495 00f4 05010000 		.4byte	0x105
 496 00f8 09       		.uleb128 0x9
 497 00f9 FB070000 		.4byte	.LASF28
 498 00fd 04       		.byte	0x4
 499 00fe 4E       		.byte	0x4e
 500 00ff 8B000000 		.4byte	0x8b
 501 0103 00       		.byte	0
 502 0104 00       		.byte	0
 503 0105 0A       		.uleb128 0xa
 504 0106 8D030000 		.4byte	.LASF21
 505 010a 03       		.byte	0x3
 506 010b 1101     		.2byte	0x111
 507 010d 6A000000 		.4byte	0x6a
 508 0111 0A       		.uleb128 0xa
 509 0112 AA000000 		.4byte	.LASF22
 510 0116 03       		.byte	0x3
 511 0117 F701     		.2byte	0x1f7
 512 0119 E1000000 		.4byte	0xe1
 513 011d 0A       		.uleb128 0xa
 514 011e 32010000 		.4byte	.LASF23
 515 0122 03       		.byte	0x3
 516 0123 2C02     		.2byte	0x22c
 517 0125 B5000000 		.4byte	0xb5
 518 0129 0A       		.uleb128 0xa
 519 012a 1D000000 		.4byte	.LASF24
 520 012e 03       		.byte	0x3
 521 012f 3502     		.2byte	0x235
 522 0131 B5000000 		.4byte	0xb5
 523 0135 0A       		.uleb128 0xa
 524 0136 85060000 		.4byte	.LASF25
 525 013a 03       		.byte	0x3
 526 013b 5D02     		.2byte	0x25d
 527 013d B5000000 		.4byte	0xb5
 528 0141 0A       		.uleb128 0xa
 529 0142 32000000 		.4byte	.LASF26
 530 0146 03       		.byte	0x3
 531 0147 6302     		.2byte	0x263
 532 0149 B5000000 		.4byte	0xb5
 533 014d 0A       		.uleb128 0xa
 534 014e 3A030000 		.4byte	.LASF27
 535 0152 03       		.byte	0x3
 536 0153 6C02     		.2byte	0x26c
 537 0155 B5000000 		.4byte	0xb5
ARM GAS  C:\Users\robom\AppData\Local\Temp\ccEUwPMY.s 			page 11


 538 0159 0B       		.uleb128 0xb
 539 015a 0C       		.byte	0xc
 540 015b 03       		.byte	0x3
 541 015c 7202     		.2byte	0x272
 542 015e 8A010000 		.4byte	0x18a
 543 0162 0C       		.uleb128 0xc
 544 0163 BA000000 		.4byte	.LASF29
 545 0167 03       		.byte	0x3
 546 0168 7302     		.2byte	0x273
 547 016a 29010000 		.4byte	0x129
 548 016e 00       		.byte	0
 549 016f 0C       		.uleb128 0xc
 550 0170 D7030000 		.4byte	.LASF30
 551 0174 03       		.byte	0x3
 552 0175 7402     		.2byte	0x274
 553 0177 29010000 		.4byte	0x129
 554 017b 04       		.byte	0x4
 555 017c 0C       		.uleb128 0xc
 556 017d EE010000 		.4byte	.LASF31
 557 0181 03       		.byte	0x3
 558 0182 7502     		.2byte	0x275
 559 0184 29010000 		.4byte	0x129
 560 0188 08       		.byte	0x8
 561 0189 00       		.byte	0
 562 018a 0A       		.uleb128 0xa
 563 018b E5040000 		.4byte	.LASF32
 564 018f 03       		.byte	0x3
 565 0190 7A02     		.2byte	0x27a
 566 0192 59010000 		.4byte	0x159
 567 0196 0B       		.uleb128 0xb
 568 0197 08       		.byte	0x8
 569 0198 03       		.byte	0x3
 570 0199 7D02     		.2byte	0x27d
 571 019b BA010000 		.4byte	0x1ba
 572 019f 0C       		.uleb128 0xc
 573 01a0 FE010000 		.4byte	.LASF33
 574 01a4 03       		.byte	0x3
 575 01a5 7E02     		.2byte	0x27e
 576 01a7 29010000 		.4byte	0x129
 577 01ab 00       		.byte	0
 578 01ac 0C       		.uleb128 0xc
 579 01ad 7F060000 		.4byte	.LASF34
 580 01b1 03       		.byte	0x3
 581 01b2 7F02     		.2byte	0x27f
 582 01b4 35010000 		.4byte	0x135
 583 01b8 04       		.byte	0x4
 584 01b9 00       		.byte	0
 585 01ba 0A       		.uleb128 0xa
 586 01bb 73010000 		.4byte	.LASF35
 587 01bf 03       		.byte	0x3
 588 01c0 8002     		.2byte	0x280
 589 01c2 96010000 		.4byte	0x196
 590 01c6 0D       		.uleb128 0xd
 591 01c7 01       		.byte	0x1
 592 01c8 24000000 		.4byte	0x24
 593 01cc 03       		.byte	0x3
 594 01cd 8A02     		.2byte	0x28a
ARM GAS  C:\Users\robom\AppData\Local\Temp\ccEUwPMY.s 			page 12


 595 01cf E0010000 		.4byte	0x1e0
 596 01d3 0E       		.uleb128 0xe
 597 01d4 6D040000 		.4byte	.LASF36
 598 01d8 00       		.byte	0
 599 01d9 0E       		.uleb128 0xe
 600 01da 36040000 		.4byte	.LASF37
 601 01de 01       		.byte	0x1
 602 01df 00       		.byte	0
 603 01e0 0A       		.uleb128 0xa
 604 01e1 A9020000 		.4byte	.LASF38
 605 01e5 03       		.byte	0x3
 606 01e6 8D02     		.2byte	0x28d
 607 01e8 C6010000 		.4byte	0x1c6
 608 01ec 0A       		.uleb128 0xa
 609 01ed D5020000 		.4byte	.LASF39
 610 01f1 03       		.byte	0x3
 611 01f2 9002     		.2byte	0x290
 612 01f4 E0010000 		.4byte	0x1e0
 613 01f8 0B       		.uleb128 0xb
 614 01f9 0C       		.byte	0xc
 615 01fa 03       		.byte	0x3
 616 01fb 9402     		.2byte	0x294
 617 01fd 27020000 		.4byte	0x227
 618 0201 0F       		.uleb128 0xf
 619 0202 6300     		.ascii	"c\000"
 620 0204 03       		.byte	0x3
 621 0205 9602     		.2byte	0x296
 622 0207 4D010000 		.4byte	0x14d
 623 020b 00       		.byte	0
 624 020c 0C       		.uleb128 0xc
 625 020d DC060000 		.4byte	.LASF40
 626 0211 03       		.byte	0x3
 627 0212 9802     		.2byte	0x298
 628 0214 35010000 		.4byte	0x135
 629 0218 04       		.byte	0x4
 630 0219 0C       		.uleb128 0xc
 631 021a 79020000 		.4byte	.LASF41
 632 021e 03       		.byte	0x3
 633 021f 9A02     		.2byte	0x29a
 634 0221 EC010000 		.4byte	0x1ec
 635 0225 08       		.byte	0x8
 636 0226 00       		.byte	0
 637 0227 0A       		.uleb128 0xa
 638 0228 7B000000 		.4byte	.LASF42
 639 022c 03       		.byte	0x3
 640 022d 9B02     		.2byte	0x29b
 641 022f F8010000 		.4byte	0x1f8
 642 0233 0B       		.uleb128 0xb
 643 0234 10       		.byte	0x10
 644 0235 03       		.byte	0x3
 645 0236 9F02     		.2byte	0x29f
 646 0238 71020000 		.4byte	0x271
 647 023c 0C       		.uleb128 0xc
 648 023d E4030000 		.4byte	.LASF43
 649 0241 03       		.byte	0x3
 650 0242 A002     		.2byte	0x2a0
 651 0244 D6000000 		.4byte	0xd6
ARM GAS  C:\Users\robom\AppData\Local\Temp\ccEUwPMY.s 			page 13


 652 0248 00       		.byte	0
 653 0249 0C       		.uleb128 0xc
 654 024a F2070000 		.4byte	.LASF44
 655 024e 03       		.byte	0x3
 656 024f A102     		.2byte	0x2a1
 657 0251 29010000 		.4byte	0x129
 658 0255 04       		.byte	0x4
 659 0256 0C       		.uleb128 0xc
 660 0257 75000000 		.4byte	.LASF45
 661 025b 03       		.byte	0x3
 662 025c A202     		.2byte	0x2a2
 663 025e 29010000 		.4byte	0x129
 664 0262 08       		.byte	0x8
 665 0263 0C       		.uleb128 0xc
 666 0264 00000000 		.4byte	.LASF46
 667 0268 03       		.byte	0x3
 668 0269 A302     		.2byte	0x2a3
 669 026b 35010000 		.4byte	0x135
 670 026f 0C       		.byte	0xc
 671 0270 00       		.byte	0
 672 0271 0A       		.uleb128 0xa
 673 0272 E9030000 		.4byte	.LASF47
 674 0276 03       		.byte	0x3
 675 0277 A402     		.2byte	0x2a4
 676 0279 33020000 		.4byte	0x233
 677 027d 0D       		.uleb128 0xd
 678 027e 01       		.byte	0x1
 679 027f 24000000 		.4byte	0x24
 680 0283 03       		.byte	0x3
 681 0284 A702     		.2byte	0x2a7
 682 0286 A3020000 		.4byte	0x2a3
 683 028a 0E       		.uleb128 0xe
 684 028b 9C060000 		.4byte	.LASF48
 685 028f 00       		.byte	0
 686 0290 0E       		.uleb128 0xe
 687 0291 E4060000 		.4byte	.LASF49
 688 0295 01       		.byte	0x1
 689 0296 0E       		.uleb128 0xe
 690 0297 BB060000 		.4byte	.LASF50
 691 029b 02       		.byte	0x2
 692 029c 0E       		.uleb128 0xe
 693 029d 5E060000 		.4byte	.LASF51
 694 02a1 03       		.byte	0x3
 695 02a2 00       		.byte	0
 696 02a3 0A       		.uleb128 0xa
 697 02a4 1B010000 		.4byte	.LASF52
 698 02a8 03       		.byte	0x3
 699 02a9 AC02     		.2byte	0x2ac
 700 02ab 7D020000 		.4byte	0x27d
 701 02af 0A       		.uleb128 0xa
 702 02b0 40070000 		.4byte	.LASF53
 703 02b4 03       		.byte	0x3
 704 02b5 AF02     		.2byte	0x2af
 705 02b7 A3020000 		.4byte	0x2a3
 706 02bb 0B       		.uleb128 0xb
 707 02bc 14       		.byte	0x14
 708 02bd 03       		.byte	0x3
ARM GAS  C:\Users\robom\AppData\Local\Temp\ccEUwPMY.s 			page 14


 709 02be B202     		.2byte	0x2b2
 710 02c0 04030000 		.4byte	0x304
 711 02c4 0C       		.uleb128 0xc
 712 02c5 16070000 		.4byte	.LASF54
 713 02c9 03       		.byte	0x3
 714 02ca B302     		.2byte	0x2b3
 715 02cc AF020000 		.4byte	0x2af
 716 02d0 00       		.byte	0
 717 02d1 0C       		.uleb128 0xc
 718 02d2 03080000 		.4byte	.LASF55
 719 02d6 03       		.byte	0x3
 720 02d7 B402     		.2byte	0x2b4
 721 02d9 11010000 		.4byte	0x111
 722 02dd 04       		.byte	0x4
 723 02de 0C       		.uleb128 0xc
 724 02df 8A050000 		.4byte	.LASF56
 725 02e3 03       		.byte	0x3
 726 02e4 B602     		.2byte	0x2b6
 727 02e6 1D010000 		.4byte	0x11d
 728 02ea 08       		.byte	0x8
 729 02eb 0F       		.uleb128 0xf
 730 02ec 6600     		.ascii	"f\000"
 731 02ee 03       		.byte	0x3
 732 02ef B802     		.2byte	0x2b8
 733 02f1 9F000000 		.4byte	0x9f
 734 02f5 0C       		.byte	0xc
 735 02f6 0C       		.uleb128 0xc
 736 02f7 9B040000 		.4byte	.LASF57
 737 02fb 03       		.byte	0x3
 738 02fc BA02     		.2byte	0x2ba
 739 02fe 4D010000 		.4byte	0x14d
 740 0302 10       		.byte	0x10
 741 0303 00       		.byte	0
 742 0304 0A       		.uleb128 0xa
 743 0305 16040000 		.4byte	.LASF58
 744 0309 03       		.byte	0x3
 745 030a BB02     		.2byte	0x2bb
 746 030c BB020000 		.4byte	0x2bb
 747 0310 0B       		.uleb128 0xb
 748 0311 04       		.byte	0x4
 749 0312 03       		.byte	0x3
 750 0313 BD02     		.2byte	0x2bd
 751 0315 27030000 		.4byte	0x327
 752 0319 0C       		.uleb128 0xc
 753 031a 5F030000 		.4byte	.LASF59
 754 031e 03       		.byte	0x3
 755 031f BF02     		.2byte	0x2bf
 756 0321 41010000 		.4byte	0x141
 757 0325 00       		.byte	0
 758 0326 00       		.byte	0
 759 0327 0A       		.uleb128 0xa
 760 0328 19020000 		.4byte	.LASF60
 761 032c 03       		.byte	0x3
 762 032d C402     		.2byte	0x2c4
 763 032f 10030000 		.4byte	0x310
 764 0333 10       		.uleb128 0x10
 765 0334 5F020000 		.4byte	.LASF62
ARM GAS  C:\Users\robom\AppData\Local\Temp\ccEUwPMY.s 			page 15


 766 0338 08       		.byte	0x8
 767 0339 03       		.byte	0x3
 768 033a 0E04     		.2byte	0x40e
 769 033c 5A030000 		.4byte	0x35a
 770 0340 0F       		.uleb128 0xf
 771 0341 6E7400   		.ascii	"nt\000"
 772 0344 03       		.byte	0x3
 773 0345 0F04     		.2byte	0x40f
 774 0347 B5000000 		.4byte	0xb5
 775 034b 00       		.byte	0
 776 034c 0C       		.uleb128 0xc
 777 034d 22070000 		.4byte	.LASF63
 778 0351 03       		.byte	0x3
 779 0352 1004     		.2byte	0x410
 780 0354 6A030000 		.4byte	0x36a
 781 0358 04       		.byte	0x4
 782 0359 00       		.byte	0
 783 035a 11       		.uleb128 0x11
 784 035b 65030000 		.4byte	0x365
 785 035f 65030000 		.4byte	0x365
 786 0363 12       		.uleb128 0x12
 787 0364 00       		.byte	0
 788 0365 13       		.uleb128 0x13
 789 0366 E1000000 		.4byte	0xe1
 790 036a 06       		.uleb128 0x6
 791 036b 04       		.byte	0x4
 792 036c 5A030000 		.4byte	0x35a
 793 0370 11       		.uleb128 0x11
 794 0371 65030000 		.4byte	0x365
 795 0375 80030000 		.4byte	0x380
 796 0379 14       		.uleb128 0x14
 797 037a 80030000 		.4byte	0x380
 798 037e 00       		.byte	0
 799 037f 00       		.byte	0
 800 0380 02       		.uleb128 0x2
 801 0381 04       		.byte	0x4
 802 0382 07       		.byte	0x7
 803 0383 9D030000 		.4byte	.LASF64
 804 0387 15       		.uleb128 0x15
 805 0388 CA000000 		.4byte	.LASF116
 806 038c 05       		.byte	0x5
 807 038d 6507     		.2byte	0x765
 808 038f 99030000 		.4byte	0x399
 809 0393 05       		.uleb128 0x5
 810 0394 03       		.byte	0x3
 811 0395 08000000 		.4byte	EE_oo_autostart_task_mode_OSDEFAULTAPPMODE
 812 0399 13       		.uleb128 0x13
 813 039a 70030000 		.4byte	0x370
 814 039e 11       		.uleb128 0x11
 815 039f AE030000 		.4byte	0x3ae
 816 03a3 AE030000 		.4byte	0x3ae
 817 03a7 14       		.uleb128 0x14
 818 03a8 80030000 		.4byte	0x380
 819 03ac 03       		.byte	0x3
 820 03ad 00       		.byte	0
 821 03ae 13       		.uleb128 0x13
 822 03af AA000000 		.4byte	0xaa
ARM GAS  C:\Users\robom\AppData\Local\Temp\ccEUwPMY.s 			page 16


 823 03b3 16       		.uleb128 0x16
 824 03b4 F4060000 		.4byte	.LASF65
 825 03b8 05       		.byte	0x5
 826 03b9 D2       		.byte	0xd2
 827 03ba C4030000 		.4byte	0x3c4
 828 03be 05       		.uleb128 0x5
 829 03bf 03       		.byte	0x3
 830 03c0 00000000 		.4byte	EE_hal_thread_body
 831 03c4 13       		.uleb128 0x13
 832 03c5 9E030000 		.4byte	0x39e
 833 03c9 11       		.uleb128 0x11
 834 03ca D9030000 		.4byte	0x3d9
 835 03ce D9030000 		.4byte	0x3d9
 836 03d2 14       		.uleb128 0x14
 837 03d3 80030000 		.4byte	0x380
 838 03d7 04       		.byte	0x4
 839 03d8 00       		.byte	0
 840 03d9 13       		.uleb128 0x13
 841 03da B5000000 		.4byte	0xb5
 842 03de 16       		.uleb128 0x16
 843 03df BD030000 		.4byte	.LASF66
 844 03e3 05       		.byte	0x5
 845 03e4 71       		.byte	0x71
 846 03e5 EF030000 		.4byte	0x3ef
 847 03e9 05       		.uleb128 0x5
 848 03ea 03       		.byte	0x3
 849 03eb 00000000 		.4byte	EE_std_thread_tos
 850 03ef 13       		.uleb128 0x13
 851 03f0 C9030000 		.4byte	0x3c9
 852 03f4 11       		.uleb128 0x11
 853 03f5 80000000 		.4byte	0x80
 854 03f9 04040000 		.4byte	0x404
 855 03fd 14       		.uleb128 0x14
 856 03fe 80030000 		.4byte	0x380
 857 0402 03       		.byte	0x3
 858 0403 00       		.byte	0
 859 0404 16       		.uleb128 0x16
 860 0405 A4070000 		.4byte	.LASF67
 861 0409 05       		.byte	0x5
 862 040a ED       		.byte	0xed
 863 040b F4030000 		.4byte	0x3f4
 864 040f 05       		.uleb128 0x5
 865 0410 03       		.byte	0x3
 866 0411 00000000 		.4byte	EE_terminate_data
 867 0415 16       		.uleb128 0x16
 868 0416 81040000 		.4byte	.LASF68
 869 041a 05       		.byte	0x5
 870 041b F0       		.byte	0xf0
 871 041c 26040000 		.4byte	0x426
 872 0420 05       		.uleb128 0x5
 873 0421 03       		.byte	0x3
 874 0422 00000000 		.4byte	EE_terminate_real_th_body
 875 0426 13       		.uleb128 0x13
 876 0427 9E030000 		.4byte	0x39e
 877 042b 11       		.uleb128 0x11
 878 042c EC000000 		.4byte	0xec
 879 0430 3B040000 		.4byte	0x43b
ARM GAS  C:\Users\robom\AppData\Local\Temp\ccEUwPMY.s 			page 17


 880 0434 14       		.uleb128 0x14
 881 0435 80030000 		.4byte	0x380
 882 0439 02       		.byte	0x2
 883 043a 00       		.byte	0
 884 043b 16       		.uleb128 0x16
 885 043c 47040000 		.4byte	.LASF69
 886 0440 05       		.byte	0x5
 887 0441 8D       		.byte	0x8d
 888 0442 2B040000 		.4byte	0x42b
 889 0446 05       		.uleb128 0x5
 890 0447 03       		.byte	0x3
 891 0448 00000000 		.4byte	EE_cortex_mx_system_tos
 892 044c 16       		.uleb128 0x16
 893 044d 5B010000 		.4byte	.LASF70
 894 0451 05       		.byte	0x5
 895 0452 A9       		.byte	0xa9
 896 0453 B5000000 		.4byte	0xb5
 897 0457 05       		.uleb128 0x5
 898 0458 03       		.byte	0x3
 899 0459 00000000 		.4byte	EE_cortex_mx_active_tos
 900 045d 11       		.uleb128 0x11
 901 045e D9030000 		.4byte	0x3d9
 902 0462 6D040000 		.4byte	0x46d
 903 0466 14       		.uleb128 0x14
 904 0467 80030000 		.4byte	0x380
 905 046b 03       		.byte	0x3
 906 046c 00       		.byte	0
 907 046d 17       		.uleb128 0x17
 908 046e AB060000 		.4byte	.LASF71
 909 0472 05       		.byte	0x5
 910 0473 E202     		.2byte	0x2e2
 911 0475 7F040000 		.4byte	0x47f
 912 0479 05       		.uleb128 0x5
 913 047a 03       		.byte	0x3
 914 047b 00000000 		.4byte	EE_th_rnact_max
 915 047f 13       		.uleb128 0x13
 916 0480 5D040000 		.4byte	0x45d
 917 0484 17       		.uleb128 0x17
 918 0485 4F070000 		.4byte	.LASF72
 919 0489 05       		.byte	0x5
 920 048a 0C01     		.2byte	0x10c
 921 048c 96040000 		.4byte	0x496
 922 0490 05       		.uleb128 0x5
 923 0491 03       		.byte	0x3
 924 0492 00000000 		.4byte	EE_th_ready_prio
 925 0496 13       		.uleb128 0x13
 926 0497 5D040000 		.4byte	0x45d
 927 049b 17       		.uleb128 0x17
 928 049c EB020000 		.4byte	.LASF73
 929 04a0 05       		.byte	0x5
 930 04a1 4502     		.2byte	0x245
 931 04a3 AD040000 		.4byte	0x4ad
 932 04a7 05       		.uleb128 0x5
 933 04a8 03       		.byte	0x3
 934 04a9 00000000 		.4byte	EE_th_dispatch_prio
 935 04ad 13       		.uleb128 0x13
 936 04ae 5D040000 		.4byte	0x45d
ARM GAS  C:\Users\robom\AppData\Local\Temp\ccEUwPMY.s 			page 18


 937 04b2 11       		.uleb128 0x11
 938 04b3 C2040000 		.4byte	0x4c2
 939 04b7 C2040000 		.4byte	0x4c2
 940 04bb 14       		.uleb128 0x14
 941 04bc 80030000 		.4byte	0x380
 942 04c0 03       		.byte	0x3
 943 04c1 00       		.byte	0
 944 04c2 06       		.uleb128 0x6
 945 04c3 04       		.byte	0x4
 946 04c4 CF040000 		.4byte	0x4cf
 947 04c8 02       		.uleb128 0x2
 948 04c9 01       		.byte	0x1
 949 04ca 08       		.byte	0x8
 950 04cb 97060000 		.4byte	.LASF74
 951 04cf 13       		.uleb128 0x13
 952 04d0 C8040000 		.4byte	0x4c8
 953 04d4 17       		.uleb128 0x17
 954 04d5 D8040000 		.4byte	.LASF75
 955 04d9 05       		.byte	0x5
 956 04da 2801     		.2byte	0x128
 957 04dc B2040000 		.4byte	0x4b2
 958 04e0 05       		.uleb128 0x5
 959 04e1 03       		.byte	0x3
 960 04e2 00000000 		.4byte	EE_TASK_NAME
 961 04e6 11       		.uleb128 0x11
 962 04e7 C2040000 		.4byte	0x4c2
 963 04eb F6040000 		.4byte	0x4f6
 964 04ef 14       		.uleb128 0x14
 965 04f0 80030000 		.4byte	0x380
 966 04f4 02       		.byte	0x2
 967 04f5 00       		.byte	0
 968 04f6 17       		.uleb128 0x17
 969 04f7 40010000 		.4byte	.LASF76
 970 04fb 05       		.byte	0x5
 971 04fc 8101     		.2byte	0x181
 972 04fe E6040000 		.4byte	0x4e6
 973 0502 05       		.uleb128 0x5
 974 0503 03       		.byte	0x3
 975 0504 00000000 		.4byte	EE_EVENT_NAME
 976 0508 17       		.uleb128 0x17
 977 0509 2E020000 		.4byte	.LASF77
 978 050d 05       		.byte	0x5
 979 050e 3D06     		.2byte	0x63d
 980 0510 E6040000 		.4byte	0x4e6
 981 0514 05       		.uleb128 0x5
 982 0515 03       		.byte	0x3
 983 0516 00000000 		.4byte	EE_ALARM_NAME
 984 051a 11       		.uleb128 0x11
 985 051b 2A050000 		.4byte	0x52a
 986 051f 2A050000 		.4byte	0x52a
 987 0523 14       		.uleb128 0x14
 988 0524 80030000 		.4byte	0x380
 989 0528 02       		.byte	0x2
 990 0529 00       		.byte	0
 991 052a 13       		.uleb128 0x13
 992 052b 40000000 		.4byte	0x40
 993 052f 17       		.uleb128 0x17
ARM GAS  C:\Users\robom\AppData\Local\Temp\ccEUwPMY.s 			page 19


 994 0530 8A010000 		.4byte	.LASF78
 995 0534 05       		.byte	0x5
 996 0535 E201     		.2byte	0x1e2
 997 0537 41050000 		.4byte	0x541
 998 053b 05       		.uleb128 0x5
 999 053c 03       		.byte	0x3
 1000 053d 00000000 		.4byte	EE_EVENT_ID
 1001 0541 13       		.uleb128 0x13
 1002 0542 1A050000 		.4byte	0x51a
 1003 0546 17       		.uleb128 0x17
 1004 0547 F5000000 		.4byte	.LASF79
 1005 054b 05       		.byte	0x5
 1006 054c 5906     		.2byte	0x659
 1007 054e 58050000 		.4byte	0x558
 1008 0552 05       		.uleb128 0x5
 1009 0553 03       		.byte	0x3
 1010 0554 00000000 		.4byte	EE_ALARM_ID
 1011 0558 13       		.uleb128 0x13
 1012 0559 1A050000 		.4byte	0x51a
 1013 055d 11       		.uleb128 0x11
 1014 055e B5000000 		.4byte	0xb5
 1015 0562 6D050000 		.4byte	0x56d
 1016 0566 14       		.uleb128 0x14
 1017 0567 80030000 		.4byte	0x380
 1018 056b 03       		.byte	0x3
 1019 056c 00       		.byte	0
 1020 056d 17       		.uleb128 0x17
 1021 056e C8020000 		.4byte	.LASF80
 1022 0572 05       		.byte	0x5
 1023 0573 8102     		.2byte	0x281
 1024 0575 5D050000 		.4byte	0x55d
 1025 0579 05       		.uleb128 0x5
 1026 057a 03       		.byte	0x3
 1027 057b 00000000 		.4byte	EE_th_status
 1028 057f 11       		.uleb128 0x11
 1029 0580 E1000000 		.4byte	0xe1
 1030 0584 8F050000 		.4byte	0x58f
 1031 0588 14       		.uleb128 0x14
 1032 0589 80030000 		.4byte	0x380
 1033 058d 03       		.byte	0x3
 1034 058e 00       		.byte	0
 1035 058f 17       		.uleb128 0x17
 1036 0590 76040000 		.4byte	.LASF81
 1037 0594 05       		.byte	0x5
 1038 0595 9D02     		.2byte	0x29d
 1039 0597 7F050000 		.4byte	0x57f
 1040 059b 05       		.uleb128 0x5
 1041 059c 03       		.byte	0x3
 1042 059d 00000000 		.4byte	EE_th_next
 1043 05a1 17       		.uleb128 0x17
 1044 05a2 60070000 		.4byte	.LASF82
 1045 05a6 05       		.byte	0x5
 1046 05a7 C702     		.2byte	0x2c7
 1047 05a9 5D050000 		.4byte	0x55d
 1048 05ad 05       		.uleb128 0x5
 1049 05ae 03       		.byte	0x3
 1050 05af 00000000 		.4byte	EE_th_rnact
ARM GAS  C:\Users\robom\AppData\Local\Temp\ccEUwPMY.s 			page 20


 1051 05b3 17       		.uleb128 0x17
 1052 05b4 05000000 		.4byte	.LASF83
 1053 05b8 05       		.byte	0x5
 1054 05b9 7703     		.2byte	0x377
 1055 05bb 7F050000 		.4byte	0x57f
 1056 05bf 05       		.uleb128 0x5
 1057 05c0 03       		.byte	0x3
 1058 05c1 00000000 		.4byte	EE_th_terminate_nextask
 1059 05c5 17       		.uleb128 0x17
 1060 05c6 26000000 		.4byte	.LASF84
 1061 05ca 05       		.byte	0x5
 1062 05cb B902     		.2byte	0x2b9
 1063 05cd E1000000 		.4byte	0xe1
 1064 05d1 05       		.uleb128 0x5
 1065 05d2 03       		.byte	0x3
 1066 05d3 00000000 		.4byte	EE_stkfirst
 1067 05d7 17       		.uleb128 0x17
 1068 05d8 07070000 		.4byte	.LASF85
 1069 05dc 05       		.byte	0x5
 1070 05dd BC02     		.2byte	0x2bc
 1071 05df B5000000 		.4byte	0xb5
 1072 05e3 05       		.uleb128 0x5
 1073 05e4 03       		.byte	0x3
 1074 05e5 00000000 		.4byte	EE_sys_ceiling
 1075 05e9 17       		.uleb128 0x17
 1076 05ea E3010000 		.4byte	.LASF86
 1077 05ee 05       		.byte	0x5
 1078 05ef FD02     		.2byte	0x2fd
 1079 05f1 5D050000 		.4byte	0x55d
 1080 05f5 05       		.uleb128 0x5
 1081 05f6 03       		.byte	0x3
 1082 05f7 00000000 		.4byte	EE_rq_link
 1083 05fb 11       		.uleb128 0x11
 1084 05fc C0000000 		.4byte	0xc0
 1085 0600 0B060000 		.4byte	0x60b
 1086 0604 14       		.uleb128 0x14
 1087 0605 80030000 		.4byte	0x380
 1088 0609 0F       		.byte	0xf
 1089 060a 00       		.byte	0
 1090 060b 17       		.uleb128 0x17
 1091 060c 9F010000 		.4byte	.LASF87
 1092 0610 05       		.byte	0x5
 1093 0611 BF02     		.2byte	0x2bf
 1094 0613 FB050000 		.4byte	0x5fb
 1095 0617 05       		.uleb128 0x5
 1096 0618 03       		.byte	0x3
 1097 0619 00000000 		.4byte	EE_rq_queues_head
 1098 061d 17       		.uleb128 0x17
 1099 061e A4050000 		.4byte	.LASF88
 1100 0622 05       		.byte	0x5
 1101 0623 C102     		.2byte	0x2c1
 1102 0625 FB050000 		.4byte	0x5fb
 1103 0629 05       		.uleb128 0x5
 1104 062a 03       		.byte	0x3
 1105 062b 00000000 		.4byte	EE_rq_queues_tail
 1106 062f 11       		.uleb128 0x11
 1107 0630 C0000000 		.4byte	0xc0
ARM GAS  C:\Users\robom\AppData\Local\Temp\ccEUwPMY.s 			page 21


 1108 0634 3F060000 		.4byte	0x63f
 1109 0638 14       		.uleb128 0x14
 1110 0639 80030000 		.4byte	0x380
 1111 063d 03       		.byte	0x3
 1112 063e 00       		.byte	0
 1113 063f 17       		.uleb128 0x17
 1114 0640 99000000 		.4byte	.LASF89
 1115 0644 05       		.byte	0x5
 1116 0645 1B03     		.2byte	0x31b
 1117 0647 2F060000 		.4byte	0x62f
 1118 064b 05       		.uleb128 0x5
 1119 064c 03       		.byte	0x3
 1120 064d 00000000 		.4byte	EE_rq_pairs_next
 1121 0651 17       		.uleb128 0x17
 1122 0652 6C070000 		.4byte	.LASF90
 1123 0656 05       		.byte	0x5
 1124 0657 7003     		.2byte	0x370
 1125 0659 7F050000 		.4byte	0x57f
 1126 065d 05       		.uleb128 0x5
 1127 065e 03       		.byte	0x3
 1128 065f 00000000 		.4byte	EE_rq_pairs_tid
 1129 0663 17       		.uleb128 0x17
 1130 0664 71060000 		.4byte	.LASF91
 1131 0668 05       		.byte	0x5
 1132 0669 C402     		.2byte	0x2c4
 1133 066b 05010000 		.4byte	0x105
 1134 066f 05       		.uleb128 0x5
 1135 0670 03       		.byte	0x3
 1136 0671 00000000 		.4byte	EE_rq_bitmask
 1137 0675 17       		.uleb128 0x17
 1138 0676 B2030000 		.4byte	.LASF92
 1139 067a 05       		.byte	0x5
 1140 067b 7303     		.2byte	0x373
 1141 067d C0000000 		.4byte	0xc0
 1142 0681 05       		.uleb128 0x5
 1143 0682 03       		.byte	0x3
 1144 0683 00000000 		.4byte	EE_rq_free
 1145 0687 17       		.uleb128 0x17
 1146 0688 DF070000 		.4byte	.LASF93
 1147 068c 05       		.byte	0x5
 1148 068d 9A03     		.2byte	0x39a
 1149 068f 5D050000 		.4byte	0x55d
 1150 0693 05       		.uleb128 0x5
 1151 0694 03       		.byte	0x3
 1152 0695 00000000 		.4byte	EE_th_event_active
 1153 0699 17       		.uleb128 0x17
 1154 069a AE040000 		.4byte	.LASF94
 1155 069e 05       		.byte	0x5
 1156 069f B603     		.2byte	0x3b6
 1157 06a1 5D050000 		.4byte	0x55d
 1158 06a5 05       		.uleb128 0x5
 1159 06a6 03       		.byte	0x3
 1160 06a7 00000000 		.4byte	EE_th_event_waitmask
 1161 06ab 11       		.uleb128 0x11
 1162 06ac D6000000 		.4byte	0xd6
 1163 06b0 BB060000 		.4byte	0x6bb
 1164 06b4 14       		.uleb128 0x14
ARM GAS  C:\Users\robom\AppData\Local\Temp\ccEUwPMY.s 			page 22


 1165 06b5 80030000 		.4byte	0x380
 1166 06b9 03       		.byte	0x3
 1167 06ba 00       		.byte	0
 1168 06bb 17       		.uleb128 0x17
 1169 06bc 4E020000 		.4byte	.LASF95
 1170 06c0 05       		.byte	0x5
 1171 06c1 D203     		.2byte	0x3d2
 1172 06c3 AB060000 		.4byte	0x6ab
 1173 06c7 05       		.uleb128 0x5
 1174 06c8 03       		.byte	0x3
 1175 06c9 00000000 		.4byte	EE_th_waswaiting
 1176 06cd 17       		.uleb128 0x17
 1177 06ce 17080000 		.4byte	.LASF96
 1178 06d2 05       		.byte	0x5
 1179 06d3 EE03     		.2byte	0x3ee
 1180 06d5 DF060000 		.4byte	0x6df
 1181 06d9 05       		.uleb128 0x5
 1182 06da 03       		.byte	0x3
 1183 06db 00000000 		.4byte	EE_th_is_extended
 1184 06df 13       		.uleb128 0x13
 1185 06e0 5D040000 		.4byte	0x45d
 1186 06e4 11       		.uleb128 0x11
 1187 06e5 F4060000 		.4byte	0x6f4
 1188 06e9 F4060000 		.4byte	0x6f4
 1189 06ed 14       		.uleb128 0x14
 1190 06ee 80030000 		.4byte	0x380
 1191 06f2 00       		.byte	0
 1192 06f3 00       		.byte	0
 1193 06f4 13       		.uleb128 0x13
 1194 06f5 8A010000 		.4byte	0x18a
 1195 06f9 17       		.uleb128 0x17
 1196 06fa 07040000 		.4byte	.LASF97
 1197 06fe 05       		.byte	0x5
 1198 06ff FF05     		.2byte	0x5ff
 1199 0701 0B070000 		.4byte	0x70b
 1200 0705 05       		.uleb128 0x5
 1201 0706 03       		.byte	0x3
 1202 0707 00000000 		.4byte	EE_counter_ROM
 1203 070b 13       		.uleb128 0x13
 1204 070c E4060000 		.4byte	0x6e4
 1205 0710 11       		.uleb128 0x11
 1206 0711 20070000 		.4byte	0x720
 1207 0715 20070000 		.4byte	0x720
 1208 0719 14       		.uleb128 0x14
 1209 071a 80030000 		.4byte	0x380
 1210 071e 02       		.byte	0x2
 1211 071f 00       		.byte	0
 1212 0720 13       		.uleb128 0x13
 1213 0721 27020000 		.4byte	0x227
 1214 0725 17       		.uleb128 0x17
 1215 0726 46030000 		.4byte	.LASF98
 1216 072a 05       		.byte	0x5
 1217 072b 9606     		.2byte	0x696
 1218 072d 37070000 		.4byte	0x737
 1219 0731 05       		.uleb128 0x5
 1220 0732 03       		.byte	0x3
 1221 0733 00000000 		.4byte	EE_oo_counter_object_ROM
ARM GAS  C:\Users\robom\AppData\Local\Temp\ccEUwPMY.s 			page 23


 1222 0737 13       		.uleb128 0x13
 1223 0738 10070000 		.4byte	0x710
 1224 073c 11       		.uleb128 0x11
 1225 073d 4C070000 		.4byte	0x74c
 1226 0741 4C070000 		.4byte	0x74c
 1227 0745 14       		.uleb128 0x14
 1228 0746 80030000 		.4byte	0x380
 1229 074a 02       		.byte	0x2
 1230 074b 00       		.byte	0
 1231 074c 13       		.uleb128 0x13
 1232 074d 04030000 		.4byte	0x304
 1233 0751 17       		.uleb128 0x17
 1234 0752 7C030000 		.4byte	.LASF99
 1235 0756 05       		.byte	0x5
 1236 0757 BA06     		.2byte	0x6ba
 1237 0759 63070000 		.4byte	0x763
 1238 075d 05       		.uleb128 0x5
 1239 075e 03       		.byte	0x3
 1240 075f 00000000 		.4byte	EE_oo_action_ROM
 1241 0763 13       		.uleb128 0x13
 1242 0764 3C070000 		.4byte	0x73c
 1243 0768 11       		.uleb128 0x11
 1244 0769 78070000 		.4byte	0x778
 1245 076d 78070000 		.4byte	0x778
 1246 0771 14       		.uleb128 0x14
 1247 0772 80030000 		.4byte	0x380
 1248 0776 02       		.byte	0x2
 1249 0777 00       		.byte	0
 1250 0778 13       		.uleb128 0x13
 1251 0779 27030000 		.4byte	0x327
 1252 077d 17       		.uleb128 0x17
 1253 077e 4E010000 		.4byte	.LASF100
 1254 0782 05       		.byte	0x5
 1255 0783 2006     		.2byte	0x620
 1256 0785 8F070000 		.4byte	0x78f
 1257 0789 05       		.uleb128 0x5
 1258 078a 03       		.byte	0x3
 1259 078b 00000000 		.4byte	EE_alarm_ROM
 1260 078f 13       		.uleb128 0x13
 1261 0790 68070000 		.4byte	0x768
 1262 0794 11       		.uleb128 0x11
 1263 0795 BA010000 		.4byte	0x1ba
 1264 0799 A4070000 		.4byte	0x7a4
 1265 079d 14       		.uleb128 0x14
 1266 079e 80030000 		.4byte	0x380
 1267 07a2 00       		.byte	0
 1268 07a3 00       		.byte	0
 1269 07a4 17       		.uleb128 0x17
 1270 07a5 CD060000 		.4byte	.LASF101
 1271 07a9 05       		.byte	0x5
 1272 07aa 0C06     		.2byte	0x60c
 1273 07ac 94070000 		.4byte	0x794
 1274 07b0 05       		.uleb128 0x5
 1275 07b1 03       		.byte	0x3
 1276 07b2 00000000 		.4byte	EE_counter_RAM
 1277 07b6 11       		.uleb128 0x11
 1278 07b7 71020000 		.4byte	0x271
ARM GAS  C:\Users\robom\AppData\Local\Temp\ccEUwPMY.s 			page 24


 1279 07bb C6070000 		.4byte	0x7c6
 1280 07bf 14       		.uleb128 0x14
 1281 07c0 80030000 		.4byte	0x380
 1282 07c4 02       		.byte	0x2
 1283 07c5 00       		.byte	0
 1284 07c6 17       		.uleb128 0x17
 1285 07c7 27070000 		.4byte	.LASF102
 1286 07cb 05       		.byte	0x5
 1287 07cc B106     		.2byte	0x6b1
 1288 07ce B6070000 		.4byte	0x7b6
 1289 07d2 05       		.uleb128 0x5
 1290 07d3 03       		.byte	0x3
 1291 07d4 00000000 		.4byte	EE_oo_counter_object_RAM
 1292 07d8 11       		.uleb128 0x11
 1293 07d9 E8070000 		.4byte	0x7e8
 1294 07dd E8070000 		.4byte	0x7e8
 1295 07e1 14       		.uleb128 0x14
 1296 07e2 80030000 		.4byte	0x380
 1297 07e6 00       		.byte	0
 1298 07e7 00       		.byte	0
 1299 07e8 13       		.uleb128 0x13
 1300 07e9 33030000 		.4byte	0x333
 1301 07ed 17       		.uleb128 0x17
 1302 07ee 31080000 		.4byte	.LASF103
 1303 07f2 05       		.byte	0x5
 1304 07f3 9607     		.2byte	0x796
 1305 07f5 FF070000 		.4byte	0x7ff
 1306 07f9 05       		.uleb128 0x5
 1307 07fa 03       		.byte	0x3
 1308 07fb 00000000 		.4byte	EE_oo_autostart_task_data
 1309 07ff 13       		.uleb128 0x13
 1310 0800 D8070000 		.4byte	0x7d8
 1311 0804 18       		.uleb128 0x18
 1312 0805 91020000 		.4byte	.LASF104
 1313 0809 06       		.byte	0x6
 1314 080a 40       		.byte	0x40
 1315 080b B5000000 		.4byte	0xb5
 1316 080f 18       		.uleb128 0x18
 1317 0810 B1010000 		.4byte	.LASF105
 1318 0814 06       		.byte	0x6
 1319 0815 47       		.byte	0x47
 1320 0816 CB000000 		.4byte	0xcb
 1321 081a 17       		.uleb128 0x17
 1322 081b 69030000 		.4byte	.LASF106
 1323 081f 05       		.byte	0x5
 1324 0820 5C07     		.2byte	0x75c
 1325 0822 B5000000 		.4byte	0xb5
 1326 0826 05       		.uleb128 0x5
 1327 0827 03       		.byte	0x3
 1328 0828 00000000 		.4byte	EE_ApplicationMode
 1329 082c 18       		.uleb128 0x18
 1330 082d CA010000 		.4byte	.LASF107
 1331 0831 07       		.byte	0x7
 1332 0832 48       		.byte	0x48
 1333 0833 E1000000 		.4byte	0xe1
 1334 0837 18       		.uleb128 0x18
 1335 0838 7C070000 		.4byte	.LASF108
ARM GAS  C:\Users\robom\AppData\Local\Temp\ccEUwPMY.s 			page 25


 1336 083c 08       		.byte	0x8
 1337 083d 44       		.byte	0x44
 1338 083e B5000000 		.4byte	0xb5
 1339 0842 16       		.uleb128 0x16
 1340 0843 49000000 		.4byte	.LASF109
 1341 0847 05       		.byte	0x5
 1342 0848 AD       		.byte	0xad
 1343 0849 EC000000 		.4byte	0xec
 1344 084d 05       		.uleb128 0x5
 1345 084e 03       		.byte	0x3
 1346 084f 00000000 		.4byte	EE_cortex_mx_IRQ_tos
 1347 0853 11       		.uleb128 0x11
 1348 0854 55000000 		.4byte	0x55
 1349 0858 63080000 		.4byte	0x863
 1350 085c 14       		.uleb128 0x14
 1351 085d 80030000 		.4byte	0x380
 1352 0861 F9       		.byte	0xf9
 1353 0862 00       		.byte	0
 1354 0863 16       		.uleb128 0x16
 1355 0864 C3040000 		.4byte	.LASF110
 1356 0868 05       		.byte	0x5
 1357 0869 19       		.byte	0x19
 1358 086a 53080000 		.4byte	0x853
 1359 086e 05       		.uleb128 0x5
 1360 086f 03       		.byte	0x3
 1361 0870 00000000 		.4byte	EE_cortex_mx_stack_3
 1362 0874 11       		.uleb128 0x11
 1363 0875 55000000 		.4byte	0x55
 1364 0879 84080000 		.4byte	0x884
 1365 087d 14       		.uleb128 0x14
 1366 087e 80030000 		.4byte	0x380
 1367 0882 31       		.byte	0x31
 1368 0883 00       		.byte	0
 1369 0884 16       		.uleb128 0x16
 1370 0885 FF020000 		.4byte	.LASF111
 1371 0889 05       		.byte	0x5
 1372 088a 1D       		.byte	0x1d
 1373 088b 74080000 		.4byte	0x874
 1374 088f 05       		.uleb128 0x5
 1375 0890 03       		.byte	0x3
 1376 0891 00000000 		.4byte	EE_cortex_mx_stack_4
 1377 0895 11       		.uleb128 0x11
 1378 0896 55000000 		.4byte	0x55
 1379 089a A5080000 		.4byte	0x8a5
 1380 089e 14       		.uleb128 0x14
 1381 089f 80030000 		.4byte	0x380
 1382 08a3 7F       		.byte	0x7f
 1383 08a4 00       		.byte	0
 1384 08a5 16       		.uleb128 0x16
 1385 08a6 14030000 		.4byte	.LASF112
 1386 08aa 05       		.byte	0x5
 1387 08ab 32       		.byte	0x32
 1388 08ac 95080000 		.4byte	0x895
 1389 08b0 05       		.uleb128 0x5
 1390 08b1 03       		.byte	0x3
 1391 08b2 00000000 		.4byte	EE_cortex_mx_stack_9
 1392 08b6 00       		.byte	0
ARM GAS  C:\Users\robom\AppData\Local\Temp\ccEUwPMY.s 			page 26


 1393              		.section	.debug_abbrev,"",%progbits
 1394              	.Ldebug_abbrev0:
 1395 0000 01       		.uleb128 0x1
 1396 0001 11       		.uleb128 0x11
 1397 0002 01       		.byte	0x1
 1398 0003 25       		.uleb128 0x25
 1399 0004 0E       		.uleb128 0xe
 1400 0005 13       		.uleb128 0x13
 1401 0006 0B       		.uleb128 0xb
 1402 0007 03       		.uleb128 0x3
 1403 0008 0E       		.uleb128 0xe
 1404 0009 1B       		.uleb128 0x1b
 1405 000a 0E       		.uleb128 0xe
 1406 000b 10       		.uleb128 0x10
 1407 000c 17       		.uleb128 0x17
 1408 000d 00       		.byte	0
 1409 000e 00       		.byte	0
 1410 000f 02       		.uleb128 0x2
 1411 0010 24       		.uleb128 0x24
 1412 0011 00       		.byte	0
 1413 0012 0B       		.uleb128 0xb
 1414 0013 0B       		.uleb128 0xb
 1415 0014 3E       		.uleb128 0x3e
 1416 0015 0B       		.uleb128 0xb
 1417 0016 03       		.uleb128 0x3
 1418 0017 0E       		.uleb128 0xe
 1419 0018 00       		.byte	0
 1420 0019 00       		.byte	0
 1421 001a 03       		.uleb128 0x3
 1422 001b 24       		.uleb128 0x24
 1423 001c 00       		.byte	0
 1424 001d 0B       		.uleb128 0xb
 1425 001e 0B       		.uleb128 0xb
 1426 001f 3E       		.uleb128 0x3e
 1427 0020 0B       		.uleb128 0xb
 1428 0021 03       		.uleb128 0x3
 1429 0022 08       		.uleb128 0x8
 1430 0023 00       		.byte	0
 1431 0024 00       		.byte	0
 1432 0025 04       		.uleb128 0x4
 1433 0026 16       		.uleb128 0x16
 1434 0027 00       		.byte	0
 1435 0028 03       		.uleb128 0x3
 1436 0029 0E       		.uleb128 0xe
 1437 002a 3A       		.uleb128 0x3a
 1438 002b 0B       		.uleb128 0xb
 1439 002c 3B       		.uleb128 0x3b
 1440 002d 0B       		.uleb128 0xb
 1441 002e 49       		.uleb128 0x49
 1442 002f 13       		.uleb128 0x13
 1443 0030 00       		.byte	0
 1444 0031 00       		.byte	0
 1445 0032 05       		.uleb128 0x5
 1446 0033 0F       		.uleb128 0xf
 1447 0034 00       		.byte	0
 1448 0035 0B       		.uleb128 0xb
 1449 0036 0B       		.uleb128 0xb
ARM GAS  C:\Users\robom\AppData\Local\Temp\ccEUwPMY.s 			page 27


 1450 0037 00       		.byte	0
 1451 0038 00       		.byte	0
 1452 0039 06       		.uleb128 0x6
 1453 003a 0F       		.uleb128 0xf
 1454 003b 00       		.byte	0
 1455 003c 0B       		.uleb128 0xb
 1456 003d 0B       		.uleb128 0xb
 1457 003e 49       		.uleb128 0x49
 1458 003f 13       		.uleb128 0x13
 1459 0040 00       		.byte	0
 1460 0041 00       		.byte	0
 1461 0042 07       		.uleb128 0x7
 1462 0043 15       		.uleb128 0x15
 1463 0044 00       		.byte	0
 1464 0045 27       		.uleb128 0x27
 1465 0046 19       		.uleb128 0x19
 1466 0047 00       		.byte	0
 1467 0048 00       		.byte	0
 1468 0049 08       		.uleb128 0x8
 1469 004a 13       		.uleb128 0x13
 1470 004b 01       		.byte	0x1
 1471 004c 03       		.uleb128 0x3
 1472 004d 0E       		.uleb128 0xe
 1473 004e 0B       		.uleb128 0xb
 1474 004f 0B       		.uleb128 0xb
 1475 0050 3A       		.uleb128 0x3a
 1476 0051 0B       		.uleb128 0xb
 1477 0052 3B       		.uleb128 0x3b
 1478 0053 0B       		.uleb128 0xb
 1479 0054 01       		.uleb128 0x1
 1480 0055 13       		.uleb128 0x13
 1481 0056 00       		.byte	0
 1482 0057 00       		.byte	0
 1483 0058 09       		.uleb128 0x9
 1484 0059 0D       		.uleb128 0xd
 1485 005a 00       		.byte	0
 1486 005b 03       		.uleb128 0x3
 1487 005c 0E       		.uleb128 0xe
 1488 005d 3A       		.uleb128 0x3a
 1489 005e 0B       		.uleb128 0xb
 1490 005f 3B       		.uleb128 0x3b
 1491 0060 0B       		.uleb128 0xb
 1492 0061 49       		.uleb128 0x49
 1493 0062 13       		.uleb128 0x13
 1494 0063 38       		.uleb128 0x38
 1495 0064 0B       		.uleb128 0xb
 1496 0065 00       		.byte	0
 1497 0066 00       		.byte	0
 1498 0067 0A       		.uleb128 0xa
 1499 0068 16       		.uleb128 0x16
 1500 0069 00       		.byte	0
 1501 006a 03       		.uleb128 0x3
 1502 006b 0E       		.uleb128 0xe
 1503 006c 3A       		.uleb128 0x3a
 1504 006d 0B       		.uleb128 0xb
 1505 006e 3B       		.uleb128 0x3b
 1506 006f 05       		.uleb128 0x5
ARM GAS  C:\Users\robom\AppData\Local\Temp\ccEUwPMY.s 			page 28


 1507 0070 49       		.uleb128 0x49
 1508 0071 13       		.uleb128 0x13
 1509 0072 00       		.byte	0
 1510 0073 00       		.byte	0
 1511 0074 0B       		.uleb128 0xb
 1512 0075 13       		.uleb128 0x13
 1513 0076 01       		.byte	0x1
 1514 0077 0B       		.uleb128 0xb
 1515 0078 0B       		.uleb128 0xb
 1516 0079 3A       		.uleb128 0x3a
 1517 007a 0B       		.uleb128 0xb
 1518 007b 3B       		.uleb128 0x3b
 1519 007c 05       		.uleb128 0x5
 1520 007d 01       		.uleb128 0x1
 1521 007e 13       		.uleb128 0x13
 1522 007f 00       		.byte	0
 1523 0080 00       		.byte	0
 1524 0081 0C       		.uleb128 0xc
 1525 0082 0D       		.uleb128 0xd
 1526 0083 00       		.byte	0
 1527 0084 03       		.uleb128 0x3
 1528 0085 0E       		.uleb128 0xe
 1529 0086 3A       		.uleb128 0x3a
 1530 0087 0B       		.uleb128 0xb
 1531 0088 3B       		.uleb128 0x3b
 1532 0089 05       		.uleb128 0x5
 1533 008a 49       		.uleb128 0x49
 1534 008b 13       		.uleb128 0x13
 1535 008c 38       		.uleb128 0x38
 1536 008d 0B       		.uleb128 0xb
 1537 008e 00       		.byte	0
 1538 008f 00       		.byte	0
 1539 0090 0D       		.uleb128 0xd
 1540 0091 04       		.uleb128 0x4
 1541 0092 01       		.byte	0x1
 1542 0093 0B       		.uleb128 0xb
 1543 0094 0B       		.uleb128 0xb
 1544 0095 49       		.uleb128 0x49
 1545 0096 13       		.uleb128 0x13
 1546 0097 3A       		.uleb128 0x3a
 1547 0098 0B       		.uleb128 0xb
 1548 0099 3B       		.uleb128 0x3b
 1549 009a 05       		.uleb128 0x5
 1550 009b 01       		.uleb128 0x1
 1551 009c 13       		.uleb128 0x13
 1552 009d 00       		.byte	0
 1553 009e 00       		.byte	0
 1554 009f 0E       		.uleb128 0xe
 1555 00a0 28       		.uleb128 0x28
 1556 00a1 00       		.byte	0
 1557 00a2 03       		.uleb128 0x3
 1558 00a3 0E       		.uleb128 0xe
 1559 00a4 1C       		.uleb128 0x1c
 1560 00a5 0B       		.uleb128 0xb
 1561 00a6 00       		.byte	0
 1562 00a7 00       		.byte	0
 1563 00a8 0F       		.uleb128 0xf
ARM GAS  C:\Users\robom\AppData\Local\Temp\ccEUwPMY.s 			page 29


 1564 00a9 0D       		.uleb128 0xd
 1565 00aa 00       		.byte	0
 1566 00ab 03       		.uleb128 0x3
 1567 00ac 08       		.uleb128 0x8
 1568 00ad 3A       		.uleb128 0x3a
 1569 00ae 0B       		.uleb128 0xb
 1570 00af 3B       		.uleb128 0x3b
 1571 00b0 05       		.uleb128 0x5
 1572 00b1 49       		.uleb128 0x49
 1573 00b2 13       		.uleb128 0x13
 1574 00b3 38       		.uleb128 0x38
 1575 00b4 0B       		.uleb128 0xb
 1576 00b5 00       		.byte	0
 1577 00b6 00       		.byte	0
 1578 00b7 10       		.uleb128 0x10
 1579 00b8 13       		.uleb128 0x13
 1580 00b9 01       		.byte	0x1
 1581 00ba 03       		.uleb128 0x3
 1582 00bb 0E       		.uleb128 0xe
 1583 00bc 0B       		.uleb128 0xb
 1584 00bd 0B       		.uleb128 0xb
 1585 00be 3A       		.uleb128 0x3a
 1586 00bf 0B       		.uleb128 0xb
 1587 00c0 3B       		.uleb128 0x3b
 1588 00c1 05       		.uleb128 0x5
 1589 00c2 01       		.uleb128 0x1
 1590 00c3 13       		.uleb128 0x13
 1591 00c4 00       		.byte	0
 1592 00c5 00       		.byte	0
 1593 00c6 11       		.uleb128 0x11
 1594 00c7 01       		.uleb128 0x1
 1595 00c8 01       		.byte	0x1
 1596 00c9 49       		.uleb128 0x49
 1597 00ca 13       		.uleb128 0x13
 1598 00cb 01       		.uleb128 0x1
 1599 00cc 13       		.uleb128 0x13
 1600 00cd 00       		.byte	0
 1601 00ce 00       		.byte	0
 1602 00cf 12       		.uleb128 0x12
 1603 00d0 21       		.uleb128 0x21
 1604 00d1 00       		.byte	0
 1605 00d2 00       		.byte	0
 1606 00d3 00       		.byte	0
 1607 00d4 13       		.uleb128 0x13
 1608 00d5 26       		.uleb128 0x26
 1609 00d6 00       		.byte	0
 1610 00d7 49       		.uleb128 0x49
 1611 00d8 13       		.uleb128 0x13
 1612 00d9 00       		.byte	0
 1613 00da 00       		.byte	0
 1614 00db 14       		.uleb128 0x14
 1615 00dc 21       		.uleb128 0x21
 1616 00dd 00       		.byte	0
 1617 00de 49       		.uleb128 0x49
 1618 00df 13       		.uleb128 0x13
 1619 00e0 2F       		.uleb128 0x2f
 1620 00e1 0B       		.uleb128 0xb
ARM GAS  C:\Users\robom\AppData\Local\Temp\ccEUwPMY.s 			page 30


 1621 00e2 00       		.byte	0
 1622 00e3 00       		.byte	0
 1623 00e4 15       		.uleb128 0x15
 1624 00e5 34       		.uleb128 0x34
 1625 00e6 00       		.byte	0
 1626 00e7 03       		.uleb128 0x3
 1627 00e8 0E       		.uleb128 0xe
 1628 00e9 3A       		.uleb128 0x3a
 1629 00ea 0B       		.uleb128 0xb
 1630 00eb 3B       		.uleb128 0x3b
 1631 00ec 05       		.uleb128 0x5
 1632 00ed 49       		.uleb128 0x49
 1633 00ee 13       		.uleb128 0x13
 1634 00ef 02       		.uleb128 0x2
 1635 00f0 18       		.uleb128 0x18
 1636 00f1 00       		.byte	0
 1637 00f2 00       		.byte	0
 1638 00f3 16       		.uleb128 0x16
 1639 00f4 34       		.uleb128 0x34
 1640 00f5 00       		.byte	0
 1641 00f6 03       		.uleb128 0x3
 1642 00f7 0E       		.uleb128 0xe
 1643 00f8 3A       		.uleb128 0x3a
 1644 00f9 0B       		.uleb128 0xb
 1645 00fa 3B       		.uleb128 0x3b
 1646 00fb 0B       		.uleb128 0xb
 1647 00fc 49       		.uleb128 0x49
 1648 00fd 13       		.uleb128 0x13
 1649 00fe 3F       		.uleb128 0x3f
 1650 00ff 19       		.uleb128 0x19
 1651 0100 02       		.uleb128 0x2
 1652 0101 18       		.uleb128 0x18
 1653 0102 00       		.byte	0
 1654 0103 00       		.byte	0
 1655 0104 17       		.uleb128 0x17
 1656 0105 34       		.uleb128 0x34
 1657 0106 00       		.byte	0
 1658 0107 03       		.uleb128 0x3
 1659 0108 0E       		.uleb128 0xe
 1660 0109 3A       		.uleb128 0x3a
 1661 010a 0B       		.uleb128 0xb
 1662 010b 3B       		.uleb128 0x3b
 1663 010c 05       		.uleb128 0x5
 1664 010d 49       		.uleb128 0x49
 1665 010e 13       		.uleb128 0x13
 1666 010f 3F       		.uleb128 0x3f
 1667 0110 19       		.uleb128 0x19
 1668 0111 02       		.uleb128 0x2
 1669 0112 18       		.uleb128 0x18
 1670 0113 00       		.byte	0
 1671 0114 00       		.byte	0
 1672 0115 18       		.uleb128 0x18
 1673 0116 34       		.uleb128 0x34
 1674 0117 00       		.byte	0
 1675 0118 03       		.uleb128 0x3
 1676 0119 0E       		.uleb128 0xe
 1677 011a 3A       		.uleb128 0x3a
ARM GAS  C:\Users\robom\AppData\Local\Temp\ccEUwPMY.s 			page 31


 1678 011b 0B       		.uleb128 0xb
 1679 011c 3B       		.uleb128 0x3b
 1680 011d 0B       		.uleb128 0xb
 1681 011e 49       		.uleb128 0x49
 1682 011f 13       		.uleb128 0x13
 1683 0120 3F       		.uleb128 0x3f
 1684 0121 19       		.uleb128 0x19
 1685 0122 3C       		.uleb128 0x3c
 1686 0123 19       		.uleb128 0x19
 1687 0124 00       		.byte	0
 1688 0125 00       		.byte	0
 1689 0126 00       		.byte	0
 1690              		.section	.debug_aranges,"",%progbits
 1691 0000 14000000 		.4byte	0x14
 1692 0004 0200     		.2byte	0x2
 1693 0006 00000000 		.4byte	.Ldebug_info0
 1694 000a 04       		.byte	0x4
 1695 000b 00       		.byte	0
 1696 000c 0000     		.2byte	0
 1697 000e 0000     		.2byte	0
 1698 0010 00000000 		.4byte	0
 1699 0014 00000000 		.4byte	0
 1700              		.section	.debug_line,"",%progbits
 1701              	.Ldebug_line0:
 1702 0000 38010000 		.section	.debug_str,"MS",%progbits,1
 1702      02003201 
 1702      00000201 
 1702      FB0E0D00 
 1702      01010101 
 1703              	.LASF46:
 1704 0000 6E657874 		.ascii	"next\000"
 1704      00
 1705              	.LASF83:
 1706 0005 45455F74 		.ascii	"EE_th_terminate_nextask\000"
 1706      685F7465 
 1706      726D696E 
 1706      6174655F 
 1706      6E657874 
 1707              	.LASF24:
 1708 001d 5469636B 		.ascii	"TickType\000"
 1708      54797065 
 1708      00
 1709              	.LASF84:
 1710 0026 45455F73 		.ascii	"EE_stkfirst\000"
 1710      746B6669 
 1710      72737400 
 1711              	.LASF26:
 1712 0032 41637469 		.ascii	"ActionType\000"
 1712      6F6E5479 
 1712      706500
 1713              	.LASF19:
 1714 003d 45455F54 		.ascii	"EE_TYPEBOOL\000"
 1714      59504542 
 1714      4F4F4C00 
 1715              	.LASF109:
 1716 0049 45455F63 		.ascii	"EE_cortex_mx_IRQ_tos\000"
 1716      6F727465 
ARM GAS  C:\Users\robom\AppData\Local\Temp\ccEUwPMY.s 			page 32


 1716      785F6D78 
 1716      5F495251 
 1716      5F746F73 
 1717              	.LASF7:
 1718 005e 6C6F6E67 		.ascii	"long long unsigned int\000"
 1718      206C6F6E 
 1718      6720756E 
 1718      7369676E 
 1718      65642069 
 1719              	.LASF45:
 1720 0075 64656C74 		.ascii	"delta\000"
 1720      6100
 1721              	.LASF42:
 1722 007b 45455F6F 		.ascii	"EE_oo_counter_object_ROM_type\000"
 1722      6F5F636F 
 1722      756E7465 
 1722      725F6F62 
 1722      6A656374 
 1723              	.LASF89:
 1724 0099 45455F72 		.ascii	"EE_rq_pairs_next\000"
 1724      715F7061 
 1724      6972735F 
 1724      6E657874 
 1724      00
 1725              	.LASF22:
 1726 00aa 5461736B 		.ascii	"TaskType\000"
 1726      54797065 
 1726      00
 1727              	.LASF61:
 1728 00b3 45455F54 		.ascii	"EE_TOS\000"
 1728      4F5300
 1729              	.LASF29:
 1730 00ba 6D617861 		.ascii	"maxallowedvalue\000"
 1730      6C6C6F77 
 1730      65647661 
 1730      6C756500 
 1731              	.LASF116:
 1732 00ca 45455F6F 		.ascii	"EE_oo_autostart_task_mode_OSDEFAULTAPPMODE\000"
 1732      6F5F6175 
 1732      746F7374 
 1732      6172745F 
 1732      7461736B 
 1733              	.LASF79:
 1734 00f5 45455F41 		.ascii	"EE_ALARM_ID\000"
 1734      4C41524D 
 1734      5F494400 
 1735              	.LASF6:
 1736 0101 6C6F6E67 		.ascii	"long long int\000"
 1736      206C6F6E 
 1736      6720696E 
 1736      7400
 1737              	.LASF0:
 1738 010f 7369676E 		.ascii	"signed char\000"
 1738      65642063 
 1738      68617200 
 1739              	.LASF52:
 1740 011b 45455F6F 		.ascii	"EE_oo_action_kind_type\000"
ARM GAS  C:\Users\robom\AppData\Local\Temp\ccEUwPMY.s 			page 33


 1740      6F5F6163 
 1740      74696F6E 
 1740      5F6B696E 
 1740      645F7479 
 1741              	.LASF23:
 1742 0132 4576656E 		.ascii	"EventMaskType\000"
 1742      744D6173 
 1742      6B547970 
 1742      6500
 1743              	.LASF76:
 1744 0140 45455F45 		.ascii	"EE_EVENT_NAME\000"
 1744      56454E54 
 1744      5F4E414D 
 1744      4500
 1745              	.LASF100:
 1746 014e 45455F61 		.ascii	"EE_alarm_ROM\000"
 1746      6C61726D 
 1746      5F524F4D 
 1746      00
 1747              	.LASF70:
 1748 015b 45455F63 		.ascii	"EE_cortex_mx_active_tos\000"
 1748      6F727465 
 1748      785F6D78 
 1748      5F616374 
 1748      6976655F 
 1749              	.LASF35:
 1750 0173 45455F6F 		.ascii	"EE_oo_counter_RAM_type\000"
 1750      6F5F636F 
 1750      756E7465 
 1750      725F5241 
 1750      4D5F7479 
 1751              	.LASF78:
 1752 018a 45455F45 		.ascii	"EE_EVENT_ID\000"
 1752      56454E54 
 1752      5F494400 
 1753              	.LASF4:
 1754 0196 6C6F6E67 		.ascii	"long int\000"
 1754      20696E74 
 1754      00
 1755              	.LASF87:
 1756 019f 45455F72 		.ascii	"EE_rq_queues_head\000"
 1756      715F7175 
 1756      65756573 
 1756      5F686561 
 1756      6400
 1757              	.LASF105:
 1758 01b1 45455F6F 		.ascii	"EE_oo_IRQ_suspend_status\000"
 1758      6F5F4952 
 1758      515F7375 
 1758      7370656E 
 1758      645F7374 
 1759              	.LASF107:
 1760 01ca 45455F73 		.ascii	"EE_std_endcycle_next_tid\000"
 1760      74645F65 
 1760      6E646379 
 1760      636C655F 
 1760      6E657874 
ARM GAS  C:\Users\robom\AppData\Local\Temp\ccEUwPMY.s 			page 34


 1761              	.LASF86:
 1762 01e3 45455F72 		.ascii	"EE_rq_link\000"
 1762      715F6C69 
 1762      6E6B00
 1763              	.LASF31:
 1764 01ee 6D696E63 		.ascii	"mincycle\000"
 1764      79636C65 
 1764      00
 1765              	.LASF20:
 1766 01f7 45455F54 		.ascii	"EE_TID\000"
 1766      494400
 1767              	.LASF33:
 1768 01fe 76616C75 		.ascii	"value\000"
 1768      6500
 1769              	.LASF8:
 1770 0204 756E7369 		.ascii	"unsigned int\000"
 1770      676E6564 
 1770      20696E74 
 1770      00
 1771              	.LASF16:
 1772 0211 45455F55 		.ascii	"EE_UREG\000"
 1772      52454700 
 1773              	.LASF60:
 1774 0219 45455F6F 		.ascii	"EE_oo_alarm_ROM_type\000"
 1774      6F5F616C 
 1774      61726D5F 
 1774      524F4D5F 
 1774      74797065 
 1775              	.LASF77:
 1776 022e 45455F41 		.ascii	"EE_ALARM_NAME\000"
 1776      4C41524D 
 1776      5F4E414D 
 1776      4500
 1777              	.LASF5:
 1778 023c 6C6F6E67 		.ascii	"long unsigned int\000"
 1778      20756E73 
 1778      69676E65 
 1778      6420696E 
 1778      7400
 1779              	.LASF95:
 1780 024e 45455F74 		.ascii	"EE_th_waswaiting\000"
 1780      685F7761 
 1780      73776169 
 1780      74696E67 
 1780      00
 1781              	.LASF62:
 1782 025f 45455F6F 		.ascii	"EE_oo_autostart_task_type\000"
 1782      6F5F6175 
 1782      746F7374 
 1782      6172745F 
 1782      7461736B 
 1783              	.LASF41:
 1784 0279 6B696E64 		.ascii	"kind\000"
 1784      00
 1785              	.LASF3:
 1786 027e 73686F72 		.ascii	"short unsigned int\000"
 1786      7420756E 
ARM GAS  C:\Users\robom\AppData\Local\Temp\ccEUwPMY.s 			page 35


 1786      7369676E 
 1786      65642069 
 1786      6E7400
 1787              	.LASF104:
 1788 0291 45455F6F 		.ascii	"EE_oo_IRQ_disable_count\000"
 1788      6F5F4952 
 1788      515F6469 
 1788      7361626C 
 1788      655F636F 
 1789              	.LASF38:
 1790 02a9 45455F6F 		.ascii	"EE_oo_counter_object_kind_type\000"
 1790      6F5F636F 
 1790      756E7465 
 1790      725F6F62 
 1790      6A656374 
 1791              	.LASF80:
 1792 02c8 45455F74 		.ascii	"EE_th_status\000"
 1792      685F7374 
 1792      61747573 
 1792      00
 1793              	.LASF39:
 1794 02d5 436F756E 		.ascii	"CounterObjectKindType\000"
 1794      7465724F 
 1794      626A6563 
 1794      744B696E 
 1794      64547970 
 1795              	.LASF73:
 1796 02eb 45455F74 		.ascii	"EE_th_dispatch_prio\000"
 1796      685F6469 
 1796      73706174 
 1796      63685F70 
 1796      72696F00 
 1797              	.LASF111:
 1798 02ff 45455F63 		.ascii	"EE_cortex_mx_stack_4\000"
 1798      6F727465 
 1798      785F6D78 
 1798      5F737461 
 1798      636B5F34 
 1799              	.LASF112:
 1800 0314 45455F63 		.ascii	"EE_cortex_mx_stack_9\000"
 1800      6F727465 
 1800      785F6D78 
 1800      5F737461 
 1800      636B5F39 
 1801              	.LASF14:
 1802 0329 45455F56 		.ascii	"EE_VOID_CALLBACK\000"
 1802      4F49445F 
 1802      43414C4C 
 1802      4241434B 
 1802      00
 1803              	.LASF27:
 1804 033a 436F756E 		.ascii	"CounterType\000"
 1804      74657254 
 1804      79706500 
 1805              	.LASF98:
 1806 0346 45455F6F 		.ascii	"EE_oo_counter_object_ROM\000"
 1806      6F5F636F 
ARM GAS  C:\Users\robom\AppData\Local\Temp\ccEUwPMY.s 			page 36


 1806      756E7465 
 1806      725F6F62 
 1806      6A656374 
 1807              	.LASF59:
 1808 035f 61637469 		.ascii	"action_id\000"
 1808      6F6E5F69 
 1808      6400
 1809              	.LASF106:
 1810 0369 45455F41 		.ascii	"EE_ApplicationMode\000"
 1810      70706C69 
 1810      63617469 
 1810      6F6E4D6F 
 1810      646500
 1811              	.LASF99:
 1812 037c 45455F6F 		.ascii	"EE_oo_action_ROM\000"
 1812      6F5F6163 
 1812      74696F6E 
 1812      5F524F4D 
 1812      00
 1813              	.LASF21:
 1814 038d 45455F54 		.ascii	"EE_TYPE_RQ_MASK\000"
 1814      5950455F 
 1814      52515F4D 
 1814      41534B00 
 1815              	.LASF64:
 1816 039d 73697A65 		.ascii	"sizetype\000"
 1816      74797065 
 1816      00
 1817              	.LASF9:
 1818 03a6 6C6F6E67 		.ascii	"long double\000"
 1818      20646F75 
 1818      626C6500 
 1819              	.LASF92:
 1820 03b2 45455F72 		.ascii	"EE_rq_free\000"
 1820      715F6672 
 1820      656500
 1821              	.LASF66:
 1822 03bd 45455F73 		.ascii	"EE_std_thread_tos\000"
 1822      74645F74 
 1822      68726561 
 1822      645F746F 
 1822      7300
 1823              	.LASF17:
 1824 03cf 45455F53 		.ascii	"EE_SREG\000"
 1824      52454700 
 1825              	.LASF30:
 1826 03d7 7469636B 		.ascii	"ticksperbase\000"
 1826      73706572 
 1826      62617365 
 1826      00
 1827              	.LASF43:
 1828 03e4 75736564 		.ascii	"used\000"
 1828      00
 1829              	.LASF47:
 1830 03e9 45455F6F 		.ascii	"EE_oo_counter_object_RAM_type\000"
 1830      6F5F636F 
 1830      756E7465 
ARM GAS  C:\Users\robom\AppData\Local\Temp\ccEUwPMY.s 			page 37


 1830      725F6F62 
 1830      6A656374 
 1831              	.LASF97:
 1832 0407 45455F63 		.ascii	"EE_counter_ROM\000"
 1832      6F756E74 
 1832      65725F52 
 1832      4F4D00
 1833              	.LASF58:
 1834 0416 45455F6F 		.ascii	"EE_oo_action_ROM_type\000"
 1834      6F5F6163 
 1834      74696F6E 
 1834      5F524F4D 
 1834      5F747970 
 1835              	.LASF10:
 1836 042c 45455F55 		.ascii	"EE_UINT16\000"
 1836      494E5431 
 1836      3600
 1837              	.LASF37:
 1838 0436 45455F53 		.ascii	"EE_SCHEDULETABLE\000"
 1838      43484544 
 1838      554C4554 
 1838      41424C45 
 1838      00
 1839              	.LASF69:
 1840 0447 45455F63 		.ascii	"EE_cortex_mx_system_tos\000"
 1840      6F727465 
 1840      785F6D78 
 1840      5F737973 
 1840      74656D5F 
 1841              	.LASF1:
 1842 045f 756E7369 		.ascii	"unsigned char\000"
 1842      676E6564 
 1842      20636861 
 1842      7200
 1843              	.LASF36:
 1844 046d 45455F41 		.ascii	"EE_ALARM\000"
 1844      4C41524D 
 1844      00
 1845              	.LASF81:
 1846 0476 45455F74 		.ascii	"EE_th_next\000"
 1846      685F6E65 
 1846      787400
 1847              	.LASF68:
 1848 0481 45455F74 		.ascii	"EE_terminate_real_th_body\000"
 1848      65726D69 
 1848      6E617465 
 1848      5F726561 
 1848      6C5F7468 
 1849              	.LASF57:
 1850 049b 696E6363 		.ascii	"inccount\000"
 1850      6F756E74 
 1850      00
 1851              	.LASF2:
 1852 04a4 73686F72 		.ascii	"short int\000"
 1852      7420696E 
 1852      7400
 1853              	.LASF94:
ARM GAS  C:\Users\robom\AppData\Local\Temp\ccEUwPMY.s 			page 38


 1854 04ae 45455F74 		.ascii	"EE_th_event_waitmask\000"
 1854      685F6576 
 1854      656E745F 
 1854      77616974 
 1854      6D61736B 
 1855              	.LASF110:
 1856 04c3 45455F63 		.ascii	"EE_cortex_mx_stack_3\000"
 1856      6F727465 
 1856      785F6D78 
 1856      5F737461 
 1856      636B5F33 
 1857              	.LASF75:
 1858 04d8 45455F54 		.ascii	"EE_TASK_NAME\000"
 1858      41534B5F 
 1858      4E414D45 
 1858      00
 1859              	.LASF32:
 1860 04e5 45455F6F 		.ascii	"EE_oo_counter_ROM_type\000"
 1860      6F5F636F 
 1860      756E7465 
 1860      725F524F 
 1860      4D5F7479 
 1861              	.LASF113:
 1862 04fc 474E5520 		.ascii	"GNU C11 5.4.1 20160609 (release) [ARM/embedded-5-br"
 1862      43313120 
 1862      352E342E 
 1862      31203230 
 1862      31363036 
 1863 052f 616E6368 		.ascii	"anch revision 237715] -mcpu=cortex-m3 -mthumb -g -O"
 1863      20726576 
 1863      6973696F 
 1863      6E203233 
 1863      37373135 
 1864 0562 67202D66 		.ascii	"g -ffunction-sections -ffat-lto-objects\000"
 1864      66756E63 
 1864      74696F6E 
 1864      2D736563 
 1864      74696F6E 
 1865              	.LASF56:
 1866 058a 61637469 		.ascii	"action_mask\000"
 1866      6F6E5F6D 
 1866      61736B00 
 1867              	.LASF15:
 1868 0596 45455F54 		.ascii	"EE_THREAD_PTR\000"
 1868      48524541 
 1868      445F5054 
 1868      5200
 1869              	.LASF88:
 1870 05a4 45455F72 		.ascii	"EE_rq_queues_tail\000"
 1870      715F7175 
 1870      65756573 
 1870      5F746169 
 1870      6C00
 1871              	.LASF115:
 1872 05b6 433A5C55 		.ascii	"C:\\Users\\robom\\OneDrive\\University\\Darmstadt\\"
 1872      73657273 
 1872      5C726F62 
ARM GAS  C:\Users\robom\AppData\Local\Temp\ccEUwPMY.s 			page 39


 1872      6F6D5C4F 
 1872      6E654472 
 1873 05e3 41647661 		.ascii	"Advanced Microcontroller Systems and Embedded Opera"
 1873      6E636564 
 1873      204D6963 
 1873      726F636F 
 1873      6E74726F 
 1874 0616 74696E67 		.ascii	"ting systems\\Embedded Operating Systems\\Workbook\\"
 1874      20737973 
 1874      74656D73 
 1874      5C456D62 
 1874      65646465 
 1875 0647 72656163 		.ascii	"reaction_game_wb.cydsn\000"
 1875      74696F6E 
 1875      5F67616D 
 1875      655F7762 
 1875      2E637964 
 1876              	.LASF51:
 1877 065e 45455F41 		.ascii	"EE_ACTION_CALLBACK\000"
 1877      4354494F 
 1877      4E5F4341 
 1877      4C4C4241 
 1877      434B00
 1878              	.LASF91:
 1879 0671 45455F72 		.ascii	"EE_rq_bitmask\000"
 1879      715F6269 
 1879      746D6173 
 1879      6B00
 1880              	.LASF34:
 1881 067f 66697273 		.ascii	"first\000"
 1881      7400
 1882              	.LASF25:
 1883 0685 436F756E 		.ascii	"CounterObjectType\000"
 1883      7465724F 
 1883      626A6563 
 1883      74547970 
 1883      6500
 1884              	.LASF74:
 1885 0697 63686172 		.ascii	"char\000"
 1885      00
 1886              	.LASF48:
 1887 069c 45455F41 		.ascii	"EE_ACTION_TASK\000"
 1887      4354494F 
 1887      4E5F5441 
 1887      534B00
 1888              	.LASF71:
 1889 06ab 45455F74 		.ascii	"EE_th_rnact_max\000"
 1889      685F726E 
 1889      6163745F 
 1889      6D617800 
 1890              	.LASF50:
 1891 06bb 45455F41 		.ascii	"EE_ACTION_COUNTER\000"
 1891      4354494F 
 1891      4E5F434F 
 1891      554E5445 
 1891      5200
 1892              	.LASF101:
ARM GAS  C:\Users\robom\AppData\Local\Temp\ccEUwPMY.s 			page 40


 1893 06cd 45455F63 		.ascii	"EE_counter_RAM\000"
 1893      6F756E74 
 1893      65725F52 
 1893      414D00
 1894              	.LASF40:
 1895 06dc 73706563 		.ascii	"spec_id\000"
 1895      5F696400 
 1896              	.LASF49:
 1897 06e4 45455F41 		.ascii	"EE_ACTION_EVENT\000"
 1897      4354494F 
 1897      4E5F4556 
 1897      454E5400 
 1898              	.LASF65:
 1899 06f4 45455F68 		.ascii	"EE_hal_thread_body\000"
 1899      616C5F74 
 1899      68726561 
 1899      645F626F 
 1899      647900
 1900              	.LASF85:
 1901 0707 45455F73 		.ascii	"EE_sys_ceiling\000"
 1901      79735F63 
 1901      65696C69 
 1901      6E6700
 1902              	.LASF54:
 1903 0716 61637469 		.ascii	"action_kind\000"
 1903      6F6E5F6B 
 1903      696E6400 
 1904              	.LASF63:
 1905 0722 7461736B 		.ascii	"task\000"
 1905      00
 1906              	.LASF102:
 1907 0727 45455F6F 		.ascii	"EE_oo_counter_object_RAM\000"
 1907      6F5F636F 
 1907      756E7465 
 1907      725F6F62 
 1907      6A656374 
 1908              	.LASF53:
 1909 0740 41637469 		.ascii	"ActionKindType\000"
 1909      6F6E4B69 
 1909      6E645479 
 1909      706500
 1910              	.LASF72:
 1911 074f 45455F74 		.ascii	"EE_th_ready_prio\000"
 1911      685F7265 
 1911      6164795F 
 1911      7072696F 
 1911      00
 1912              	.LASF82:
 1913 0760 45455F74 		.ascii	"EE_th_rnact\000"
 1913      685F726E 
 1913      61637400 
 1914              	.LASF90:
 1915 076c 45455F72 		.ascii	"EE_rq_pairs_tid\000"
 1915      715F7061 
 1915      6972735F 
 1915      74696400 
 1916              	.LASF108:
ARM GAS  C:\Users\robom\AppData\Local\Temp\ccEUwPMY.s 			page 41


 1917 077c 45455F49 		.ascii	"EE_IRQ_nesting_level\000"
 1917      52515F6E 
 1917      65737469 
 1917      6E675F6C 
 1917      6576656C 
 1918              	.LASF12:
 1919 0791 45455F55 		.ascii	"EE_UINT32\000"
 1919      494E5433 
 1919      3200
 1920              	.LASF11:
 1921 079b 45455F49 		.ascii	"EE_INT32\000"
 1921      4E543332 
 1921      00
 1922              	.LASF67:
 1923 07a4 45455F74 		.ascii	"EE_terminate_data\000"
 1923      65726D69 
 1923      6E617465 
 1923      5F646174 
 1923      6100
 1924              	.LASF114:
 1925 07b6 47656E65 		.ascii	"Generated_Source\\PSoC5\\ErikaOS_1_eecfg.c\000"
 1925      72617465 
 1925      645F536F 
 1925      75726365 
 1925      5C50536F 
 1926              	.LASF93:
 1927 07df 45455F74 		.ascii	"EE_th_event_active\000"
 1927      685F6576 
 1927      656E745F 
 1927      61637469 
 1927      766500
 1928              	.LASF44:
 1929 07f2 636E7463 		.ascii	"cntcycle\000"
 1929      79636C65 
 1929      00
 1930              	.LASF28:
 1931 07fb 5359535F 		.ascii	"SYS_tos\000"
 1931      746F7300 
 1932              	.LASF55:
 1933 0803 61637469 		.ascii	"action_task\000"
 1933      6F6E5F74 
 1933      61736B00 
 1934              	.LASF13:
 1935 080f 45455F41 		.ascii	"EE_ADDR\000"
 1935      44445200 
 1936              	.LASF96:
 1937 0817 45455F74 		.ascii	"EE_th_is_extended\000"
 1937      685F6973 
 1937      5F657874 
 1937      656E6465 
 1937      6400
 1938              	.LASF18:
 1939 0829 45455F46 		.ascii	"EE_FREG\000"
 1939      52454700 
 1940              	.LASF103:
 1941 0831 45455F6F 		.ascii	"EE_oo_autostart_task_data\000"
 1941      6F5F6175 
ARM GAS  C:\Users\robom\AppData\Local\Temp\ccEUwPMY.s 			page 42


 1941      746F7374 
 1941      6172745F 
 1941      7461736B 
 1942              		.ident	"GCC: (GNU Tools for ARM Embedded Processors) 5.4.1 20160609 (release) [ARM/embedded-5-bran
