ARM GAS  C:\Users\robom\AppData\Local\Temp\ccCpQolj.s 			page 1


   1              		.syntax unified
   2              		.cpu cortex-m3
   3              		.fpu softvfp
   4              		.eabi_attribute 20, 1
   5              		.eabi_attribute 21, 1
   6              		.eabi_attribute 23, 3
   7              		.eabi_attribute 24, 1
   8              		.eabi_attribute 25, 1
   9              		.eabi_attribute 26, 1
  10              		.eabi_attribute 30, 1
  11              		.eabi_attribute 34, 1
  12              		.eabi_attribute 18, 4
  13              		.thumb
  14              		.syntax unified
  15              		.file	"ErikaOS_1_ee_ulockres.c"
  16              		.text
  17              	.Ltext0:
  18              		.cfi_sections	.debug_frame
  19              	.Letext0:
  20              		.file 1 "c:\\program files (x86)\\cypress\\psoc creator\\4.4\\psoc creator\\import\\gnu\\arm\\5.4.
  21              		.file 2 "Generated_Source\\PSoC5/ErikaOS_1_common_ee_types.inc"
  22              		.file 3 "Generated_Source\\PSoC5/ErikaOS_1_cortex_mx_ee_cpu.inc"
  23              		.file 4 "Generated_Source\\PSoC5/ErikaOS_1_ee_oo_common.inc"
  24              		.file 5 "c:\\program files (x86)\\cypress\\psoc creator\\4.4\\psoc creator\\import\\gnu\\arm\\5.4.
  25              		.file 6 "Generated_Source\\PSoC5/ErikaOS_1_ee_oo_intfunc.inc"
  26              		.file 7 "Generated_Source\\PSoC5/ErikaOS_1_cortex_mx_ee_context.inc"
  27              		.file 8 "Generated_Source\\PSoC5/ErikaOS_1_common_ee_primitives.inc"
  28              		.file 9 "Generated_Source\\PSoC5/core_cm3.h"
  29              		.file 10 "Generated_Source\\PSoC5\\ErikaOS_1_ee_oo_internal.inc"
  30              		.section	.debug_info,"",%progbits
  31              	.Ldebug_info0:
  32 0000 F7030000 		.4byte	0x3f7
  33 0004 0400     		.2byte	0x4
  34 0006 00000000 		.4byte	.Ldebug_abbrev0
  35 000a 04       		.byte	0x4
  36 000b 01       		.uleb128 0x1
  37 000c 5D040000 		.4byte	.LASF68
  38 0010 0C       		.byte	0xc
  39 0011 5F000000 		.4byte	.LASF69
  40 0015 A9010000 		.4byte	.LASF70
  41 0019 00000000 		.4byte	.Ldebug_line0
  42 001d 02       		.uleb128 0x2
  43 001e 01       		.byte	0x1
  44 001f 06       		.byte	0x6
  45 0020 0E030000 		.4byte	.LASF0
  46 0024 02       		.uleb128 0x2
  47 0025 01       		.byte	0x1
  48 0026 08       		.byte	0x8
  49 0027 AE020000 		.4byte	.LASF1
  50 002b 02       		.uleb128 0x2
  51 002c 02       		.byte	0x2
  52 002d 05       		.byte	0x5
  53 002e 4C000000 		.4byte	.LASF2
  54 0032 02       		.uleb128 0x2
  55 0033 02       		.byte	0x2
  56 0034 07       		.byte	0x7
  57 0035 8C030000 		.4byte	.LASF3
ARM GAS  C:\Users\robom\AppData\Local\Temp\ccCpQolj.s 			page 2


  58 0039 03       		.uleb128 0x3
  59 003a 01040000 		.4byte	.LASF10
  60 003e 01       		.byte	0x1
  61 003f 3F       		.byte	0x3f
  62 0040 44000000 		.4byte	0x44
  63 0044 02       		.uleb128 0x2
  64 0045 04       		.byte	0x4
  65 0046 05       		.byte	0x5
  66 0047 A0010000 		.4byte	.LASF4
  67 004b 02       		.uleb128 0x2
  68 004c 04       		.byte	0x4
  69 004d 07       		.byte	0x7
  70 004e D0030000 		.4byte	.LASF5
  71 0052 02       		.uleb128 0x2
  72 0053 08       		.byte	0x8
  73 0054 05       		.byte	0x5
  74 0055 3E010000 		.4byte	.LASF6
  75 0059 02       		.uleb128 0x2
  76 005a 08       		.byte	0x8
  77 005b 07       		.byte	0x7
  78 005c 22030000 		.4byte	.LASF7
  79 0060 04       		.uleb128 0x4
  80 0061 04       		.byte	0x4
  81 0062 05       		.byte	0x5
  82 0063 696E7400 		.ascii	"int\000"
  83 0067 02       		.uleb128 0x2
  84 0068 04       		.byte	0x4
  85 0069 07       		.byte	0x7
  86 006a 50030000 		.4byte	.LASF8
  87 006e 02       		.uleb128 0x2
  88 006f 08       		.byte	0x8
  89 0070 04       		.byte	0x4
  90 0071 BC020000 		.4byte	.LASF9
  91 0075 03       		.uleb128 0x3
  92 0076 98010000 		.4byte	.LASF11
  93 007a 02       		.byte	0x2
  94 007b 3F       		.byte	0x3f
  95 007c 1D000000 		.4byte	0x1d
  96 0080 03       		.uleb128 0x3
  97 0081 A4030000 		.4byte	.LASF12
  98 0085 02       		.byte	0x2
  99 0086 52       		.byte	0x52
 100 0087 32000000 		.4byte	0x32
 101 008b 03       		.uleb128 0x3
 102 008c 83030000 		.4byte	.LASF13
 103 0090 02       		.byte	0x2
 104 0091 53       		.byte	0x53
 105 0092 60000000 		.4byte	0x60
 106 0096 03       		.uleb128 0x3
 107 0097 BA000000 		.4byte	.LASF14
 108 009b 02       		.byte	0x2
 109 009c 54       		.byte	0x54
 110 009d 67000000 		.4byte	0x67
 111 00a1 03       		.uleb128 0x3
 112 00a2 13000000 		.4byte	.LASF15
 113 00a6 03       		.byte	0x3
 114 00a7 4D       		.byte	0x4d
ARM GAS  C:\Users\robom\AppData\Local\Temp\ccCpQolj.s 			page 3


 115 00a8 96000000 		.4byte	0x96
 116 00ac 03       		.uleb128 0x3
 117 00ad 9C000000 		.4byte	.LASF16
 118 00b1 03       		.byte	0x3
 119 00b2 4F       		.byte	0x4f
 120 00b3 96000000 		.4byte	0x96
 121 00b7 03       		.uleb128 0x3
 122 00b8 E9030000 		.4byte	.LASF17
 123 00bc 03       		.byte	0x3
 124 00bd 54       		.byte	0x54
 125 00be A1000000 		.4byte	0xa1
 126 00c2 03       		.uleb128 0x3
 127 00c3 D5000000 		.4byte	.LASF18
 128 00c7 03       		.byte	0x3
 129 00c8 78       		.byte	0x78
 130 00c9 8B000000 		.4byte	0x8b
 131 00cd 05       		.uleb128 0x5
 132 00ce 77010000 		.4byte	.LASF19
 133 00d2 04       		.byte	0x4
 134 00d3 1101     		.2byte	0x111
 135 00d5 80000000 		.4byte	0x80
 136 00d9 05       		.uleb128 0x5
 137 00da 96020000 		.4byte	.LASF20
 138 00de 04       		.byte	0x4
 139 00df 3502     		.2byte	0x235
 140 00e1 A1000000 		.4byte	0xa1
 141 00e5 05       		.uleb128 0x5
 142 00e6 4C010000 		.4byte	.LASF21
 143 00ea 04       		.byte	0x4
 144 00eb 5D02     		.2byte	0x25d
 145 00ed A1000000 		.4byte	0xa1
 146 00f1 05       		.uleb128 0x5
 147 00f2 19040000 		.4byte	.LASF22
 148 00f6 04       		.byte	0x4
 149 00f7 6C02     		.2byte	0x26c
 150 00f9 A1000000 		.4byte	0xa1
 151 00fd 06       		.uleb128 0x6
 152 00fe 0C       		.byte	0xc
 153 00ff 04       		.byte	0x4
 154 0100 7202     		.2byte	0x272
 155 0102 2E010000 		.4byte	0x12e
 156 0106 07       		.uleb128 0x7
 157 0107 51020000 		.4byte	.LASF23
 158 010b 04       		.byte	0x4
 159 010c 7302     		.2byte	0x273
 160 010e D9000000 		.4byte	0xd9
 161 0112 00       		.byte	0
 162 0113 07       		.uleb128 0x7
 163 0114 1B000000 		.4byte	.LASF24
 164 0118 04       		.byte	0x4
 165 0119 7402     		.2byte	0x274
 166 011b D9000000 		.4byte	0xd9
 167 011f 04       		.byte	0x4
 168 0120 07       		.uleb128 0x7
 169 0121 DC000000 		.4byte	.LASF25
 170 0125 04       		.byte	0x4
 171 0126 7502     		.2byte	0x275
ARM GAS  C:\Users\robom\AppData\Local\Temp\ccCpQolj.s 			page 4


 172 0128 D9000000 		.4byte	0xd9
 173 012c 08       		.byte	0x8
 174 012d 00       		.byte	0
 175 012e 05       		.uleb128 0x5
 176 012f 7F020000 		.4byte	.LASF26
 177 0133 04       		.byte	0x4
 178 0134 7A02     		.2byte	0x27a
 179 0136 FD000000 		.4byte	0xfd
 180 013a 06       		.uleb128 0x6
 181 013b 08       		.byte	0x8
 182 013c 04       		.byte	0x4
 183 013d 7D02     		.2byte	0x27d
 184 013f 5E010000 		.4byte	0x15e
 185 0143 07       		.uleb128 0x7
 186 0144 E5000000 		.4byte	.LASF27
 187 0148 04       		.byte	0x4
 188 0149 7E02     		.2byte	0x27e
 189 014b D9000000 		.4byte	0xd9
 190 014f 00       		.byte	0
 191 0150 07       		.uleb128 0x7
 192 0151 1E050000 		.4byte	.LASF28
 193 0155 04       		.byte	0x4
 194 0156 7F02     		.2byte	0x27f
 195 0158 E5000000 		.4byte	0xe5
 196 015c 04       		.byte	0x4
 197 015d 00       		.byte	0
 198 015e 05       		.uleb128 0x5
 199 015f 39030000 		.4byte	.LASF29
 200 0163 04       		.byte	0x4
 201 0164 8002     		.2byte	0x280
 202 0166 3A010000 		.4byte	0x13a
 203 016a 08       		.uleb128 0x8
 204 016b 01       		.byte	0x1
 205 016c 24000000 		.4byte	0x24
 206 0170 04       		.byte	0x4
 207 0171 8A02     		.2byte	0x28a
 208 0173 84010000 		.4byte	0x184
 209 0177 09       		.uleb128 0x9
 210 0178 0B040000 		.4byte	.LASF30
 211 017c 00       		.byte	0
 212 017d 09       		.uleb128 0x9
 213 017e 87010000 		.4byte	.LASF31
 214 0182 01       		.byte	0x1
 215 0183 00       		.byte	0
 216 0184 05       		.uleb128 0x5
 217 0185 04010000 		.4byte	.LASF32
 218 0189 04       		.byte	0x4
 219 018a 8D02     		.2byte	0x28d
 220 018c 6A010000 		.4byte	0x16a
 221 0190 05       		.uleb128 0x5
 222 0191 A4000000 		.4byte	.LASF33
 223 0195 04       		.byte	0x4
 224 0196 9002     		.2byte	0x290
 225 0198 84010000 		.4byte	0x184
 226 019c 06       		.uleb128 0x6
 227 019d 0C       		.byte	0xc
 228 019e 04       		.byte	0x4
ARM GAS  C:\Users\robom\AppData\Local\Temp\ccCpQolj.s 			page 5


 229 019f 9402     		.2byte	0x294
 230 01a1 CB010000 		.4byte	0x1cb
 231 01a5 0A       		.uleb128 0xa
 232 01a6 6300     		.ascii	"c\000"
 233 01a8 04       		.byte	0x4
 234 01a9 9602     		.2byte	0x296
 235 01ab F1000000 		.4byte	0xf1
 236 01af 00       		.byte	0
 237 01b0 07       		.uleb128 0x7
 238 01b1 94000000 		.4byte	.LASF34
 239 01b5 04       		.byte	0x4
 240 01b6 9802     		.2byte	0x298
 241 01b8 E5000000 		.4byte	0xe5
 242 01bc 04       		.byte	0x4
 243 01bd 07       		.uleb128 0x7
 244 01be 00000000 		.4byte	.LASF35
 245 01c2 04       		.byte	0x4
 246 01c3 9A02     		.2byte	0x29a
 247 01c5 90010000 		.4byte	0x190
 248 01c9 08       		.byte	0x8
 249 01ca 00       		.byte	0
 250 01cb 05       		.uleb128 0x5
 251 01cc D7020000 		.4byte	.LASF36
 252 01d0 04       		.byte	0x4
 253 01d1 9B02     		.2byte	0x29b
 254 01d3 9C010000 		.4byte	0x19c
 255 01d7 06       		.uleb128 0x6
 256 01d8 10       		.byte	0x10
 257 01d9 04       		.byte	0x4
 258 01da 9F02     		.2byte	0x29f
 259 01dc 15020000 		.4byte	0x215
 260 01e0 07       		.uleb128 0x7
 261 01e1 14040000 		.4byte	.LASF37
 262 01e5 04       		.byte	0x4
 263 01e6 A002     		.2byte	0x2a0
 264 01e8 B7000000 		.4byte	0xb7
 265 01ec 00       		.byte	0
 266 01ed 07       		.uleb128 0x7
 267 01ee EB040000 		.4byte	.LASF38
 268 01f2 04       		.byte	0x4
 269 01f3 A102     		.2byte	0x2a1
 270 01f5 D9000000 		.4byte	0xd9
 271 01f9 04       		.byte	0x4
 272 01fa 07       		.uleb128 0x7
 273 01fb 8E000000 		.4byte	.LASF39
 274 01ff 04       		.byte	0x4
 275 0200 A202     		.2byte	0x2a2
 276 0202 D9000000 		.4byte	0xd9
 277 0206 08       		.byte	0x8
 278 0207 07       		.uleb128 0x7
 279 0208 0C050000 		.4byte	.LASF40
 280 020c 04       		.byte	0x4
 281 020d A302     		.2byte	0x2a3
 282 020f E5000000 		.4byte	0xe5
 283 0213 0C       		.byte	0xc
 284 0214 00       		.byte	0
 285 0215 05       		.uleb128 0x5
ARM GAS  C:\Users\robom\AppData\Local\Temp\ccCpQolj.s 			page 6


 286 0216 61020000 		.4byte	.LASF41
 287 021a 04       		.byte	0x4
 288 021b A402     		.2byte	0x2a4
 289 021d D7010000 		.4byte	0x1d7
 290 0221 03       		.uleb128 0x3
 291 0222 1A030000 		.4byte	.LASF42
 292 0226 05       		.byte	0x5
 293 0227 2C       		.byte	0x2c
 294 0228 39000000 		.4byte	0x39
 295 022c 02       		.uleb128 0x2
 296 022d 04       		.byte	0x4
 297 022e 04       		.byte	0x4
 298 022f 38010000 		.4byte	.LASF43
 299 0233 02       		.uleb128 0x2
 300 0234 08       		.byte	0x8
 301 0235 04       		.byte	0x4
 302 0236 E2030000 		.4byte	.LASF44
 303 023a 02       		.uleb128 0x2
 304 023b 01       		.byte	0x1
 305 023c 08       		.byte	0x8
 306 023d 9F030000 		.4byte	.LASF45
 307 0241 02       		.uleb128 0x2
 308 0242 04       		.byte	0x4
 309 0243 07       		.byte	0x7
 310 0244 56000000 		.4byte	.LASF46
 311 0248 0B       		.uleb128 0xb
 312 0249 58020000 		.4byte	0x258
 313 024d 58020000 		.4byte	0x258
 314 0251 0C       		.uleb128 0xc
 315 0252 41020000 		.4byte	0x241
 316 0256 03       		.byte	0x3
 317 0257 00       		.byte	0
 318 0258 0D       		.uleb128 0xd
 319 0259 A1000000 		.4byte	0xa1
 320 025d 0E       		.uleb128 0xe
 321 025e C4000000 		.4byte	.LASF47
 322 0262 04       		.byte	0x4
 323 0263 B2       		.byte	0xb2
 324 0264 68020000 		.4byte	0x268
 325 0268 0D       		.uleb128 0xd
 326 0269 48020000 		.4byte	0x248
 327 026d 0E       		.uleb128 0xe
 328 026e 31040000 		.4byte	.LASF48
 329 0272 04       		.byte	0x4
 330 0273 B3       		.byte	0xb3
 331 0274 78020000 		.4byte	0x278
 332 0278 0D       		.uleb128 0xd
 333 0279 48020000 		.4byte	0x248
 334 027d 0B       		.uleb128 0xb
 335 027e A1000000 		.4byte	0xa1
 336 0282 8D020000 		.4byte	0x28d
 337 0286 0C       		.uleb128 0xc
 338 0287 41020000 		.4byte	0x241
 339 028b 03       		.byte	0x3
 340 028c 00       		.byte	0
 341 028d 0E       		.uleb128 0xe
 342 028e 5D030000 		.4byte	.LASF49
ARM GAS  C:\Users\robom\AppData\Local\Temp\ccCpQolj.s 			page 7


 343 0292 04       		.byte	0x4
 344 0293 CA       		.byte	0xca
 345 0294 7D020000 		.4byte	0x27d
 346 0298 0B       		.uleb128 0xb
 347 0299 C2000000 		.4byte	0xc2
 348 029d A8020000 		.4byte	0x2a8
 349 02a1 0C       		.uleb128 0xc
 350 02a2 41020000 		.4byte	0x241
 351 02a6 03       		.byte	0x3
 352 02a7 00       		.byte	0
 353 02a8 0E       		.uleb128 0xe
 354 02a9 45040000 		.4byte	.LASF50
 355 02ad 04       		.byte	0x4
 356 02ae D2       		.byte	0xd2
 357 02af 98020000 		.4byte	0x298
 358 02b3 0E       		.uleb128 0xe
 359 02b4 25040000 		.4byte	.LASF51
 360 02b8 04       		.byte	0x4
 361 02b9 DA       		.byte	0xda
 362 02ba 7D020000 		.4byte	0x27d
 363 02be 0E       		.uleb128 0xe
 364 02bf F5030000 		.4byte	.LASF52
 365 02c3 04       		.byte	0x4
 366 02c4 E2       		.byte	0xe2
 367 02c5 C2000000 		.4byte	0xc2
 368 02c9 0E       		.uleb128 0xe
 369 02ca 9F020000 		.4byte	.LASF53
 370 02ce 04       		.byte	0x4
 371 02cf F7       		.byte	0xf7
 372 02d0 A1000000 		.4byte	0xa1
 373 02d4 0F       		.uleb128 0xf
 374 02d5 05000000 		.4byte	.LASF54
 375 02d9 04       		.byte	0x4
 376 02da 3F01     		.2byte	0x13f
 377 02dc CD000000 		.4byte	0xcd
 378 02e0 0F       		.uleb128 0xf
 379 02e1 28000000 		.4byte	.LASF55
 380 02e5 04       		.byte	0x4
 381 02e6 5C01     		.2byte	0x15c
 382 02e8 7D020000 		.4byte	0x27d
 383 02ec 0B       		.uleb128 0xb
 384 02ed B7000000 		.4byte	0xb7
 385 02f1 FC020000 		.4byte	0x2fc
 386 02f5 0C       		.uleb128 0xc
 387 02f6 41020000 		.4byte	0x241
 388 02fa 03       		.byte	0x3
 389 02fb 00       		.byte	0
 390 02fc 0F       		.uleb128 0xf
 391 02fd 3B000000 		.4byte	.LASF56
 392 0301 04       		.byte	0x4
 393 0302 6701     		.2byte	0x167
 394 0304 EC020000 		.4byte	0x2ec
 395 0308 0B       		.uleb128 0xb
 396 0309 18030000 		.4byte	0x318
 397 030d 18030000 		.4byte	0x318
 398 0311 0C       		.uleb128 0xc
 399 0312 41020000 		.4byte	0x241
ARM GAS  C:\Users\robom\AppData\Local\Temp\ccCpQolj.s 			page 8


 400 0316 00       		.byte	0
 401 0317 00       		.byte	0
 402 0318 0D       		.uleb128 0xd
 403 0319 2E010000 		.4byte	0x12e
 404 031d 0F       		.uleb128 0xf
 405 031e C8020000 		.4byte	.LASF57
 406 0322 04       		.byte	0x4
 407 0323 CA02     		.2byte	0x2ca
 408 0325 29030000 		.4byte	0x329
 409 0329 0D       		.uleb128 0xd
 410 032a 08030000 		.4byte	0x308
 411 032e 0B       		.uleb128 0xb
 412 032f 3E030000 		.4byte	0x33e
 413 0333 3E030000 		.4byte	0x33e
 414 0337 0C       		.uleb128 0xc
 415 0338 41020000 		.4byte	0x241
 416 033c 02       		.byte	0x2
 417 033d 00       		.byte	0
 418 033e 0D       		.uleb128 0xd
 419 033f CB010000 		.4byte	0x1cb
 420 0343 0F       		.uleb128 0xf
 421 0344 EB000000 		.4byte	.LASF58
 422 0348 04       		.byte	0x4
 423 0349 DD02     		.2byte	0x2dd
 424 034b 4F030000 		.4byte	0x34f
 425 034f 0D       		.uleb128 0xd
 426 0350 2E030000 		.4byte	0x32e
 427 0354 0B       		.uleb128 0xb
 428 0355 5E010000 		.4byte	0x15e
 429 0359 64030000 		.4byte	0x364
 430 035d 0C       		.uleb128 0xc
 431 035e 41020000 		.4byte	0x241
 432 0362 00       		.byte	0
 433 0363 00       		.byte	0
 434 0364 0F       		.uleb128 0xf
 435 0365 AE030000 		.4byte	.LASF59
 436 0369 04       		.byte	0x4
 437 036a FB02     		.2byte	0x2fb
 438 036c 54030000 		.4byte	0x354
 439 0370 0B       		.uleb128 0xb
 440 0371 15020000 		.4byte	0x215
 441 0375 80030000 		.4byte	0x380
 442 0379 0C       		.uleb128 0xc
 443 037a 41020000 		.4byte	0x241
 444 037e 02       		.byte	0x2
 445 037f 00       		.byte	0
 446 0380 0F       		.uleb128 0xf
 447 0381 F5020000 		.4byte	.LASF60
 448 0385 04       		.byte	0x4
 449 0386 0403     		.2byte	0x304
 450 0388 70030000 		.4byte	0x370
 451 038c 0E       		.uleb128 0xe
 452 038d F4040000 		.4byte	.LASF61
 453 0391 06       		.byte	0x6
 454 0392 40       		.byte	0x40
 455 0393 A1000000 		.4byte	0xa1
 456 0397 0E       		.uleb128 0xe
ARM GAS  C:\Users\robom\AppData\Local\Temp\ccCpQolj.s 			page 9


 457 0398 5E010000 		.4byte	.LASF62
 458 039c 06       		.byte	0x6
 459 039d 47       		.byte	0x47
 460 039e AC000000 		.4byte	0xac
 461 03a2 0E       		.uleb128 0xe
 462 03a3 BD030000 		.4byte	.LASF63
 463 03a7 06       		.byte	0x6
 464 03a8 4A       		.byte	0x4a
 465 03a9 A1000000 		.4byte	0xa1
 466 03ad 0E       		.uleb128 0xe
 467 03ae 6A030000 		.4byte	.LASF64
 468 03b2 07       		.byte	0x7
 469 03b3 48       		.byte	0x48
 470 03b4 C2000000 		.4byte	0xc2
 471 03b8 0E       		.uleb128 0xe
 472 03b9 23010000 		.4byte	.LASF65
 473 03bd 08       		.byte	0x8
 474 03be 44       		.byte	0x44
 475 03bf A1000000 		.4byte	0xa1
 476 03c3 0F       		.uleb128 0xf
 477 03c4 50040000 		.4byte	.LASF66
 478 03c8 09       		.byte	0x9
 479 03c9 1207     		.2byte	0x712
 480 03cb CF030000 		.4byte	0x3cf
 481 03cf 10       		.uleb128 0x10
 482 03d0 21020000 		.4byte	0x221
 483 03d4 0B       		.uleb128 0xb
 484 03d5 E4030000 		.4byte	0x3e4
 485 03d9 E4030000 		.4byte	0x3e4
 486 03dd 0C       		.uleb128 0xc
 487 03de 41020000 		.4byte	0x241
 488 03e2 FF       		.byte	0xff
 489 03e3 00       		.byte	0
 490 03e4 0D       		.uleb128 0xd
 491 03e5 75000000 		.4byte	0x75
 492 03e9 0F       		.uleb128 0xf
 493 03ea 11050000 		.4byte	.LASF67
 494 03ee 0A       		.byte	0xa
 495 03ef AB01     		.2byte	0x1ab
 496 03f1 F5030000 		.4byte	0x3f5
 497 03f5 0D       		.uleb128 0xd
 498 03f6 D4030000 		.4byte	0x3d4
 499 03fa 00       		.byte	0
 500              		.section	.debug_abbrev,"",%progbits
 501              	.Ldebug_abbrev0:
 502 0000 01       		.uleb128 0x1
 503 0001 11       		.uleb128 0x11
 504 0002 01       		.byte	0x1
 505 0003 25       		.uleb128 0x25
 506 0004 0E       		.uleb128 0xe
 507 0005 13       		.uleb128 0x13
 508 0006 0B       		.uleb128 0xb
 509 0007 03       		.uleb128 0x3
 510 0008 0E       		.uleb128 0xe
 511 0009 1B       		.uleb128 0x1b
 512 000a 0E       		.uleb128 0xe
 513 000b 10       		.uleb128 0x10
ARM GAS  C:\Users\robom\AppData\Local\Temp\ccCpQolj.s 			page 10


 514 000c 17       		.uleb128 0x17
 515 000d 00       		.byte	0
 516 000e 00       		.byte	0
 517 000f 02       		.uleb128 0x2
 518 0010 24       		.uleb128 0x24
 519 0011 00       		.byte	0
 520 0012 0B       		.uleb128 0xb
 521 0013 0B       		.uleb128 0xb
 522 0014 3E       		.uleb128 0x3e
 523 0015 0B       		.uleb128 0xb
 524 0016 03       		.uleb128 0x3
 525 0017 0E       		.uleb128 0xe
 526 0018 00       		.byte	0
 527 0019 00       		.byte	0
 528 001a 03       		.uleb128 0x3
 529 001b 16       		.uleb128 0x16
 530 001c 00       		.byte	0
 531 001d 03       		.uleb128 0x3
 532 001e 0E       		.uleb128 0xe
 533 001f 3A       		.uleb128 0x3a
 534 0020 0B       		.uleb128 0xb
 535 0021 3B       		.uleb128 0x3b
 536 0022 0B       		.uleb128 0xb
 537 0023 49       		.uleb128 0x49
 538 0024 13       		.uleb128 0x13
 539 0025 00       		.byte	0
 540 0026 00       		.byte	0
 541 0027 04       		.uleb128 0x4
 542 0028 24       		.uleb128 0x24
 543 0029 00       		.byte	0
 544 002a 0B       		.uleb128 0xb
 545 002b 0B       		.uleb128 0xb
 546 002c 3E       		.uleb128 0x3e
 547 002d 0B       		.uleb128 0xb
 548 002e 03       		.uleb128 0x3
 549 002f 08       		.uleb128 0x8
 550 0030 00       		.byte	0
 551 0031 00       		.byte	0
 552 0032 05       		.uleb128 0x5
 553 0033 16       		.uleb128 0x16
 554 0034 00       		.byte	0
 555 0035 03       		.uleb128 0x3
 556 0036 0E       		.uleb128 0xe
 557 0037 3A       		.uleb128 0x3a
 558 0038 0B       		.uleb128 0xb
 559 0039 3B       		.uleb128 0x3b
 560 003a 05       		.uleb128 0x5
 561 003b 49       		.uleb128 0x49
 562 003c 13       		.uleb128 0x13
 563 003d 00       		.byte	0
 564 003e 00       		.byte	0
 565 003f 06       		.uleb128 0x6
 566 0040 13       		.uleb128 0x13
 567 0041 01       		.byte	0x1
 568 0042 0B       		.uleb128 0xb
 569 0043 0B       		.uleb128 0xb
 570 0044 3A       		.uleb128 0x3a
ARM GAS  C:\Users\robom\AppData\Local\Temp\ccCpQolj.s 			page 11


 571 0045 0B       		.uleb128 0xb
 572 0046 3B       		.uleb128 0x3b
 573 0047 05       		.uleb128 0x5
 574 0048 01       		.uleb128 0x1
 575 0049 13       		.uleb128 0x13
 576 004a 00       		.byte	0
 577 004b 00       		.byte	0
 578 004c 07       		.uleb128 0x7
 579 004d 0D       		.uleb128 0xd
 580 004e 00       		.byte	0
 581 004f 03       		.uleb128 0x3
 582 0050 0E       		.uleb128 0xe
 583 0051 3A       		.uleb128 0x3a
 584 0052 0B       		.uleb128 0xb
 585 0053 3B       		.uleb128 0x3b
 586 0054 05       		.uleb128 0x5
 587 0055 49       		.uleb128 0x49
 588 0056 13       		.uleb128 0x13
 589 0057 38       		.uleb128 0x38
 590 0058 0B       		.uleb128 0xb
 591 0059 00       		.byte	0
 592 005a 00       		.byte	0
 593 005b 08       		.uleb128 0x8
 594 005c 04       		.uleb128 0x4
 595 005d 01       		.byte	0x1
 596 005e 0B       		.uleb128 0xb
 597 005f 0B       		.uleb128 0xb
 598 0060 49       		.uleb128 0x49
 599 0061 13       		.uleb128 0x13
 600 0062 3A       		.uleb128 0x3a
 601 0063 0B       		.uleb128 0xb
 602 0064 3B       		.uleb128 0x3b
 603 0065 05       		.uleb128 0x5
 604 0066 01       		.uleb128 0x1
 605 0067 13       		.uleb128 0x13
 606 0068 00       		.byte	0
 607 0069 00       		.byte	0
 608 006a 09       		.uleb128 0x9
 609 006b 28       		.uleb128 0x28
 610 006c 00       		.byte	0
 611 006d 03       		.uleb128 0x3
 612 006e 0E       		.uleb128 0xe
 613 006f 1C       		.uleb128 0x1c
 614 0070 0B       		.uleb128 0xb
 615 0071 00       		.byte	0
 616 0072 00       		.byte	0
 617 0073 0A       		.uleb128 0xa
 618 0074 0D       		.uleb128 0xd
 619 0075 00       		.byte	0
 620 0076 03       		.uleb128 0x3
 621 0077 08       		.uleb128 0x8
 622 0078 3A       		.uleb128 0x3a
 623 0079 0B       		.uleb128 0xb
 624 007a 3B       		.uleb128 0x3b
 625 007b 05       		.uleb128 0x5
 626 007c 49       		.uleb128 0x49
 627 007d 13       		.uleb128 0x13
ARM GAS  C:\Users\robom\AppData\Local\Temp\ccCpQolj.s 			page 12


 628 007e 38       		.uleb128 0x38
 629 007f 0B       		.uleb128 0xb
 630 0080 00       		.byte	0
 631 0081 00       		.byte	0
 632 0082 0B       		.uleb128 0xb
 633 0083 01       		.uleb128 0x1
 634 0084 01       		.byte	0x1
 635 0085 49       		.uleb128 0x49
 636 0086 13       		.uleb128 0x13
 637 0087 01       		.uleb128 0x1
 638 0088 13       		.uleb128 0x13
 639 0089 00       		.byte	0
 640 008a 00       		.byte	0
 641 008b 0C       		.uleb128 0xc
 642 008c 21       		.uleb128 0x21
 643 008d 00       		.byte	0
 644 008e 49       		.uleb128 0x49
 645 008f 13       		.uleb128 0x13
 646 0090 2F       		.uleb128 0x2f
 647 0091 0B       		.uleb128 0xb
 648 0092 00       		.byte	0
 649 0093 00       		.byte	0
 650 0094 0D       		.uleb128 0xd
 651 0095 26       		.uleb128 0x26
 652 0096 00       		.byte	0
 653 0097 49       		.uleb128 0x49
 654 0098 13       		.uleb128 0x13
 655 0099 00       		.byte	0
 656 009a 00       		.byte	0
 657 009b 0E       		.uleb128 0xe
 658 009c 34       		.uleb128 0x34
 659 009d 00       		.byte	0
 660 009e 03       		.uleb128 0x3
 661 009f 0E       		.uleb128 0xe
 662 00a0 3A       		.uleb128 0x3a
 663 00a1 0B       		.uleb128 0xb
 664 00a2 3B       		.uleb128 0x3b
 665 00a3 0B       		.uleb128 0xb
 666 00a4 49       		.uleb128 0x49
 667 00a5 13       		.uleb128 0x13
 668 00a6 3F       		.uleb128 0x3f
 669 00a7 19       		.uleb128 0x19
 670 00a8 3C       		.uleb128 0x3c
 671 00a9 19       		.uleb128 0x19
 672 00aa 00       		.byte	0
 673 00ab 00       		.byte	0
 674 00ac 0F       		.uleb128 0xf
 675 00ad 34       		.uleb128 0x34
 676 00ae 00       		.byte	0
 677 00af 03       		.uleb128 0x3
 678 00b0 0E       		.uleb128 0xe
 679 00b1 3A       		.uleb128 0x3a
 680 00b2 0B       		.uleb128 0xb
 681 00b3 3B       		.uleb128 0x3b
 682 00b4 05       		.uleb128 0x5
 683 00b5 49       		.uleb128 0x49
 684 00b6 13       		.uleb128 0x13
ARM GAS  C:\Users\robom\AppData\Local\Temp\ccCpQolj.s 			page 13


 685 00b7 3F       		.uleb128 0x3f
 686 00b8 19       		.uleb128 0x19
 687 00b9 3C       		.uleb128 0x3c
 688 00ba 19       		.uleb128 0x19
 689 00bb 00       		.byte	0
 690 00bc 00       		.byte	0
 691 00bd 10       		.uleb128 0x10
 692 00be 35       		.uleb128 0x35
 693 00bf 00       		.byte	0
 694 00c0 49       		.uleb128 0x49
 695 00c1 13       		.uleb128 0x13
 696 00c2 00       		.byte	0
 697 00c3 00       		.byte	0
 698 00c4 00       		.byte	0
 699              		.section	.debug_aranges,"",%progbits
 700 0000 14000000 		.4byte	0x14
 701 0004 0200     		.2byte	0x2
 702 0006 00000000 		.4byte	.Ldebug_info0
 703 000a 04       		.byte	0x4
 704 000b 00       		.byte	0
 705 000c 0000     		.2byte	0
 706 000e 0000     		.2byte	0
 707 0010 00000000 		.4byte	0
 708 0014 00000000 		.4byte	0
 709              		.section	.debug_line,"",%progbits
 710              	.Ldebug_line0:
 711 0000 27020000 		.section	.debug_str,"MS",%progbits,1
 711      02002102 
 711      00000201 
 711      FB0E0D00 
 711      01010101 
 712              	.LASF35:
 713 0000 6B696E64 		.ascii	"kind\000"
 713      00
 714              	.LASF54:
 715 0005 45455F72 		.ascii	"EE_rq_bitmask\000"
 715      715F6269 
 715      746D6173 
 715      6B00
 716              	.LASF15:
 717 0013 45455F55 		.ascii	"EE_UREG\000"
 717      52454700 
 718              	.LASF24:
 719 001b 7469636B 		.ascii	"ticksperbase\000"
 719      73706572 
 719      62617365 
 719      00
 720              	.LASF55:
 721 0028 45455F74 		.ascii	"EE_th_event_active\000"
 721      685F6576 
 721      656E745F 
 721      61637469 
 721      766500
 722              	.LASF56:
 723 003b 45455F74 		.ascii	"EE_th_waswaiting\000"
 723      685F7761 
 723      73776169 
ARM GAS  C:\Users\robom\AppData\Local\Temp\ccCpQolj.s 			page 14


 723      74696E67 
 723      00
 724              	.LASF2:
 725 004c 73686F72 		.ascii	"short int\000"
 725      7420696E 
 725      7400
 726              	.LASF46:
 727 0056 73697A65 		.ascii	"sizetype\000"
 727      74797065 
 727      00
 728              	.LASF69:
 729 005f 47656E65 		.ascii	"Generated_Source\\PSoC5\\ErikaOS_1_ee_ulockres.c\000"
 729      72617465 
 729      645F536F 
 729      75726365 
 729      5C50536F 
 730              	.LASF39:
 731 008e 64656C74 		.ascii	"delta\000"
 731      6100
 732              	.LASF34:
 733 0094 73706563 		.ascii	"spec_id\000"
 733      5F696400 
 734              	.LASF16:
 735 009c 45455F46 		.ascii	"EE_FREG\000"
 735      52454700 
 736              	.LASF33:
 737 00a4 436F756E 		.ascii	"CounterObjectKindType\000"
 737      7465724F 
 737      626A6563 
 737      744B696E 
 737      64547970 
 738              	.LASF14:
 739 00ba 45455F55 		.ascii	"EE_UINT32\000"
 739      494E5433 
 739      3200
 740              	.LASF47:
 741 00c4 45455F74 		.ascii	"EE_th_ready_prio\000"
 741      685F7265 
 741      6164795F 
 741      7072696F 
 741      00
 742              	.LASF18:
 743 00d5 45455F54 		.ascii	"EE_TID\000"
 743      494400
 744              	.LASF25:
 745 00dc 6D696E63 		.ascii	"mincycle\000"
 745      79636C65 
 745      00
 746              	.LASF27:
 747 00e5 76616C75 		.ascii	"value\000"
 747      6500
 748              	.LASF58:
 749 00eb 45455F6F 		.ascii	"EE_oo_counter_object_ROM\000"
 749      6F5F636F 
 749      756E7465 
 749      725F6F62 
 749      6A656374 
ARM GAS  C:\Users\robom\AppData\Local\Temp\ccCpQolj.s 			page 15


 750              	.LASF32:
 751 0104 45455F6F 		.ascii	"EE_oo_counter_object_kind_type\000"
 751      6F5F636F 
 751      756E7465 
 751      725F6F62 
 751      6A656374 
 752              	.LASF65:
 753 0123 45455F49 		.ascii	"EE_IRQ_nesting_level\000"
 753      52515F6E 
 753      65737469 
 753      6E675F6C 
 753      6576656C 
 754              	.LASF43:
 755 0138 666C6F61 		.ascii	"float\000"
 755      7400
 756              	.LASF6:
 757 013e 6C6F6E67 		.ascii	"long long int\000"
 757      206C6F6E 
 757      6720696E 
 757      7400
 758              	.LASF21:
 759 014c 436F756E 		.ascii	"CounterObjectType\000"
 759      7465724F 
 759      626A6563 
 759      74547970 
 759      6500
 760              	.LASF62:
 761 015e 45455F6F 		.ascii	"EE_oo_IRQ_suspend_status\000"
 761      6F5F4952 
 761      515F7375 
 761      7370656E 
 761      645F7374 
 762              	.LASF19:
 763 0177 45455F54 		.ascii	"EE_TYPE_RQ_MASK\000"
 763      5950455F 
 763      52515F4D 
 763      41534B00 
 764              	.LASF31:
 765 0187 45455F53 		.ascii	"EE_SCHEDULETABLE\000"
 765      43484544 
 765      554C4554 
 765      41424C45 
 765      00
 766              	.LASF11:
 767 0198 45455F49 		.ascii	"EE_INT8\000"
 767      4E543800 
 768              	.LASF4:
 769 01a0 6C6F6E67 		.ascii	"long int\000"
 769      20696E74 
 769      00
 770              	.LASF70:
 771 01a9 433A5C55 		.ascii	"C:\\Users\\robom\\OneDrive\\University\\Darmstadt\\"
 771      73657273 
 771      5C726F62 
 771      6F6D5C4F 
 771      6E654472 
 772 01d6 41647661 		.ascii	"Advanced Microcontroller Systems and Embedded Opera"
ARM GAS  C:\Users\robom\AppData\Local\Temp\ccCpQolj.s 			page 16


 772      6E636564 
 772      204D6963 
 772      726F636F 
 772      6E74726F 
 773 0209 74696E67 		.ascii	"ting systems\\Embedded Operating Systems\\Workbook\\"
 773      20737973 
 773      74656D73 
 773      5C456D62 
 773      65646465 
 774 023a 72656163 		.ascii	"reaction_game_wb.cydsn\000"
 774      74696F6E 
 774      5F67616D 
 774      655F7762 
 774      2E637964 
 775              	.LASF23:
 776 0251 6D617861 		.ascii	"maxallowedvalue\000"
 776      6C6C6F77 
 776      65647661 
 776      6C756500 
 777              	.LASF41:
 778 0261 45455F6F 		.ascii	"EE_oo_counter_object_RAM_type\000"
 778      6F5F636F 
 778      756E7465 
 778      725F6F62 
 778      6A656374 
 779              	.LASF26:
 780 027f 45455F6F 		.ascii	"EE_oo_counter_ROM_type\000"
 780      6F5F636F 
 780      756E7465 
 780      725F524F 
 780      4D5F7479 
 781              	.LASF20:
 782 0296 5469636B 		.ascii	"TickType\000"
 782      54797065 
 782      00
 783              	.LASF53:
 784 029f 45455F73 		.ascii	"EE_sys_ceiling\000"
 784      79735F63 
 784      65696C69 
 784      6E6700
 785              	.LASF1:
 786 02ae 756E7369 		.ascii	"unsigned char\000"
 786      676E6564 
 786      20636861 
 786      7200
 787              	.LASF9:
 788 02bc 6C6F6E67 		.ascii	"long double\000"
 788      20646F75 
 788      626C6500 
 789              	.LASF57:
 790 02c8 45455F63 		.ascii	"EE_counter_ROM\000"
 790      6F756E74 
 790      65725F52 
 790      4F4D00
 791              	.LASF36:
 792 02d7 45455F6F 		.ascii	"EE_oo_counter_object_ROM_type\000"
 792      6F5F636F 
ARM GAS  C:\Users\robom\AppData\Local\Temp\ccCpQolj.s 			page 17


 792      756E7465 
 792      725F6F62 
 792      6A656374 
 793              	.LASF60:
 794 02f5 45455F6F 		.ascii	"EE_oo_counter_object_RAM\000"
 794      6F5F636F 
 794      756E7465 
 794      725F6F62 
 794      6A656374 
 795              	.LASF0:
 796 030e 7369676E 		.ascii	"signed char\000"
 796      65642063 
 796      68617200 
 797              	.LASF42:
 798 031a 696E7433 		.ascii	"int32_t\000"
 798      325F7400 
 799              	.LASF7:
 800 0322 6C6F6E67 		.ascii	"long long unsigned int\000"
 800      206C6F6E 
 800      6720756E 
 800      7369676E 
 800      65642069 
 801              	.LASF29:
 802 0339 45455F6F 		.ascii	"EE_oo_counter_RAM_type\000"
 802      6F5F636F 
 802      756E7465 
 802      725F5241 
 802      4D5F7479 
 803              	.LASF8:
 804 0350 756E7369 		.ascii	"unsigned int\000"
 804      676E6564 
 804      20696E74 
 804      00
 805              	.LASF49:
 806 035d 45455F74 		.ascii	"EE_th_status\000"
 806      685F7374 
 806      61747573 
 806      00
 807              	.LASF64:
 808 036a 45455F73 		.ascii	"EE_std_endcycle_next_tid\000"
 808      74645F65 
 808      6E646379 
 808      636C655F 
 808      6E657874 
 809              	.LASF13:
 810 0383 45455F49 		.ascii	"EE_INT32\000"
 810      4E543332 
 810      00
 811              	.LASF3:
 812 038c 73686F72 		.ascii	"short unsigned int\000"
 812      7420756E 
 812      7369676E 
 812      65642069 
 812      6E7400
 813              	.LASF45:
 814 039f 63686172 		.ascii	"char\000"
 814      00
ARM GAS  C:\Users\robom\AppData\Local\Temp\ccCpQolj.s 			page 18


 815              	.LASF12:
 816 03a4 45455F55 		.ascii	"EE_UINT16\000"
 816      494E5431 
 816      3600
 817              	.LASF59:
 818 03ae 45455F63 		.ascii	"EE_counter_RAM\000"
 818      6F756E74 
 818      65725F52 
 818      414D00
 819              	.LASF63:
 820 03bd 45455F41 		.ascii	"EE_ApplicationMode\000"
 820      70706C69 
 820      63617469 
 820      6F6E4D6F 
 820      646500
 821              	.LASF5:
 822 03d0 6C6F6E67 		.ascii	"long unsigned int\000"
 822      20756E73 
 822      69676E65 
 822      6420696E 
 822      7400
 823              	.LASF44:
 824 03e2 646F7562 		.ascii	"double\000"
 824      6C6500
 825              	.LASF17:
 826 03e9 45455F54 		.ascii	"EE_TYPEBOOL\000"
 826      59504542 
 826      4F4F4C00 
 827              	.LASF52:
 828 03f5 45455F73 		.ascii	"EE_stkfirst\000"
 828      746B6669 
 828      72737400 
 829              	.LASF10:
 830 0401 5F5F696E 		.ascii	"__int32_t\000"
 830      7433325F 
 830      7400
 831              	.LASF30:
 832 040b 45455F41 		.ascii	"EE_ALARM\000"
 832      4C41524D 
 832      00
 833              	.LASF37:
 834 0414 75736564 		.ascii	"used\000"
 834      00
 835              	.LASF22:
 836 0419 436F756E 		.ascii	"CounterType\000"
 836      74657254 
 836      79706500 
 837              	.LASF51:
 838 0425 45455F74 		.ascii	"EE_th_rnact\000"
 838      685F726E 
 838      61637400 
 839              	.LASF48:
 840 0431 45455F74 		.ascii	"EE_th_dispatch_prio\000"
 840      685F6469 
 840      73706174 
 840      63685F70 
 840      72696F00 
ARM GAS  C:\Users\robom\AppData\Local\Temp\ccCpQolj.s 			page 19


 841              	.LASF50:
 842 0445 45455F74 		.ascii	"EE_th_next\000"
 842      685F6E65 
 842      787400
 843              	.LASF66:
 844 0450 49544D5F 		.ascii	"ITM_RxBuffer\000"
 844      52784275 
 844      66666572 
 844      00
 845              	.LASF68:
 846 045d 474E5520 		.ascii	"GNU C11 5.4.1 20160609 (release) [ARM/embedded-5-br"
 846      43313120 
 846      352E342E 
 846      31203230 
 846      31363036 
 847 0490 616E6368 		.ascii	"anch revision 237715] -mcpu=cortex-m3 -mthumb -g -O"
 847      20726576 
 847      6973696F 
 847      6E203233 
 847      37373135 
 848 04c3 67202D66 		.ascii	"g -ffunction-sections -ffat-lto-objects\000"
 848      66756E63 
 848      74696F6E 
 848      2D736563 
 848      74696F6E 
 849              	.LASF38:
 850 04eb 636E7463 		.ascii	"cntcycle\000"
 850      79636C65 
 850      00
 851              	.LASF61:
 852 04f4 45455F6F 		.ascii	"EE_oo_IRQ_disable_count\000"
 852      6F5F4952 
 852      515F6469 
 852      7361626C 
 852      655F636F 
 853              	.LASF40:
 854 050c 6E657874 		.ascii	"next\000"
 854      00
 855              	.LASF67:
 856 0511 45455F72 		.ascii	"EE_rq_lookup\000"
 856      715F6C6F 
 856      6F6B7570 
 856      00
 857              	.LASF28:
 858 051e 66697273 		.ascii	"first\000"
 858      7400
 859              		.ident	"GCC: (GNU Tools for ARM Embedded Processors) 5.4.1 20160609 (release) [ARM/embedded-5-bran
