ARM GAS  C:\Users\robom\AppData\Local\Temp\ccHeH1iM.s 			page 1


   1              		.syntax unified
   2              		.cpu cortex-m3
   3              		.fpu softvfp
   4              		.eabi_attribute 20, 1
   5              		.eabi_attribute 21, 1
   6              		.eabi_attribute 23, 3
   7              		.eabi_attribute 24, 1
   8              		.eabi_attribute 25, 1
   9              		.eabi_attribute 26, 1
  10              		.eabi_attribute 30, 1
  11              		.eabi_attribute 34, 1
  12              		.eabi_attribute 18, 4
  13              		.thumb
  14              		.syntax unified
  15              		.file	"JOYSTICK_ADC_XY_SAR_INT.c"
  16              		.text
  17              	.Ltext0:
  18              		.cfi_sections	.debug_frame
  19              	.Letext0:
  20              		.section	.debug_info,"",%progbits
  21              	.Ldebug_info0:
  22 0000 75000000 		.4byte	0x75
  23 0004 0400     		.2byte	0x4
  24 0006 00000000 		.4byte	.Ldebug_abbrev0
  25 000a 04       		.byte	0x4
  26 000b 01       		.uleb128 0x1
  27 000c ED000000 		.4byte	.LASF12
  28 0010 0C       		.byte	0xc
  29 0011 A8000000 		.4byte	.LASF13
  30 0015 00000000 		.4byte	.LASF14
  31 0019 00000000 		.4byte	.Ldebug_line0
  32 001d 02       		.uleb128 0x2
  33 001e 01       		.byte	0x1
  34 001f 06       		.byte	0x6
  35 0020 F1010000 		.4byte	.LASF0
  36 0024 02       		.uleb128 0x2
  37 0025 01       		.byte	0x1
  38 0026 08       		.byte	0x8
  39 0027 DF000000 		.4byte	.LASF1
  40 002b 02       		.uleb128 0x2
  41 002c 02       		.byte	0x2
  42 002d 05       		.byte	0x5
  43 002e DE010000 		.4byte	.LASF2
  44 0032 02       		.uleb128 0x2
  45 0033 02       		.byte	0x2
  46 0034 07       		.byte	0x7
  47 0035 8D010000 		.4byte	.LASF3
  48 0039 02       		.uleb128 0x2
  49 003a 04       		.byte	0x4
  50 003b 05       		.byte	0x5
  51 003c E8010000 		.4byte	.LASF4
  52 0040 02       		.uleb128 0x2
  53 0041 04       		.byte	0x4
  54 0042 07       		.byte	0x7
  55 0043 7B010000 		.4byte	.LASF5
  56 0047 02       		.uleb128 0x2
  57 0048 08       		.byte	0x8
ARM GAS  C:\Users\robom\AppData\Local\Temp\ccHeH1iM.s 			page 2


  58 0049 05       		.byte	0x5
  59 004a CB010000 		.4byte	.LASF6
  60 004e 02       		.uleb128 0x2
  61 004f 08       		.byte	0x8
  62 0050 07       		.byte	0x7
  63 0051 B4010000 		.4byte	.LASF7
  64 0055 03       		.uleb128 0x3
  65 0056 04       		.byte	0x4
  66 0057 05       		.byte	0x5
  67 0058 696E7400 		.ascii	"int\000"
  68 005c 02       		.uleb128 0x2
  69 005d 04       		.byte	0x4
  70 005e 07       		.byte	0x7
  71 005f A7010000 		.4byte	.LASF8
  72 0063 02       		.uleb128 0x2
  73 0064 04       		.byte	0x4
  74 0065 04       		.byte	0x4
  75 0066 D9000000 		.4byte	.LASF9
  76 006a 02       		.uleb128 0x2
  77 006b 08       		.byte	0x8
  78 006c 04       		.byte	0x4
  79 006d A0010000 		.4byte	.LASF10
  80 0071 02       		.uleb128 0x2
  81 0072 01       		.byte	0x1
  82 0073 08       		.byte	0x8
  83 0074 D9010000 		.4byte	.LASF11
  84 0078 00       		.byte	0
  85              		.section	.debug_abbrev,"",%progbits
  86              	.Ldebug_abbrev0:
  87 0000 01       		.uleb128 0x1
  88 0001 11       		.uleb128 0x11
  89 0002 01       		.byte	0x1
  90 0003 25       		.uleb128 0x25
  91 0004 0E       		.uleb128 0xe
  92 0005 13       		.uleb128 0x13
  93 0006 0B       		.uleb128 0xb
  94 0007 03       		.uleb128 0x3
  95 0008 0E       		.uleb128 0xe
  96 0009 1B       		.uleb128 0x1b
  97 000a 0E       		.uleb128 0xe
  98 000b 10       		.uleb128 0x10
  99 000c 17       		.uleb128 0x17
 100 000d 00       		.byte	0
 101 000e 00       		.byte	0
 102 000f 02       		.uleb128 0x2
 103 0010 24       		.uleb128 0x24
 104 0011 00       		.byte	0
 105 0012 0B       		.uleb128 0xb
 106 0013 0B       		.uleb128 0xb
 107 0014 3E       		.uleb128 0x3e
 108 0015 0B       		.uleb128 0xb
 109 0016 03       		.uleb128 0x3
 110 0017 0E       		.uleb128 0xe
 111 0018 00       		.byte	0
 112 0019 00       		.byte	0
 113 001a 03       		.uleb128 0x3
 114 001b 24       		.uleb128 0x24
ARM GAS  C:\Users\robom\AppData\Local\Temp\ccHeH1iM.s 			page 3


 115 001c 00       		.byte	0
 116 001d 0B       		.uleb128 0xb
 117 001e 0B       		.uleb128 0xb
 118 001f 3E       		.uleb128 0x3e
 119 0020 0B       		.uleb128 0xb
 120 0021 03       		.uleb128 0x3
 121 0022 08       		.uleb128 0x8
 122 0023 00       		.byte	0
 123 0024 00       		.byte	0
 124 0025 00       		.byte	0
 125              		.section	.debug_aranges,"",%progbits
 126 0000 14000000 		.4byte	0x14
 127 0004 0200     		.2byte	0x2
 128 0006 00000000 		.4byte	.Ldebug_info0
 129 000a 04       		.byte	0x4
 130 000b 00       		.byte	0
 131 000c 0000     		.2byte	0
 132 000e 0000     		.2byte	0
 133 0010 00000000 		.4byte	0
 134 0014 00000000 		.4byte	0
 135              		.section	.debug_line,"",%progbits
 136              	.Ldebug_line0:
 137 0000 19000000 		.section	.debug_str,"MS",%progbits,1
 137      02001300 
 137      00000201 
 137      FB0E0D00 
 137      01010101 
 138              	.LASF14:
 139 0000 433A5C55 		.ascii	"C:\\Users\\robom\\OneDrive\\University\\Darmstadt\\"
 139      73657273 
 139      5C726F62 
 139      6F6D5C4F 
 139      6E654472 
 140 002d 41647661 		.ascii	"Advanced Microcontroller Systems and Embedded Opera"
 140      6E636564 
 140      204D6963 
 140      726F636F 
 140      6E74726F 
 141 0060 74696E67 		.ascii	"ting systems\\Embedded Operating Systems\\Workbook\\"
 141      20737973 
 141      74656D73 
 141      5C456D62 
 141      65646465 
 142 0091 72656163 		.ascii	"reaction_game_wb.cydsn\000"
 142      74696F6E 
 142      5F67616D 
 142      655F7762 
 142      2E637964 
 143              	.LASF13:
 144 00a8 47656E65 		.ascii	"Generated_Source\\PSoC5\\JOYSTICK_ADC_XY_SAR_INT.c\000"
 144      72617465 
 144      645F536F 
 144      75726365 
 144      5C50536F 
 145              	.LASF9:
 146 00d9 666C6F61 		.ascii	"float\000"
 146      7400
ARM GAS  C:\Users\robom\AppData\Local\Temp\ccHeH1iM.s 			page 4


 147              	.LASF1:
 148 00df 756E7369 		.ascii	"unsigned char\000"
 148      676E6564 
 148      20636861 
 148      7200
 149              	.LASF12:
 150 00ed 474E5520 		.ascii	"GNU C11 5.4.1 20160609 (release) [ARM/embedded-5-br"
 150      43313120 
 150      352E342E 
 150      31203230 
 150      31363036 
 151 0120 616E6368 		.ascii	"anch revision 237715] -mcpu=cortex-m3 -mthumb -g -O"
 151      20726576 
 151      6973696F 
 151      6E203233 
 151      37373135 
 152 0153 67202D66 		.ascii	"g -ffunction-sections -ffat-lto-objects\000"
 152      66756E63 
 152      74696F6E 
 152      2D736563 
 152      74696F6E 
 153              	.LASF5:
 154 017b 6C6F6E67 		.ascii	"long unsigned int\000"
 154      20756E73 
 154      69676E65 
 154      6420696E 
 154      7400
 155              	.LASF3:
 156 018d 73686F72 		.ascii	"short unsigned int\000"
 156      7420756E 
 156      7369676E 
 156      65642069 
 156      6E7400
 157              	.LASF10:
 158 01a0 646F7562 		.ascii	"double\000"
 158      6C6500
 159              	.LASF8:
 160 01a7 756E7369 		.ascii	"unsigned int\000"
 160      676E6564 
 160      20696E74 
 160      00
 161              	.LASF7:
 162 01b4 6C6F6E67 		.ascii	"long long unsigned int\000"
 162      206C6F6E 
 162      6720756E 
 162      7369676E 
 162      65642069 
 163              	.LASF6:
 164 01cb 6C6F6E67 		.ascii	"long long int\000"
 164      206C6F6E 
 164      6720696E 
 164      7400
 165              	.LASF11:
 166 01d9 63686172 		.ascii	"char\000"
 166      00
 167              	.LASF2:
 168 01de 73686F72 		.ascii	"short int\000"
ARM GAS  C:\Users\robom\AppData\Local\Temp\ccHeH1iM.s 			page 5


 168      7420696E 
 168      7400
 169              	.LASF4:
 170 01e8 6C6F6E67 		.ascii	"long int\000"
 170      20696E74 
 170      00
 171              	.LASF0:
 172 01f1 7369676E 		.ascii	"signed char\000"
 172      65642063 
 172      68617200 
 173              		.ident	"GCC: (GNU Tools for ARM Embedded Processors) 5.4.1 20160609 (release) [ARM/embedded-5-bran
