ARM GAS  C:\Users\MATEOC~1.QUE\AppData\Local\Temp\cccJAk1R.s 			page 1


   1              		.syntax unified
   2              		.cpu cortex-m3
   3              		.fpu softvfp
   4              		.eabi_attribute 20, 1
   5              		.eabi_attribute 21, 1
   6              		.eabi_attribute 23, 3
   7              		.eabi_attribute 24, 1
   8              		.eabi_attribute 25, 1
   9              		.eabi_attribute 26, 1
  10              		.eabi_attribute 30, 1
  11              		.eabi_attribute 34, 1
  12              		.eabi_attribute 18, 4
  13              		.thumb
  14              		.syntax unified
  15              		.file	"ErikaOS_1_eecfg.c"
  16              		.text
  17              	.Ltext0:
  18              		.cfi_sections	.debug_frame
  19              		.global	EE_oo_autostart_task_data
  20              		.comm	EE_ApplicationMode,4,4
  21              		.global	EE_oo_action_ROM
  22              		.comm	EE_oo_counter_object_RAM,16,4
  23              		.global	EE_oo_counter_object_ROM
  24              		.global	EE_ALARM_ID
  25              		.global	EE_ALARM_NAME
  26              		.global	EE_alarm_ROM
  27              		.global	EE_counter_RAM
  28              		.global	EE_counter_ROM
  29              		.global	EE_th_is_extended
  30              		.global	EE_th_waswaiting
  31              		.global	EE_th_event_waitmask
  32              		.global	EE_th_event_active
  33              		.global	EE_th_terminate_nextask
  34              		.global	EE_rq_free
  35              		.comm	EE_rq_pairs_tid,12,4
  36              		.global	EE_rq_pairs_next
  37              		.global	EE_rq_link
  38              		.global	EE_th_rnact_max
  39              		.global	EE_th_rnact
  40              		.global	EE_rq_bitmask
  41              		.global	EE_rq_queues_tail
  42              		.global	EE_rq_queues_head
  43              		.global	EE_sys_ceiling
  44              		.global	EE_stkfirst
  45              		.global	EE_th_next
  46              		.global	EE_th_status
  47              		.global	EE_th_dispatch_prio
  48              		.global	EE_EVENT_ID
  49              		.global	EE_EVENT_NAME
  50              		.global	EE_TASK_NAME
  51              		.global	EE_th_ready_prio
  52              		.global	EE_terminate_real_th_body
  53              		.comm	EE_terminate_data,12,4
  54              		.global	EE_hal_thread_body
  55              		.global	EE_cortex_mx_IRQ_tos
  56              		.global	EE_cortex_mx_active_tos
  57              		.global	EE_cortex_mx_system_tos
ARM GAS  C:\Users\MATEOC~1.QUE\AppData\Local\Temp\cccJAk1R.s 			page 2


  58              		.global	EE_std_thread_tos
  59              		.comm	EE_cortex_mx_stack_9,512,4
  60              		.comm	EE_cortex_mx_stack_3,100,4
  61              		.section	.rodata
  62              		.align	2
  63              		.type	EE_oo_autostart_task_data, %object
  64              		.size	EE_oo_autostart_task_data, 8
  65              	EE_oo_autostart_task_data:
  66 0000 01000000 		.word	1
  67 0004 08000000 		.word	EE_oo_autostart_task_mode_OSDEFAULTAPPMODE
  68              		.type	EE_oo_autostart_task_mode_OSDEFAULTAPPMODE, %object
  69              		.size	EE_oo_autostart_task_mode_OSDEFAULTAPPMODE, 4
  70              	EE_oo_autostart_task_mode_OSDEFAULTAPPMODE:
  71 0008 00000000 		.space	4
  72              		.type	EE_oo_action_ROM, %object
  73              		.size	EE_oo_action_ROM, 20
  74              	EE_oo_action_ROM:
  75 000c 00       		.byte	0
  76 000d 000000   		.space	3
  77 0010 02000000 		.word	2
  78 0014 00000000 		.word	0
  79 0018 00000000 		.word	0
  80 001c FFFFFFFF 		.word	-1
  81              		.type	EE_oo_counter_object_ROM, %object
  82              		.size	EE_oo_counter_object_ROM, 12
  83              	EE_oo_counter_object_ROM:
  84 0020 00000000 		.space	12
  84      00000000 
  84      00000000 
  85              		.type	EE_ALARM_ID, %object
  86              		.size	EE_ALARM_ID, 4
  87              	EE_ALARM_ID:
  88 002c 00000000 		.space	4
  89              		.type	EE_alarm_ROM, %object
  90              		.size	EE_alarm_ROM, 4
  91              	EE_alarm_ROM:
  92 0030 00000000 		.space	4
  93              		.type	EE_counter_ROM, %object
  94              		.size	EE_counter_ROM, 12
  95              	EE_counter_ROM:
  96 0034 10270000 		.word	10000
  97 0038 00000000 		.word	0
  98 003c 01000000 		.word	1
  99              		.type	EE_th_is_extended, %object
 100              		.size	EE_th_is_extended, 12
 101              	EE_th_is_extended:
 102 0040 00000000 		.space	12
 102      00000000 
 102      00000000 
 103              		.type	EE_th_rnact_max, %object
 104              		.size	EE_th_rnact_max, 12
 105              	EE_th_rnact_max:
 106 004c 01000000 		.word	1
 107 0050 01000000 		.word	1
 108 0054 01000000 		.word	1
 109              		.type	EE_th_dispatch_prio, %object
 110              		.size	EE_th_dispatch_prio, 12
ARM GAS  C:\Users\MATEOC~1.QUE\AppData\Local\Temp\cccJAk1R.s 			page 3


 111              	EE_th_dispatch_prio:
 112 0058 80000000 		.word	128
 113 005c 01000000 		.word	1
 114 0060 08000000 		.word	8
 115              		.type	EE_EVENT_ID, %object
 116              		.size	EE_EVENT_ID, 0
 117              	EE_EVENT_ID:
 118              		.type	EE_th_ready_prio, %object
 119              		.size	EE_th_ready_prio, 12
 120              	EE_th_ready_prio:
 121 0064 01000000 		.word	1
 122 0068 01000000 		.word	1
 123 006c 08000000 		.word	8
 124              		.type	EE_terminate_real_th_body, %object
 125              		.size	EE_terminate_real_th_body, 12
 126              	EE_terminate_real_th_body:
 127 0070 00000000 		.word	Functsk_init
 128 0074 00000000 		.word	Functsk_background
 129 0078 00000000 		.word	Functsk_SampleTask
 130              		.type	EE_hal_thread_body, %object
 131              		.size	EE_hal_thread_body, 12
 132              	EE_hal_thread_body:
 133 007c 00000000 		.word	EE_oo_thread_stub
 134 0080 00000000 		.word	EE_oo_thread_stub
 135 0084 00000000 		.word	EE_oo_thread_stub
 136              		.type	EE_std_thread_tos, %object
 137              		.size	EE_std_thread_tos, 16
 138              	EE_std_thread_tos:
 139 0088 00000000 		.word	0
 140 008c 00000000 		.word	0
 141 0090 00000000 		.word	0
 142 0094 01000000 		.word	1
 143              		.data
 144              		.align	2
 145              		.type	EE_ALARM_NAME, %object
 146              		.size	EE_ALARM_NAME, 4
 147              	EE_ALARM_NAME:
 148 0000 00000000 		.word	.LC0
 149              		.type	EE_counter_RAM, %object
 150              		.size	EE_counter_RAM, 8
 151              	EE_counter_RAM:
 152 0004 00000000 		.word	0
 153 0008 FFFFFFFF 		.word	-1
 154              		.type	EE_th_terminate_nextask, %object
 155              		.size	EE_th_terminate_nextask, 12
 156              	EE_th_terminate_nextask:
 157 000c FFFFFFFF 		.word	-1
 158 0010 FFFFFFFF 		.word	-1
 159 0014 FFFFFFFF 		.word	-1
 160              		.type	EE_rq_pairs_next, %object
 161              		.size	EE_rq_pairs_next, 12
 162              	EE_rq_pairs_next:
 163 0018 01000000 		.word	1
 164 001c 02000000 		.word	2
 165 0020 FFFFFFFF 		.word	-1
 166              		.type	EE_rq_link, %object
 167              		.size	EE_rq_link, 12
ARM GAS  C:\Users\MATEOC~1.QUE\AppData\Local\Temp\cccJAk1R.s 			page 4


 168              	EE_rq_link:
 169 0024 00000000 		.word	0
 170 0028 00000000 		.word	0
 171 002c 03000000 		.word	3
 172              		.type	EE_th_rnact, %object
 173              		.size	EE_th_rnact, 12
 174              	EE_th_rnact:
 175 0030 01000000 		.word	1
 176 0034 01000000 		.word	1
 177 0038 01000000 		.word	1
 178              		.type	EE_rq_queues_tail, %object
 179              		.size	EE_rq_queues_tail, 64
 180              	EE_rq_queues_tail:
 181 003c FFFFFFFF 		.word	-1
 182 0040 FFFFFFFF 		.word	-1
 183 0044 FFFFFFFF 		.word	-1
 184 0048 FFFFFFFF 		.word	-1
 185 004c FFFFFFFF 		.word	-1
 186 0050 FFFFFFFF 		.word	-1
 187 0054 FFFFFFFF 		.word	-1
 188 0058 FFFFFFFF 		.word	-1
 189 005c FFFFFFFF 		.word	-1
 190 0060 FFFFFFFF 		.word	-1
 191 0064 FFFFFFFF 		.word	-1
 192 0068 FFFFFFFF 		.word	-1
 193 006c FFFFFFFF 		.word	-1
 194 0070 FFFFFFFF 		.word	-1
 195 0074 FFFFFFFF 		.word	-1
 196 0078 FFFFFFFF 		.word	-1
 197              		.type	EE_rq_queues_head, %object
 198              		.size	EE_rq_queues_head, 64
 199              	EE_rq_queues_head:
 200 007c FFFFFFFF 		.word	-1
 201 0080 FFFFFFFF 		.word	-1
 202 0084 FFFFFFFF 		.word	-1
 203 0088 FFFFFFFF 		.word	-1
 204 008c FFFFFFFF 		.word	-1
 205 0090 FFFFFFFF 		.word	-1
 206 0094 FFFFFFFF 		.word	-1
 207 0098 FFFFFFFF 		.word	-1
 208 009c FFFFFFFF 		.word	-1
 209 00a0 FFFFFFFF 		.word	-1
 210 00a4 FFFFFFFF 		.word	-1
 211 00a8 FFFFFFFF 		.word	-1
 212 00ac FFFFFFFF 		.word	-1
 213 00b0 FFFFFFFF 		.word	-1
 214 00b4 FFFFFFFF 		.word	-1
 215 00b8 FFFFFFFF 		.word	-1
 216              		.type	EE_stkfirst, %object
 217              		.size	EE_stkfirst, 4
 218              	EE_stkfirst:
 219 00bc FFFFFFFF 		.word	-1
 220              		.type	EE_th_next, %object
 221              		.size	EE_th_next, 12
 222              	EE_th_next:
 223 00c0 FFFFFFFF 		.word	-1
 224 00c4 FFFFFFFF 		.word	-1
ARM GAS  C:\Users\MATEOC~1.QUE\AppData\Local\Temp\cccJAk1R.s 			page 5


 225 00c8 FFFFFFFF 		.word	-1
 226              		.type	EE_th_status, %object
 227              		.size	EE_th_status, 12
 228              	EE_th_status:
 229 00cc 03000000 		.word	3
 230 00d0 03000000 		.word	3
 231 00d4 03000000 		.word	3
 232              		.type	EE_TASK_NAME, %object
 233              		.size	EE_TASK_NAME, 12
 234              	EE_TASK_NAME:
 235 00d8 14000000 		.word	.LC1
 236 00dc 20000000 		.word	.LC2
 237 00e0 30000000 		.word	.LC3
 238              		.type	EE_cortex_mx_IRQ_tos, %object
 239              		.size	EE_cortex_mx_IRQ_tos, 4
 240              	EE_cortex_mx_IRQ_tos:
 241 00e4 00020000 		.word	EE_cortex_mx_stack_9+512
 242              		.type	EE_cortex_mx_system_tos, %object
 243              		.size	EE_cortex_mx_system_tos, 8
 244              	EE_cortex_mx_system_tos:
 245 00e8 00000000 		.word	0
 246 00ec 3C000000 		.word	EE_cortex_mx_stack_3+60
 247              		.section	.rodata.str1.4,"aMS",%progbits,1
 248              		.align	2
 249              	.LC0:
 250 0000 616C726D 		.ascii	"alrm_SampleAlarm\000"
 250      5F53616D 
 250      706C6541 
 250      6C61726D 
 250      00
 251 0011 000000   		.space	3
 252              	.LC1:
 253 0014 74736B5F 		.ascii	"tsk_init\000"
 253      696E6974 
 253      00
 254 001d 000000   		.space	3
 255              	.LC2:
 256 0020 74736B5F 		.ascii	"tsk_background\000"
 256      6261636B 
 256      67726F75 
 256      6E6400
 257 002f 00       		.space	1
 258              	.LC3:
 259 0030 74736B5F 		.ascii	"tsk_SampleTask\000"
 259      53616D70 
 259      6C655461 
 259      736B00
 260              		.bss
 261              		.align	2
 262              		.type	EE_th_waswaiting, %object
 263              		.size	EE_th_waswaiting, 12
 264              	EE_th_waswaiting:
 265 0000 00000000 		.space	12
 265      00000000 
 265      00000000 
 266              		.type	EE_th_event_waitmask, %object
 267              		.size	EE_th_event_waitmask, 12
ARM GAS  C:\Users\MATEOC~1.QUE\AppData\Local\Temp\cccJAk1R.s 			page 6


 268              	EE_th_event_waitmask:
 269 000c 00000000 		.space	12
 269      00000000 
 269      00000000 
 270              		.type	EE_th_event_active, %object
 271              		.size	EE_th_event_active, 12
 272              	EE_th_event_active:
 273 0018 00000000 		.space	12
 273      00000000 
 273      00000000 
 274              		.type	EE_rq_free, %object
 275              		.size	EE_rq_free, 4
 276              	EE_rq_free:
 277 0024 00000000 		.space	4
 278              		.type	EE_rq_bitmask, %object
 279              		.size	EE_rq_bitmask, 2
 280              	EE_rq_bitmask:
 281 0028 0000     		.space	2
 282 002a 0000     		.space	2
 283              		.type	EE_sys_ceiling, %object
 284              		.size	EE_sys_ceiling, 4
 285              	EE_sys_ceiling:
 286 002c 00000000 		.space	4
 287              		.type	EE_EVENT_NAME, %object
 288              		.size	EE_EVENT_NAME, 0
 289              	EE_EVENT_NAME:
 290              		.type	EE_cortex_mx_active_tos, %object
 291              		.size	EE_cortex_mx_active_tos, 4
 292              	EE_cortex_mx_active_tos:
 293 0030 00000000 		.space	4
 294              		.text
 295              	.Letext0:
 296              		.file 1 "Generated_Source\\PSoC5\\ErikaOS_1_common_ee_types.inc"
 297              		.file 2 "Generated_Source\\PSoC5\\ErikaOS_1_cortex_mx_ee_cpu.inc"
 298              		.file 3 "Generated_Source\\PSoC5\\ErikaOS_1_ee_oo_common.inc"
 299              		.file 4 "Generated_Source\\PSoC5\\ErikaOS_1_common_ee_hal_structs.inc"
 300              		.file 5 "Generated_Source\\PSoC5\\ErikaOS_1_eecfg.c"
 301              		.file 6 "Generated_Source\\PSoC5\\ErikaOS_1_ee_oo_intfunc.inc"
 302              		.file 7 "Generated_Source\\PSoC5\\ErikaOS_1_cortex_mx_ee_context.inc"
 303              		.file 8 "Generated_Source\\PSoC5\\ErikaOS_1_common_ee_primitives.inc"
 304              		.section	.debug_info,"",%progbits
 305              	.Ldebug_info0:
 306 0000 B0080000 		.4byte	0x8b0
 307 0004 0400     		.2byte	0x4
 308 0006 00000000 		.4byte	.Ldebug_abbrev0
 309 000a 04       		.byte	0x4
 310 000b 01       		.uleb128 0x1
 311 000c D5040000 		.4byte	.LASF112
 312 0010 0C       		.byte	0xc
 313 0011 A1070000 		.4byte	.LASF113
 314 0015 D4060000 		.4byte	.LASF114
 315 0019 00000000 		.4byte	.Ldebug_line0
 316 001d 02       		.uleb128 0x2
 317 001e 01       		.byte	0x1
 318 001f 06       		.byte	0x6
 319 0020 0F010000 		.4byte	.LASF0
 320 0024 02       		.uleb128 0x2
ARM GAS  C:\Users\MATEOC~1.QUE\AppData\Local\Temp\cccJAk1R.s 			page 7


 321 0025 01       		.byte	0x1
 322 0026 08       		.byte	0x8
 323 0027 38040000 		.4byte	.LASF1
 324 002b 02       		.uleb128 0x2
 325 002c 02       		.byte	0x2
 326 002d 05       		.byte	0x5
 327 002e 7D040000 		.4byte	.LASF2
 328 0032 02       		.uleb128 0x2
 329 0033 02       		.byte	0x2
 330 0034 07       		.byte	0x7
 331 0035 73020000 		.4byte	.LASF3
 332 0039 02       		.uleb128 0x2
 333 003a 04       		.byte	0x4
 334 003b 05       		.byte	0x5
 335 003c 96010000 		.4byte	.LASF4
 336 0040 02       		.uleb128 0x2
 337 0041 04       		.byte	0x4
 338 0042 07       		.byte	0x7
 339 0043 31020000 		.4byte	.LASF5
 340 0047 02       		.uleb128 0x2
 341 0048 08       		.byte	0x8
 342 0049 05       		.byte	0x5
 343 004a 01010000 		.4byte	.LASF6
 344 004e 02       		.uleb128 0x2
 345 004f 08       		.byte	0x8
 346 0050 07       		.byte	0x7
 347 0051 5E000000 		.4byte	.LASF7
 348 0055 03       		.uleb128 0x3
 349 0056 04       		.byte	0x4
 350 0057 05       		.byte	0x5
 351 0058 696E7400 		.ascii	"int\000"
 352 005c 02       		.uleb128 0x2
 353 005d 04       		.byte	0x4
 354 005e 07       		.byte	0x7
 355 005f F9010000 		.4byte	.LASF8
 356 0063 02       		.uleb128 0x2
 357 0064 08       		.byte	0x8
 358 0065 04       		.byte	0x4
 359 0066 86030000 		.4byte	.LASF9
 360 006a 04       		.uleb128 0x4
 361 006b 05040000 		.4byte	.LASF10
 362 006f 01       		.byte	0x1
 363 0070 52       		.byte	0x52
 364 0071 32000000 		.4byte	0x32
 365 0075 04       		.uleb128 0x4
 366 0076 86070000 		.4byte	.LASF11
 367 007a 01       		.byte	0x1
 368 007b 53       		.byte	0x53
 369 007c 55000000 		.4byte	0x55
 370 0080 04       		.uleb128 0x4
 371 0081 FA070000 		.4byte	.LASF12
 372 0085 01       		.byte	0x1
 373 0086 54       		.byte	0x54
 374 0087 5C000000 		.4byte	0x5c
 375 008b 04       		.uleb128 0x4
 376 008c 04080000 		.4byte	.LASF13
 377 0090 01       		.byte	0x1
ARM GAS  C:\Users\MATEOC~1.QUE\AppData\Local\Temp\cccJAk1R.s 			page 8


 378 0091 64       		.byte	0x64
 379 0092 96000000 		.4byte	0x96
 380 0096 05       		.uleb128 0x5
 381 0097 04       		.byte	0x4
 382 0098 06       		.uleb128 0x6
 383 0099 04       		.byte	0x4
 384 009a 9E000000 		.4byte	0x9e
 385 009e 07       		.uleb128 0x7
 386 009f 04       		.uleb128 0x4
 387 00a0 09030000 		.4byte	.LASF14
 388 00a4 01       		.byte	0x1
 389 00a5 70       		.byte	0x70
 390 00a6 98000000 		.4byte	0x98
 391 00aa 04       		.uleb128 0x4
 392 00ab 6F050000 		.4byte	.LASF15
 393 00af 01       		.byte	0x1
 394 00b0 73       		.byte	0x73
 395 00b1 98000000 		.4byte	0x98
 396 00b5 04       		.uleb128 0x4
 397 00b6 06020000 		.4byte	.LASF16
 398 00ba 02       		.byte	0x2
 399 00bb 4D       		.byte	0x4d
 400 00bc 80000000 		.4byte	0x80
 401 00c0 04       		.uleb128 0x4
 402 00c1 A8030000 		.4byte	.LASF17
 403 00c5 02       		.byte	0x2
 404 00c6 4E       		.byte	0x4e
 405 00c7 75000000 		.4byte	0x75
 406 00cb 04       		.uleb128 0x4
 407 00cc 1E080000 		.4byte	.LASF18
 408 00d0 02       		.byte	0x2
 409 00d1 4F       		.byte	0x4f
 410 00d2 80000000 		.4byte	0x80
 411 00d6 04       		.uleb128 0x4
 412 00d7 3D000000 		.4byte	.LASF19
 413 00db 02       		.byte	0x2
 414 00dc 54       		.byte	0x54
 415 00dd B5000000 		.4byte	0xb5
 416 00e1 04       		.uleb128 0x4
 417 00e2 EC010000 		.4byte	.LASF20
 418 00e6 02       		.byte	0x2
 419 00e7 78       		.byte	0x78
 420 00e8 75000000 		.4byte	0x75
 421 00ec 08       		.uleb128 0x8
 422 00ed B3000000 		.4byte	.LASF61
 423 00f1 04       		.byte	0x4
 424 00f2 04       		.byte	0x4
 425 00f3 4D       		.byte	0x4d
 426 00f4 05010000 		.4byte	0x105
 427 00f8 09       		.uleb128 0x9
 428 00f9 E6070000 		.4byte	.LASF28
 429 00fd 04       		.byte	0x4
 430 00fe 4E       		.byte	0x4e
 431 00ff 8B000000 		.4byte	0x8b
 432 0103 00       		.byte	0
 433 0104 00       		.byte	0
 434 0105 0A       		.uleb128 0xa
ARM GAS  C:\Users\MATEOC~1.QUE\AppData\Local\Temp\cccJAk1R.s 			page 9


 435 0106 6D030000 		.4byte	.LASF21
 436 010a 03       		.byte	0x3
 437 010b 1101     		.2byte	0x111
 438 010d 6A000000 		.4byte	0x6a
 439 0111 0A       		.uleb128 0xa
 440 0112 AA000000 		.4byte	.LASF22
 441 0116 03       		.byte	0x3
 442 0117 F701     		.2byte	0x1f7
 443 0119 E1000000 		.4byte	0xe1
 444 011d 0A       		.uleb128 0xa
 445 011e 32010000 		.4byte	.LASF23
 446 0122 03       		.byte	0x3
 447 0123 2C02     		.2byte	0x22c
 448 0125 B5000000 		.4byte	0xb5
 449 0129 0A       		.uleb128 0xa
 450 012a 1D000000 		.4byte	.LASF24
 451 012e 03       		.byte	0x3
 452 012f 3502     		.2byte	0x235
 453 0131 B5000000 		.4byte	0xb5
 454 0135 0A       		.uleb128 0xa
 455 0136 C8050000 		.4byte	.LASF25
 456 013a 03       		.byte	0x3
 457 013b 5D02     		.2byte	0x25d
 458 013d B5000000 		.4byte	0xb5
 459 0141 0A       		.uleb128 0xa
 460 0142 32000000 		.4byte	.LASF26
 461 0146 03       		.byte	0x3
 462 0147 6302     		.2byte	0x263
 463 0149 B5000000 		.4byte	0xb5
 464 014d 0A       		.uleb128 0xa
 465 014e 1A030000 		.4byte	.LASF27
 466 0152 03       		.byte	0x3
 467 0153 6C02     		.2byte	0x26c
 468 0155 B5000000 		.4byte	0xb5
 469 0159 0B       		.uleb128 0xb
 470 015a 0C       		.byte	0xc
 471 015b 03       		.byte	0x3
 472 015c 7202     		.2byte	0x272
 473 015e 8A010000 		.4byte	0x18a
 474 0162 0C       		.uleb128 0xc
 475 0163 BA000000 		.4byte	.LASF29
 476 0167 03       		.byte	0x3
 477 0168 7302     		.2byte	0x273
 478 016a 29010000 		.4byte	0x129
 479 016e 00       		.byte	0
 480 016f 0C       		.uleb128 0xc
 481 0170 B0030000 		.4byte	.LASF30
 482 0174 03       		.byte	0x3
 483 0175 7402     		.2byte	0x274
 484 0177 29010000 		.4byte	0x129
 485 017b 04       		.byte	0x4
 486 017c 0C       		.uleb128 0xc
 487 017d E3010000 		.4byte	.LASF31
 488 0181 03       		.byte	0x3
 489 0182 7502     		.2byte	0x275
 490 0184 29010000 		.4byte	0x129
 491 0188 08       		.byte	0x8
ARM GAS  C:\Users\MATEOC~1.QUE\AppData\Local\Temp\cccJAk1R.s 			page 10


 492 0189 00       		.byte	0
 493 018a 0A       		.uleb128 0xa
 494 018b BE040000 		.4byte	.LASF32
 495 018f 03       		.byte	0x3
 496 0190 7A02     		.2byte	0x27a
 497 0192 59010000 		.4byte	0x159
 498 0196 0B       		.uleb128 0xb
 499 0197 08       		.byte	0x8
 500 0198 03       		.byte	0x3
 501 0199 7D02     		.2byte	0x27d
 502 019b BA010000 		.4byte	0x1ba
 503 019f 0C       		.uleb128 0xc
 504 01a0 F3010000 		.4byte	.LASF33
 505 01a4 03       		.byte	0x3
 506 01a5 7E02     		.2byte	0x27e
 507 01a7 29010000 		.4byte	0x129
 508 01ab 00       		.byte	0
 509 01ac 0C       		.uleb128 0xc
 510 01ad C2050000 		.4byte	.LASF34
 511 01b1 03       		.byte	0x3
 512 01b2 7F02     		.2byte	0x27f
 513 01b4 35010000 		.4byte	0x135
 514 01b8 04       		.byte	0x4
 515 01b9 00       		.byte	0
 516 01ba 0A       		.uleb128 0xa
 517 01bb 73010000 		.4byte	.LASF35
 518 01bf 03       		.byte	0x3
 519 01c0 8002     		.2byte	0x280
 520 01c2 96010000 		.4byte	0x196
 521 01c6 0D       		.uleb128 0xd
 522 01c7 01       		.byte	0x1
 523 01c8 24000000 		.4byte	0x24
 524 01cc 03       		.byte	0x3
 525 01cd 8A02     		.2byte	0x28a
 526 01cf E0010000 		.4byte	0x1e0
 527 01d3 0E       		.uleb128 0xe
 528 01d4 46040000 		.4byte	.LASF36
 529 01d8 00       		.byte	0
 530 01d9 0E       		.uleb128 0xe
 531 01da 0F040000 		.4byte	.LASF37
 532 01de 01       		.byte	0x1
 533 01df 00       		.byte	0
 534 01e0 0A       		.uleb128 0xa
 535 01e1 9E020000 		.4byte	.LASF38
 536 01e5 03       		.byte	0x3
 537 01e6 8D02     		.2byte	0x28d
 538 01e8 C6010000 		.4byte	0x1c6
 539 01ec 0A       		.uleb128 0xa
 540 01ed CA020000 		.4byte	.LASF39
 541 01f1 03       		.byte	0x3
 542 01f2 9002     		.2byte	0x290
 543 01f4 E0010000 		.4byte	0x1e0
 544 01f8 0B       		.uleb128 0xb
 545 01f9 0C       		.byte	0xc
 546 01fa 03       		.byte	0x3
 547 01fb 9402     		.2byte	0x294
 548 01fd 27020000 		.4byte	0x227
ARM GAS  C:\Users\MATEOC~1.QUE\AppData\Local\Temp\cccJAk1R.s 			page 11


 549 0201 0F       		.uleb128 0xf
 550 0202 6300     		.ascii	"c\000"
 551 0204 03       		.byte	0x3
 552 0205 9602     		.2byte	0x296
 553 0207 4D010000 		.4byte	0x14d
 554 020b 00       		.byte	0
 555 020c 0C       		.uleb128 0xc
 556 020d 1F060000 		.4byte	.LASF40
 557 0211 03       		.byte	0x3
 558 0212 9802     		.2byte	0x298
 559 0214 35010000 		.4byte	0x135
 560 0218 04       		.byte	0x4
 561 0219 0C       		.uleb128 0xc
 562 021a 6E020000 		.4byte	.LASF41
 563 021e 03       		.byte	0x3
 564 021f 9A02     		.2byte	0x29a
 565 0221 EC010000 		.4byte	0x1ec
 566 0225 08       		.byte	0x8
 567 0226 00       		.byte	0
 568 0227 0A       		.uleb128 0xa
 569 0228 7B000000 		.4byte	.LASF42
 570 022c 03       		.byte	0x3
 571 022d 9B02     		.2byte	0x29b
 572 022f F8010000 		.4byte	0x1f8
 573 0233 0B       		.uleb128 0xb
 574 0234 10       		.byte	0x10
 575 0235 03       		.byte	0x3
 576 0236 9F02     		.2byte	0x29f
 577 0238 71020000 		.4byte	0x271
 578 023c 0C       		.uleb128 0xc
 579 023d BD030000 		.4byte	.LASF43
 580 0241 03       		.byte	0x3
 581 0242 A002     		.2byte	0x2a0
 582 0244 D6000000 		.4byte	0xd6
 583 0248 00       		.byte	0
 584 0249 0C       		.uleb128 0xc
 585 024a DD070000 		.4byte	.LASF44
 586 024e 03       		.byte	0x3
 587 024f A102     		.2byte	0x2a1
 588 0251 29010000 		.4byte	0x129
 589 0255 04       		.byte	0x4
 590 0256 0C       		.uleb128 0xc
 591 0257 75000000 		.4byte	.LASF45
 592 025b 03       		.byte	0x3
 593 025c A202     		.2byte	0x2a2
 594 025e 29010000 		.4byte	0x129
 595 0262 08       		.byte	0x8
 596 0263 0C       		.uleb128 0xc
 597 0264 00000000 		.4byte	.LASF46
 598 0268 03       		.byte	0x3
 599 0269 A302     		.2byte	0x2a3
 600 026b 35010000 		.4byte	0x135
 601 026f 0C       		.byte	0xc
 602 0270 00       		.byte	0
 603 0271 0A       		.uleb128 0xa
 604 0272 C2030000 		.4byte	.LASF47
 605 0276 03       		.byte	0x3
ARM GAS  C:\Users\MATEOC~1.QUE\AppData\Local\Temp\cccJAk1R.s 			page 12


 606 0277 A402     		.2byte	0x2a4
 607 0279 33020000 		.4byte	0x233
 608 027d 0D       		.uleb128 0xd
 609 027e 01       		.byte	0x1
 610 027f 24000000 		.4byte	0x24
 611 0283 03       		.byte	0x3
 612 0284 A702     		.2byte	0x2a7
 613 0286 A3020000 		.4byte	0x2a3
 614 028a 0E       		.uleb128 0xe
 615 028b DF050000 		.4byte	.LASF48
 616 028f 00       		.byte	0
 617 0290 0E       		.uleb128 0xe
 618 0291 27060000 		.4byte	.LASF49
 619 0295 01       		.byte	0x1
 620 0296 0E       		.uleb128 0xe
 621 0297 FE050000 		.4byte	.LASF50
 622 029b 02       		.byte	0x2
 623 029c 0E       		.uleb128 0xe
 624 029d A1050000 		.4byte	.LASF51
 625 02a1 03       		.byte	0x3
 626 02a2 00       		.byte	0
 627 02a3 0A       		.uleb128 0xa
 628 02a4 1B010000 		.4byte	.LASF52
 629 02a8 03       		.byte	0x3
 630 02a9 AC02     		.2byte	0x2ac
 631 02ab 7D020000 		.4byte	0x27d
 632 02af 0A       		.uleb128 0xa
 633 02b0 83060000 		.4byte	.LASF53
 634 02b4 03       		.byte	0x3
 635 02b5 AF02     		.2byte	0x2af
 636 02b7 A3020000 		.4byte	0x2a3
 637 02bb 0B       		.uleb128 0xb
 638 02bc 14       		.byte	0x14
 639 02bd 03       		.byte	0x3
 640 02be B202     		.2byte	0x2b2
 641 02c0 04030000 		.4byte	0x304
 642 02c4 0C       		.uleb128 0xc
 643 02c5 59060000 		.4byte	.LASF54
 644 02c9 03       		.byte	0x3
 645 02ca B302     		.2byte	0x2b3
 646 02cc AF020000 		.4byte	0x2af
 647 02d0 00       		.byte	0
 648 02d1 0C       		.uleb128 0xc
 649 02d2 EE070000 		.4byte	.LASF55
 650 02d6 03       		.byte	0x3
 651 02d7 B402     		.2byte	0x2b4
 652 02d9 11010000 		.4byte	0x111
 653 02dd 04       		.byte	0x4
 654 02de 0C       		.uleb128 0xc
 655 02df 63050000 		.4byte	.LASF56
 656 02e3 03       		.byte	0x3
 657 02e4 B602     		.2byte	0x2b6
 658 02e6 1D010000 		.4byte	0x11d
 659 02ea 08       		.byte	0x8
 660 02eb 0F       		.uleb128 0xf
 661 02ec 6600     		.ascii	"f\000"
 662 02ee 03       		.byte	0x3
ARM GAS  C:\Users\MATEOC~1.QUE\AppData\Local\Temp\cccJAk1R.s 			page 13


 663 02ef B802     		.2byte	0x2b8
 664 02f1 9F000000 		.4byte	0x9f
 665 02f5 0C       		.byte	0xc
 666 02f6 0C       		.uleb128 0xc
 667 02f7 74040000 		.4byte	.LASF57
 668 02fb 03       		.byte	0x3
 669 02fc BA02     		.2byte	0x2ba
 670 02fe 4D010000 		.4byte	0x14d
 671 0302 10       		.byte	0x10
 672 0303 00       		.byte	0
 673 0304 0A       		.uleb128 0xa
 674 0305 EF030000 		.4byte	.LASF58
 675 0309 03       		.byte	0x3
 676 030a BB02     		.2byte	0x2bb
 677 030c BB020000 		.4byte	0x2bb
 678 0310 0B       		.uleb128 0xb
 679 0311 04       		.byte	0x4
 680 0312 03       		.byte	0x3
 681 0313 BD02     		.2byte	0x2bd
 682 0315 27030000 		.4byte	0x327
 683 0319 0C       		.uleb128 0xc
 684 031a 3F030000 		.4byte	.LASF59
 685 031e 03       		.byte	0x3
 686 031f BF02     		.2byte	0x2bf
 687 0321 41010000 		.4byte	0x141
 688 0325 00       		.byte	0
 689 0326 00       		.byte	0
 690 0327 0A       		.uleb128 0xa
 691 0328 0E020000 		.4byte	.LASF60
 692 032c 03       		.byte	0x3
 693 032d C402     		.2byte	0x2c4
 694 032f 10030000 		.4byte	0x310
 695 0333 10       		.uleb128 0x10
 696 0334 54020000 		.4byte	.LASF62
 697 0338 08       		.byte	0x8
 698 0339 03       		.byte	0x3
 699 033a 0E04     		.2byte	0x40e
 700 033c 5A030000 		.4byte	0x35a
 701 0340 0F       		.uleb128 0xf
 702 0341 6E7400   		.ascii	"nt\000"
 703 0344 03       		.byte	0x3
 704 0345 0F04     		.2byte	0x40f
 705 0347 B5000000 		.4byte	0xb5
 706 034b 00       		.byte	0
 707 034c 0C       		.uleb128 0xc
 708 034d 65060000 		.4byte	.LASF63
 709 0351 03       		.byte	0x3
 710 0352 1004     		.2byte	0x410
 711 0354 6A030000 		.4byte	0x36a
 712 0358 04       		.byte	0x4
 713 0359 00       		.byte	0
 714 035a 11       		.uleb128 0x11
 715 035b 65030000 		.4byte	0x365
 716 035f 65030000 		.4byte	0x365
 717 0363 12       		.uleb128 0x12
 718 0364 00       		.byte	0
 719 0365 13       		.uleb128 0x13
ARM GAS  C:\Users\MATEOC~1.QUE\AppData\Local\Temp\cccJAk1R.s 			page 14


 720 0366 E1000000 		.4byte	0xe1
 721 036a 06       		.uleb128 0x6
 722 036b 04       		.byte	0x4
 723 036c 5A030000 		.4byte	0x35a
 724 0370 11       		.uleb128 0x11
 725 0371 65030000 		.4byte	0x365
 726 0375 80030000 		.4byte	0x380
 727 0379 14       		.uleb128 0x14
 728 037a 80030000 		.4byte	0x380
 729 037e 00       		.byte	0
 730 037f 00       		.byte	0
 731 0380 02       		.uleb128 0x2
 732 0381 04       		.byte	0x4
 733 0382 07       		.byte	0x7
 734 0383 7D030000 		.4byte	.LASF64
 735 0387 15       		.uleb128 0x15
 736 0388 CA000000 		.4byte	.LASF115
 737 038c 05       		.byte	0x5
 738 038d 6507     		.2byte	0x765
 739 038f 99030000 		.4byte	0x399
 740 0393 05       		.uleb128 0x5
 741 0394 03       		.byte	0x3
 742 0395 08000000 		.4byte	EE_oo_autostart_task_mode_OSDEFAULTAPPMODE
 743 0399 13       		.uleb128 0x13
 744 039a 70030000 		.4byte	0x370
 745 039e 11       		.uleb128 0x11
 746 039f AE030000 		.4byte	0x3ae
 747 03a3 AE030000 		.4byte	0x3ae
 748 03a7 14       		.uleb128 0x14
 749 03a8 80030000 		.4byte	0x380
 750 03ac 02       		.byte	0x2
 751 03ad 00       		.byte	0
 752 03ae 13       		.uleb128 0x13
 753 03af AA000000 		.4byte	0xaa
 754 03b3 16       		.uleb128 0x16
 755 03b4 37060000 		.4byte	.LASF65
 756 03b8 05       		.byte	0x5
 757 03b9 D2       		.byte	0xd2
 758 03ba C4030000 		.4byte	0x3c4
 759 03be 05       		.uleb128 0x5
 760 03bf 03       		.byte	0x3
 761 03c0 00000000 		.4byte	EE_hal_thread_body
 762 03c4 13       		.uleb128 0x13
 763 03c5 9E030000 		.4byte	0x39e
 764 03c9 11       		.uleb128 0x11
 765 03ca D9030000 		.4byte	0x3d9
 766 03ce D9030000 		.4byte	0x3d9
 767 03d2 14       		.uleb128 0x14
 768 03d3 80030000 		.4byte	0x380
 769 03d7 03       		.byte	0x3
 770 03d8 00       		.byte	0
 771 03d9 13       		.uleb128 0x13
 772 03da B5000000 		.4byte	0xb5
 773 03de 16       		.uleb128 0x16
 774 03df 8F050000 		.4byte	.LASF66
 775 03e3 05       		.byte	0x5
 776 03e4 71       		.byte	0x71
ARM GAS  C:\Users\MATEOC~1.QUE\AppData\Local\Temp\cccJAk1R.s 			page 15


 777 03e5 EF030000 		.4byte	0x3ef
 778 03e9 05       		.uleb128 0x5
 779 03ea 03       		.byte	0x3
 780 03eb 00000000 		.4byte	EE_std_thread_tos
 781 03ef 13       		.uleb128 0x13
 782 03f0 C9030000 		.4byte	0x3c9
 783 03f4 11       		.uleb128 0x11
 784 03f5 80000000 		.4byte	0x80
 785 03f9 04040000 		.4byte	0x404
 786 03fd 14       		.uleb128 0x14
 787 03fe 80030000 		.4byte	0x380
 788 0402 02       		.byte	0x2
 789 0403 00       		.byte	0
 790 0404 16       		.uleb128 0x16
 791 0405 8F070000 		.4byte	.LASF67
 792 0409 05       		.byte	0x5
 793 040a ED       		.byte	0xed
 794 040b F4030000 		.4byte	0x3f4
 795 040f 05       		.uleb128 0x5
 796 0410 03       		.byte	0x3
 797 0411 00000000 		.4byte	EE_terminate_data
 798 0415 16       		.uleb128 0x16
 799 0416 5A040000 		.4byte	.LASF68
 800 041a 05       		.byte	0x5
 801 041b F0       		.byte	0xf0
 802 041c 26040000 		.4byte	0x426
 803 0420 05       		.uleb128 0x5
 804 0421 03       		.byte	0x3
 805 0422 00000000 		.4byte	EE_terminate_real_th_body
 806 0426 13       		.uleb128 0x13
 807 0427 9E030000 		.4byte	0x39e
 808 042b 11       		.uleb128 0x11
 809 042c EC000000 		.4byte	0xec
 810 0430 3B040000 		.4byte	0x43b
 811 0434 14       		.uleb128 0x14
 812 0435 80030000 		.4byte	0x380
 813 0439 01       		.byte	0x1
 814 043a 00       		.byte	0
 815 043b 16       		.uleb128 0x16
 816 043c 20040000 		.4byte	.LASF69
 817 0440 05       		.byte	0x5
 818 0441 8D       		.byte	0x8d
 819 0442 2B040000 		.4byte	0x42b
 820 0446 05       		.uleb128 0x5
 821 0447 03       		.byte	0x3
 822 0448 00000000 		.4byte	EE_cortex_mx_system_tos
 823 044c 16       		.uleb128 0x16
 824 044d 5B010000 		.4byte	.LASF70
 825 0451 05       		.byte	0x5
 826 0452 A9       		.byte	0xa9
 827 0453 B5000000 		.4byte	0xb5
 828 0457 05       		.uleb128 0x5
 829 0458 03       		.byte	0x3
 830 0459 00000000 		.4byte	EE_cortex_mx_active_tos
 831 045d 11       		.uleb128 0x11
 832 045e D9030000 		.4byte	0x3d9
 833 0462 6D040000 		.4byte	0x46d
ARM GAS  C:\Users\MATEOC~1.QUE\AppData\Local\Temp\cccJAk1R.s 			page 16


 834 0466 14       		.uleb128 0x14
 835 0467 80030000 		.4byte	0x380
 836 046b 02       		.byte	0x2
 837 046c 00       		.byte	0
 838 046d 17       		.uleb128 0x17
 839 046e EE050000 		.4byte	.LASF71
 840 0472 05       		.byte	0x5
 841 0473 E202     		.2byte	0x2e2
 842 0475 7F040000 		.4byte	0x47f
 843 0479 05       		.uleb128 0x5
 844 047a 03       		.byte	0x3
 845 047b 00000000 		.4byte	EE_th_rnact_max
 846 047f 13       		.uleb128 0x13
 847 0480 5D040000 		.4byte	0x45d
 848 0484 17       		.uleb128 0x17
 849 0485 92060000 		.4byte	.LASF72
 850 0489 05       		.byte	0x5
 851 048a 0C01     		.2byte	0x10c
 852 048c 96040000 		.4byte	0x496
 853 0490 05       		.uleb128 0x5
 854 0491 03       		.byte	0x3
 855 0492 00000000 		.4byte	EE_th_ready_prio
 856 0496 13       		.uleb128 0x13
 857 0497 5D040000 		.4byte	0x45d
 858 049b 17       		.uleb128 0x17
 859 049c E0020000 		.4byte	.LASF73
 860 04a0 05       		.byte	0x5
 861 04a1 4502     		.2byte	0x245
 862 04a3 AD040000 		.4byte	0x4ad
 863 04a7 05       		.uleb128 0x5
 864 04a8 03       		.byte	0x3
 865 04a9 00000000 		.4byte	EE_th_dispatch_prio
 866 04ad 13       		.uleb128 0x13
 867 04ae 5D040000 		.4byte	0x45d
 868 04b2 11       		.uleb128 0x11
 869 04b3 C2040000 		.4byte	0x4c2
 870 04b7 C2040000 		.4byte	0x4c2
 871 04bb 14       		.uleb128 0x14
 872 04bc 80030000 		.4byte	0x380
 873 04c0 02       		.byte	0x2
 874 04c1 00       		.byte	0
 875 04c2 06       		.uleb128 0x6
 876 04c3 04       		.byte	0x4
 877 04c4 CF040000 		.4byte	0x4cf
 878 04c8 02       		.uleb128 0x2
 879 04c9 01       		.byte	0x1
 880 04ca 08       		.byte	0x8
 881 04cb DA050000 		.4byte	.LASF74
 882 04cf 13       		.uleb128 0x13
 883 04d0 C8040000 		.4byte	0x4c8
 884 04d4 17       		.uleb128 0x17
 885 04d5 B1040000 		.4byte	.LASF75
 886 04d9 05       		.byte	0x5
 887 04da 2801     		.2byte	0x128
 888 04dc B2040000 		.4byte	0x4b2
 889 04e0 05       		.uleb128 0x5
 890 04e1 03       		.byte	0x3
ARM GAS  C:\Users\MATEOC~1.QUE\AppData\Local\Temp\cccJAk1R.s 			page 17


 891 04e2 00000000 		.4byte	EE_TASK_NAME
 892 04e6 11       		.uleb128 0x11
 893 04e7 C2040000 		.4byte	0x4c2
 894 04eb F5040000 		.4byte	0x4f5
 895 04ef 18       		.uleb128 0x18
 896 04f0 80030000 		.4byte	0x380
 897 04f4 00       		.byte	0
 898 04f5 17       		.uleb128 0x17
 899 04f6 40010000 		.4byte	.LASF76
 900 04fa 05       		.byte	0x5
 901 04fb 8101     		.2byte	0x181
 902 04fd E6040000 		.4byte	0x4e6
 903 0501 05       		.uleb128 0x5
 904 0502 03       		.byte	0x3
 905 0503 00000000 		.4byte	EE_EVENT_NAME
 906 0507 11       		.uleb128 0x11
 907 0508 C2040000 		.4byte	0x4c2
 908 050c 17050000 		.4byte	0x517
 909 0510 14       		.uleb128 0x14
 910 0511 80030000 		.4byte	0x380
 911 0515 00       		.byte	0
 912 0516 00       		.byte	0
 913 0517 17       		.uleb128 0x17
 914 0518 23020000 		.4byte	.LASF77
 915 051c 05       		.byte	0x5
 916 051d 3D06     		.2byte	0x63d
 917 051f 07050000 		.4byte	0x507
 918 0523 05       		.uleb128 0x5
 919 0524 03       		.byte	0x3
 920 0525 00000000 		.4byte	EE_ALARM_NAME
 921 0529 11       		.uleb128 0x11
 922 052a 38050000 		.4byte	0x538
 923 052e 38050000 		.4byte	0x538
 924 0532 18       		.uleb128 0x18
 925 0533 80030000 		.4byte	0x380
 926 0537 00       		.byte	0
 927 0538 13       		.uleb128 0x13
 928 0539 40000000 		.4byte	0x40
 929 053d 17       		.uleb128 0x17
 930 053e 8A010000 		.4byte	.LASF78
 931 0542 05       		.byte	0x5
 932 0543 E201     		.2byte	0x1e2
 933 0545 4F050000 		.4byte	0x54f
 934 0549 05       		.uleb128 0x5
 935 054a 03       		.byte	0x3
 936 054b 00000000 		.4byte	EE_EVENT_ID
 937 054f 13       		.uleb128 0x13
 938 0550 29050000 		.4byte	0x529
 939 0554 11       		.uleb128 0x11
 940 0555 38050000 		.4byte	0x538
 941 0559 64050000 		.4byte	0x564
 942 055d 14       		.uleb128 0x14
 943 055e 80030000 		.4byte	0x380
 944 0562 00       		.byte	0
 945 0563 00       		.byte	0
 946 0564 17       		.uleb128 0x17
 947 0565 F5000000 		.4byte	.LASF79
ARM GAS  C:\Users\MATEOC~1.QUE\AppData\Local\Temp\cccJAk1R.s 			page 18


 948 0569 05       		.byte	0x5
 949 056a 5906     		.2byte	0x659
 950 056c 76050000 		.4byte	0x576
 951 0570 05       		.uleb128 0x5
 952 0571 03       		.byte	0x3
 953 0572 00000000 		.4byte	EE_ALARM_ID
 954 0576 13       		.uleb128 0x13
 955 0577 54050000 		.4byte	0x554
 956 057b 11       		.uleb128 0x11
 957 057c B5000000 		.4byte	0xb5
 958 0580 8B050000 		.4byte	0x58b
 959 0584 14       		.uleb128 0x14
 960 0585 80030000 		.4byte	0x380
 961 0589 02       		.byte	0x2
 962 058a 00       		.byte	0
 963 058b 17       		.uleb128 0x17
 964 058c BD020000 		.4byte	.LASF80
 965 0590 05       		.byte	0x5
 966 0591 8102     		.2byte	0x281
 967 0593 7B050000 		.4byte	0x57b
 968 0597 05       		.uleb128 0x5
 969 0598 03       		.byte	0x3
 970 0599 00000000 		.4byte	EE_th_status
 971 059d 11       		.uleb128 0x11
 972 059e E1000000 		.4byte	0xe1
 973 05a2 AD050000 		.4byte	0x5ad
 974 05a6 14       		.uleb128 0x14
 975 05a7 80030000 		.4byte	0x380
 976 05ab 02       		.byte	0x2
 977 05ac 00       		.byte	0
 978 05ad 17       		.uleb128 0x17
 979 05ae 4F040000 		.4byte	.LASF81
 980 05b2 05       		.byte	0x5
 981 05b3 9D02     		.2byte	0x29d
 982 05b5 9D050000 		.4byte	0x59d
 983 05b9 05       		.uleb128 0x5
 984 05ba 03       		.byte	0x3
 985 05bb 00000000 		.4byte	EE_th_next
 986 05bf 17       		.uleb128 0x17
 987 05c0 A3060000 		.4byte	.LASF82
 988 05c4 05       		.byte	0x5
 989 05c5 C702     		.2byte	0x2c7
 990 05c7 7B050000 		.4byte	0x57b
 991 05cb 05       		.uleb128 0x5
 992 05cc 03       		.byte	0x3
 993 05cd 00000000 		.4byte	EE_th_rnact
 994 05d1 17       		.uleb128 0x17
 995 05d2 05000000 		.4byte	.LASF83
 996 05d6 05       		.byte	0x5
 997 05d7 7703     		.2byte	0x377
 998 05d9 9D050000 		.4byte	0x59d
 999 05dd 05       		.uleb128 0x5
 1000 05de 03       		.byte	0x3
 1001 05df 00000000 		.4byte	EE_th_terminate_nextask
 1002 05e3 17       		.uleb128 0x17
 1003 05e4 26000000 		.4byte	.LASF84
 1004 05e8 05       		.byte	0x5
ARM GAS  C:\Users\MATEOC~1.QUE\AppData\Local\Temp\cccJAk1R.s 			page 19


 1005 05e9 B902     		.2byte	0x2b9
 1006 05eb E1000000 		.4byte	0xe1
 1007 05ef 05       		.uleb128 0x5
 1008 05f0 03       		.byte	0x3
 1009 05f1 00000000 		.4byte	EE_stkfirst
 1010 05f5 17       		.uleb128 0x17
 1011 05f6 4A060000 		.4byte	.LASF85
 1012 05fa 05       		.byte	0x5
 1013 05fb BC02     		.2byte	0x2bc
 1014 05fd B5000000 		.4byte	0xb5
 1015 0601 05       		.uleb128 0x5
 1016 0602 03       		.byte	0x3
 1017 0603 00000000 		.4byte	EE_sys_ceiling
 1018 0607 17       		.uleb128 0x17
 1019 0608 9D030000 		.4byte	.LASF86
 1020 060c 05       		.byte	0x5
 1021 060d FD02     		.2byte	0x2fd
 1022 060f 7B050000 		.4byte	0x57b
 1023 0613 05       		.uleb128 0x5
 1024 0614 03       		.byte	0x3
 1025 0615 00000000 		.4byte	EE_rq_link
 1026 0619 11       		.uleb128 0x11
 1027 061a C0000000 		.4byte	0xc0
 1028 061e 29060000 		.4byte	0x629
 1029 0622 14       		.uleb128 0x14
 1030 0623 80030000 		.4byte	0x380
 1031 0627 0F       		.byte	0xf
 1032 0628 00       		.byte	0
 1033 0629 17       		.uleb128 0x17
 1034 062a 9F010000 		.4byte	.LASF87
 1035 062e 05       		.byte	0x5
 1036 062f BF02     		.2byte	0x2bf
 1037 0631 19060000 		.4byte	0x619
 1038 0635 05       		.uleb128 0x5
 1039 0636 03       		.byte	0x3
 1040 0637 00000000 		.4byte	EE_rq_queues_head
 1041 063b 17       		.uleb128 0x17
 1042 063c 7D050000 		.4byte	.LASF88
 1043 0640 05       		.byte	0x5
 1044 0641 C102     		.2byte	0x2c1
 1045 0643 19060000 		.4byte	0x619
 1046 0647 05       		.uleb128 0x5
 1047 0648 03       		.byte	0x3
 1048 0649 00000000 		.4byte	EE_rq_queues_tail
 1049 064d 11       		.uleb128 0x11
 1050 064e C0000000 		.4byte	0xc0
 1051 0652 5D060000 		.4byte	0x65d
 1052 0656 14       		.uleb128 0x14
 1053 0657 80030000 		.4byte	0x380
 1054 065b 02       		.byte	0x2
 1055 065c 00       		.byte	0
 1056 065d 17       		.uleb128 0x17
 1057 065e 99000000 		.4byte	.LASF89
 1058 0662 05       		.byte	0x5
 1059 0663 1B03     		.2byte	0x31b
 1060 0665 4D060000 		.4byte	0x64d
 1061 0669 05       		.uleb128 0x5
ARM GAS  C:\Users\MATEOC~1.QUE\AppData\Local\Temp\cccJAk1R.s 			page 20


 1062 066a 03       		.byte	0x3
 1063 066b 00000000 		.4byte	EE_rq_pairs_next
 1064 066f 17       		.uleb128 0x17
 1065 0670 AF060000 		.4byte	.LASF90
 1066 0674 05       		.byte	0x5
 1067 0675 7003     		.2byte	0x370
 1068 0677 9D050000 		.4byte	0x59d
 1069 067b 05       		.uleb128 0x5
 1070 067c 03       		.byte	0x3
 1071 067d 00000000 		.4byte	EE_rq_pairs_tid
 1072 0681 17       		.uleb128 0x17
 1073 0682 B4050000 		.4byte	.LASF91
 1074 0686 05       		.byte	0x5
 1075 0687 C402     		.2byte	0x2c4
 1076 0689 05010000 		.4byte	0x105
 1077 068d 05       		.uleb128 0x5
 1078 068e 03       		.byte	0x3
 1079 068f 00000000 		.4byte	EE_rq_bitmask
 1080 0693 17       		.uleb128 0x17
 1081 0694 92030000 		.4byte	.LASF92
 1082 0698 05       		.byte	0x5
 1083 0699 7303     		.2byte	0x373
 1084 069b C0000000 		.4byte	0xc0
 1085 069f 05       		.uleb128 0x5
 1086 06a0 03       		.byte	0x3
 1087 06a1 00000000 		.4byte	EE_rq_free
 1088 06a5 17       		.uleb128 0x17
 1089 06a6 CA070000 		.4byte	.LASF93
 1090 06aa 05       		.byte	0x5
 1091 06ab 9A03     		.2byte	0x39a
 1092 06ad 7B050000 		.4byte	0x57b
 1093 06b1 05       		.uleb128 0x5
 1094 06b2 03       		.byte	0x3
 1095 06b3 00000000 		.4byte	EE_th_event_active
 1096 06b7 17       		.uleb128 0x17
 1097 06b8 87040000 		.4byte	.LASF94
 1098 06bc 05       		.byte	0x5
 1099 06bd B603     		.2byte	0x3b6
 1100 06bf 7B050000 		.4byte	0x57b
 1101 06c3 05       		.uleb128 0x5
 1102 06c4 03       		.byte	0x3
 1103 06c5 00000000 		.4byte	EE_th_event_waitmask
 1104 06c9 11       		.uleb128 0x11
 1105 06ca D6000000 		.4byte	0xd6
 1106 06ce D9060000 		.4byte	0x6d9
 1107 06d2 14       		.uleb128 0x14
 1108 06d3 80030000 		.4byte	0x380
 1109 06d7 02       		.byte	0x2
 1110 06d8 00       		.byte	0
 1111 06d9 17       		.uleb128 0x17
 1112 06da 43020000 		.4byte	.LASF95
 1113 06de 05       		.byte	0x5
 1114 06df D203     		.2byte	0x3d2
 1115 06e1 C9060000 		.4byte	0x6c9
 1116 06e5 05       		.uleb128 0x5
 1117 06e6 03       		.byte	0x3
 1118 06e7 00000000 		.4byte	EE_th_waswaiting
ARM GAS  C:\Users\MATEOC~1.QUE\AppData\Local\Temp\cccJAk1R.s 			page 21


 1119 06eb 17       		.uleb128 0x17
 1120 06ec 0C080000 		.4byte	.LASF96
 1121 06f0 05       		.byte	0x5
 1122 06f1 EE03     		.2byte	0x3ee
 1123 06f3 FD060000 		.4byte	0x6fd
 1124 06f7 05       		.uleb128 0x5
 1125 06f8 03       		.byte	0x3
 1126 06f9 00000000 		.4byte	EE_th_is_extended
 1127 06fd 13       		.uleb128 0x13
 1128 06fe 5D040000 		.4byte	0x45d
 1129 0702 11       		.uleb128 0x11
 1130 0703 12070000 		.4byte	0x712
 1131 0707 12070000 		.4byte	0x712
 1132 070b 14       		.uleb128 0x14
 1133 070c 80030000 		.4byte	0x380
 1134 0710 00       		.byte	0
 1135 0711 00       		.byte	0
 1136 0712 13       		.uleb128 0x13
 1137 0713 8A010000 		.4byte	0x18a
 1138 0717 17       		.uleb128 0x17
 1139 0718 E0030000 		.4byte	.LASF97
 1140 071c 05       		.byte	0x5
 1141 071d FF05     		.2byte	0x5ff
 1142 071f 29070000 		.4byte	0x729
 1143 0723 05       		.uleb128 0x5
 1144 0724 03       		.byte	0x3
 1145 0725 00000000 		.4byte	EE_counter_ROM
 1146 0729 13       		.uleb128 0x13
 1147 072a 02070000 		.4byte	0x702
 1148 072e 11       		.uleb128 0x11
 1149 072f 3E070000 		.4byte	0x73e
 1150 0733 3E070000 		.4byte	0x73e
 1151 0737 14       		.uleb128 0x14
 1152 0738 80030000 		.4byte	0x380
 1153 073c 00       		.byte	0
 1154 073d 00       		.byte	0
 1155 073e 13       		.uleb128 0x13
 1156 073f 27020000 		.4byte	0x227
 1157 0743 17       		.uleb128 0x17
 1158 0744 26030000 		.4byte	.LASF98
 1159 0748 05       		.byte	0x5
 1160 0749 9606     		.2byte	0x696
 1161 074b 55070000 		.4byte	0x755
 1162 074f 05       		.uleb128 0x5
 1163 0750 03       		.byte	0x3
 1164 0751 00000000 		.4byte	EE_oo_counter_object_ROM
 1165 0755 13       		.uleb128 0x13
 1166 0756 2E070000 		.4byte	0x72e
 1167 075a 11       		.uleb128 0x11
 1168 075b 6A070000 		.4byte	0x76a
 1169 075f 6A070000 		.4byte	0x76a
 1170 0763 14       		.uleb128 0x14
 1171 0764 80030000 		.4byte	0x380
 1172 0768 00       		.byte	0
 1173 0769 00       		.byte	0
 1174 076a 13       		.uleb128 0x13
 1175 076b 04030000 		.4byte	0x304
ARM GAS  C:\Users\MATEOC~1.QUE\AppData\Local\Temp\cccJAk1R.s 			page 22


 1176 076f 17       		.uleb128 0x17
 1177 0770 5C030000 		.4byte	.LASF99
 1178 0774 05       		.byte	0x5
 1179 0775 BA06     		.2byte	0x6ba
 1180 0777 81070000 		.4byte	0x781
 1181 077b 05       		.uleb128 0x5
 1182 077c 03       		.byte	0x3
 1183 077d 00000000 		.4byte	EE_oo_action_ROM
 1184 0781 13       		.uleb128 0x13
 1185 0782 5A070000 		.4byte	0x75a
 1186 0786 11       		.uleb128 0x11
 1187 0787 96070000 		.4byte	0x796
 1188 078b 96070000 		.4byte	0x796
 1189 078f 14       		.uleb128 0x14
 1190 0790 80030000 		.4byte	0x380
 1191 0794 00       		.byte	0
 1192 0795 00       		.byte	0
 1193 0796 13       		.uleb128 0x13
 1194 0797 27030000 		.4byte	0x327
 1195 079b 17       		.uleb128 0x17
 1196 079c 4E010000 		.4byte	.LASF100
 1197 07a0 05       		.byte	0x5
 1198 07a1 2006     		.2byte	0x620
 1199 07a3 AD070000 		.4byte	0x7ad
 1200 07a7 05       		.uleb128 0x5
 1201 07a8 03       		.byte	0x3
 1202 07a9 00000000 		.4byte	EE_alarm_ROM
 1203 07ad 13       		.uleb128 0x13
 1204 07ae 86070000 		.4byte	0x786
 1205 07b2 11       		.uleb128 0x11
 1206 07b3 BA010000 		.4byte	0x1ba
 1207 07b7 C2070000 		.4byte	0x7c2
 1208 07bb 14       		.uleb128 0x14
 1209 07bc 80030000 		.4byte	0x380
 1210 07c0 00       		.byte	0
 1211 07c1 00       		.byte	0
 1212 07c2 17       		.uleb128 0x17
 1213 07c3 10060000 		.4byte	.LASF101
 1214 07c7 05       		.byte	0x5
 1215 07c8 0C06     		.2byte	0x60c
 1216 07ca B2070000 		.4byte	0x7b2
 1217 07ce 05       		.uleb128 0x5
 1218 07cf 03       		.byte	0x3
 1219 07d0 00000000 		.4byte	EE_counter_RAM
 1220 07d4 11       		.uleb128 0x11
 1221 07d5 71020000 		.4byte	0x271
 1222 07d9 E4070000 		.4byte	0x7e4
 1223 07dd 14       		.uleb128 0x14
 1224 07de 80030000 		.4byte	0x380
 1225 07e2 00       		.byte	0
 1226 07e3 00       		.byte	0
 1227 07e4 17       		.uleb128 0x17
 1228 07e5 6A060000 		.4byte	.LASF102
 1229 07e9 05       		.byte	0x5
 1230 07ea B106     		.2byte	0x6b1
 1231 07ec D4070000 		.4byte	0x7d4
 1232 07f0 05       		.uleb128 0x5
ARM GAS  C:\Users\MATEOC~1.QUE\AppData\Local\Temp\cccJAk1R.s 			page 23


 1233 07f1 03       		.byte	0x3
 1234 07f2 00000000 		.4byte	EE_oo_counter_object_RAM
 1235 07f6 11       		.uleb128 0x11
 1236 07f7 06080000 		.4byte	0x806
 1237 07fb 06080000 		.4byte	0x806
 1238 07ff 14       		.uleb128 0x14
 1239 0800 80030000 		.4byte	0x380
 1240 0804 00       		.byte	0
 1241 0805 00       		.byte	0
 1242 0806 13       		.uleb128 0x13
 1243 0807 33030000 		.4byte	0x333
 1244 080b 17       		.uleb128 0x17
 1245 080c 26080000 		.4byte	.LASF103
 1246 0810 05       		.byte	0x5
 1247 0811 9607     		.2byte	0x796
 1248 0813 1D080000 		.4byte	0x81d
 1249 0817 05       		.uleb128 0x5
 1250 0818 03       		.byte	0x3
 1251 0819 00000000 		.4byte	EE_oo_autostart_task_data
 1252 081d 13       		.uleb128 0x13
 1253 081e F6070000 		.4byte	0x7f6
 1254 0822 19       		.uleb128 0x19
 1255 0823 86020000 		.4byte	.LASF104
 1256 0827 06       		.byte	0x6
 1257 0828 40       		.byte	0x40
 1258 0829 B5000000 		.4byte	0xb5
 1259 082d 19       		.uleb128 0x19
 1260 082e B1010000 		.4byte	.LASF105
 1261 0832 06       		.byte	0x6
 1262 0833 47       		.byte	0x47
 1263 0834 CB000000 		.4byte	0xcb
 1264 0838 17       		.uleb128 0x17
 1265 0839 49030000 		.4byte	.LASF106
 1266 083d 05       		.byte	0x5
 1267 083e 5C07     		.2byte	0x75c
 1268 0840 B5000000 		.4byte	0xb5
 1269 0844 05       		.uleb128 0x5
 1270 0845 03       		.byte	0x3
 1271 0846 00000000 		.4byte	EE_ApplicationMode
 1272 084a 19       		.uleb128 0x19
 1273 084b CA010000 		.4byte	.LASF107
 1274 084f 07       		.byte	0x7
 1275 0850 48       		.byte	0x48
 1276 0851 E1000000 		.4byte	0xe1
 1277 0855 19       		.uleb128 0x19
 1278 0856 BF060000 		.4byte	.LASF108
 1279 085a 08       		.byte	0x8
 1280 085b 44       		.byte	0x44
 1281 085c B5000000 		.4byte	0xb5
 1282 0860 16       		.uleb128 0x16
 1283 0861 49000000 		.4byte	.LASF109
 1284 0865 05       		.byte	0x5
 1285 0866 AD       		.byte	0xad
 1286 0867 EC000000 		.4byte	0xec
 1287 086b 05       		.uleb128 0x5
 1288 086c 03       		.byte	0x3
 1289 086d 00000000 		.4byte	EE_cortex_mx_IRQ_tos
ARM GAS  C:\Users\MATEOC~1.QUE\AppData\Local\Temp\cccJAk1R.s 			page 24


 1290 0871 11       		.uleb128 0x11
 1291 0872 55000000 		.4byte	0x55
 1292 0876 81080000 		.4byte	0x881
 1293 087a 14       		.uleb128 0x14
 1294 087b 80030000 		.4byte	0x380
 1295 087f 18       		.byte	0x18
 1296 0880 00       		.byte	0
 1297 0881 16       		.uleb128 0x16
 1298 0882 9C040000 		.4byte	.LASF110
 1299 0886 05       		.byte	0x5
 1300 0887 19       		.byte	0x19
 1301 0888 71080000 		.4byte	0x871
 1302 088c 05       		.uleb128 0x5
 1303 088d 03       		.byte	0x3
 1304 088e 00000000 		.4byte	EE_cortex_mx_stack_3
 1305 0892 11       		.uleb128 0x11
 1306 0893 55000000 		.4byte	0x55
 1307 0897 A2080000 		.4byte	0x8a2
 1308 089b 14       		.uleb128 0x14
 1309 089c 80030000 		.4byte	0x380
 1310 08a0 7F       		.byte	0x7f
 1311 08a1 00       		.byte	0
 1312 08a2 16       		.uleb128 0x16
 1313 08a3 F4020000 		.4byte	.LASF111
 1314 08a7 05       		.byte	0x5
 1315 08a8 32       		.byte	0x32
 1316 08a9 92080000 		.4byte	0x892
 1317 08ad 05       		.uleb128 0x5
 1318 08ae 03       		.byte	0x3
 1319 08af 00000000 		.4byte	EE_cortex_mx_stack_9
 1320 08b3 00       		.byte	0
 1321              		.section	.debug_abbrev,"",%progbits
 1322              	.Ldebug_abbrev0:
 1323 0000 01       		.uleb128 0x1
 1324 0001 11       		.uleb128 0x11
 1325 0002 01       		.byte	0x1
 1326 0003 25       		.uleb128 0x25
 1327 0004 0E       		.uleb128 0xe
 1328 0005 13       		.uleb128 0x13
 1329 0006 0B       		.uleb128 0xb
 1330 0007 03       		.uleb128 0x3
 1331 0008 0E       		.uleb128 0xe
 1332 0009 1B       		.uleb128 0x1b
 1333 000a 0E       		.uleb128 0xe
 1334 000b 10       		.uleb128 0x10
 1335 000c 17       		.uleb128 0x17
 1336 000d 00       		.byte	0
 1337 000e 00       		.byte	0
 1338 000f 02       		.uleb128 0x2
 1339 0010 24       		.uleb128 0x24
 1340 0011 00       		.byte	0
 1341 0012 0B       		.uleb128 0xb
 1342 0013 0B       		.uleb128 0xb
 1343 0014 3E       		.uleb128 0x3e
 1344 0015 0B       		.uleb128 0xb
 1345 0016 03       		.uleb128 0x3
 1346 0017 0E       		.uleb128 0xe
ARM GAS  C:\Users\MATEOC~1.QUE\AppData\Local\Temp\cccJAk1R.s 			page 25


 1347 0018 00       		.byte	0
 1348 0019 00       		.byte	0
 1349 001a 03       		.uleb128 0x3
 1350 001b 24       		.uleb128 0x24
 1351 001c 00       		.byte	0
 1352 001d 0B       		.uleb128 0xb
 1353 001e 0B       		.uleb128 0xb
 1354 001f 3E       		.uleb128 0x3e
 1355 0020 0B       		.uleb128 0xb
 1356 0021 03       		.uleb128 0x3
 1357 0022 08       		.uleb128 0x8
 1358 0023 00       		.byte	0
 1359 0024 00       		.byte	0
 1360 0025 04       		.uleb128 0x4
 1361 0026 16       		.uleb128 0x16
 1362 0027 00       		.byte	0
 1363 0028 03       		.uleb128 0x3
 1364 0029 0E       		.uleb128 0xe
 1365 002a 3A       		.uleb128 0x3a
 1366 002b 0B       		.uleb128 0xb
 1367 002c 3B       		.uleb128 0x3b
 1368 002d 0B       		.uleb128 0xb
 1369 002e 49       		.uleb128 0x49
 1370 002f 13       		.uleb128 0x13
 1371 0030 00       		.byte	0
 1372 0031 00       		.byte	0
 1373 0032 05       		.uleb128 0x5
 1374 0033 0F       		.uleb128 0xf
 1375 0034 00       		.byte	0
 1376 0035 0B       		.uleb128 0xb
 1377 0036 0B       		.uleb128 0xb
 1378 0037 00       		.byte	0
 1379 0038 00       		.byte	0
 1380 0039 06       		.uleb128 0x6
 1381 003a 0F       		.uleb128 0xf
 1382 003b 00       		.byte	0
 1383 003c 0B       		.uleb128 0xb
 1384 003d 0B       		.uleb128 0xb
 1385 003e 49       		.uleb128 0x49
 1386 003f 13       		.uleb128 0x13
 1387 0040 00       		.byte	0
 1388 0041 00       		.byte	0
 1389 0042 07       		.uleb128 0x7
 1390 0043 15       		.uleb128 0x15
 1391 0044 00       		.byte	0
 1392 0045 27       		.uleb128 0x27
 1393 0046 19       		.uleb128 0x19
 1394 0047 00       		.byte	0
 1395 0048 00       		.byte	0
 1396 0049 08       		.uleb128 0x8
 1397 004a 13       		.uleb128 0x13
 1398 004b 01       		.byte	0x1
 1399 004c 03       		.uleb128 0x3
 1400 004d 0E       		.uleb128 0xe
 1401 004e 0B       		.uleb128 0xb
 1402 004f 0B       		.uleb128 0xb
 1403 0050 3A       		.uleb128 0x3a
ARM GAS  C:\Users\MATEOC~1.QUE\AppData\Local\Temp\cccJAk1R.s 			page 26


 1404 0051 0B       		.uleb128 0xb
 1405 0052 3B       		.uleb128 0x3b
 1406 0053 0B       		.uleb128 0xb
 1407 0054 01       		.uleb128 0x1
 1408 0055 13       		.uleb128 0x13
 1409 0056 00       		.byte	0
 1410 0057 00       		.byte	0
 1411 0058 09       		.uleb128 0x9
 1412 0059 0D       		.uleb128 0xd
 1413 005a 00       		.byte	0
 1414 005b 03       		.uleb128 0x3
 1415 005c 0E       		.uleb128 0xe
 1416 005d 3A       		.uleb128 0x3a
 1417 005e 0B       		.uleb128 0xb
 1418 005f 3B       		.uleb128 0x3b
 1419 0060 0B       		.uleb128 0xb
 1420 0061 49       		.uleb128 0x49
 1421 0062 13       		.uleb128 0x13
 1422 0063 38       		.uleb128 0x38
 1423 0064 0B       		.uleb128 0xb
 1424 0065 00       		.byte	0
 1425 0066 00       		.byte	0
 1426 0067 0A       		.uleb128 0xa
 1427 0068 16       		.uleb128 0x16
 1428 0069 00       		.byte	0
 1429 006a 03       		.uleb128 0x3
 1430 006b 0E       		.uleb128 0xe
 1431 006c 3A       		.uleb128 0x3a
 1432 006d 0B       		.uleb128 0xb
 1433 006e 3B       		.uleb128 0x3b
 1434 006f 05       		.uleb128 0x5
 1435 0070 49       		.uleb128 0x49
 1436 0071 13       		.uleb128 0x13
 1437 0072 00       		.byte	0
 1438 0073 00       		.byte	0
 1439 0074 0B       		.uleb128 0xb
 1440 0075 13       		.uleb128 0x13
 1441 0076 01       		.byte	0x1
 1442 0077 0B       		.uleb128 0xb
 1443 0078 0B       		.uleb128 0xb
 1444 0079 3A       		.uleb128 0x3a
 1445 007a 0B       		.uleb128 0xb
 1446 007b 3B       		.uleb128 0x3b
 1447 007c 05       		.uleb128 0x5
 1448 007d 01       		.uleb128 0x1
 1449 007e 13       		.uleb128 0x13
 1450 007f 00       		.byte	0
 1451 0080 00       		.byte	0
 1452 0081 0C       		.uleb128 0xc
 1453 0082 0D       		.uleb128 0xd
 1454 0083 00       		.byte	0
 1455 0084 03       		.uleb128 0x3
 1456 0085 0E       		.uleb128 0xe
 1457 0086 3A       		.uleb128 0x3a
 1458 0087 0B       		.uleb128 0xb
 1459 0088 3B       		.uleb128 0x3b
 1460 0089 05       		.uleb128 0x5
ARM GAS  C:\Users\MATEOC~1.QUE\AppData\Local\Temp\cccJAk1R.s 			page 27


 1461 008a 49       		.uleb128 0x49
 1462 008b 13       		.uleb128 0x13
 1463 008c 38       		.uleb128 0x38
 1464 008d 0B       		.uleb128 0xb
 1465 008e 00       		.byte	0
 1466 008f 00       		.byte	0
 1467 0090 0D       		.uleb128 0xd
 1468 0091 04       		.uleb128 0x4
 1469 0092 01       		.byte	0x1
 1470 0093 0B       		.uleb128 0xb
 1471 0094 0B       		.uleb128 0xb
 1472 0095 49       		.uleb128 0x49
 1473 0096 13       		.uleb128 0x13
 1474 0097 3A       		.uleb128 0x3a
 1475 0098 0B       		.uleb128 0xb
 1476 0099 3B       		.uleb128 0x3b
 1477 009a 05       		.uleb128 0x5
 1478 009b 01       		.uleb128 0x1
 1479 009c 13       		.uleb128 0x13
 1480 009d 00       		.byte	0
 1481 009e 00       		.byte	0
 1482 009f 0E       		.uleb128 0xe
 1483 00a0 28       		.uleb128 0x28
 1484 00a1 00       		.byte	0
 1485 00a2 03       		.uleb128 0x3
 1486 00a3 0E       		.uleb128 0xe
 1487 00a4 1C       		.uleb128 0x1c
 1488 00a5 0B       		.uleb128 0xb
 1489 00a6 00       		.byte	0
 1490 00a7 00       		.byte	0
 1491 00a8 0F       		.uleb128 0xf
 1492 00a9 0D       		.uleb128 0xd
 1493 00aa 00       		.byte	0
 1494 00ab 03       		.uleb128 0x3
 1495 00ac 08       		.uleb128 0x8
 1496 00ad 3A       		.uleb128 0x3a
 1497 00ae 0B       		.uleb128 0xb
 1498 00af 3B       		.uleb128 0x3b
 1499 00b0 05       		.uleb128 0x5
 1500 00b1 49       		.uleb128 0x49
 1501 00b2 13       		.uleb128 0x13
 1502 00b3 38       		.uleb128 0x38
 1503 00b4 0B       		.uleb128 0xb
 1504 00b5 00       		.byte	0
 1505 00b6 00       		.byte	0
 1506 00b7 10       		.uleb128 0x10
 1507 00b8 13       		.uleb128 0x13
 1508 00b9 01       		.byte	0x1
 1509 00ba 03       		.uleb128 0x3
 1510 00bb 0E       		.uleb128 0xe
 1511 00bc 0B       		.uleb128 0xb
 1512 00bd 0B       		.uleb128 0xb
 1513 00be 3A       		.uleb128 0x3a
 1514 00bf 0B       		.uleb128 0xb
 1515 00c0 3B       		.uleb128 0x3b
 1516 00c1 05       		.uleb128 0x5
 1517 00c2 01       		.uleb128 0x1
ARM GAS  C:\Users\MATEOC~1.QUE\AppData\Local\Temp\cccJAk1R.s 			page 28


 1518 00c3 13       		.uleb128 0x13
 1519 00c4 00       		.byte	0
 1520 00c5 00       		.byte	0
 1521 00c6 11       		.uleb128 0x11
 1522 00c7 01       		.uleb128 0x1
 1523 00c8 01       		.byte	0x1
 1524 00c9 49       		.uleb128 0x49
 1525 00ca 13       		.uleb128 0x13
 1526 00cb 01       		.uleb128 0x1
 1527 00cc 13       		.uleb128 0x13
 1528 00cd 00       		.byte	0
 1529 00ce 00       		.byte	0
 1530 00cf 12       		.uleb128 0x12
 1531 00d0 21       		.uleb128 0x21
 1532 00d1 00       		.byte	0
 1533 00d2 00       		.byte	0
 1534 00d3 00       		.byte	0
 1535 00d4 13       		.uleb128 0x13
 1536 00d5 26       		.uleb128 0x26
 1537 00d6 00       		.byte	0
 1538 00d7 49       		.uleb128 0x49
 1539 00d8 13       		.uleb128 0x13
 1540 00d9 00       		.byte	0
 1541 00da 00       		.byte	0
 1542 00db 14       		.uleb128 0x14
 1543 00dc 21       		.uleb128 0x21
 1544 00dd 00       		.byte	0
 1545 00de 49       		.uleb128 0x49
 1546 00df 13       		.uleb128 0x13
 1547 00e0 2F       		.uleb128 0x2f
 1548 00e1 0B       		.uleb128 0xb
 1549 00e2 00       		.byte	0
 1550 00e3 00       		.byte	0
 1551 00e4 15       		.uleb128 0x15
 1552 00e5 34       		.uleb128 0x34
 1553 00e6 00       		.byte	0
 1554 00e7 03       		.uleb128 0x3
 1555 00e8 0E       		.uleb128 0xe
 1556 00e9 3A       		.uleb128 0x3a
 1557 00ea 0B       		.uleb128 0xb
 1558 00eb 3B       		.uleb128 0x3b
 1559 00ec 05       		.uleb128 0x5
 1560 00ed 49       		.uleb128 0x49
 1561 00ee 13       		.uleb128 0x13
 1562 00ef 02       		.uleb128 0x2
 1563 00f0 18       		.uleb128 0x18
 1564 00f1 00       		.byte	0
 1565 00f2 00       		.byte	0
 1566 00f3 16       		.uleb128 0x16
 1567 00f4 34       		.uleb128 0x34
 1568 00f5 00       		.byte	0
 1569 00f6 03       		.uleb128 0x3
 1570 00f7 0E       		.uleb128 0xe
 1571 00f8 3A       		.uleb128 0x3a
 1572 00f9 0B       		.uleb128 0xb
 1573 00fa 3B       		.uleb128 0x3b
 1574 00fb 0B       		.uleb128 0xb
ARM GAS  C:\Users\MATEOC~1.QUE\AppData\Local\Temp\cccJAk1R.s 			page 29


 1575 00fc 49       		.uleb128 0x49
 1576 00fd 13       		.uleb128 0x13
 1577 00fe 3F       		.uleb128 0x3f
 1578 00ff 19       		.uleb128 0x19
 1579 0100 02       		.uleb128 0x2
 1580 0101 18       		.uleb128 0x18
 1581 0102 00       		.byte	0
 1582 0103 00       		.byte	0
 1583 0104 17       		.uleb128 0x17
 1584 0105 34       		.uleb128 0x34
 1585 0106 00       		.byte	0
 1586 0107 03       		.uleb128 0x3
 1587 0108 0E       		.uleb128 0xe
 1588 0109 3A       		.uleb128 0x3a
 1589 010a 0B       		.uleb128 0xb
 1590 010b 3B       		.uleb128 0x3b
 1591 010c 05       		.uleb128 0x5
 1592 010d 49       		.uleb128 0x49
 1593 010e 13       		.uleb128 0x13
 1594 010f 3F       		.uleb128 0x3f
 1595 0110 19       		.uleb128 0x19
 1596 0111 02       		.uleb128 0x2
 1597 0112 18       		.uleb128 0x18
 1598 0113 00       		.byte	0
 1599 0114 00       		.byte	0
 1600 0115 18       		.uleb128 0x18
 1601 0116 21       		.uleb128 0x21
 1602 0117 00       		.byte	0
 1603 0118 49       		.uleb128 0x49
 1604 0119 13       		.uleb128 0x13
 1605 011a 00       		.byte	0
 1606 011b 00       		.byte	0
 1607 011c 19       		.uleb128 0x19
 1608 011d 34       		.uleb128 0x34
 1609 011e 00       		.byte	0
 1610 011f 03       		.uleb128 0x3
 1611 0120 0E       		.uleb128 0xe
 1612 0121 3A       		.uleb128 0x3a
 1613 0122 0B       		.uleb128 0xb
 1614 0123 3B       		.uleb128 0x3b
 1615 0124 0B       		.uleb128 0xb
 1616 0125 49       		.uleb128 0x49
 1617 0126 13       		.uleb128 0x13
 1618 0127 3F       		.uleb128 0x3f
 1619 0128 19       		.uleb128 0x19
 1620 0129 3C       		.uleb128 0x3c
 1621 012a 19       		.uleb128 0x19
 1622 012b 00       		.byte	0
 1623 012c 00       		.byte	0
 1624 012d 00       		.byte	0
 1625              		.section	.debug_aranges,"",%progbits
 1626 0000 14000000 		.4byte	0x14
 1627 0004 0200     		.2byte	0x2
 1628 0006 00000000 		.4byte	.Ldebug_info0
 1629 000a 04       		.byte	0x4
 1630 000b 00       		.byte	0
 1631 000c 0000     		.2byte	0
ARM GAS  C:\Users\MATEOC~1.QUE\AppData\Local\Temp\cccJAk1R.s 			page 30


 1632 000e 0000     		.2byte	0
 1633 0010 00000000 		.4byte	0
 1634 0014 00000000 		.4byte	0
 1635              		.section	.debug_line,"",%progbits
 1636              	.Ldebug_line0:
 1637 0000 38010000 		.section	.debug_str,"MS",%progbits,1
 1637      02003201 
 1637      00000201 
 1637      FB0E0D00 
 1637      01010101 
 1638              	.LASF46:
 1639 0000 6E657874 		.ascii	"next\000"
 1639      00
 1640              	.LASF83:
 1641 0005 45455F74 		.ascii	"EE_th_terminate_nextask\000"
 1641      685F7465 
 1641      726D696E 
 1641      6174655F 
 1641      6E657874 
 1642              	.LASF24:
 1643 001d 5469636B 		.ascii	"TickType\000"
 1643      54797065 
 1643      00
 1644              	.LASF84:
 1645 0026 45455F73 		.ascii	"EE_stkfirst\000"
 1645      746B6669 
 1645      72737400 
 1646              	.LASF26:
 1647 0032 41637469 		.ascii	"ActionType\000"
 1647      6F6E5479 
 1647      706500
 1648              	.LASF19:
 1649 003d 45455F54 		.ascii	"EE_TYPEBOOL\000"
 1649      59504542 
 1649      4F4F4C00 
 1650              	.LASF109:
 1651 0049 45455F63 		.ascii	"EE_cortex_mx_IRQ_tos\000"
 1651      6F727465 
 1651      785F6D78 
 1651      5F495251 
 1651      5F746F73 
 1652              	.LASF7:
 1653 005e 6C6F6E67 		.ascii	"long long unsigned int\000"
 1653      206C6F6E 
 1653      6720756E 
 1653      7369676E 
 1653      65642069 
 1654              	.LASF45:
 1655 0075 64656C74 		.ascii	"delta\000"
 1655      6100
 1656              	.LASF42:
 1657 007b 45455F6F 		.ascii	"EE_oo_counter_object_ROM_type\000"
 1657      6F5F636F 
 1657      756E7465 
 1657      725F6F62 
 1657      6A656374 
 1658              	.LASF89:
ARM GAS  C:\Users\MATEOC~1.QUE\AppData\Local\Temp\cccJAk1R.s 			page 31


 1659 0099 45455F72 		.ascii	"EE_rq_pairs_next\000"
 1659      715F7061 
 1659      6972735F 
 1659      6E657874 
 1659      00
 1660              	.LASF22:
 1661 00aa 5461736B 		.ascii	"TaskType\000"
 1661      54797065 
 1661      00
 1662              	.LASF61:
 1663 00b3 45455F54 		.ascii	"EE_TOS\000"
 1663      4F5300
 1664              	.LASF29:
 1665 00ba 6D617861 		.ascii	"maxallowedvalue\000"
 1665      6C6C6F77 
 1665      65647661 
 1665      6C756500 
 1666              	.LASF115:
 1667 00ca 45455F6F 		.ascii	"EE_oo_autostart_task_mode_OSDEFAULTAPPMODE\000"
 1667      6F5F6175 
 1667      746F7374 
 1667      6172745F 
 1667      7461736B 
 1668              	.LASF79:
 1669 00f5 45455F41 		.ascii	"EE_ALARM_ID\000"
 1669      4C41524D 
 1669      5F494400 
 1670              	.LASF6:
 1671 0101 6C6F6E67 		.ascii	"long long int\000"
 1671      206C6F6E 
 1671      6720696E 
 1671      7400
 1672              	.LASF0:
 1673 010f 7369676E 		.ascii	"signed char\000"
 1673      65642063 
 1673      68617200 
 1674              	.LASF52:
 1675 011b 45455F6F 		.ascii	"EE_oo_action_kind_type\000"
 1675      6F5F6163 
 1675      74696F6E 
 1675      5F6B696E 
 1675      645F7479 
 1676              	.LASF23:
 1677 0132 4576656E 		.ascii	"EventMaskType\000"
 1677      744D6173 
 1677      6B547970 
 1677      6500
 1678              	.LASF76:
 1679 0140 45455F45 		.ascii	"EE_EVENT_NAME\000"
 1679      56454E54 
 1679      5F4E414D 
 1679      4500
 1680              	.LASF100:
 1681 014e 45455F61 		.ascii	"EE_alarm_ROM\000"
 1681      6C61726D 
 1681      5F524F4D 
 1681      00
ARM GAS  C:\Users\MATEOC~1.QUE\AppData\Local\Temp\cccJAk1R.s 			page 32


 1682              	.LASF70:
 1683 015b 45455F63 		.ascii	"EE_cortex_mx_active_tos\000"
 1683      6F727465 
 1683      785F6D78 
 1683      5F616374 
 1683      6976655F 
 1684              	.LASF35:
 1685 0173 45455F6F 		.ascii	"EE_oo_counter_RAM_type\000"
 1685      6F5F636F 
 1685      756E7465 
 1685      725F5241 
 1685      4D5F7479 
 1686              	.LASF78:
 1687 018a 45455F45 		.ascii	"EE_EVENT_ID\000"
 1687      56454E54 
 1687      5F494400 
 1688              	.LASF4:
 1689 0196 6C6F6E67 		.ascii	"long int\000"
 1689      20696E74 
 1689      00
 1690              	.LASF87:
 1691 019f 45455F72 		.ascii	"EE_rq_queues_head\000"
 1691      715F7175 
 1691      65756573 
 1691      5F686561 
 1691      6400
 1692              	.LASF105:
 1693 01b1 45455F6F 		.ascii	"EE_oo_IRQ_suspend_status\000"
 1693      6F5F4952 
 1693      515F7375 
 1693      7370656E 
 1693      645F7374 
 1694              	.LASF107:
 1695 01ca 45455F73 		.ascii	"EE_std_endcycle_next_tid\000"
 1695      74645F65 
 1695      6E646379 
 1695      636C655F 
 1695      6E657874 
 1696              	.LASF31:
 1697 01e3 6D696E63 		.ascii	"mincycle\000"
 1697      79636C65 
 1697      00
 1698              	.LASF20:
 1699 01ec 45455F54 		.ascii	"EE_TID\000"
 1699      494400
 1700              	.LASF33:
 1701 01f3 76616C75 		.ascii	"value\000"
 1701      6500
 1702              	.LASF8:
 1703 01f9 756E7369 		.ascii	"unsigned int\000"
 1703      676E6564 
 1703      20696E74 
 1703      00
 1704              	.LASF16:
 1705 0206 45455F55 		.ascii	"EE_UREG\000"
 1705      52454700 
 1706              	.LASF60:
ARM GAS  C:\Users\MATEOC~1.QUE\AppData\Local\Temp\cccJAk1R.s 			page 33


 1707 020e 45455F6F 		.ascii	"EE_oo_alarm_ROM_type\000"
 1707      6F5F616C 
 1707      61726D5F 
 1707      524F4D5F 
 1707      74797065 
 1708              	.LASF77:
 1709 0223 45455F41 		.ascii	"EE_ALARM_NAME\000"
 1709      4C41524D 
 1709      5F4E414D 
 1709      4500
 1710              	.LASF5:
 1711 0231 6C6F6E67 		.ascii	"long unsigned int\000"
 1711      20756E73 
 1711      69676E65 
 1711      6420696E 
 1711      7400
 1712              	.LASF95:
 1713 0243 45455F74 		.ascii	"EE_th_waswaiting\000"
 1713      685F7761 
 1713      73776169 
 1713      74696E67 
 1713      00
 1714              	.LASF62:
 1715 0254 45455F6F 		.ascii	"EE_oo_autostart_task_type\000"
 1715      6F5F6175 
 1715      746F7374 
 1715      6172745F 
 1715      7461736B 
 1716              	.LASF41:
 1717 026e 6B696E64 		.ascii	"kind\000"
 1717      00
 1718              	.LASF3:
 1719 0273 73686F72 		.ascii	"short unsigned int\000"
 1719      7420756E 
 1719      7369676E 
 1719      65642069 
 1719      6E7400
 1720              	.LASF104:
 1721 0286 45455F6F 		.ascii	"EE_oo_IRQ_disable_count\000"
 1721      6F5F4952 
 1721      515F6469 
 1721      7361626C 
 1721      655F636F 
 1722              	.LASF38:
 1723 029e 45455F6F 		.ascii	"EE_oo_counter_object_kind_type\000"
 1723      6F5F636F 
 1723      756E7465 
 1723      725F6F62 
 1723      6A656374 
 1724              	.LASF80:
 1725 02bd 45455F74 		.ascii	"EE_th_status\000"
 1725      685F7374 
 1725      61747573 
 1725      00
 1726              	.LASF39:
 1727 02ca 436F756E 		.ascii	"CounterObjectKindType\000"
 1727      7465724F 
ARM GAS  C:\Users\MATEOC~1.QUE\AppData\Local\Temp\cccJAk1R.s 			page 34


 1727      626A6563 
 1727      744B696E 
 1727      64547970 
 1728              	.LASF73:
 1729 02e0 45455F74 		.ascii	"EE_th_dispatch_prio\000"
 1729      685F6469 
 1729      73706174 
 1729      63685F70 
 1729      72696F00 
 1730              	.LASF111:
 1731 02f4 45455F63 		.ascii	"EE_cortex_mx_stack_9\000"
 1731      6F727465 
 1731      785F6D78 
 1731      5F737461 
 1731      636B5F39 
 1732              	.LASF14:
 1733 0309 45455F56 		.ascii	"EE_VOID_CALLBACK\000"
 1733      4F49445F 
 1733      43414C4C 
 1733      4241434B 
 1733      00
 1734              	.LASF27:
 1735 031a 436F756E 		.ascii	"CounterType\000"
 1735      74657254 
 1735      79706500 
 1736              	.LASF98:
 1737 0326 45455F6F 		.ascii	"EE_oo_counter_object_ROM\000"
 1737      6F5F636F 
 1737      756E7465 
 1737      725F6F62 
 1737      6A656374 
 1738              	.LASF59:
 1739 033f 61637469 		.ascii	"action_id\000"
 1739      6F6E5F69 
 1739      6400
 1740              	.LASF106:
 1741 0349 45455F41 		.ascii	"EE_ApplicationMode\000"
 1741      70706C69 
 1741      63617469 
 1741      6F6E4D6F 
 1741      646500
 1742              	.LASF99:
 1743 035c 45455F6F 		.ascii	"EE_oo_action_ROM\000"
 1743      6F5F6163 
 1743      74696F6E 
 1743      5F524F4D 
 1743      00
 1744              	.LASF21:
 1745 036d 45455F54 		.ascii	"EE_TYPE_RQ_MASK\000"
 1745      5950455F 
 1745      52515F4D 
 1745      41534B00 
 1746              	.LASF64:
 1747 037d 73697A65 		.ascii	"sizetype\000"
 1747      74797065 
 1747      00
 1748              	.LASF9:
ARM GAS  C:\Users\MATEOC~1.QUE\AppData\Local\Temp\cccJAk1R.s 			page 35


 1749 0386 6C6F6E67 		.ascii	"long double\000"
 1749      20646F75 
 1749      626C6500 
 1750              	.LASF92:
 1751 0392 45455F72 		.ascii	"EE_rq_free\000"
 1751      715F6672 
 1751      656500
 1752              	.LASF86:
 1753 039d 45455F72 		.ascii	"EE_rq_link\000"
 1753      715F6C69 
 1753      6E6B00
 1754              	.LASF17:
 1755 03a8 45455F53 		.ascii	"EE_SREG\000"
 1755      52454700 
 1756              	.LASF30:
 1757 03b0 7469636B 		.ascii	"ticksperbase\000"
 1757      73706572 
 1757      62617365 
 1757      00
 1758              	.LASF43:
 1759 03bd 75736564 		.ascii	"used\000"
 1759      00
 1760              	.LASF47:
 1761 03c2 45455F6F 		.ascii	"EE_oo_counter_object_RAM_type\000"
 1761      6F5F636F 
 1761      756E7465 
 1761      725F6F62 
 1761      6A656374 
 1762              	.LASF97:
 1763 03e0 45455F63 		.ascii	"EE_counter_ROM\000"
 1763      6F756E74 
 1763      65725F52 
 1763      4F4D00
 1764              	.LASF58:
 1765 03ef 45455F6F 		.ascii	"EE_oo_action_ROM_type\000"
 1765      6F5F6163 
 1765      74696F6E 
 1765      5F524F4D 
 1765      5F747970 
 1766              	.LASF10:
 1767 0405 45455F55 		.ascii	"EE_UINT16\000"
 1767      494E5431 
 1767      3600
 1768              	.LASF37:
 1769 040f 45455F53 		.ascii	"EE_SCHEDULETABLE\000"
 1769      43484544 
 1769      554C4554 
 1769      41424C45 
 1769      00
 1770              	.LASF69:
 1771 0420 45455F63 		.ascii	"EE_cortex_mx_system_tos\000"
 1771      6F727465 
 1771      785F6D78 
 1771      5F737973 
 1771      74656D5F 
 1772              	.LASF1:
 1773 0438 756E7369 		.ascii	"unsigned char\000"
ARM GAS  C:\Users\MATEOC~1.QUE\AppData\Local\Temp\cccJAk1R.s 			page 36


 1773      676E6564 
 1773      20636861 
 1773      7200
 1774              	.LASF36:
 1775 0446 45455F41 		.ascii	"EE_ALARM\000"
 1775      4C41524D 
 1775      00
 1776              	.LASF81:
 1777 044f 45455F74 		.ascii	"EE_th_next\000"
 1777      685F6E65 
 1777      787400
 1778              	.LASF68:
 1779 045a 45455F74 		.ascii	"EE_terminate_real_th_body\000"
 1779      65726D69 
 1779      6E617465 
 1779      5F726561 
 1779      6C5F7468 
 1780              	.LASF57:
 1781 0474 696E6363 		.ascii	"inccount\000"
 1781      6F756E74 
 1781      00
 1782              	.LASF2:
 1783 047d 73686F72 		.ascii	"short int\000"
 1783      7420696E 
 1783      7400
 1784              	.LASF94:
 1785 0487 45455F74 		.ascii	"EE_th_event_waitmask\000"
 1785      685F6576 
 1785      656E745F 
 1785      77616974 
 1785      6D61736B 
 1786              	.LASF110:
 1787 049c 45455F63 		.ascii	"EE_cortex_mx_stack_3\000"
 1787      6F727465 
 1787      785F6D78 
 1787      5F737461 
 1787      636B5F33 
 1788              	.LASF75:
 1789 04b1 45455F54 		.ascii	"EE_TASK_NAME\000"
 1789      41534B5F 
 1789      4E414D45 
 1789      00
 1790              	.LASF32:
 1791 04be 45455F6F 		.ascii	"EE_oo_counter_ROM_type\000"
 1791      6F5F636F 
 1791      756E7465 
 1791      725F524F 
 1791      4D5F7479 
 1792              	.LASF112:
 1793 04d5 474E5520 		.ascii	"GNU C11 5.4.1 20160609 (release) [ARM/embedded-5-br"
 1793      43313120 
 1793      352E342E 
 1793      31203230 
 1793      31363036 
 1794 0508 616E6368 		.ascii	"anch revision 237715] -mcpu=cortex-m3 -mthumb -g -O"
 1794      20726576 
 1794      6973696F 
ARM GAS  C:\Users\MATEOC~1.QUE\AppData\Local\Temp\cccJAk1R.s 			page 37


 1794      6E203233 
 1794      37373135 
 1795 053b 67202D66 		.ascii	"g -ffunction-sections -ffat-lto-objects\000"
 1795      66756E63 
 1795      74696F6E 
 1795      2D736563 
 1795      74696F6E 
 1796              	.LASF56:
 1797 0563 61637469 		.ascii	"action_mask\000"
 1797      6F6E5F6D 
 1797      61736B00 
 1798              	.LASF15:
 1799 056f 45455F54 		.ascii	"EE_THREAD_PTR\000"
 1799      48524541 
 1799      445F5054 
 1799      5200
 1800              	.LASF88:
 1801 057d 45455F72 		.ascii	"EE_rq_queues_tail\000"
 1801      715F7175 
 1801      65756573 
 1801      5F746169 
 1801      6C00
 1802              	.LASF66:
 1803 058f 45455F73 		.ascii	"EE_std_thread_tos\000"
 1803      74645F74 
 1803      68726561 
 1803      645F746F 
 1803      7300
 1804              	.LASF51:
 1805 05a1 45455F41 		.ascii	"EE_ACTION_CALLBACK\000"
 1805      4354494F 
 1805      4E5F4341 
 1805      4C4C4241 
 1805      434B00
 1806              	.LASF91:
 1807 05b4 45455F72 		.ascii	"EE_rq_bitmask\000"
 1807      715F6269 
 1807      746D6173 
 1807      6B00
 1808              	.LASF34:
 1809 05c2 66697273 		.ascii	"first\000"
 1809      7400
 1810              	.LASF25:
 1811 05c8 436F756E 		.ascii	"CounterObjectType\000"
 1811      7465724F 
 1811      626A6563 
 1811      74547970 
 1811      6500
 1812              	.LASF74:
 1813 05da 63686172 		.ascii	"char\000"
 1813      00
 1814              	.LASF48:
 1815 05df 45455F41 		.ascii	"EE_ACTION_TASK\000"
 1815      4354494F 
 1815      4E5F5441 
 1815      534B00
 1816              	.LASF71:
ARM GAS  C:\Users\MATEOC~1.QUE\AppData\Local\Temp\cccJAk1R.s 			page 38


 1817 05ee 45455F74 		.ascii	"EE_th_rnact_max\000"
 1817      685F726E 
 1817      6163745F 
 1817      6D617800 
 1818              	.LASF50:
 1819 05fe 45455F41 		.ascii	"EE_ACTION_COUNTER\000"
 1819      4354494F 
 1819      4E5F434F 
 1819      554E5445 
 1819      5200
 1820              	.LASF101:
 1821 0610 45455F63 		.ascii	"EE_counter_RAM\000"
 1821      6F756E74 
 1821      65725F52 
 1821      414D00
 1822              	.LASF40:
 1823 061f 73706563 		.ascii	"spec_id\000"
 1823      5F696400 
 1824              	.LASF49:
 1825 0627 45455F41 		.ascii	"EE_ACTION_EVENT\000"
 1825      4354494F 
 1825      4E5F4556 
 1825      454E5400 
 1826              	.LASF65:
 1827 0637 45455F68 		.ascii	"EE_hal_thread_body\000"
 1827      616C5F74 
 1827      68726561 
 1827      645F626F 
 1827      647900
 1828              	.LASF85:
 1829 064a 45455F73 		.ascii	"EE_sys_ceiling\000"
 1829      79735F63 
 1829      65696C69 
 1829      6E6700
 1830              	.LASF54:
 1831 0659 61637469 		.ascii	"action_kind\000"
 1831      6F6E5F6B 
 1831      696E6400 
 1832              	.LASF63:
 1833 0665 7461736B 		.ascii	"task\000"
 1833      00
 1834              	.LASF102:
 1835 066a 45455F6F 		.ascii	"EE_oo_counter_object_RAM\000"
 1835      6F5F636F 
 1835      756E7465 
 1835      725F6F62 
 1835      6A656374 
 1836              	.LASF53:
 1837 0683 41637469 		.ascii	"ActionKindType\000"
 1837      6F6E4B69 
 1837      6E645479 
 1837      706500
 1838              	.LASF72:
 1839 0692 45455F74 		.ascii	"EE_th_ready_prio\000"
 1839      685F7265 
 1839      6164795F 
 1839      7072696F 
ARM GAS  C:\Users\MATEOC~1.QUE\AppData\Local\Temp\cccJAk1R.s 			page 39


 1839      00
 1840              	.LASF82:
 1841 06a3 45455F74 		.ascii	"EE_th_rnact\000"
 1841      685F726E 
 1841      61637400 
 1842              	.LASF90:
 1843 06af 45455F72 		.ascii	"EE_rq_pairs_tid\000"
 1843      715F7061 
 1843      6972735F 
 1843      74696400 
 1844              	.LASF108:
 1845 06bf 45455F49 		.ascii	"EE_IRQ_nesting_level\000"
 1845      52515F6E 
 1845      65737469 
 1845      6E675F6C 
 1845      6576656C 
 1846              	.LASF114:
 1847 06d4 433A5C55 		.ascii	"C:\\Users\\Mateo C. Querol\\OneDrive\\University\\D"
 1847      73657273 
 1847      5C4D6174 
 1847      656F2043 
 1847      2E205175 
 1848 0702 61726D73 		.ascii	"armstadt\\Advanced Microcontroller Systems and Embe"
 1848      74616474 
 1848      5C416476 
 1848      616E6365 
 1848      64204D69 
 1849 0734 64646564 		.ascii	"dded Operating systems\\Embedded Operating Systems\\"
 1849      204F7065 
 1849      72617469 
 1849      6E672073 
 1849      79737465 
 1850 0766 576F726B 		.ascii	"Workbook\\4.1_Blink_an_LED.cydsn\000"
 1850      626F6F6B 
 1850      5C342E31 
 1850      5F426C69 
 1850      6E6B5F61 
 1851              	.LASF11:
 1852 0786 45455F49 		.ascii	"EE_INT32\000"
 1852      4E543332 
 1852      00
 1853              	.LASF67:
 1854 078f 45455F74 		.ascii	"EE_terminate_data\000"
 1854      65726D69 
 1854      6E617465 
 1854      5F646174 
 1854      6100
 1855              	.LASF113:
 1856 07a1 47656E65 		.ascii	"Generated_Source\\PSoC5\\ErikaOS_1_eecfg.c\000"
 1856      72617465 
 1856      645F536F 
 1856      75726365 
 1856      5C50536F 
 1857              	.LASF93:
 1858 07ca 45455F74 		.ascii	"EE_th_event_active\000"
 1858      685F6576 
 1858      656E745F 
ARM GAS  C:\Users\MATEOC~1.QUE\AppData\Local\Temp\cccJAk1R.s 			page 40


 1858      61637469 
 1858      766500
 1859              	.LASF44:
 1860 07dd 636E7463 		.ascii	"cntcycle\000"
 1860      79636C65 
 1860      00
 1861              	.LASF28:
 1862 07e6 5359535F 		.ascii	"SYS_tos\000"
 1862      746F7300 
 1863              	.LASF55:
 1864 07ee 61637469 		.ascii	"action_task\000"
 1864      6F6E5F74 
 1864      61736B00 
 1865              	.LASF12:
 1866 07fa 45455F55 		.ascii	"EE_UINT32\000"
 1866      494E5433 
 1866      3200
 1867              	.LASF13:
 1868 0804 45455F41 		.ascii	"EE_ADDR\000"
 1868      44445200 
 1869              	.LASF96:
 1870 080c 45455F74 		.ascii	"EE_th_is_extended\000"
 1870      685F6973 
 1870      5F657874 
 1870      656E6465 
 1870      6400
 1871              	.LASF18:
 1872 081e 45455F46 		.ascii	"EE_FREG\000"
 1872      52454700 
 1873              	.LASF103:
 1874 0826 45455F6F 		.ascii	"EE_oo_autostart_task_data\000"
 1874      6F5F6175 
 1874      746F7374 
 1874      6172745F 
 1874      7461736B 
 1875              		.ident	"GCC: (GNU Tools for ARM Embedded Processors) 5.4.1 20160609 (release) [ARM/embedded-5-bran
