ARM GAS  C:\Users\MATEOC~1.QUE\AppData\Local\Temp\ccPPkTWY.s 			page 1


   1              		.syntax unified
   2              		.cpu cortex-m3
   3              		.fpu softvfp
   4              		.eabi_attribute 20, 1
   5              		.eabi_attribute 21, 1
   6              		.eabi_attribute 23, 3
   7              		.eabi_attribute 24, 1
   8              		.eabi_attribute 25, 1
   9              		.eabi_attribute 26, 1
  10              		.eabi_attribute 30, 1
  11              		.eabi_attribute 34, 1
  12              		.eabi_attribute 18, 4
  13              		.thumb
  14              		.syntax unified
  15              		.file	"button.c"
  16              		.text
  17              	.Ltext0:
  18              		.cfi_sections	.debug_frame
  19              		.section	.text.BUTTON_Init,"ax",%progbits
  20              		.align	2
  21              		.global	BUTTON_Init
  22              		.thumb
  23              		.thumb_func
  24              		.type	BUTTON_Init, %function
  25              	BUTTON_Init:
  26              	.LFB63:
  27              		.file 1 "source\\bsw\\LabBoard\\button.c"
   1:source\bsw\LabBoard/button.c **** /**
   2:source\bsw\LabBoard/button.c **** * \file button.c
   3:source\bsw\LabBoard/button.c **** * \author P. Fromm
   4:source\bsw\LabBoard/button.c **** * \date 29.7.17
   5:source\bsw\LabBoard/button.c **** *
   6:source\bsw\LabBoard/button.c **** * \brief Simple button driver
   7:source\bsw\LabBoard/button.c **** *
   8:source\bsw\LabBoard/button.c **** * \copyright Copyright ©2016
   9:source\bsw\LabBoard/button.c **** * Department of electrical engineering and information technology, Hochschule Darmstadt - Universit
  10:source\bsw\LabBoard/button.c **** * Permission to use, copy, modify, and distribute this software and its documentation for education
  11:source\bsw\LabBoard/button.c **** * (unless permitted by h_da) and official h_da projects, is hereby granted for enrolled students of
  12:source\bsw\LabBoard/button.c **** * this paragraph and the following paragraph appear in all copies, modifications, and distributions
  13:source\bsw\LabBoard/button.c **** * Contact Prof.Dr.-Ing. Peter Fromm, peter.fromm@h-da.de, Birkenweg 8 64295 Darmstadt - GERMANY for
  14:source\bsw\LabBoard/button.c **** *
  15:source\bsw\LabBoard/button.c **** * \warning This software is a PROTOTYPE version and is not designed or intended for use in producti
  16:source\bsw\LabBoard/button.c **** * The user represents and warrants that it will NOT use or redistribute the Software for such purpo
  17:source\bsw\LabBoard/button.c **** * This prototype is for research purposes only. This software is provided "AS IS," without a warran
  18:source\bsw\LabBoard/button.c **** */
  19:source\bsw\LabBoard/button.c **** 
  20:source\bsw\LabBoard/button.c **** /*****************************************************************************/
  21:source\bsw\LabBoard/button.c **** /* Include files                                                             */
  22:source\bsw\LabBoard/button.c **** /*****************************************************************************/
  23:source\bsw\LabBoard/button.c **** #include "project.h"
  24:source\bsw\LabBoard/button.c **** #include "button.h"
  25:source\bsw\LabBoard/button.c **** 
  26:source\bsw\LabBoard/button.c **** #include "button_1.h"
  27:source\bsw\LabBoard/button.c **** #include "button_2.h"
  28:source\bsw\LabBoard/button.c **** #include "button_3.h"
  29:source\bsw\LabBoard/button.c **** #include "button_4.h"
  30:source\bsw\LabBoard/button.c **** 
ARM GAS  C:\Users\MATEOC~1.QUE\AppData\Local\Temp\ccPPkTWY.s 			page 2


  31:source\bsw\LabBoard/button.c **** 
  32:source\bsw\LabBoard/button.c **** /*****************************************************************************/
  33:source\bsw\LabBoard/button.c **** /* Local pre-processor symbols/macros ('#define')                            */
  34:source\bsw\LabBoard/button.c **** /*****************************************************************************/
  35:source\bsw\LabBoard/button.c **** 
  36:source\bsw\LabBoard/button.c **** /*****************************************************************************/
  37:source\bsw\LabBoard/button.c **** /* Global variable definitions (declared in header file with 'extern')       */
  38:source\bsw\LabBoard/button.c **** /*****************************************************************************/
  39:source\bsw\LabBoard/button.c **** 
  40:source\bsw\LabBoard/button.c **** /*****************************************************************************/
  41:source\bsw\LabBoard/button.c **** /* Local type definitions ('typedef')                                        */
  42:source\bsw\LabBoard/button.c **** /*****************************************************************************/
  43:source\bsw\LabBoard/button.c **** 
  44:source\bsw\LabBoard/button.c **** /*****************************************************************************/
  45:source\bsw\LabBoard/button.c **** /* Local variable definitions ('static')                                     */
  46:source\bsw\LabBoard/button.c **** /*****************************************************************************/
  47:source\bsw\LabBoard/button.c **** 
  48:source\bsw\LabBoard/button.c **** 
  49:source\bsw\LabBoard/button.c **** 
  50:source\bsw\LabBoard/button.c **** /*****************************************************************************/
  51:source\bsw\LabBoard/button.c **** /* Local function prototypes ('static')                                      */
  52:source\bsw\LabBoard/button.c **** /*****************************************************************************/
  53:source\bsw\LabBoard/button.c **** 
  54:source\bsw\LabBoard/button.c **** 
  55:source\bsw\LabBoard/button.c **** /*****************************************************************************/
  56:source\bsw\LabBoard/button.c **** /* Function implementation - global ('extern') and local ('static')          */
  57:source\bsw\LabBoard/button.c **** /*****************************************************************************/
  58:source\bsw\LabBoard/button.c **** 
  59:source\bsw\LabBoard/button.c **** /**
  60:source\bsw\LabBoard/button.c ****  * Initialize Button
  61:source\bsw\LabBoard/button.c ****  * @return RC_SUCCESS if ok
  62:source\bsw\LabBoard/button.c ****  */
  63:source\bsw\LabBoard/button.c **** RC_t BUTTON_Init(cyisraddress address)
  64:source\bsw\LabBoard/button.c **** {
  28              		.loc 1 64 0
  29              		.cfi_startproc
  30              		@ args = 0, pretend = 0, frame = 0
  31              		@ frame_needed = 0, uses_anonymous_args = 0
  32              	.LVL0:
  65:source\bsw\LabBoard/button.c ****  
  66:source\bsw\LabBoard/button.c ****     if (address != 0)
  33              		.loc 1 66 0
  34 0000 20B1     		cbz	r0, .L4
  64:source\bsw\LabBoard/button.c ****  
  35              		.loc 1 64 0
  36 0002 08B5     		push	{r3, lr}
  37              		.cfi_def_cfa_offset 8
  38              		.cfi_offset 3, -8
  39              		.cfi_offset 14, -4
  67:source\bsw\LabBoard/button.c ****     {
  68:source\bsw\LabBoard/button.c ****         isr_Button_StartEx(address);
  40              		.loc 1 68 0
  41 0004 FFF7FEFF 		bl	isr_Button_StartEx
  42              	.LVL1:
  69:source\bsw\LabBoard/button.c ****     }
  70:source\bsw\LabBoard/button.c ****     
  71:source\bsw\LabBoard/button.c ****     return RC_SUCCESS;
ARM GAS  C:\Users\MATEOC~1.QUE\AppData\Local\Temp\ccPPkTWY.s 			page 3


  72:source\bsw\LabBoard/button.c **** }
  43              		.loc 1 72 0
  44 0008 0020     		movs	r0, #0
  45 000a 08BD     		pop	{r3, pc}
  46              	.LVL2:
  47              	.L4:
  48              		.cfi_def_cfa_offset 0
  49              		.cfi_restore 3
  50              		.cfi_restore 14
  51 000c 0020     		movs	r0, #0
  52              	.LVL3:
  53 000e 7047     		bx	lr
  54              		.cfi_endproc
  55              	.LFE63:
  56              		.size	BUTTON_Init, .-BUTTON_Init
  57              		.section	.text.BUTTON_IsPressed,"ax",%progbits
  58              		.align	2
  59              		.global	BUTTON_IsPressed
  60              		.thumb
  61              		.thumb_func
  62              		.type	BUTTON_IsPressed, %function
  63              	BUTTON_IsPressed:
  64              	.LFB64:
  73:source\bsw\LabBoard/button.c **** 
  74:source\bsw\LabBoard/button.c **** /**
  75:source\bsw\LabBoard/button.c ****  * Initialize Button
  76:source\bsw\LabBoard/button.c ****  * @param BUTTON_id_t button - check if the corresponding button is pressed
  77:source\bsw\LabBoard/button.c ****  * @return TRUE if button is pressed
  78:source\bsw\LabBoard/button.c ****  */
  79:source\bsw\LabBoard/button.c **** boolean_t BUTTON_IsPressed(BUTTON_id_t button)
  80:source\bsw\LabBoard/button.c **** {
  65              		.loc 1 80 0
  66              		.cfi_startproc
  67              		@ args = 0, pretend = 0, frame = 0
  68              		@ frame_needed = 0, uses_anonymous_args = 0
  69              	.LVL4:
  70 0000 08B5     		push	{r3, lr}
  71              		.cfi_def_cfa_offset 8
  72              		.cfi_offset 3, -8
  73              		.cfi_offset 14, -4
  74              	.LVL5:
  81:source\bsw\LabBoard/button.c ****     boolean_t result = FALSE;
  82:source\bsw\LabBoard/button.c ****     
  83:source\bsw\LabBoard/button.c ****     switch (button)
  75              		.loc 1 83 0
  76 0002 0328     		cmp	r0, #3
  77 0004 1BD8     		bhi	.L12
  78 0006 DFE800F0 		tbb	[pc, r0]
  79              	.L8:
  80 000a 02       		.byte	(.L7-.L8)/2
  81 000b 08       		.byte	(.L9-.L8)/2
  82 000c 0E       		.byte	(.L10-.L8)/2
  83 000d 14       		.byte	(.L11-.L8)/2
  84              		.p2align 1
  85              	.L7:
  84:source\bsw\LabBoard/button.c ****     {
  85:source\bsw\LabBoard/button.c ****         case BUTTON_1 : if (BUTTON_1_Read() == 1) result = TRUE; break;
ARM GAS  C:\Users\MATEOC~1.QUE\AppData\Local\Temp\ccPPkTWY.s 			page 4


  86              		.loc 1 85 0
  87 000e FFF7FEFF 		bl	BUTTON_1_Read
  88              	.LVL6:
  89 0012 0128     		cmp	r0, #1
  90 0014 15D0     		beq	.L13
  81:source\bsw\LabBoard/button.c ****     boolean_t result = FALSE;
  91              		.loc 1 81 0
  92 0016 0020     		movs	r0, #0
  93 0018 08BD     		pop	{r3, pc}
  94              	.LVL7:
  95              	.L9:
  86:source\bsw\LabBoard/button.c ****         case BUTTON_2 : if (BUTTON_2_Read() == 1) result = TRUE; break;
  96              		.loc 1 86 0
  97 001a FFF7FEFF 		bl	BUTTON_2_Read
  98              	.LVL8:
  99 001e 0128     		cmp	r0, #1
 100 0020 11D0     		beq	.L14
  81:source\bsw\LabBoard/button.c ****     boolean_t result = FALSE;
 101              		.loc 1 81 0
 102 0022 0020     		movs	r0, #0
 103 0024 08BD     		pop	{r3, pc}
 104              	.LVL9:
 105              	.L10:
  87:source\bsw\LabBoard/button.c ****         case BUTTON_3 : if (BUTTON_3_Read() == 1) result = TRUE; break;
 106              		.loc 1 87 0
 107 0026 FFF7FEFF 		bl	BUTTON_3_Read
 108              	.LVL10:
 109 002a 0128     		cmp	r0, #1
 110 002c 0DD0     		beq	.L15
  81:source\bsw\LabBoard/button.c ****     
 111              		.loc 1 81 0
 112 002e 0020     		movs	r0, #0
 113 0030 08BD     		pop	{r3, pc}
 114              	.LVL11:
 115              	.L11:
  88:source\bsw\LabBoard/button.c ****         case BUTTON_4 : if (BUTTON_4_Read() == 1) result = TRUE; break;
 116              		.loc 1 88 0
 117 0032 FFF7FEFF 		bl	BUTTON_4_Read
 118              	.LVL12:
 119 0036 0128     		cmp	r0, #1
 120 0038 09D0     		beq	.L16
  81:source\bsw\LabBoard/button.c ****     
 121              		.loc 1 81 0
 122 003a 0020     		movs	r0, #0
 123 003c 08BD     		pop	{r3, pc}
 124              	.LVL13:
 125              	.L12:
 126 003e 0020     		movs	r0, #0
 127              	.LVL14:
 128 0040 08BD     		pop	{r3, pc}
 129              	.L13:
  85:source\bsw\LabBoard/button.c ****         case BUTTON_2 : if (BUTTON_2_Read() == 1) result = TRUE; break;
 130              		.loc 1 85 0
 131 0042 0120     		movs	r0, #1
 132 0044 08BD     		pop	{r3, pc}
 133              	.L14:
  86:source\bsw\LabBoard/button.c ****         case BUTTON_3 : if (BUTTON_3_Read() == 1) result = TRUE; break;
ARM GAS  C:\Users\MATEOC~1.QUE\AppData\Local\Temp\ccPPkTWY.s 			page 5


 134              		.loc 1 86 0
 135 0046 0120     		movs	r0, #1
 136 0048 08BD     		pop	{r3, pc}
 137              	.L15:
  87:source\bsw\LabBoard/button.c ****         case BUTTON_4 : if (BUTTON_4_Read() == 1) result = TRUE; break;
 138              		.loc 1 87 0
 139 004a 0120     		movs	r0, #1
 140 004c 08BD     		pop	{r3, pc}
 141              	.L16:
 142              		.loc 1 88 0
 143 004e 0120     		movs	r0, #1
 144              	.LVL15:
  89:source\bsw\LabBoard/button.c ****     }
  90:source\bsw\LabBoard/button.c ****     
  91:source\bsw\LabBoard/button.c ****     return result;
  92:source\bsw\LabBoard/button.c **** }
 145              		.loc 1 92 0
 146 0050 08BD     		pop	{r3, pc}
 147              		.cfi_endproc
 148              	.LFE64:
 149              		.size	BUTTON_IsPressed, .-BUTTON_IsPressed
 150 0052 00BF     		.text
 151              	.Letext0:
 152              		.file 2 "c:\\program files (x86)\\cypress\\psoc creator\\4.4\\psoc creator\\import\\gnu\\arm\\5.4.
 153              		.file 3 "c:\\program files (x86)\\cypress\\psoc creator\\4.4\\psoc creator\\import\\gnu\\arm\\5.4.
 154              		.file 4 "Generated_Source\\PSoC5/cytypes.h"
 155              		.file 5 ".\\source\\bsw/global.h"
 156              		.file 6 "source\\bsw\\LabBoard\\button.h"
 157              		.file 7 "Generated_Source\\PSoC5/isr_Button.h"
 158              		.file 8 "Generated_Source\\PSoC5/BUTTON_1.h"
 159              		.file 9 "Generated_Source\\PSoC5/BUTTON_2.h"
 160              		.file 10 "Generated_Source\\PSoC5/BUTTON_3.h"
 161              		.file 11 "Generated_Source\\PSoC5/BUTTON_4.h"
 162              		.file 12 "Generated_Source\\PSoC5/core_cm3.h"
 163              		.section	.debug_info,"",%progbits
 164              	.Ldebug_info0:
 165 0000 85020000 		.4byte	0x285
 166 0004 0400     		.2byte	0x4
 167 0006 00000000 		.4byte	.Ldebug_abbrev0
 168 000a 04       		.byte	0x4
 169 000b 01       		.uleb128 0x1
 170 000c 1C030000 		.4byte	.LASF59
 171 0010 0C       		.byte	0xc
 172 0011 5B010000 		.4byte	.LASF60
 173 0015 6A020000 		.4byte	.LASF61
 174 0019 00000000 		.4byte	.Ldebug_ranges0+0
 175 001d 00000000 		.4byte	0
 176 0021 00000000 		.4byte	.Ldebug_line0
 177 0025 02       		.uleb128 0x2
 178 0026 01       		.byte	0x1
 179 0027 06       		.byte	0x6
 180 0028 ED010000 		.4byte	.LASF0
 181 002c 02       		.uleb128 0x2
 182 002d 01       		.byte	0x1
 183 002e 08       		.byte	0x8
 184 002f C6010000 		.4byte	.LASF1
 185 0033 02       		.uleb128 0x2
ARM GAS  C:\Users\MATEOC~1.QUE\AppData\Local\Temp\ccPPkTWY.s 			page 6


 186 0034 02       		.byte	0x2
 187 0035 05       		.byte	0x5
 188 0036 39000000 		.4byte	.LASF2
 189 003a 02       		.uleb128 0x2
 190 003b 02       		.byte	0x2
 191 003c 07       		.byte	0x7
 192 003d 57020000 		.4byte	.LASF3
 193 0041 03       		.uleb128 0x3
 194 0042 32040000 		.4byte	.LASF9
 195 0046 02       		.byte	0x2
 196 0047 3F       		.byte	0x3f
 197 0048 4C000000 		.4byte	0x4c
 198 004c 02       		.uleb128 0x2
 199 004d 04       		.byte	0x4
 200 004e 05       		.byte	0x5
 201 004f 40010000 		.4byte	.LASF4
 202 0053 02       		.uleb128 0x2
 203 0054 04       		.byte	0x4
 204 0055 07       		.byte	0x7
 205 0056 EB030000 		.4byte	.LASF5
 206 005a 02       		.uleb128 0x2
 207 005b 08       		.byte	0x8
 208 005c 05       		.byte	0x5
 209 005d 0E010000 		.4byte	.LASF6
 210 0061 02       		.uleb128 0x2
 211 0062 08       		.byte	0x8
 212 0063 07       		.byte	0x7
 213 0064 F9010000 		.4byte	.LASF7
 214 0068 04       		.uleb128 0x4
 215 0069 04       		.byte	0x4
 216 006a 05       		.byte	0x5
 217 006b 696E7400 		.ascii	"int\000"
 218 006f 02       		.uleb128 0x2
 219 0070 04       		.byte	0x4
 220 0071 07       		.byte	0x7
 221 0072 10020000 		.4byte	.LASF8
 222 0076 03       		.uleb128 0x3
 223 0077 D0030000 		.4byte	.LASF10
 224 007b 03       		.byte	0x3
 225 007c 2C       		.byte	0x2c
 226 007d 41000000 		.4byte	0x41
 227 0081 02       		.uleb128 0x2
 228 0082 04       		.byte	0x4
 229 0083 04       		.byte	0x4
 230 0084 FA000000 		.4byte	.LASF11
 231 0088 02       		.uleb128 0x2
 232 0089 08       		.byte	0x8
 233 008a 04       		.byte	0x4
 234 008b FD030000 		.4byte	.LASF12
 235 008f 02       		.uleb128 0x2
 236 0090 01       		.byte	0x1
 237 0091 08       		.byte	0x8
 238 0092 B6030000 		.4byte	.LASF13
 239 0096 05       		.uleb128 0x5
 240 0097 E0010000 		.4byte	.LASF14
 241 009b 04       		.byte	0x4
 242 009c A002     		.2byte	0x2a0
ARM GAS  C:\Users\MATEOC~1.QUE\AppData\Local\Temp\ccPPkTWY.s 			page 7


 243 009e A2000000 		.4byte	0xa2
 244 00a2 06       		.uleb128 0x6
 245 00a3 04       		.byte	0x4
 246 00a4 A8000000 		.4byte	0xa8
 247 00a8 07       		.uleb128 0x7
 248 00a9 02       		.uleb128 0x2
 249 00aa 08       		.byte	0x8
 250 00ab 04       		.byte	0x4
 251 00ac D4010000 		.4byte	.LASF15
 252 00b0 02       		.uleb128 0x2
 253 00b1 04       		.byte	0x4
 254 00b2 07       		.byte	0x7
 255 00b3 69000000 		.4byte	.LASF16
 256 00b7 03       		.uleb128 0x3
 257 00b8 BC010000 		.4byte	.LASF17
 258 00bc 05       		.byte	0x5
 259 00bd 9C       		.byte	0x9c
 260 00be 2C000000 		.4byte	0x2c
 261 00c2 08       		.uleb128 0x8
 262 00c3 01       		.byte	0x1
 263 00c4 25000000 		.4byte	0x25
 264 00c8 05       		.byte	0x5
 265 00c9 CF       		.byte	0xcf
 266 00ca 6B010000 		.4byte	0x16b
 267 00ce 09       		.uleb128 0x9
 268 00cf 1A000000 		.4byte	.LASF18
 269 00d3 00       		.byte	0
 270 00d4 0A       		.uleb128 0xa
 271 00d5 92040000 		.4byte	.LASF19
 272 00d9 7F       		.sleb128 -1
 273 00da 0A       		.uleb128 0xa
 274 00db 2B020000 		.4byte	.LASF20
 275 00df 7E       		.sleb128 -2
 276 00e0 0A       		.uleb128 0xa
 277 00e1 72000000 		.4byte	.LASF21
 278 00e5 7D       		.sleb128 -3
 279 00e6 0A       		.uleb128 0xa
 280 00e7 9B040000 		.4byte	.LASF22
 281 00eb 7C       		.sleb128 -4
 282 00ec 0A       		.uleb128 0xa
 283 00ed DD000000 		.4byte	.LASF23
 284 00f1 7B       		.sleb128 -5
 285 00f2 0A       		.uleb128 0xa
 286 00f3 43000000 		.4byte	.LASF24
 287 00f7 7A       		.sleb128 -6
 288 00f8 0A       		.uleb128 0xa
 289 00f9 49010000 		.4byte	.LASF25
 290 00fd 79       		.sleb128 -7
 291 00fe 0A       		.uleb128 0xa
 292 00ff BB030000 		.4byte	.LASF26
 293 0103 78       		.sleb128 -8
 294 0104 0A       		.uleb128 0xa
 295 0105 39020000 		.4byte	.LASF27
 296 0109 77       		.sleb128 -9
 297 010a 0A       		.uleb128 0xa
 298 010b 7F010000 		.4byte	.LASF28
 299 010f 76       		.sleb128 -10
ARM GAS  C:\Users\MATEOC~1.QUE\AppData\Local\Temp\ccPPkTWY.s 			page 8


 300 0110 0A       		.uleb128 0xa
 301 0111 B0040000 		.4byte	.LASF29
 302 0115 75       		.sleb128 -11
 303 0116 0A       		.uleb128 0xa
 304 0117 1D020000 		.4byte	.LASF30
 305 011b 74       		.sleb128 -12
 306 011c 0A       		.uleb128 0xa
 307 011d 04040000 		.4byte	.LASF31
 308 0121 73       		.sleb128 -13
 309 0122 0A       		.uleb128 0xa
 310 0123 07000000 		.4byte	.LASF32
 311 0127 72       		.sleb128 -14
 312 0128 0A       		.uleb128 0xa
 313 0129 25000000 		.4byte	.LASF33
 314 012d 71       		.sleb128 -15
 315 012e 0A       		.uleb128 0xa
 316 012f 99010000 		.4byte	.LASF34
 317 0133 70       		.sleb128 -16
 318 0134 0A       		.uleb128 0xa
 319 0135 80000000 		.4byte	.LASF35
 320 0139 6F       		.sleb128 -17
 321 013a 0A       		.uleb128 0xa
 322 013b 54000000 		.4byte	.LASF36
 323 013f 6E       		.sleb128 -18
 324 0140 0A       		.uleb128 0xa
 325 0141 1C010000 		.4byte	.LASF37
 326 0145 6D       		.sleb128 -19
 327 0146 0A       		.uleb128 0xa
 328 0147 D8030000 		.4byte	.LASF38
 329 014b 6C       		.sleb128 -20
 330 014c 0A       		.uleb128 0xa
 331 014d AA010000 		.4byte	.LASF39
 332 0151 6B       		.sleb128 -21
 333 0152 0A       		.uleb128 0xa
 334 0153 60040000 		.4byte	.LASF40
 335 0157 6A       		.sleb128 -22
 336 0158 0A       		.uleb128 0xa
 337 0159 B5000000 		.4byte	.LASF41
 338 015d 69       		.sleb128 -23
 339 015e 0A       		.uleb128 0xa
 340 015f 2F010000 		.4byte	.LASF42
 341 0163 68       		.sleb128 -24
 342 0164 0A       		.uleb128 0xa
 343 0165 94000000 		.4byte	.LASF43
 344 0169 67       		.sleb128 -25
 345 016a 00       		.byte	0
 346 016b 03       		.uleb128 0x3
 347 016c AB040000 		.4byte	.LASF44
 348 0170 05       		.byte	0x5
 349 0171 EA       		.byte	0xea
 350 0172 C2000000 		.4byte	0xc2
 351 0176 0B       		.uleb128 0xb
 352 0177 4F020000 		.4byte	.LASF62
 353 017b 01       		.byte	0x1
 354 017c 2C000000 		.4byte	0x2c
 355 0180 06       		.byte	0x6
 356 0181 59       		.byte	0x59
ARM GAS  C:\Users\MATEOC~1.QUE\AppData\Local\Temp\ccPPkTWY.s 			page 9


 357 0182 9F010000 		.4byte	0x19f
 358 0186 09       		.uleb128 0x9
 359 0187 3C040000 		.4byte	.LASF45
 360 018b 00       		.byte	0
 361 018c 09       		.uleb128 0x9
 362 018d 45040000 		.4byte	.LASF46
 363 0191 01       		.byte	0x1
 364 0192 09       		.uleb128 0x9
 365 0193 4E040000 		.4byte	.LASF47
 366 0197 02       		.byte	0x2
 367 0198 09       		.uleb128 0x9
 368 0199 57040000 		.4byte	.LASF48
 369 019d 03       		.byte	0x3
 370 019e 00       		.byte	0
 371 019f 03       		.uleb128 0x3
 372 01a0 8D010000 		.4byte	.LASF49
 373 01a4 06       		.byte	0x6
 374 01a5 5F       		.byte	0x5f
 375 01a6 76010000 		.4byte	0x176
 376 01aa 0C       		.uleb128 0xc
 377 01ab AA030000 		.4byte	.LASF50
 378 01af 01       		.byte	0x1
 379 01b0 3F       		.byte	0x3f
 380 01b1 6B010000 		.4byte	0x16b
 381 01b5 00000000 		.4byte	.LFB63
 382 01b9 10000000 		.4byte	.LFE63-.LFB63
 383 01bd 01       		.uleb128 0x1
 384 01be 9C       		.byte	0x9c
 385 01bf E4010000 		.4byte	0x1e4
 386 01c3 0D       		.uleb128 0xd
 387 01c4 AD000000 		.4byte	.LASF52
 388 01c8 01       		.byte	0x1
 389 01c9 3F       		.byte	0x3f
 390 01ca 96000000 		.4byte	0x96
 391 01ce 00000000 		.4byte	.LLST0
 392 01d2 0E       		.uleb128 0xe
 393 01d3 08000000 		.4byte	.LVL1
 394 01d7 51020000 		.4byte	0x251
 395 01db 0F       		.uleb128 0xf
 396 01dc 01       		.uleb128 0x1
 397 01dd 50       		.byte	0x50
 398 01de 03       		.uleb128 0x3
 399 01df F3       		.byte	0xf3
 400 01e0 01       		.uleb128 0x1
 401 01e1 50       		.byte	0x50
 402 01e2 00       		.byte	0
 403 01e3 00       		.byte	0
 404 01e4 0C       		.uleb128 0xc
 405 01e5 CC000000 		.4byte	.LASF51
 406 01e9 01       		.byte	0x1
 407 01ea 4F       		.byte	0x4f
 408 01eb B7000000 		.4byte	0xb7
 409 01ef 00000000 		.4byte	.LFB64
 410 01f3 52000000 		.4byte	.LFE64-.LFB64
 411 01f7 01       		.uleb128 0x1
 412 01f8 9C       		.byte	0x9c
 413 01f9 40020000 		.4byte	0x240
ARM GAS  C:\Users\MATEOC~1.QUE\AppData\Local\Temp\ccPPkTWY.s 			page 10


 414 01fd 0D       		.uleb128 0xd
 415 01fe 78010000 		.4byte	.LASF53
 416 0202 01       		.byte	0x1
 417 0203 4F       		.byte	0x4f
 418 0204 9F010000 		.4byte	0x19f
 419 0208 3A000000 		.4byte	.LLST1
 420 020c 10       		.uleb128 0x10
 421 020d 00000000 		.4byte	.LASF63
 422 0211 01       		.byte	0x1
 423 0212 51       		.byte	0x51
 424 0213 B7000000 		.4byte	0xb7
 425 0217 BF000000 		.4byte	.LLST2
 426 021b 11       		.uleb128 0x11
 427 021c 12000000 		.4byte	.LVL6
 428 0220 5C020000 		.4byte	0x25c
 429 0224 11       		.uleb128 0x11
 430 0225 1E000000 		.4byte	.LVL8
 431 0229 67020000 		.4byte	0x267
 432 022d 11       		.uleb128 0x11
 433 022e 2A000000 		.4byte	.LVL10
 434 0232 72020000 		.4byte	0x272
 435 0236 11       		.uleb128 0x11
 436 0237 36000000 		.4byte	.LVL12
 437 023b 7D020000 		.4byte	0x27d
 438 023f 00       		.byte	0
 439 0240 12       		.uleb128 0x12
 440 0241 85040000 		.4byte	.LASF64
 441 0245 0C       		.byte	0xc
 442 0246 1207     		.2byte	0x712
 443 0248 4C020000 		.4byte	0x24c
 444 024c 13       		.uleb128 0x13
 445 024d 76000000 		.4byte	0x76
 446 0251 14       		.uleb128 0x14
 447 0252 72040000 		.4byte	.LASF54
 448 0256 72040000 		.4byte	.LASF54
 449 025a 07       		.byte	0x7
 450 025b 18       		.byte	0x18
 451 025c 14       		.uleb128 0x14
 452 025d 00010000 		.4byte	.LASF55
 453 0261 00010000 		.4byte	.LASF55
 454 0265 08       		.byte	0x8
 455 0266 29       		.byte	0x29
 456 0267 14       		.uleb128 0x14
 457 0268 24040000 		.4byte	.LASF56
 458 026c 24040000 		.4byte	.LASF56
 459 0270 09       		.byte	0x9
 460 0271 29       		.byte	0x29
 461 0272 14       		.uleb128 0x14
 462 0273 EC000000 		.4byte	.LASF57
 463 0277 EC000000 		.4byte	.LASF57
 464 027b 0A       		.byte	0xa
 465 027c 29       		.byte	0x29
 466 027d 14       		.uleb128 0x14
 467 027e 16040000 		.4byte	.LASF58
 468 0282 16040000 		.4byte	.LASF58
 469 0286 0B       		.byte	0xb
 470 0287 29       		.byte	0x29
ARM GAS  C:\Users\MATEOC~1.QUE\AppData\Local\Temp\ccPPkTWY.s 			page 11


 471 0288 00       		.byte	0
 472              		.section	.debug_abbrev,"",%progbits
 473              	.Ldebug_abbrev0:
 474 0000 01       		.uleb128 0x1
 475 0001 11       		.uleb128 0x11
 476 0002 01       		.byte	0x1
 477 0003 25       		.uleb128 0x25
 478 0004 0E       		.uleb128 0xe
 479 0005 13       		.uleb128 0x13
 480 0006 0B       		.uleb128 0xb
 481 0007 03       		.uleb128 0x3
 482 0008 0E       		.uleb128 0xe
 483 0009 1B       		.uleb128 0x1b
 484 000a 0E       		.uleb128 0xe
 485 000b 55       		.uleb128 0x55
 486 000c 17       		.uleb128 0x17
 487 000d 11       		.uleb128 0x11
 488 000e 01       		.uleb128 0x1
 489 000f 10       		.uleb128 0x10
 490 0010 17       		.uleb128 0x17
 491 0011 00       		.byte	0
 492 0012 00       		.byte	0
 493 0013 02       		.uleb128 0x2
 494 0014 24       		.uleb128 0x24
 495 0015 00       		.byte	0
 496 0016 0B       		.uleb128 0xb
 497 0017 0B       		.uleb128 0xb
 498 0018 3E       		.uleb128 0x3e
 499 0019 0B       		.uleb128 0xb
 500 001a 03       		.uleb128 0x3
 501 001b 0E       		.uleb128 0xe
 502 001c 00       		.byte	0
 503 001d 00       		.byte	0
 504 001e 03       		.uleb128 0x3
 505 001f 16       		.uleb128 0x16
 506 0020 00       		.byte	0
 507 0021 03       		.uleb128 0x3
 508 0022 0E       		.uleb128 0xe
 509 0023 3A       		.uleb128 0x3a
 510 0024 0B       		.uleb128 0xb
 511 0025 3B       		.uleb128 0x3b
 512 0026 0B       		.uleb128 0xb
 513 0027 49       		.uleb128 0x49
 514 0028 13       		.uleb128 0x13
 515 0029 00       		.byte	0
 516 002a 00       		.byte	0
 517 002b 04       		.uleb128 0x4
 518 002c 24       		.uleb128 0x24
 519 002d 00       		.byte	0
 520 002e 0B       		.uleb128 0xb
 521 002f 0B       		.uleb128 0xb
 522 0030 3E       		.uleb128 0x3e
 523 0031 0B       		.uleb128 0xb
 524 0032 03       		.uleb128 0x3
 525 0033 08       		.uleb128 0x8
 526 0034 00       		.byte	0
 527 0035 00       		.byte	0
ARM GAS  C:\Users\MATEOC~1.QUE\AppData\Local\Temp\ccPPkTWY.s 			page 12


 528 0036 05       		.uleb128 0x5
 529 0037 16       		.uleb128 0x16
 530 0038 00       		.byte	0
 531 0039 03       		.uleb128 0x3
 532 003a 0E       		.uleb128 0xe
 533 003b 3A       		.uleb128 0x3a
 534 003c 0B       		.uleb128 0xb
 535 003d 3B       		.uleb128 0x3b
 536 003e 05       		.uleb128 0x5
 537 003f 49       		.uleb128 0x49
 538 0040 13       		.uleb128 0x13
 539 0041 00       		.byte	0
 540 0042 00       		.byte	0
 541 0043 06       		.uleb128 0x6
 542 0044 0F       		.uleb128 0xf
 543 0045 00       		.byte	0
 544 0046 0B       		.uleb128 0xb
 545 0047 0B       		.uleb128 0xb
 546 0048 49       		.uleb128 0x49
 547 0049 13       		.uleb128 0x13
 548 004a 00       		.byte	0
 549 004b 00       		.byte	0
 550 004c 07       		.uleb128 0x7
 551 004d 15       		.uleb128 0x15
 552 004e 00       		.byte	0
 553 004f 27       		.uleb128 0x27
 554 0050 19       		.uleb128 0x19
 555 0051 00       		.byte	0
 556 0052 00       		.byte	0
 557 0053 08       		.uleb128 0x8
 558 0054 04       		.uleb128 0x4
 559 0055 01       		.byte	0x1
 560 0056 0B       		.uleb128 0xb
 561 0057 0B       		.uleb128 0xb
 562 0058 49       		.uleb128 0x49
 563 0059 13       		.uleb128 0x13
 564 005a 3A       		.uleb128 0x3a
 565 005b 0B       		.uleb128 0xb
 566 005c 3B       		.uleb128 0x3b
 567 005d 0B       		.uleb128 0xb
 568 005e 01       		.uleb128 0x1
 569 005f 13       		.uleb128 0x13
 570 0060 00       		.byte	0
 571 0061 00       		.byte	0
 572 0062 09       		.uleb128 0x9
 573 0063 28       		.uleb128 0x28
 574 0064 00       		.byte	0
 575 0065 03       		.uleb128 0x3
 576 0066 0E       		.uleb128 0xe
 577 0067 1C       		.uleb128 0x1c
 578 0068 0B       		.uleb128 0xb
 579 0069 00       		.byte	0
 580 006a 00       		.byte	0
 581 006b 0A       		.uleb128 0xa
 582 006c 28       		.uleb128 0x28
 583 006d 00       		.byte	0
 584 006e 03       		.uleb128 0x3
ARM GAS  C:\Users\MATEOC~1.QUE\AppData\Local\Temp\ccPPkTWY.s 			page 13


 585 006f 0E       		.uleb128 0xe
 586 0070 1C       		.uleb128 0x1c
 587 0071 0D       		.uleb128 0xd
 588 0072 00       		.byte	0
 589 0073 00       		.byte	0
 590 0074 0B       		.uleb128 0xb
 591 0075 04       		.uleb128 0x4
 592 0076 01       		.byte	0x1
 593 0077 03       		.uleb128 0x3
 594 0078 0E       		.uleb128 0xe
 595 0079 0B       		.uleb128 0xb
 596 007a 0B       		.uleb128 0xb
 597 007b 49       		.uleb128 0x49
 598 007c 13       		.uleb128 0x13
 599 007d 3A       		.uleb128 0x3a
 600 007e 0B       		.uleb128 0xb
 601 007f 3B       		.uleb128 0x3b
 602 0080 0B       		.uleb128 0xb
 603 0081 01       		.uleb128 0x1
 604 0082 13       		.uleb128 0x13
 605 0083 00       		.byte	0
 606 0084 00       		.byte	0
 607 0085 0C       		.uleb128 0xc
 608 0086 2E       		.uleb128 0x2e
 609 0087 01       		.byte	0x1
 610 0088 3F       		.uleb128 0x3f
 611 0089 19       		.uleb128 0x19
 612 008a 03       		.uleb128 0x3
 613 008b 0E       		.uleb128 0xe
 614 008c 3A       		.uleb128 0x3a
 615 008d 0B       		.uleb128 0xb
 616 008e 3B       		.uleb128 0x3b
 617 008f 0B       		.uleb128 0xb
 618 0090 27       		.uleb128 0x27
 619 0091 19       		.uleb128 0x19
 620 0092 49       		.uleb128 0x49
 621 0093 13       		.uleb128 0x13
 622 0094 11       		.uleb128 0x11
 623 0095 01       		.uleb128 0x1
 624 0096 12       		.uleb128 0x12
 625 0097 06       		.uleb128 0x6
 626 0098 40       		.uleb128 0x40
 627 0099 18       		.uleb128 0x18
 628 009a 9742     		.uleb128 0x2117
 629 009c 19       		.uleb128 0x19
 630 009d 01       		.uleb128 0x1
 631 009e 13       		.uleb128 0x13
 632 009f 00       		.byte	0
 633 00a0 00       		.byte	0
 634 00a1 0D       		.uleb128 0xd
 635 00a2 05       		.uleb128 0x5
 636 00a3 00       		.byte	0
 637 00a4 03       		.uleb128 0x3
 638 00a5 0E       		.uleb128 0xe
 639 00a6 3A       		.uleb128 0x3a
 640 00a7 0B       		.uleb128 0xb
 641 00a8 3B       		.uleb128 0x3b
ARM GAS  C:\Users\MATEOC~1.QUE\AppData\Local\Temp\ccPPkTWY.s 			page 14


 642 00a9 0B       		.uleb128 0xb
 643 00aa 49       		.uleb128 0x49
 644 00ab 13       		.uleb128 0x13
 645 00ac 02       		.uleb128 0x2
 646 00ad 17       		.uleb128 0x17
 647 00ae 00       		.byte	0
 648 00af 00       		.byte	0
 649 00b0 0E       		.uleb128 0xe
 650 00b1 898201   		.uleb128 0x4109
 651 00b4 01       		.byte	0x1
 652 00b5 11       		.uleb128 0x11
 653 00b6 01       		.uleb128 0x1
 654 00b7 31       		.uleb128 0x31
 655 00b8 13       		.uleb128 0x13
 656 00b9 00       		.byte	0
 657 00ba 00       		.byte	0
 658 00bb 0F       		.uleb128 0xf
 659 00bc 8A8201   		.uleb128 0x410a
 660 00bf 00       		.byte	0
 661 00c0 02       		.uleb128 0x2
 662 00c1 18       		.uleb128 0x18
 663 00c2 9142     		.uleb128 0x2111
 664 00c4 18       		.uleb128 0x18
 665 00c5 00       		.byte	0
 666 00c6 00       		.byte	0
 667 00c7 10       		.uleb128 0x10
 668 00c8 34       		.uleb128 0x34
 669 00c9 00       		.byte	0
 670 00ca 03       		.uleb128 0x3
 671 00cb 0E       		.uleb128 0xe
 672 00cc 3A       		.uleb128 0x3a
 673 00cd 0B       		.uleb128 0xb
 674 00ce 3B       		.uleb128 0x3b
 675 00cf 0B       		.uleb128 0xb
 676 00d0 49       		.uleb128 0x49
 677 00d1 13       		.uleb128 0x13
 678 00d2 02       		.uleb128 0x2
 679 00d3 17       		.uleb128 0x17
 680 00d4 00       		.byte	0
 681 00d5 00       		.byte	0
 682 00d6 11       		.uleb128 0x11
 683 00d7 898201   		.uleb128 0x4109
 684 00da 00       		.byte	0
 685 00db 11       		.uleb128 0x11
 686 00dc 01       		.uleb128 0x1
 687 00dd 31       		.uleb128 0x31
 688 00de 13       		.uleb128 0x13
 689 00df 00       		.byte	0
 690 00e0 00       		.byte	0
 691 00e1 12       		.uleb128 0x12
 692 00e2 34       		.uleb128 0x34
 693 00e3 00       		.byte	0
 694 00e4 03       		.uleb128 0x3
 695 00e5 0E       		.uleb128 0xe
 696 00e6 3A       		.uleb128 0x3a
 697 00e7 0B       		.uleb128 0xb
 698 00e8 3B       		.uleb128 0x3b
ARM GAS  C:\Users\MATEOC~1.QUE\AppData\Local\Temp\ccPPkTWY.s 			page 15


 699 00e9 05       		.uleb128 0x5
 700 00ea 49       		.uleb128 0x49
 701 00eb 13       		.uleb128 0x13
 702 00ec 3F       		.uleb128 0x3f
 703 00ed 19       		.uleb128 0x19
 704 00ee 3C       		.uleb128 0x3c
 705 00ef 19       		.uleb128 0x19
 706 00f0 00       		.byte	0
 707 00f1 00       		.byte	0
 708 00f2 13       		.uleb128 0x13
 709 00f3 35       		.uleb128 0x35
 710 00f4 00       		.byte	0
 711 00f5 49       		.uleb128 0x49
 712 00f6 13       		.uleb128 0x13
 713 00f7 00       		.byte	0
 714 00f8 00       		.byte	0
 715 00f9 14       		.uleb128 0x14
 716 00fa 2E       		.uleb128 0x2e
 717 00fb 00       		.byte	0
 718 00fc 3F       		.uleb128 0x3f
 719 00fd 19       		.uleb128 0x19
 720 00fe 3C       		.uleb128 0x3c
 721 00ff 19       		.uleb128 0x19
 722 0100 6E       		.uleb128 0x6e
 723 0101 0E       		.uleb128 0xe
 724 0102 03       		.uleb128 0x3
 725 0103 0E       		.uleb128 0xe
 726 0104 3A       		.uleb128 0x3a
 727 0105 0B       		.uleb128 0xb
 728 0106 3B       		.uleb128 0x3b
 729 0107 0B       		.uleb128 0xb
 730 0108 00       		.byte	0
 731 0109 00       		.byte	0
 732 010a 00       		.byte	0
 733              		.section	.debug_loc,"",%progbits
 734              	.Ldebug_loc0:
 735              	.LLST0:
 736 0000 00000000 		.4byte	.LVL0
 737 0004 07000000 		.4byte	.LVL1-1
 738 0008 0100     		.2byte	0x1
 739 000a 50       		.byte	0x50
 740 000b 07000000 		.4byte	.LVL1-1
 741 000f 0C000000 		.4byte	.LVL2
 742 0013 0400     		.2byte	0x4
 743 0015 F3       		.byte	0xf3
 744 0016 01       		.uleb128 0x1
 745 0017 50       		.byte	0x50
 746 0018 9F       		.byte	0x9f
 747 0019 0C000000 		.4byte	.LVL2
 748 001d 0E000000 		.4byte	.LVL3
 749 0021 0100     		.2byte	0x1
 750 0023 50       		.byte	0x50
 751 0024 0E000000 		.4byte	.LVL3
 752 0028 10000000 		.4byte	.LFE63
 753 002c 0400     		.2byte	0x4
 754 002e F3       		.byte	0xf3
 755 002f 01       		.uleb128 0x1
ARM GAS  C:\Users\MATEOC~1.QUE\AppData\Local\Temp\ccPPkTWY.s 			page 16


 756 0030 50       		.byte	0x50
 757 0031 9F       		.byte	0x9f
 758 0032 00000000 		.4byte	0
 759 0036 00000000 		.4byte	0
 760              	.LLST1:
 761 003a 00000000 		.4byte	.LVL4
 762 003e 11000000 		.4byte	.LVL6-1
 763 0042 0100     		.2byte	0x1
 764 0044 50       		.byte	0x50
 765 0045 11000000 		.4byte	.LVL6-1
 766 0049 1A000000 		.4byte	.LVL7
 767 004d 0400     		.2byte	0x4
 768 004f F3       		.byte	0xf3
 769 0050 01       		.uleb128 0x1
 770 0051 50       		.byte	0x50
 771 0052 9F       		.byte	0x9f
 772 0053 1A000000 		.4byte	.LVL7
 773 0057 1D000000 		.4byte	.LVL8-1
 774 005b 0100     		.2byte	0x1
 775 005d 50       		.byte	0x50
 776 005e 1D000000 		.4byte	.LVL8-1
 777 0062 26000000 		.4byte	.LVL9
 778 0066 0400     		.2byte	0x4
 779 0068 F3       		.byte	0xf3
 780 0069 01       		.uleb128 0x1
 781 006a 50       		.byte	0x50
 782 006b 9F       		.byte	0x9f
 783 006c 26000000 		.4byte	.LVL9
 784 0070 29000000 		.4byte	.LVL10-1
 785 0074 0100     		.2byte	0x1
 786 0076 50       		.byte	0x50
 787 0077 29000000 		.4byte	.LVL10-1
 788 007b 32000000 		.4byte	.LVL11
 789 007f 0400     		.2byte	0x4
 790 0081 F3       		.byte	0xf3
 791 0082 01       		.uleb128 0x1
 792 0083 50       		.byte	0x50
 793 0084 9F       		.byte	0x9f
 794 0085 32000000 		.4byte	.LVL11
 795 0089 35000000 		.4byte	.LVL12-1
 796 008d 0100     		.2byte	0x1
 797 008f 50       		.byte	0x50
 798 0090 35000000 		.4byte	.LVL12-1
 799 0094 3E000000 		.4byte	.LVL13
 800 0098 0400     		.2byte	0x4
 801 009a F3       		.byte	0xf3
 802 009b 01       		.uleb128 0x1
 803 009c 50       		.byte	0x50
 804 009d 9F       		.byte	0x9f
 805 009e 3E000000 		.4byte	.LVL13
 806 00a2 40000000 		.4byte	.LVL14
 807 00a6 0100     		.2byte	0x1
 808 00a8 50       		.byte	0x50
 809 00a9 40000000 		.4byte	.LVL14
 810 00ad 52000000 		.4byte	.LFE64
 811 00b1 0400     		.2byte	0x4
 812 00b3 F3       		.byte	0xf3
ARM GAS  C:\Users\MATEOC~1.QUE\AppData\Local\Temp\ccPPkTWY.s 			page 17


 813 00b4 01       		.uleb128 0x1
 814 00b5 50       		.byte	0x50
 815 00b6 9F       		.byte	0x9f
 816 00b7 00000000 		.4byte	0
 817 00bb 00000000 		.4byte	0
 818              	.LLST2:
 819 00bf 02000000 		.4byte	.LVL5
 820 00c3 50000000 		.4byte	.LVL15
 821 00c7 0200     		.2byte	0x2
 822 00c9 30       		.byte	0x30
 823 00ca 9F       		.byte	0x9f
 824 00cb 50000000 		.4byte	.LVL15
 825 00cf 52000000 		.4byte	.LFE64
 826 00d3 0100     		.2byte	0x1
 827 00d5 50       		.byte	0x50
 828 00d6 00000000 		.4byte	0
 829 00da 00000000 		.4byte	0
 830              		.section	.debug_aranges,"",%progbits
 831 0000 24000000 		.4byte	0x24
 832 0004 0200     		.2byte	0x2
 833 0006 00000000 		.4byte	.Ldebug_info0
 834 000a 04       		.byte	0x4
 835 000b 00       		.byte	0
 836 000c 0000     		.2byte	0
 837 000e 0000     		.2byte	0
 838 0010 00000000 		.4byte	.LFB63
 839 0014 10000000 		.4byte	.LFE63-.LFB63
 840 0018 00000000 		.4byte	.LFB64
 841 001c 52000000 		.4byte	.LFE64-.LFB64
 842 0020 00000000 		.4byte	0
 843 0024 00000000 		.4byte	0
 844              		.section	.debug_ranges,"",%progbits
 845              	.Ldebug_ranges0:
 846 0000 00000000 		.4byte	.LFB63
 847 0004 10000000 		.4byte	.LFE63
 848 0008 00000000 		.4byte	.LFB64
 849 000c 52000000 		.4byte	.LFE64
 850 0010 00000000 		.4byte	0
 851 0014 00000000 		.4byte	0
 852              		.section	.debug_line,"",%progbits
 853              	.Ldebug_line0:
 854 0000 0A020000 		.section	.debug_str,"MS",%progbits,1
 854      0200CF01 
 854      00000201 
 854      FB0E0D00 
 854      01010101 
 855              	.LASF63:
 856 0000 72657375 		.ascii	"result\000"
 856      6C7400
 857              	.LASF32:
 858 0007 52435F45 		.ascii	"RC_ERROR_READ_ONLY\000"
 858      52524F52 
 858      5F524541 
 858      445F4F4E 
 858      4C5900
 859              	.LASF18:
 860 001a 52435F53 		.ascii	"RC_SUCCESS\000"
ARM GAS  C:\Users\MATEOC~1.QUE\AppData\Local\Temp\ccPPkTWY.s 			page 18


 860      55434345 
 860      535300
 861              	.LASF33:
 862 0025 52435F45 		.ascii	"RC_ERROR_WRITE_ONLY\000"
 862      52524F52 
 862      5F575249 
 862      54455F4F 
 862      4E4C5900 
 863              	.LASF2:
 864 0039 73686F72 		.ascii	"short int\000"
 864      7420696E 
 864      7400
 865              	.LASF24:
 866 0043 52435F45 		.ascii	"RC_ERROR_OVERRUN\000"
 866      52524F52 
 866      5F4F5645 
 866      5252554E 
 866      00
 867              	.LASF36:
 868 0054 52435F45 		.ascii	"RC_ERROR_WRITE_FAILS\000"
 868      52524F52 
 868      5F575249 
 868      54455F46 
 868      41494C53 
 869              	.LASF16:
 870 0069 73697A65 		.ascii	"sizetype\000"
 870      74797065 
 870      00
 871              	.LASF21:
 872 0072 52435F45 		.ascii	"RC_ERROR_ZERO\000"
 872      52524F52 
 872      5F5A4552 
 872      4F00
 873              	.LASF35:
 874 0080 52435F45 		.ascii	"RC_ERROR_READ_FAILS\000"
 874      52524F52 
 874      5F524541 
 874      445F4641 
 874      494C5300 
 875              	.LASF43:
 876 0094 52435F45 		.ascii	"RC_ERROR_NOT_IMPLEMENTED\000"
 876      52524F52 
 876      5F4E4F54 
 876      5F494D50 
 876      4C454D45 
 877              	.LASF52:
 878 00ad 61646472 		.ascii	"address\000"
 878      65737300 
 879              	.LASF41:
 880 00b5 52435F45 		.ascii	"RC_ERROR_INVALID_STATE\000"
 880      52524F52 
 880      5F494E56 
 880      414C4944 
 880      5F535441 
 881              	.LASF51:
 882 00cc 42555454 		.ascii	"BUTTON_IsPressed\000"
 882      4F4E5F49 
ARM GAS  C:\Users\MATEOC~1.QUE\AppData\Local\Temp\ccPPkTWY.s 			page 19


 882      73507265 
 882      73736564 
 882      00
 883              	.LASF23:
 884 00dd 52435F45 		.ascii	"RC_ERROR_RANGE\000"
 884      52524F52 
 884      5F52414E 
 884      474500
 885              	.LASF57:
 886 00ec 42555454 		.ascii	"BUTTON_3_Read\000"
 886      4F4E5F33 
 886      5F526561 
 886      6400
 887              	.LASF11:
 888 00fa 666C6F61 		.ascii	"float\000"
 888      7400
 889              	.LASF55:
 890 0100 42555454 		.ascii	"BUTTON_1_Read\000"
 890      4F4E5F31 
 890      5F526561 
 890      6400
 891              	.LASF6:
 892 010e 6C6F6E67 		.ascii	"long long int\000"
 892      206C6F6E 
 892      6720696E 
 892      7400
 893              	.LASF37:
 894 011c 52435F45 		.ascii	"RC_ERROR_NOT_MATCH\000"
 894      52524F52 
 894      5F4E4F54 
 894      5F4D4154 
 894      434800
 895              	.LASF42:
 896 012f 52435F45 		.ascii	"RC_ERROR_UNKNOWN\000"
 896      52524F52 
 896      5F554E4B 
 896      4E4F574E 
 896      00
 897              	.LASF4:
 898 0140 6C6F6E67 		.ascii	"long int\000"
 898      20696E74 
 898      00
 899              	.LASF25:
 900 0149 52435F45 		.ascii	"RC_ERROR_UNDERRUN\000"
 900      52524F52 
 900      5F554E44 
 900      45525255 
 900      4E00
 901              	.LASF60:
 902 015b 736F7572 		.ascii	"source\\bsw\\LabBoard\\button.c\000"
 902      63655C62 
 902      73775C4C 
 902      6162426F 
 902      6172645C 
 903              	.LASF53:
 904 0178 62757474 		.ascii	"button\000"
 904      6F6E00
ARM GAS  C:\Users\MATEOC~1.QUE\AppData\Local\Temp\ccPPkTWY.s 			page 20


 905              	.LASF28:
 906 017f 52435F45 		.ascii	"RC_ERROR_BUSY\000"
 906      52524F52 
 906      5F425553 
 906      5900
 907              	.LASF49:
 908 018d 42555454 		.ascii	"BUTTON_id_t\000"
 908      4F4E5F69 
 908      645F7400 
 909              	.LASF34:
 910 0199 52435F45 		.ascii	"RC_ERROR_INVALID\000"
 910      52524F52 
 910      5F494E56 
 910      414C4944 
 910      00
 911              	.LASF39:
 912 01aa 52435F45 		.ascii	"RC_ERROR_BAD_DATA\000"
 912      52524F52 
 912      5F424144 
 912      5F444154 
 912      4100
 913              	.LASF17:
 914 01bc 626F6F6C 		.ascii	"boolean_t\000"
 914      65616E5F 
 914      7400
 915              	.LASF1:
 916 01c6 756E7369 		.ascii	"unsigned char\000"
 916      676E6564 
 916      20636861 
 916      7200
 917              	.LASF15:
 918 01d4 6C6F6E67 		.ascii	"long double\000"
 918      20646F75 
 918      626C6500 
 919              	.LASF14:
 920 01e0 63796973 		.ascii	"cyisraddress\000"
 920      72616464 
 920      72657373 
 920      00
 921              	.LASF0:
 922 01ed 7369676E 		.ascii	"signed char\000"
 922      65642063 
 922      68617200 
 923              	.LASF7:
 924 01f9 6C6F6E67 		.ascii	"long long unsigned int\000"
 924      206C6F6E 
 924      6720756E 
 924      7369676E 
 924      65642069 
 925              	.LASF8:
 926 0210 756E7369 		.ascii	"unsigned int\000"
 926      676E6564 
 926      20696E74 
 926      00
 927              	.LASF30:
 928 021d 52435F45 		.ascii	"RC_ERROR_OPEN\000"
 928      52524F52 
ARM GAS  C:\Users\MATEOC~1.QUE\AppData\Local\Temp\ccPPkTWY.s 			page 21


 928      5F4F5045 
 928      4E00
 929              	.LASF20:
 930 022b 52435F45 		.ascii	"RC_ERROR_NULL\000"
 930      52524F52 
 930      5F4E554C 
 930      4C00
 931              	.LASF27:
 932 0239 52435F45 		.ascii	"RC_ERROR_BUFFER_EMTPY\000"
 932      52524F52 
 932      5F425546 
 932      4645525F 
 932      454D5450 
 933              	.LASF62:
 934 024f 65427574 		.ascii	"eButton\000"
 934      746F6E00 
 935              	.LASF3:
 936 0257 73686F72 		.ascii	"short unsigned int\000"
 936      7420756E 
 936      7369676E 
 936      65642069 
 936      6E7400
 937              	.LASF61:
 938 026a 433A5C55 		.ascii	"C:\\Users\\Mateo C. Querol\\OneDrive\\University\\D"
 938      73657273 
 938      5C4D6174 
 938      656F2043 
 938      2E205175 
 939 0298 61726D73 		.ascii	"armstadt\\Advanced Microcontroller Systems and Embe"
 939      74616474 
 939      5C416476 
 939      616E6365 
 939      64204D69 
 940 02ca 64646564 		.ascii	"dded Operating systems\\Embedded Operating Systems\\"
 940      204F7065 
 940      72617469 
 940      6E672073 
 940      79737465 
 941 02fc 576F726B 		.ascii	"Workbook\\1.4_LightEffects.cydsn\000"
 941      626F6F6B 
 941      5C312E34 
 941      5F4C6967 
 941      68744566 
 942              	.LASF59:
 943 031c 474E5520 		.ascii	"GNU C11 5.4.1 20160609 (release) [ARM/embedded-5-br"
 943      43313120 
 943      352E342E 
 943      31203230 
 943      31363036 
 944 034f 616E6368 		.ascii	"anch revision 237715] -mcpu=cortex-m3 -mthumb -g -O"
 944      20726576 
 944      6973696F 
 944      6E203233 
 944      37373135 
 945 0382 67202D66 		.ascii	"g -ffunction-sections -ffat-lto-objects\000"
 945      66756E63 
 945      74696F6E 
ARM GAS  C:\Users\MATEOC~1.QUE\AppData\Local\Temp\ccPPkTWY.s 			page 22


 945      2D736563 
 945      74696F6E 
 946              	.LASF50:
 947 03aa 42555454 		.ascii	"BUTTON_Init\000"
 947      4F4E5F49 
 947      6E697400 
 948              	.LASF13:
 949 03b6 63686172 		.ascii	"char\000"
 949      00
 950              	.LASF26:
 951 03bb 52435F45 		.ascii	"RC_ERROR_BUFFER_FULL\000"
 951      52524F52 
 951      5F425546 
 951      4645525F 
 951      46554C4C 
 952              	.LASF10:
 953 03d0 696E7433 		.ascii	"int32_t\000"
 953      325F7400 
 954              	.LASF38:
 955 03d8 52435F45 		.ascii	"RC_ERROR_BAD_PARAM\000"
 955      52524F52 
 955      5F424144 
 955      5F504152 
 955      414D00
 956              	.LASF5:
 957 03eb 6C6F6E67 		.ascii	"long unsigned int\000"
 957      20756E73 
 957      69676E65 
 957      6420696E 
 957      7400
 958              	.LASF12:
 959 03fd 646F7562 		.ascii	"double\000"
 959      6C6500
 960              	.LASF31:
 961 0404 52435F45 		.ascii	"RC_ERROR_CHECKSUM\000"
 961      52524F52 
 961      5F434845 
 961      434B5355 
 961      4D00
 962              	.LASF58:
 963 0416 42555454 		.ascii	"BUTTON_4_Read\000"
 963      4F4E5F34 
 963      5F526561 
 963      6400
 964              	.LASF56:
 965 0424 42555454 		.ascii	"BUTTON_2_Read\000"
 965      4F4E5F32 
 965      5F526561 
 965      6400
 966              	.LASF9:
 967 0432 5F5F696E 		.ascii	"__int32_t\000"
 967      7433325F 
 967      7400
 968              	.LASF45:
 969 043c 42555454 		.ascii	"BUTTON_1\000"
 969      4F4E5F31 
 969      00
ARM GAS  C:\Users\MATEOC~1.QUE\AppData\Local\Temp\ccPPkTWY.s 			page 23


 970              	.LASF46:
 971 0445 42555454 		.ascii	"BUTTON_2\000"
 971      4F4E5F32 
 971      00
 972              	.LASF47:
 973 044e 42555454 		.ascii	"BUTTON_3\000"
 973      4F4E5F33 
 973      00
 974              	.LASF48:
 975 0457 42555454 		.ascii	"BUTTON_4\000"
 975      4F4E5F34 
 975      00
 976              	.LASF40:
 977 0460 52435F45 		.ascii	"RC_ERROR_CANCELED\000"
 977      52524F52 
 977      5F43414E 
 977      43454C45 
 977      4400
 978              	.LASF54:
 979 0472 6973725F 		.ascii	"isr_Button_StartEx\000"
 979      42757474 
 979      6F6E5F53 
 979      74617274 
 979      457800
 980              	.LASF64:
 981 0485 49544D5F 		.ascii	"ITM_RxBuffer\000"
 981      52784275 
 981      66666572 
 981      00
 982              	.LASF19:
 983 0492 52435F45 		.ascii	"RC_ERROR\000"
 983      52524F52 
 983      00
 984              	.LASF22:
 985 049b 52435F45 		.ascii	"RC_ERROR_MEMORY\000"
 985      52524F52 
 985      5F4D454D 
 985      4F525900 
 986              	.LASF44:
 987 04ab 52435F74 		.ascii	"RC_t\000"
 987      00
 988              	.LASF29:
 989 04b0 52435F45 		.ascii	"RC_ERROR_TIME_OUT\000"
 989      52524F52 
 989      5F54494D 
 989      455F4F55 
 989      5400
 990              		.ident	"GCC: (GNU Tools for ARM Embedded Processors) 5.4.1 20160609 (release) [ARM/embedded-5-bran
