ARM GAS  C:\Users\MATEOC~1.QUE\AppData\Local\Temp\ccOcR27s.s 			page 1


   1              		.syntax unified
   2              		.cpu cortex-m3
   3              		.fpu softvfp
   4              		.eabi_attribute 20, 1
   5              		.eabi_attribute 21, 1
   6              		.eabi_attribute 23, 3
   7              		.eabi_attribute 24, 1
   8              		.eabi_attribute 25, 1
   9              		.eabi_attribute 26, 1
  10              		.eabi_attribute 30, 1
  11              		.eabi_attribute 34, 1
  12              		.eabi_attribute 18, 4
  13              		.thumb
  14              		.syntax unified
  15              		.file	"logging.c"
  16              		.text
  17              	.Ltext0:
  18              		.cfi_sections	.debug_frame
  19              		.section	.text.LOG_Init,"ax",%progbits
  20              		.align	2
  21              		.global	LOG_Init
  22              		.thumb
  23              		.thumb_func
  24              		.type	LOG_Init, %function
  25              	LOG_Init:
  26              	.LFB67:
  27              		.file 1 "source\\bsw\\Services\\logging.c"
   1:source\bsw\Services/logging.c **** /**
   2:source\bsw\Services/logging.c ****  * \file 	logging.c
   3:source\bsw\Services/logging.c ****  * \author 	Thomas Barth	- Hochschule Darmstadt thomas.barth@h-da.de
   4:source\bsw\Services/logging.c ****  * \date 	26.11.2016
   5:source\bsw\Services/logging.c ****  * \version 0.1
   6:source\bsw\Services/logging.c ****  *
   7:source\bsw\Services/logging.c ****  * \brief  Logging mechanism
   8:source\bsw\Services/logging.c ****  *
   9:source\bsw\Services/logging.c ****  * \copyright Copyright ©2016
  10:source\bsw\Services/logging.c ****  * Department of electrical engineering and information technology, Hochschule Darmstadt - Universi
  11:source\bsw\Services/logging.c ****  * Permission to use, copy, modify, and distribute this software and its documentation for educatio
  12:source\bsw\Services/logging.c ****  * (unless permitted by h_da) and official h_da projects, is hereby granted for enrolled students o
  13:source\bsw\Services/logging.c ****  * this paragraph and the following paragraph appear in all copies, modifications, and distribution
  14:source\bsw\Services/logging.c ****  * Contact Prof.Dr.-Ing. Peter Fromm, peter.fromm@h-da.de, Birkenweg 8 64295 Darmstadt - GERMANY fo
  15:source\bsw\Services/logging.c ****  *
  16:source\bsw\Services/logging.c ****  * \warning This software is a PROTOTYPE version and is not designed or intended for use in product
  17:source\bsw\Services/logging.c ****  * The user represents and warrants that it will NOT use or redistribute the Software for such purp
  18:source\bsw\Services/logging.c ****  * This prototype is for research purposes only. This software is provided "AS IS," without a warra
  19:source\bsw\Services/logging.c ****  */
  20:source\bsw\Services/logging.c **** /*=======================[ Includes ]==============================================================
  21:source\bsw\Services/logging.c **** #include <project.h>
  22:source\bsw\Services/logging.c **** #include "logging.h"
  23:source\bsw\Services/logging.c **** 
  24:source\bsw\Services/logging.c **** 
  25:source\bsw\Services/logging.c **** /*=======================[ constant data ]=========================================================
  26:source\bsw\Services/logging.c **** 
  27:source\bsw\Services/logging.c **** const char logLevel2String[6][CFG_LOGGING_LEVEL_L+1]={
  28:source\bsw\Services/logging.c ****     "Verbose",
  29:source\bsw\Services/logging.c ****     "Info",
  30:source\bsw\Services/logging.c ****     "Warning",
ARM GAS  C:\Users\MATEOC~1.QUE\AppData\Local\Temp\ccOcR27s.s 			page 2


  31:source\bsw\Services/logging.c ****     "Error",
  32:source\bsw\Services/logging.c ****     "Debug",
  33:source\bsw\Services/logging.c ****     "Off"
  34:source\bsw\Services/logging.c **** };
  35:source\bsw\Services/logging.c **** 
  36:source\bsw\Services/logging.c **** /*=======================[ variable data ]=========================================================
  37:source\bsw\Services/logging.c **** 
  38:source\bsw\Services/logging.c **** /*=======================[ Function implementation ]===============================================
  39:source\bsw\Services/logging.c **** 
  40:source\bsw\Services/logging.c **** RC_t LOG_Init(void){
  28              		.loc 1 40 0
  29              		.cfi_startproc
  30              		@ args = 0, pretend = 0, frame = 0
  31              		@ frame_needed = 0, uses_anonymous_args = 0
  32 0000 10B5     		push	{r4, lr}
  33              		.cfi_def_cfa_offset 8
  34              		.cfi_offset 4, -8
  35              		.cfi_offset 14, -4
  41:source\bsw\Services/logging.c **** #if (CFG_LOGGING_ENABLE==ON)   
  42:source\bsw\Services/logging.c ****     //Start logging service HW module
  43:source\bsw\Services/logging.c ****     MODULE_LOG(Start)();
  36              		.loc 1 43 0
  37 0002 FFF7FEFF 		bl	UART_LOG_Start
  38              	.LVL0:
  44:source\bsw\Services/logging.c ****     
  45:source\bsw\Services/logging.c ****     //indicate DEBUG Start
  46:source\bsw\Services/logging.c ****     MODULE_LOG(PutString)(CFG_LOGGING_NL_CHAR);
  39              		.loc 1 46 0
  40 0006 074C     		ldr	r4, .L3
  41 0008 2046     		mov	r0, r4
  42 000a FFF7FEFF 		bl	UART_LOG_PutString
  43              	.LVL1:
  47:source\bsw\Services/logging.c ****     MODULE_LOG(PutString)(CFG_LOGGING_NL_CHAR);
  44              		.loc 1 47 0
  45 000e 2046     		mov	r0, r4
  46 0010 FFF7FEFF 		bl	UART_LOG_PutString
  47              	.LVL2:
  48:source\bsw\Services/logging.c ****     MODULE_LOG(PutString)("UART started");
  48              		.loc 1 48 0
  49 0014 0448     		ldr	r0, .L3+4
  50 0016 FFF7FEFF 		bl	UART_LOG_PutString
  51              	.LVL3:
  49:source\bsw\Services/logging.c ****     MODULE_LOG(PutString)(CFG_LOGGING_NL_CHAR);
  52              		.loc 1 49 0
  53 001a 2046     		mov	r0, r4
  54 001c FFF7FEFF 		bl	UART_LOG_PutString
  55              	.LVL4:
  50:source\bsw\Services/logging.c **** 
  51:source\bsw\Services/logging.c **** #else
  52:source\bsw\Services/logging.c ****     return RC_ERROR_INVALID_STATE;
  53:source\bsw\Services/logging.c **** #endif
  54:source\bsw\Services/logging.c **** }
  56              		.loc 1 54 0
  57 0020 10BD     		pop	{r4, pc}
  58              	.L4:
  59 0022 00BF     		.align	2
  60              	.L3:
ARM GAS  C:\Users\MATEOC~1.QUE\AppData\Local\Temp\ccOcR27s.s 			page 3


  61 0024 00000000 		.word	.LC0
  62 0028 04000000 		.word	.LC1
  63              		.cfi_endproc
  64              	.LFE67:
  65              		.size	LOG_Init, .-LOG_Init
  66              		.section	.text.LOG_send,"ax",%progbits
  67              		.align	2
  68              		.global	LOG_send
  69              		.thumb
  70              		.thumb_func
  71              		.type	LOG_send, %function
  72              	LOG_send:
  73              	.LFB68:
  55:source\bsw\Services/logging.c **** 
  56:source\bsw\Services/logging.c **** RC_t LOG_send(logging_t* entry){
  74              		.loc 1 56 0
  75              		.cfi_startproc
  76              		@ args = 0, pretend = 0, frame = 0
  77              		@ frame_needed = 0, uses_anonymous_args = 0
  78              	.LVL5:
  79 0000 10B5     		push	{r4, lr}
  80              		.cfi_def_cfa_offset 8
  81              		.cfi_offset 4, -8
  82              		.cfi_offset 14, -4
  83 0002 0446     		mov	r4, r0
  84              	.LVL6:
  57:source\bsw\Services/logging.c ****     
  58:source\bsw\Services/logging.c ****     //result buffer
  59:source\bsw\Services/logging.c ****     RC_t result=RC_ERROR_INVALID_STATE;
  60:source\bsw\Services/logging.c **** #if (CFG_LOGGING_ENABLE==ON)     
  61:source\bsw\Services/logging.c ****     MODULE_LOG(PutString)(entry->sender);
  85              		.loc 1 61 0
  86 0004 0130     		adds	r0, r0, #1
  87              	.LVL7:
  88 0006 FFF7FEFF 		bl	UART_LOG_PutString
  89              	.LVL8:
  62:source\bsw\Services/logging.c ****     MODULE_LOG(PutString)(" : ");
  90              		.loc 1 62 0
  91 000a 0648     		ldr	r0, .L7
  92 000c FFF7FEFF 		bl	UART_LOG_PutString
  93              	.LVL9:
  63:source\bsw\Services/logging.c ****     MODULE_LOG(PutString)(entry->message);
  94              		.loc 1 63 0
  95 0010 04F11100 		add	r0, r4, #17
  96 0014 FFF7FEFF 		bl	UART_LOG_PutString
  97              	.LVL10:
  64:source\bsw\Services/logging.c ****     MODULE_LOG(PutString)(CFG_LOGGING_NL_CHAR);
  98              		.loc 1 64 0
  99 0018 0348     		ldr	r0, .L7+4
 100 001a FFF7FEFF 		bl	UART_LOG_PutString
 101              	.LVL11:
  65:source\bsw\Services/logging.c ****     
  66:source\bsw\Services/logging.c ****     result = RC_SUCCESS;
  67:source\bsw\Services/logging.c ****     
  68:source\bsw\Services/logging.c **** #endif
  69:source\bsw\Services/logging.c **** 
  70:source\bsw\Services/logging.c ****     return result;
ARM GAS  C:\Users\MATEOC~1.QUE\AppData\Local\Temp\ccOcR27s.s 			page 4


  71:source\bsw\Services/logging.c **** 
  72:source\bsw\Services/logging.c **** }
 102              		.loc 1 72 0
 103 001e 0020     		movs	r0, #0
 104 0020 10BD     		pop	{r4, pc}
 105              	.LVL12:
 106              	.L8:
 107 0022 00BF     		.align	2
 108              	.L7:
 109 0024 14000000 		.word	.LC2
 110 0028 00000000 		.word	.LC0
 111              		.cfi_endproc
 112              	.LFE68:
 113              		.size	LOG_send, .-LOG_send
 114              		.global	logLevel2String
 115              		.section	.rodata
 116              		.align	2
 117              		.type	logLevel2String, %object
 118              		.size	logLevel2String, 48
 119              	logLevel2String:
 120 0000 56657262 		.ascii	"Verbose\000"
 120      6F736500 
 121 0008 496E666F 		.ascii	"Info\000"
 121      00
 122 000d 000000   		.space	3
 123 0010 5761726E 		.ascii	"Warning\000"
 123      696E6700 
 124 0018 4572726F 		.ascii	"Error\000"
 124      7200
 125 001e 0000     		.space	2
 126 0020 44656275 		.ascii	"Debug\000"
 126      6700
 127 0026 0000     		.space	2
 128 0028 4F666600 		.ascii	"Off\000"
 129 002c 00000000 		.space	4
 130              		.section	.rodata.str1.4,"aMS",%progbits,1
 131              		.align	2
 132              	.LC0:
 133 0000 0A00     		.ascii	"\012\000"
 134 0002 0000     		.space	2
 135              	.LC1:
 136 0004 55415254 		.ascii	"UART started\000"
 136      20737461 
 136      72746564 
 136      00
 137 0011 000000   		.space	3
 138              	.LC2:
 139 0014 203A2000 		.ascii	" : \000"
 140              		.text
 141              	.Letext0:
 142              		.file 2 "c:\\program files (x86)\\cypress\\psoc creator\\4.4\\psoc creator\\import\\gnu\\arm\\5.4.
 143              		.file 3 "c:\\program files (x86)\\cypress\\psoc creator\\4.4\\psoc creator\\import\\gnu\\arm\\5.4.
 144              		.file 4 ".\\source\\bsw/global.h"
 145              		.file 5 "source\\bsw\\Services\\logging.h"
 146              		.file 6 "Generated_Source\\PSoC5/core_cm3.h"
 147              		.file 7 "Generated_Source\\PSoC5/UART_LOG.h"
 148              		.section	.debug_info,"",%progbits
ARM GAS  C:\Users\MATEOC~1.QUE\AppData\Local\Temp\ccOcR27s.s 			page 5


 149              	.Ldebug_info0:
 150 0000 43030000 		.4byte	0x343
 151 0004 0400     		.2byte	0x4
 152 0006 00000000 		.4byte	.Ldebug_abbrev0
 153 000a 04       		.byte	0x4
 154 000b 01       		.uleb128 0x1
 155 000c 1B030000 		.4byte	.LASF60
 156 0010 0C       		.byte	0xc
 157 0011 07010000 		.4byte	.LASF61
 158 0015 69020000 		.4byte	.LASF62
 159 0019 00000000 		.4byte	.Ldebug_ranges0+0
 160 001d 00000000 		.4byte	0
 161 0021 00000000 		.4byte	.Ldebug_line0
 162 0025 02       		.uleb128 0x2
 163 0026 01       		.byte	0x1
 164 0027 06       		.byte	0x6
 165 0028 D2010000 		.4byte	.LASF0
 166 002c 02       		.uleb128 0x2
 167 002d 01       		.byte	0x1
 168 002e 08       		.byte	0x8
 169 002f C4010000 		.4byte	.LASF1
 170 0033 02       		.uleb128 0x2
 171 0034 02       		.byte	0x2
 172 0035 05       		.byte	0x5
 173 0036 66000000 		.4byte	.LASF2
 174 003a 02       		.uleb128 0x2
 175 003b 02       		.byte	0x2
 176 003c 07       		.byte	0x7
 177 003d 56020000 		.4byte	.LASF3
 178 0041 03       		.uleb128 0x3
 179 0042 2E040000 		.4byte	.LASF9
 180 0046 02       		.byte	0x2
 181 0047 3F       		.byte	0x3f
 182 0048 4C000000 		.4byte	0x4c
 183 004c 02       		.uleb128 0x2
 184 004d 04       		.byte	0x4
 185 004e 05       		.byte	0x5
 186 004f 49010000 		.4byte	.LASF4
 187 0053 02       		.uleb128 0x2
 188 0054 04       		.byte	0x4
 189 0055 07       		.byte	0x7
 190 0056 20020000 		.4byte	.LASF5
 191 005a 02       		.uleb128 0x2
 192 005b 08       		.byte	0x8
 193 005c 05       		.byte	0x5
 194 005d AD000000 		.4byte	.LASF6
 195 0061 02       		.uleb128 0x2
 196 0062 08       		.byte	0x8
 197 0063 07       		.byte	0x7
 198 0064 DE010000 		.4byte	.LASF7
 199 0068 04       		.uleb128 0x4
 200 0069 04       		.byte	0x4
 201 006a 05       		.byte	0x5
 202 006b 696E7400 		.ascii	"int\000"
 203 006f 02       		.uleb128 0x2
 204 0070 04       		.byte	0x4
 205 0071 07       		.byte	0x7
ARM GAS  C:\Users\MATEOC~1.QUE\AppData\Local\Temp\ccOcR27s.s 			page 6


 206 0072 05020000 		.4byte	.LASF8
 207 0076 03       		.uleb128 0x3
 208 0077 C3030000 		.4byte	.LASF10
 209 007b 03       		.byte	0x3
 210 007c 2C       		.byte	0x2c
 211 007d 41000000 		.4byte	0x41
 212 0081 02       		.uleb128 0x2
 213 0082 04       		.byte	0x4
 214 0083 04       		.byte	0x4
 215 0084 E8000000 		.4byte	.LASF11
 216 0088 02       		.uleb128 0x2
 217 0089 08       		.byte	0x8
 218 008a 04       		.byte	0x4
 219 008b 09040000 		.4byte	.LASF12
 220 008f 02       		.uleb128 0x2
 221 0090 01       		.byte	0x1
 222 0091 08       		.byte	0x8
 223 0092 A9030000 		.4byte	.LASF13
 224 0096 02       		.uleb128 0x2
 225 0097 08       		.byte	0x8
 226 0098 04       		.byte	0x4
 227 0099 B8010000 		.4byte	.LASF14
 228 009d 02       		.uleb128 0x2
 229 009e 04       		.byte	0x4
 230 009f 07       		.byte	0x7
 231 00a0 96000000 		.4byte	.LASF15
 232 00a4 05       		.uleb128 0x5
 233 00a5 8F000000 		.4byte	0x8f
 234 00a9 06       		.uleb128 0x6
 235 00aa 01       		.byte	0x1
 236 00ab 25000000 		.4byte	0x25
 237 00af 04       		.byte	0x4
 238 00b0 CF       		.byte	0xcf
 239 00b1 52010000 		.4byte	0x152
 240 00b5 07       		.uleb128 0x7
 241 00b6 29000000 		.4byte	.LASF16
 242 00ba 00       		.byte	0
 243 00bb 08       		.uleb128 0x8
 244 00bc 6F040000 		.4byte	.LASF17
 245 00c0 7F       		.sleb128 -1
 246 00c1 08       		.uleb128 0x8
 247 00c2 32020000 		.4byte	.LASF18
 248 00c6 7E       		.sleb128 -2
 249 00c7 08       		.uleb128 0x8
 250 00c8 9F000000 		.4byte	.LASF19
 251 00cc 7D       		.sleb128 -3
 252 00cd 08       		.uleb128 0x8
 253 00ce 78040000 		.4byte	.LASF20
 254 00d2 7C       		.sleb128 -4
 255 00d3 08       		.uleb128 0x8
 256 00d4 D2000000 		.4byte	.LASF21
 257 00d8 7B       		.sleb128 -5
 258 00d9 08       		.uleb128 0x8
 259 00da 70000000 		.4byte	.LASF22
 260 00de 7A       		.sleb128 -6
 261 00df 08       		.uleb128 0x8
 262 00e0 52010000 		.4byte	.LASF23
ARM GAS  C:\Users\MATEOC~1.QUE\AppData\Local\Temp\ccOcR27s.s 			page 7


 263 00e4 79       		.sleb128 -7
 264 00e5 08       		.uleb128 0x8
 265 00e6 AE030000 		.4byte	.LASF24
 266 00ea 78       		.sleb128 -8
 267 00eb 08       		.uleb128 0x8
 268 00ec 40020000 		.4byte	.LASF25
 269 00f0 77       		.sleb128 -9
 270 00f1 08       		.uleb128 0x8
 271 00f2 64010000 		.4byte	.LASF26
 272 00f6 76       		.sleb128 -10
 273 00f7 08       		.uleb128 0x8
 274 00f8 A1040000 		.4byte	.LASF27
 275 00fc 75       		.sleb128 -11
 276 00fd 08       		.uleb128 0x8
 277 00fe 12020000 		.4byte	.LASF28
 278 0102 74       		.sleb128 -12
 279 0103 08       		.uleb128 0x8
 280 0104 1C040000 		.4byte	.LASF29
 281 0108 73       		.sleb128 -13
 282 0109 08       		.uleb128 0x8
 283 010a 16000000 		.4byte	.LASF30
 284 010e 72       		.sleb128 -14
 285 010f 08       		.uleb128 0x8
 286 0110 52000000 		.4byte	.LASF31
 287 0114 71       		.sleb128 -15
 288 0115 08       		.uleb128 0x8
 289 0116 72010000 		.4byte	.LASF32
 290 011a 70       		.sleb128 -16
 291 011b 08       		.uleb128 0x8
 292 011c 88040000 		.4byte	.LASF33
 293 0120 6F       		.sleb128 -17
 294 0121 08       		.uleb128 0x8
 295 0122 81000000 		.4byte	.LASF34
 296 0126 6E       		.sleb128 -18
 297 0127 08       		.uleb128 0x8
 298 0128 25010000 		.4byte	.LASF35
 299 012c 6D       		.sleb128 -19
 300 012d 08       		.uleb128 0x8
 301 012e E4030000 		.4byte	.LASF36
 302 0132 6C       		.sleb128 -20
 303 0133 08       		.uleb128 0x8
 304 0134 83010000 		.4byte	.LASF37
 305 0138 6B       		.sleb128 -21
 306 0139 08       		.uleb128 0x8
 307 013a 50040000 		.4byte	.LASF38
 308 013e 6A       		.sleb128 -22
 309 013f 08       		.uleb128 0x8
 310 0140 BB000000 		.4byte	.LASF39
 311 0144 69       		.sleb128 -23
 312 0145 08       		.uleb128 0x8
 313 0146 38010000 		.4byte	.LASF40
 314 014a 68       		.sleb128 -24
 315 014b 08       		.uleb128 0x8
 316 014c EE000000 		.4byte	.LASF41
 317 0150 67       		.sleb128 -25
 318 0151 00       		.byte	0
 319 0152 03       		.uleb128 0x3
ARM GAS  C:\Users\MATEOC~1.QUE\AppData\Local\Temp\ccOcR27s.s 			page 8


 320 0153 9C040000 		.4byte	.LASF42
 321 0157 04       		.byte	0x4
 322 0158 EA       		.byte	0xea
 323 0159 A9000000 		.4byte	0xa9
 324 015d 06       		.uleb128 0x6
 325 015e 01       		.byte	0x1
 326 015f 2C000000 		.4byte	0x2c
 327 0163 05       		.byte	0x5
 328 0164 3D       		.byte	0x3d
 329 0165 8E010000 		.4byte	0x18e
 330 0169 07       		.uleb128 0x7
 331 016a 46000000 		.4byte	.LASF43
 332 016e 00       		.byte	0
 333 016f 07       		.uleb128 0x7
 334 0170 47040000 		.4byte	.LASF44
 335 0174 01       		.byte	0x1
 336 0175 07       		.uleb128 0x7
 337 0176 10040000 		.4byte	.LASF45
 338 017a 02       		.byte	0x2
 339 017b 07       		.uleb128 0x7
 340 017c F7030000 		.4byte	.LASF46
 341 0180 03       		.byte	0x3
 342 0181 07       		.uleb128 0x7
 343 0182 95010000 		.4byte	.LASF47
 344 0186 04       		.byte	0x4
 345 0187 07       		.uleb128 0x7
 346 0188 34000000 		.4byte	.LASF48
 347 018c 05       		.byte	0x5
 348 018d 00       		.byte	0
 349 018e 03       		.uleb128 0x3
 350 018f D4030000 		.4byte	.LASF49
 351 0193 05       		.byte	0x5
 352 0194 44       		.byte	0x44
 353 0195 5D010000 		.4byte	0x15d
 354 0199 09       		.uleb128 0x9
 355 019a A8       		.byte	0xa8
 356 019b 05       		.byte	0x5
 357 019c 4B       		.byte	0x4b
 358 019d C6010000 		.4byte	0x1c6
 359 01a1 0A       		.uleb128 0xa
 360 01a2 38040000 		.4byte	.LASF50
 361 01a6 05       		.byte	0x5
 362 01a7 4C       		.byte	0x4c
 363 01a8 8E010000 		.4byte	0x18e
 364 01ac 00       		.byte	0
 365 01ad 0A       		.uleb128 0xa
 366 01ae E1000000 		.4byte	.LASF51
 367 01b2 05       		.byte	0x5
 368 01b3 4D       		.byte	0x4d
 369 01b4 C6010000 		.4byte	0x1c6
 370 01b8 01       		.byte	0x1
 371 01b9 0A       		.uleb128 0xa
 372 01ba 01040000 		.4byte	.LASF52
 373 01be 05       		.byte	0x5
 374 01bf 4E       		.byte	0x4e
 375 01c0 D6010000 		.4byte	0x1d6
 376 01c4 11       		.byte	0x11
ARM GAS  C:\Users\MATEOC~1.QUE\AppData\Local\Temp\ccOcR27s.s 			page 9


 377 01c5 00       		.byte	0
 378 01c6 0B       		.uleb128 0xb
 379 01c7 8F000000 		.4byte	0x8f
 380 01cb D6010000 		.4byte	0x1d6
 381 01cf 0C       		.uleb128 0xc
 382 01d0 9D000000 		.4byte	0x9d
 383 01d4 0F       		.byte	0xf
 384 01d5 00       		.byte	0
 385 01d6 0B       		.uleb128 0xb
 386 01d7 8F000000 		.4byte	0x8f
 387 01db E6010000 		.4byte	0x1e6
 388 01df 0C       		.uleb128 0xc
 389 01e0 9D000000 		.4byte	0x9d
 390 01e4 96       		.byte	0x96
 391 01e5 00       		.byte	0
 392 01e6 03       		.uleb128 0x3
 393 01e7 3C000000 		.4byte	.LASF53
 394 01eb 05       		.byte	0x5
 395 01ec 4F       		.byte	0x4f
 396 01ed 99010000 		.4byte	0x199
 397 01f1 0D       		.uleb128 0xd
 398 01f2 CB030000 		.4byte	.LASF54
 399 01f6 01       		.byte	0x1
 400 01f7 28       		.byte	0x28
 401 01f8 52010000 		.4byte	0x152
 402 01fc 00000000 		.4byte	.LFB67
 403 0200 2C000000 		.4byte	.LFE67-.LFB67
 404 0204 01       		.uleb128 0x1
 405 0205 9C       		.byte	0x9c
 406 0206 63020000 		.4byte	0x263
 407 020a 0E       		.uleb128 0xe
 408 020b 06000000 		.4byte	.LVL0
 409 020f 30030000 		.4byte	0x330
 410 0213 0F       		.uleb128 0xf
 411 0214 0E000000 		.4byte	.LVL1
 412 0218 3B030000 		.4byte	0x33b
 413 021c 27020000 		.4byte	0x227
 414 0220 10       		.uleb128 0x10
 415 0221 01       		.uleb128 0x1
 416 0222 50       		.byte	0x50
 417 0223 02       		.uleb128 0x2
 418 0224 74       		.byte	0x74
 419 0225 00       		.sleb128 0
 420 0226 00       		.byte	0
 421 0227 0F       		.uleb128 0xf
 422 0228 14000000 		.4byte	.LVL2
 423 022c 3B030000 		.4byte	0x33b
 424 0230 3B020000 		.4byte	0x23b
 425 0234 10       		.uleb128 0x10
 426 0235 01       		.uleb128 0x1
 427 0236 50       		.byte	0x50
 428 0237 02       		.uleb128 0x2
 429 0238 74       		.byte	0x74
 430 0239 00       		.sleb128 0
 431 023a 00       		.byte	0
 432 023b 0F       		.uleb128 0xf
 433 023c 1A000000 		.4byte	.LVL3
ARM GAS  C:\Users\MATEOC~1.QUE\AppData\Local\Temp\ccOcR27s.s 			page 10


 434 0240 3B030000 		.4byte	0x33b
 435 0244 52020000 		.4byte	0x252
 436 0248 10       		.uleb128 0x10
 437 0249 01       		.uleb128 0x1
 438 024a 50       		.byte	0x50
 439 024b 05       		.uleb128 0x5
 440 024c 03       		.byte	0x3
 441 024d 04000000 		.4byte	.LC1
 442 0251 00       		.byte	0
 443 0252 11       		.uleb128 0x11
 444 0253 20000000 		.4byte	.LVL4
 445 0257 3B030000 		.4byte	0x33b
 446 025b 10       		.uleb128 0x10
 447 025c 01       		.uleb128 0x1
 448 025d 50       		.byte	0x50
 449 025e 02       		.uleb128 0x2
 450 025f 74       		.byte	0x74
 451 0260 00       		.sleb128 0
 452 0261 00       		.byte	0
 453 0262 00       		.byte	0
 454 0263 0D       		.uleb128 0xd
 455 0264 3E040000 		.4byte	.LASF55
 456 0268 01       		.byte	0x1
 457 0269 38       		.byte	0x38
 458 026a 52010000 		.4byte	0x152
 459 026e 00000000 		.4byte	.LFB68
 460 0272 2C000000 		.4byte	.LFE68-.LFB68
 461 0276 01       		.uleb128 0x1
 462 0277 9C       		.byte	0x9c
 463 0278 ED020000 		.4byte	0x2ed
 464 027c 12       		.uleb128 0x12
 465 027d B2010000 		.4byte	.LASF63
 466 0281 01       		.byte	0x1
 467 0282 38       		.byte	0x38
 468 0283 ED020000 		.4byte	0x2ed
 469 0287 00000000 		.4byte	.LLST0
 470 028b 13       		.uleb128 0x13
 471 028c 0F000000 		.4byte	.LASF64
 472 0290 01       		.byte	0x1
 473 0291 3B       		.byte	0x3b
 474 0292 52010000 		.4byte	0x152
 475 0296 2C000000 		.4byte	.LLST1
 476 029a 0F       		.uleb128 0xf
 477 029b 0A000000 		.4byte	.LVL8
 478 029f 3B030000 		.4byte	0x33b
 479 02a3 AE020000 		.4byte	0x2ae
 480 02a7 10       		.uleb128 0x10
 481 02a8 01       		.uleb128 0x1
 482 02a9 50       		.byte	0x50
 483 02aa 02       		.uleb128 0x2
 484 02ab 74       		.byte	0x74
 485 02ac 01       		.sleb128 1
 486 02ad 00       		.byte	0
 487 02ae 0F       		.uleb128 0xf
 488 02af 10000000 		.4byte	.LVL9
 489 02b3 3B030000 		.4byte	0x33b
 490 02b7 C5020000 		.4byte	0x2c5
ARM GAS  C:\Users\MATEOC~1.QUE\AppData\Local\Temp\ccOcR27s.s 			page 11


 491 02bb 10       		.uleb128 0x10
 492 02bc 01       		.uleb128 0x1
 493 02bd 50       		.byte	0x50
 494 02be 05       		.uleb128 0x5
 495 02bf 03       		.byte	0x3
 496 02c0 14000000 		.4byte	.LC2
 497 02c4 00       		.byte	0
 498 02c5 0F       		.uleb128 0xf
 499 02c6 18000000 		.4byte	.LVL10
 500 02ca 3B030000 		.4byte	0x33b
 501 02ce D9020000 		.4byte	0x2d9
 502 02d2 10       		.uleb128 0x10
 503 02d3 01       		.uleb128 0x1
 504 02d4 50       		.byte	0x50
 505 02d5 02       		.uleb128 0x2
 506 02d6 74       		.byte	0x74
 507 02d7 11       		.sleb128 17
 508 02d8 00       		.byte	0
 509 02d9 11       		.uleb128 0x11
 510 02da 1E000000 		.4byte	.LVL11
 511 02de 3B030000 		.4byte	0x33b
 512 02e2 10       		.uleb128 0x10
 513 02e3 01       		.uleb128 0x1
 514 02e4 50       		.byte	0x50
 515 02e5 05       		.uleb128 0x5
 516 02e6 03       		.byte	0x3
 517 02e7 00000000 		.4byte	.LC0
 518 02eb 00       		.byte	0
 519 02ec 00       		.byte	0
 520 02ed 14       		.uleb128 0x14
 521 02ee 04       		.byte	0x4
 522 02ef E6010000 		.4byte	0x1e6
 523 02f3 15       		.uleb128 0x15
 524 02f4 62040000 		.4byte	.LASF56
 525 02f8 06       		.byte	0x6
 526 02f9 1207     		.2byte	0x712
 527 02fb FF020000 		.4byte	0x2ff
 528 02ff 16       		.uleb128 0x16
 529 0300 76000000 		.4byte	0x76
 530 0304 0B       		.uleb128 0xb
 531 0305 A4000000 		.4byte	0xa4
 532 0309 1A030000 		.4byte	0x31a
 533 030d 0C       		.uleb128 0xc
 534 030e 9D000000 		.4byte	0x9d
 535 0312 05       		.byte	0x5
 536 0313 0C       		.uleb128 0xc
 537 0314 9D000000 		.4byte	0x9d
 538 0318 07       		.byte	0x7
 539 0319 00       		.byte	0
 540 031a 17       		.uleb128 0x17
 541 031b F5010000 		.4byte	.LASF57
 542 031f 01       		.byte	0x1
 543 0320 1B       		.byte	0x1b
 544 0321 2B030000 		.4byte	0x32b
 545 0325 05       		.uleb128 0x5
 546 0326 03       		.byte	0x3
 547 0327 00000000 		.4byte	logLevel2String
ARM GAS  C:\Users\MATEOC~1.QUE\AppData\Local\Temp\ccOcR27s.s 			page 12


 548 032b 05       		.uleb128 0x5
 549 032c 04030000 		.4byte	0x304
 550 0330 18       		.uleb128 0x18
 551 0331 00000000 		.4byte	.LASF58
 552 0335 00000000 		.4byte	.LASF58
 553 0339 07       		.byte	0x7
 554 033a 54       		.byte	0x54
 555 033b 18       		.uleb128 0x18
 556 033c 9F010000 		.4byte	.LASF59
 557 0340 9F010000 		.4byte	.LASF59
 558 0344 07       		.byte	0x7
 559 0345 8B       		.byte	0x8b
 560 0346 00       		.byte	0
 561              		.section	.debug_abbrev,"",%progbits
 562              	.Ldebug_abbrev0:
 563 0000 01       		.uleb128 0x1
 564 0001 11       		.uleb128 0x11
 565 0002 01       		.byte	0x1
 566 0003 25       		.uleb128 0x25
 567 0004 0E       		.uleb128 0xe
 568 0005 13       		.uleb128 0x13
 569 0006 0B       		.uleb128 0xb
 570 0007 03       		.uleb128 0x3
 571 0008 0E       		.uleb128 0xe
 572 0009 1B       		.uleb128 0x1b
 573 000a 0E       		.uleb128 0xe
 574 000b 55       		.uleb128 0x55
 575 000c 17       		.uleb128 0x17
 576 000d 11       		.uleb128 0x11
 577 000e 01       		.uleb128 0x1
 578 000f 10       		.uleb128 0x10
 579 0010 17       		.uleb128 0x17
 580 0011 00       		.byte	0
 581 0012 00       		.byte	0
 582 0013 02       		.uleb128 0x2
 583 0014 24       		.uleb128 0x24
 584 0015 00       		.byte	0
 585 0016 0B       		.uleb128 0xb
 586 0017 0B       		.uleb128 0xb
 587 0018 3E       		.uleb128 0x3e
 588 0019 0B       		.uleb128 0xb
 589 001a 03       		.uleb128 0x3
 590 001b 0E       		.uleb128 0xe
 591 001c 00       		.byte	0
 592 001d 00       		.byte	0
 593 001e 03       		.uleb128 0x3
 594 001f 16       		.uleb128 0x16
 595 0020 00       		.byte	0
 596 0021 03       		.uleb128 0x3
 597 0022 0E       		.uleb128 0xe
 598 0023 3A       		.uleb128 0x3a
 599 0024 0B       		.uleb128 0xb
 600 0025 3B       		.uleb128 0x3b
 601 0026 0B       		.uleb128 0xb
 602 0027 49       		.uleb128 0x49
 603 0028 13       		.uleb128 0x13
 604 0029 00       		.byte	0
ARM GAS  C:\Users\MATEOC~1.QUE\AppData\Local\Temp\ccOcR27s.s 			page 13


 605 002a 00       		.byte	0
 606 002b 04       		.uleb128 0x4
 607 002c 24       		.uleb128 0x24
 608 002d 00       		.byte	0
 609 002e 0B       		.uleb128 0xb
 610 002f 0B       		.uleb128 0xb
 611 0030 3E       		.uleb128 0x3e
 612 0031 0B       		.uleb128 0xb
 613 0032 03       		.uleb128 0x3
 614 0033 08       		.uleb128 0x8
 615 0034 00       		.byte	0
 616 0035 00       		.byte	0
 617 0036 05       		.uleb128 0x5
 618 0037 26       		.uleb128 0x26
 619 0038 00       		.byte	0
 620 0039 49       		.uleb128 0x49
 621 003a 13       		.uleb128 0x13
 622 003b 00       		.byte	0
 623 003c 00       		.byte	0
 624 003d 06       		.uleb128 0x6
 625 003e 04       		.uleb128 0x4
 626 003f 01       		.byte	0x1
 627 0040 0B       		.uleb128 0xb
 628 0041 0B       		.uleb128 0xb
 629 0042 49       		.uleb128 0x49
 630 0043 13       		.uleb128 0x13
 631 0044 3A       		.uleb128 0x3a
 632 0045 0B       		.uleb128 0xb
 633 0046 3B       		.uleb128 0x3b
 634 0047 0B       		.uleb128 0xb
 635 0048 01       		.uleb128 0x1
 636 0049 13       		.uleb128 0x13
 637 004a 00       		.byte	0
 638 004b 00       		.byte	0
 639 004c 07       		.uleb128 0x7
 640 004d 28       		.uleb128 0x28
 641 004e 00       		.byte	0
 642 004f 03       		.uleb128 0x3
 643 0050 0E       		.uleb128 0xe
 644 0051 1C       		.uleb128 0x1c
 645 0052 0B       		.uleb128 0xb
 646 0053 00       		.byte	0
 647 0054 00       		.byte	0
 648 0055 08       		.uleb128 0x8
 649 0056 28       		.uleb128 0x28
 650 0057 00       		.byte	0
 651 0058 03       		.uleb128 0x3
 652 0059 0E       		.uleb128 0xe
 653 005a 1C       		.uleb128 0x1c
 654 005b 0D       		.uleb128 0xd
 655 005c 00       		.byte	0
 656 005d 00       		.byte	0
 657 005e 09       		.uleb128 0x9
 658 005f 13       		.uleb128 0x13
 659 0060 01       		.byte	0x1
 660 0061 0B       		.uleb128 0xb
 661 0062 0B       		.uleb128 0xb
ARM GAS  C:\Users\MATEOC~1.QUE\AppData\Local\Temp\ccOcR27s.s 			page 14


 662 0063 3A       		.uleb128 0x3a
 663 0064 0B       		.uleb128 0xb
 664 0065 3B       		.uleb128 0x3b
 665 0066 0B       		.uleb128 0xb
 666 0067 01       		.uleb128 0x1
 667 0068 13       		.uleb128 0x13
 668 0069 00       		.byte	0
 669 006a 00       		.byte	0
 670 006b 0A       		.uleb128 0xa
 671 006c 0D       		.uleb128 0xd
 672 006d 00       		.byte	0
 673 006e 03       		.uleb128 0x3
 674 006f 0E       		.uleb128 0xe
 675 0070 3A       		.uleb128 0x3a
 676 0071 0B       		.uleb128 0xb
 677 0072 3B       		.uleb128 0x3b
 678 0073 0B       		.uleb128 0xb
 679 0074 49       		.uleb128 0x49
 680 0075 13       		.uleb128 0x13
 681 0076 38       		.uleb128 0x38
 682 0077 0B       		.uleb128 0xb
 683 0078 00       		.byte	0
 684 0079 00       		.byte	0
 685 007a 0B       		.uleb128 0xb
 686 007b 01       		.uleb128 0x1
 687 007c 01       		.byte	0x1
 688 007d 49       		.uleb128 0x49
 689 007e 13       		.uleb128 0x13
 690 007f 01       		.uleb128 0x1
 691 0080 13       		.uleb128 0x13
 692 0081 00       		.byte	0
 693 0082 00       		.byte	0
 694 0083 0C       		.uleb128 0xc
 695 0084 21       		.uleb128 0x21
 696 0085 00       		.byte	0
 697 0086 49       		.uleb128 0x49
 698 0087 13       		.uleb128 0x13
 699 0088 2F       		.uleb128 0x2f
 700 0089 0B       		.uleb128 0xb
 701 008a 00       		.byte	0
 702 008b 00       		.byte	0
 703 008c 0D       		.uleb128 0xd
 704 008d 2E       		.uleb128 0x2e
 705 008e 01       		.byte	0x1
 706 008f 3F       		.uleb128 0x3f
 707 0090 19       		.uleb128 0x19
 708 0091 03       		.uleb128 0x3
 709 0092 0E       		.uleb128 0xe
 710 0093 3A       		.uleb128 0x3a
 711 0094 0B       		.uleb128 0xb
 712 0095 3B       		.uleb128 0x3b
 713 0096 0B       		.uleb128 0xb
 714 0097 27       		.uleb128 0x27
 715 0098 19       		.uleb128 0x19
 716 0099 49       		.uleb128 0x49
 717 009a 13       		.uleb128 0x13
 718 009b 11       		.uleb128 0x11
ARM GAS  C:\Users\MATEOC~1.QUE\AppData\Local\Temp\ccOcR27s.s 			page 15


 719 009c 01       		.uleb128 0x1
 720 009d 12       		.uleb128 0x12
 721 009e 06       		.uleb128 0x6
 722 009f 40       		.uleb128 0x40
 723 00a0 18       		.uleb128 0x18
 724 00a1 9742     		.uleb128 0x2117
 725 00a3 19       		.uleb128 0x19
 726 00a4 01       		.uleb128 0x1
 727 00a5 13       		.uleb128 0x13
 728 00a6 00       		.byte	0
 729 00a7 00       		.byte	0
 730 00a8 0E       		.uleb128 0xe
 731 00a9 898201   		.uleb128 0x4109
 732 00ac 00       		.byte	0
 733 00ad 11       		.uleb128 0x11
 734 00ae 01       		.uleb128 0x1
 735 00af 31       		.uleb128 0x31
 736 00b0 13       		.uleb128 0x13
 737 00b1 00       		.byte	0
 738 00b2 00       		.byte	0
 739 00b3 0F       		.uleb128 0xf
 740 00b4 898201   		.uleb128 0x4109
 741 00b7 01       		.byte	0x1
 742 00b8 11       		.uleb128 0x11
 743 00b9 01       		.uleb128 0x1
 744 00ba 31       		.uleb128 0x31
 745 00bb 13       		.uleb128 0x13
 746 00bc 01       		.uleb128 0x1
 747 00bd 13       		.uleb128 0x13
 748 00be 00       		.byte	0
 749 00bf 00       		.byte	0
 750 00c0 10       		.uleb128 0x10
 751 00c1 8A8201   		.uleb128 0x410a
 752 00c4 00       		.byte	0
 753 00c5 02       		.uleb128 0x2
 754 00c6 18       		.uleb128 0x18
 755 00c7 9142     		.uleb128 0x2111
 756 00c9 18       		.uleb128 0x18
 757 00ca 00       		.byte	0
 758 00cb 00       		.byte	0
 759 00cc 11       		.uleb128 0x11
 760 00cd 898201   		.uleb128 0x4109
 761 00d0 01       		.byte	0x1
 762 00d1 11       		.uleb128 0x11
 763 00d2 01       		.uleb128 0x1
 764 00d3 31       		.uleb128 0x31
 765 00d4 13       		.uleb128 0x13
 766 00d5 00       		.byte	0
 767 00d6 00       		.byte	0
 768 00d7 12       		.uleb128 0x12
 769 00d8 05       		.uleb128 0x5
 770 00d9 00       		.byte	0
 771 00da 03       		.uleb128 0x3
 772 00db 0E       		.uleb128 0xe
 773 00dc 3A       		.uleb128 0x3a
 774 00dd 0B       		.uleb128 0xb
 775 00de 3B       		.uleb128 0x3b
ARM GAS  C:\Users\MATEOC~1.QUE\AppData\Local\Temp\ccOcR27s.s 			page 16


 776 00df 0B       		.uleb128 0xb
 777 00e0 49       		.uleb128 0x49
 778 00e1 13       		.uleb128 0x13
 779 00e2 02       		.uleb128 0x2
 780 00e3 17       		.uleb128 0x17
 781 00e4 00       		.byte	0
 782 00e5 00       		.byte	0
 783 00e6 13       		.uleb128 0x13
 784 00e7 34       		.uleb128 0x34
 785 00e8 00       		.byte	0
 786 00e9 03       		.uleb128 0x3
 787 00ea 0E       		.uleb128 0xe
 788 00eb 3A       		.uleb128 0x3a
 789 00ec 0B       		.uleb128 0xb
 790 00ed 3B       		.uleb128 0x3b
 791 00ee 0B       		.uleb128 0xb
 792 00ef 49       		.uleb128 0x49
 793 00f0 13       		.uleb128 0x13
 794 00f1 02       		.uleb128 0x2
 795 00f2 17       		.uleb128 0x17
 796 00f3 00       		.byte	0
 797 00f4 00       		.byte	0
 798 00f5 14       		.uleb128 0x14
 799 00f6 0F       		.uleb128 0xf
 800 00f7 00       		.byte	0
 801 00f8 0B       		.uleb128 0xb
 802 00f9 0B       		.uleb128 0xb
 803 00fa 49       		.uleb128 0x49
 804 00fb 13       		.uleb128 0x13
 805 00fc 00       		.byte	0
 806 00fd 00       		.byte	0
 807 00fe 15       		.uleb128 0x15
 808 00ff 34       		.uleb128 0x34
 809 0100 00       		.byte	0
 810 0101 03       		.uleb128 0x3
 811 0102 0E       		.uleb128 0xe
 812 0103 3A       		.uleb128 0x3a
 813 0104 0B       		.uleb128 0xb
 814 0105 3B       		.uleb128 0x3b
 815 0106 05       		.uleb128 0x5
 816 0107 49       		.uleb128 0x49
 817 0108 13       		.uleb128 0x13
 818 0109 3F       		.uleb128 0x3f
 819 010a 19       		.uleb128 0x19
 820 010b 3C       		.uleb128 0x3c
 821 010c 19       		.uleb128 0x19
 822 010d 00       		.byte	0
 823 010e 00       		.byte	0
 824 010f 16       		.uleb128 0x16
 825 0110 35       		.uleb128 0x35
 826 0111 00       		.byte	0
 827 0112 49       		.uleb128 0x49
 828 0113 13       		.uleb128 0x13
 829 0114 00       		.byte	0
 830 0115 00       		.byte	0
 831 0116 17       		.uleb128 0x17
 832 0117 34       		.uleb128 0x34
ARM GAS  C:\Users\MATEOC~1.QUE\AppData\Local\Temp\ccOcR27s.s 			page 17


 833 0118 00       		.byte	0
 834 0119 03       		.uleb128 0x3
 835 011a 0E       		.uleb128 0xe
 836 011b 3A       		.uleb128 0x3a
 837 011c 0B       		.uleb128 0xb
 838 011d 3B       		.uleb128 0x3b
 839 011e 0B       		.uleb128 0xb
 840 011f 49       		.uleb128 0x49
 841 0120 13       		.uleb128 0x13
 842 0121 3F       		.uleb128 0x3f
 843 0122 19       		.uleb128 0x19
 844 0123 02       		.uleb128 0x2
 845 0124 18       		.uleb128 0x18
 846 0125 00       		.byte	0
 847 0126 00       		.byte	0
 848 0127 18       		.uleb128 0x18
 849 0128 2E       		.uleb128 0x2e
 850 0129 00       		.byte	0
 851 012a 3F       		.uleb128 0x3f
 852 012b 19       		.uleb128 0x19
 853 012c 3C       		.uleb128 0x3c
 854 012d 19       		.uleb128 0x19
 855 012e 6E       		.uleb128 0x6e
 856 012f 0E       		.uleb128 0xe
 857 0130 03       		.uleb128 0x3
 858 0131 0E       		.uleb128 0xe
 859 0132 3A       		.uleb128 0x3a
 860 0133 0B       		.uleb128 0xb
 861 0134 3B       		.uleb128 0x3b
 862 0135 0B       		.uleb128 0xb
 863 0136 00       		.byte	0
 864 0137 00       		.byte	0
 865 0138 00       		.byte	0
 866              		.section	.debug_loc,"",%progbits
 867              	.Ldebug_loc0:
 868              	.LLST0:
 869 0000 00000000 		.4byte	.LVL5
 870 0004 06000000 		.4byte	.LVL7
 871 0008 0100     		.2byte	0x1
 872 000a 50       		.byte	0x50
 873 000b 06000000 		.4byte	.LVL7
 874 000f 22000000 		.4byte	.LVL12
 875 0013 0100     		.2byte	0x1
 876 0015 54       		.byte	0x54
 877 0016 22000000 		.4byte	.LVL12
 878 001a 2C000000 		.4byte	.LFE68
 879 001e 0400     		.2byte	0x4
 880 0020 F3       		.byte	0xf3
 881 0021 01       		.uleb128 0x1
 882 0022 50       		.byte	0x50
 883 0023 9F       		.byte	0x9f
 884 0024 00000000 		.4byte	0
 885 0028 00000000 		.4byte	0
 886              	.LLST1:
 887 002c 04000000 		.4byte	.LVL6
 888 0030 1E000000 		.4byte	.LVL11
 889 0034 0300     		.2byte	0x3
ARM GAS  C:\Users\MATEOC~1.QUE\AppData\Local\Temp\ccOcR27s.s 			page 18


 890 0036 09       		.byte	0x9
 891 0037 E9       		.byte	0xe9
 892 0038 9F       		.byte	0x9f
 893 0039 1E000000 		.4byte	.LVL11
 894 003d 2C000000 		.4byte	.LFE68
 895 0041 0200     		.2byte	0x2
 896 0043 30       		.byte	0x30
 897 0044 9F       		.byte	0x9f
 898 0045 00000000 		.4byte	0
 899 0049 00000000 		.4byte	0
 900              		.section	.debug_aranges,"",%progbits
 901 0000 24000000 		.4byte	0x24
 902 0004 0200     		.2byte	0x2
 903 0006 00000000 		.4byte	.Ldebug_info0
 904 000a 04       		.byte	0x4
 905 000b 00       		.byte	0
 906 000c 0000     		.2byte	0
 907 000e 0000     		.2byte	0
 908 0010 00000000 		.4byte	.LFB67
 909 0014 2C000000 		.4byte	.LFE67-.LFB67
 910 0018 00000000 		.4byte	.LFB68
 911 001c 2C000000 		.4byte	.LFE68-.LFB68
 912 0020 00000000 		.4byte	0
 913 0024 00000000 		.4byte	0
 914              		.section	.debug_ranges,"",%progbits
 915              	.Ldebug_ranges0:
 916 0000 00000000 		.4byte	.LFB67
 917 0004 2C000000 		.4byte	.LFE67
 918 0008 00000000 		.4byte	.LFB68
 919 000c 2C000000 		.4byte	.LFE68
 920 0010 00000000 		.4byte	0
 921 0014 00000000 		.4byte	0
 922              		.section	.debug_line,"",%progbits
 923              	.Ldebug_line0:
 924 0000 B9010000 		.section	.debug_str,"MS",%progbits,1
 924      02008A01 
 924      00000201 
 924      FB0E0D00 
 924      01010101 
 925              	.LASF58:
 926 0000 55415254 		.ascii	"UART_LOG_Start\000"
 926      5F4C4F47 
 926      5F537461 
 926      727400
 927              	.LASF64:
 928 000f 72657375 		.ascii	"result\000"
 928      6C7400
 929              	.LASF30:
 930 0016 52435F45 		.ascii	"RC_ERROR_READ_ONLY\000"
 930      52524F52 
 930      5F524541 
 930      445F4F4E 
 930      4C5900
 931              	.LASF16:
 932 0029 52435F53 		.ascii	"RC_SUCCESS\000"
 932      55434345 
 932      535300
ARM GAS  C:\Users\MATEOC~1.QUE\AppData\Local\Temp\ccOcR27s.s 			page 19


 933              	.LASF48:
 934 0034 4C4F475F 		.ascii	"LOG_OFF\000"
 934      4F464600 
 935              	.LASF53:
 936 003c 6C6F6767 		.ascii	"logging_t\000"
 936      696E675F 
 936      7400
 937              	.LASF43:
 938 0046 4C4F475F 		.ascii	"LOG_VERBOSE\000"
 938      56455242 
 938      4F534500 
 939              	.LASF31:
 940 0052 52435F45 		.ascii	"RC_ERROR_WRITE_ONLY\000"
 940      52524F52 
 940      5F575249 
 940      54455F4F 
 940      4E4C5900 
 941              	.LASF2:
 942 0066 73686F72 		.ascii	"short int\000"
 942      7420696E 
 942      7400
 943              	.LASF22:
 944 0070 52435F45 		.ascii	"RC_ERROR_OVERRUN\000"
 944      52524F52 
 944      5F4F5645 
 944      5252554E 
 944      00
 945              	.LASF34:
 946 0081 52435F45 		.ascii	"RC_ERROR_WRITE_FAILS\000"
 946      52524F52 
 946      5F575249 
 946      54455F46 
 946      41494C53 
 947              	.LASF15:
 948 0096 73697A65 		.ascii	"sizetype\000"
 948      74797065 
 948      00
 949              	.LASF19:
 950 009f 52435F45 		.ascii	"RC_ERROR_ZERO\000"
 950      52524F52 
 950      5F5A4552 
 950      4F00
 951              	.LASF6:
 952 00ad 6C6F6E67 		.ascii	"long long int\000"
 952      206C6F6E 
 952      6720696E 
 952      7400
 953              	.LASF39:
 954 00bb 52435F45 		.ascii	"RC_ERROR_INVALID_STATE\000"
 954      52524F52 
 954      5F494E56 
 954      414C4944 
 954      5F535441 
 955              	.LASF21:
 956 00d2 52435F45 		.ascii	"RC_ERROR_RANGE\000"
 956      52524F52 
 956      5F52414E 
ARM GAS  C:\Users\MATEOC~1.QUE\AppData\Local\Temp\ccOcR27s.s 			page 20


 956      474500
 957              	.LASF51:
 958 00e1 73656E64 		.ascii	"sender\000"
 958      657200
 959              	.LASF11:
 960 00e8 666C6F61 		.ascii	"float\000"
 960      7400
 961              	.LASF41:
 962 00ee 52435F45 		.ascii	"RC_ERROR_NOT_IMPLEMENTED\000"
 962      52524F52 
 962      5F4E4F54 
 962      5F494D50 
 962      4C454D45 
 963              	.LASF61:
 964 0107 736F7572 		.ascii	"source\\bsw\\Services\\logging.c\000"
 964      63655C62 
 964      73775C53 
 964      65727669 
 964      6365735C 
 965              	.LASF35:
 966 0125 52435F45 		.ascii	"RC_ERROR_NOT_MATCH\000"
 966      52524F52 
 966      5F4E4F54 
 966      5F4D4154 
 966      434800
 967              	.LASF40:
 968 0138 52435F45 		.ascii	"RC_ERROR_UNKNOWN\000"
 968      52524F52 
 968      5F554E4B 
 968      4E4F574E 
 968      00
 969              	.LASF4:
 970 0149 6C6F6E67 		.ascii	"long int\000"
 970      20696E74 
 970      00
 971              	.LASF23:
 972 0152 52435F45 		.ascii	"RC_ERROR_UNDERRUN\000"
 972      52524F52 
 972      5F554E44 
 972      45525255 
 972      4E00
 973              	.LASF26:
 974 0164 52435F45 		.ascii	"RC_ERROR_BUSY\000"
 974      52524F52 
 974      5F425553 
 974      5900
 975              	.LASF32:
 976 0172 52435F45 		.ascii	"RC_ERROR_INVALID\000"
 976      52524F52 
 976      5F494E56 
 976      414C4944 
 976      00
 977              	.LASF37:
 978 0183 52435F45 		.ascii	"RC_ERROR_BAD_DATA\000"
 978      52524F52 
 978      5F424144 
 978      5F444154 
ARM GAS  C:\Users\MATEOC~1.QUE\AppData\Local\Temp\ccOcR27s.s 			page 21


 978      4100
 979              	.LASF47:
 980 0195 4C4F475F 		.ascii	"LOG_DEBUG\000"
 980      44454255 
 980      4700
 981              	.LASF59:
 982 019f 55415254 		.ascii	"UART_LOG_PutString\000"
 982      5F4C4F47 
 982      5F507574 
 982      53747269 
 982      6E6700
 983              	.LASF63:
 984 01b2 656E7472 		.ascii	"entry\000"
 984      7900
 985              	.LASF14:
 986 01b8 6C6F6E67 		.ascii	"long double\000"
 986      20646F75 
 986      626C6500 
 987              	.LASF1:
 988 01c4 756E7369 		.ascii	"unsigned char\000"
 988      676E6564 
 988      20636861 
 988      7200
 989              	.LASF0:
 990 01d2 7369676E 		.ascii	"signed char\000"
 990      65642063 
 990      68617200 
 991              	.LASF7:
 992 01de 6C6F6E67 		.ascii	"long long unsigned int\000"
 992      206C6F6E 
 992      6720756E 
 992      7369676E 
 992      65642069 
 993              	.LASF57:
 994 01f5 6C6F674C 		.ascii	"logLevel2String\000"
 994      6576656C 
 994      32537472 
 994      696E6700 
 995              	.LASF8:
 996 0205 756E7369 		.ascii	"unsigned int\000"
 996      676E6564 
 996      20696E74 
 996      00
 997              	.LASF28:
 998 0212 52435F45 		.ascii	"RC_ERROR_OPEN\000"
 998      52524F52 
 998      5F4F5045 
 998      4E00
 999              	.LASF5:
 1000 0220 6C6F6E67 		.ascii	"long unsigned int\000"
 1000      20756E73 
 1000      69676E65 
 1000      6420696E 
 1000      7400
 1001              	.LASF18:
 1002 0232 52435F45 		.ascii	"RC_ERROR_NULL\000"
 1002      52524F52 
ARM GAS  C:\Users\MATEOC~1.QUE\AppData\Local\Temp\ccOcR27s.s 			page 22


 1002      5F4E554C 
 1002      4C00
 1003              	.LASF25:
 1004 0240 52435F45 		.ascii	"RC_ERROR_BUFFER_EMTPY\000"
 1004      52524F52 
 1004      5F425546 
 1004      4645525F 
 1004      454D5450 
 1005              	.LASF3:
 1006 0256 73686F72 		.ascii	"short unsigned int\000"
 1006      7420756E 
 1006      7369676E 
 1006      65642069 
 1006      6E7400
 1007              	.LASF62:
 1008 0269 433A5C55 		.ascii	"C:\\Users\\Mateo C. Querol\\OneDrive\\University\\D"
 1008      73657273 
 1008      5C4D6174 
 1008      656F2043 
 1008      2E205175 
 1009 0297 61726D73 		.ascii	"armstadt\\Advanced Microcontroller Systems and Embe"
 1009      74616474 
 1009      5C416476 
 1009      616E6365 
 1009      64204D69 
 1010 02c9 64646564 		.ascii	"dded Operating systems\\Embedded Operating Systems\\"
 1010      204F7065 
 1010      72617469 
 1010      6E672073 
 1010      79737465 
 1011 02fb 576F726B 		.ascii	"Workbook\\1.4_LightEffects.cydsn\000"
 1011      626F6F6B 
 1011      5C312E34 
 1011      5F4C6967 
 1011      68744566 
 1012              	.LASF60:
 1013 031b 474E5520 		.ascii	"GNU C11 5.4.1 20160609 (release) [ARM/embedded-5-br"
 1013      43313120 
 1013      352E342E 
 1013      31203230 
 1013      31363036 
 1014 034e 616E6368 		.ascii	"anch revision 237715] -mcpu=cortex-m3 -mthumb -g -O"
 1014      20726576 
 1014      6973696F 
 1014      6E203233 
 1014      37373135 
 1015 0381 67202D66 		.ascii	"g -ffunction-sections -ffat-lto-objects\000"
 1015      66756E63 
 1015      74696F6E 
 1015      2D736563 
 1015      74696F6E 
 1016              	.LASF13:
 1017 03a9 63686172 		.ascii	"char\000"
 1017      00
 1018              	.LASF24:
 1019 03ae 52435F45 		.ascii	"RC_ERROR_BUFFER_FULL\000"
 1019      52524F52 
ARM GAS  C:\Users\MATEOC~1.QUE\AppData\Local\Temp\ccOcR27s.s 			page 23


 1019      5F425546 
 1019      4645525F 
 1019      46554C4C 
 1020              	.LASF10:
 1021 03c3 696E7433 		.ascii	"int32_t\000"
 1021      325F7400 
 1022              	.LASF54:
 1023 03cb 4C4F475F 		.ascii	"LOG_Init\000"
 1023      496E6974 
 1023      00
 1024              	.LASF49:
 1025 03d4 6C6F6767 		.ascii	"logging_level_t\000"
 1025      696E675F 
 1025      6C657665 
 1025      6C5F7400 
 1026              	.LASF36:
 1027 03e4 52435F45 		.ascii	"RC_ERROR_BAD_PARAM\000"
 1027      52524F52 
 1027      5F424144 
 1027      5F504152 
 1027      414D00
 1028              	.LASF46:
 1029 03f7 4C4F475F 		.ascii	"LOG_ERROR\000"
 1029      4552524F 
 1029      5200
 1030              	.LASF52:
 1031 0401 6D657373 		.ascii	"message\000"
 1031      61676500 
 1032              	.LASF12:
 1033 0409 646F7562 		.ascii	"double\000"
 1033      6C6500
 1034              	.LASF45:
 1035 0410 4C4F475F 		.ascii	"LOG_WARNING\000"
 1035      5741524E 
 1035      494E4700 
 1036              	.LASF29:
 1037 041c 52435F45 		.ascii	"RC_ERROR_CHECKSUM\000"
 1037      52524F52 
 1037      5F434845 
 1037      434B5355 
 1037      4D00
 1038              	.LASF9:
 1039 042e 5F5F696E 		.ascii	"__int32_t\000"
 1039      7433325F 
 1039      7400
 1040              	.LASF50:
 1041 0438 6C657665 		.ascii	"level\000"
 1041      6C00
 1042              	.LASF55:
 1043 043e 4C4F475F 		.ascii	"LOG_send\000"
 1043      73656E64 
 1043      00
 1044              	.LASF44:
 1045 0447 4C4F475F 		.ascii	"LOG_INFO\000"
 1045      494E464F 
 1045      00
 1046              	.LASF38:
ARM GAS  C:\Users\MATEOC~1.QUE\AppData\Local\Temp\ccOcR27s.s 			page 24


 1047 0450 52435F45 		.ascii	"RC_ERROR_CANCELED\000"
 1047      52524F52 
 1047      5F43414E 
 1047      43454C45 
 1047      4400
 1048              	.LASF56:
 1049 0462 49544D5F 		.ascii	"ITM_RxBuffer\000"
 1049      52784275 
 1049      66666572 
 1049      00
 1050              	.LASF17:
 1051 046f 52435F45 		.ascii	"RC_ERROR\000"
 1051      52524F52 
 1051      00
 1052              	.LASF20:
 1053 0478 52435F45 		.ascii	"RC_ERROR_MEMORY\000"
 1053      52524F52 
 1053      5F4D454D 
 1053      4F525900 
 1054              	.LASF33:
 1055 0488 52435F45 		.ascii	"RC_ERROR_READ_FAILS\000"
 1055      52524F52 
 1055      5F524541 
 1055      445F4641 
 1055      494C5300 
 1056              	.LASF42:
 1057 049c 52435F74 		.ascii	"RC_t\000"
 1057      00
 1058              	.LASF27:
 1059 04a1 52435F45 		.ascii	"RC_ERROR_TIME_OUT\000"
 1059      52524F52 
 1059      5F54494D 
 1059      455F4F55 
 1059      5400
 1060              		.ident	"GCC: (GNU Tools for ARM Embedded Processors) 5.4.1 20160609 (release) [ARM/embedded-5-bran
