ARM GAS  C:\Users\MATEOC~1.QUE\AppData\Local\Temp\ccLVsgDF.s 			page 1


   1              		.syntax unified
   2              		.cpu cortex-m3
   3              		.fpu softvfp
   4              		.eabi_attribute 20, 1
   5              		.eabi_attribute 21, 1
   6              		.eabi_attribute 23, 3
   7              		.eabi_attribute 24, 1
   8              		.eabi_attribute 25, 1
   9              		.eabi_attribute 26, 1
  10              		.eabi_attribute 30, 1
  11              		.eabi_attribute 34, 1
  12              		.eabi_attribute 18, 4
  13              		.thumb
  14              		.syntax unified
  15              		.file	"button.c"
  16              		.text
  17              	.Ltext0:
  18              		.cfi_sections	.debug_frame
  19              		.section	.text.BUTTON_Init,"ax",%progbits
  20              		.align	2
  21              		.global	BUTTON_Init
  22              		.thumb
  23              		.thumb_func
  24              		.type	BUTTON_Init, %function
  25              	BUTTON_Init:
  26              	.LFB63:
  27              		.file 1 "source\\bsw\\LabBoard\\button.c"
   1:source\bsw\LabBoard/button.c **** /**
   2:source\bsw\LabBoard/button.c **** * \file button.c
   3:source\bsw\LabBoard/button.c **** * \author P. Fromm
   4:source\bsw\LabBoard/button.c **** * \date 29.7.17
   5:source\bsw\LabBoard/button.c **** *
   6:source\bsw\LabBoard/button.c **** * \brief Simple button driver
   7:source\bsw\LabBoard/button.c **** *
   8:source\bsw\LabBoard/button.c **** * \copyright Copyright ©2016
   9:source\bsw\LabBoard/button.c **** * Department of electrical engineering and information technology, Hochschule Darmstadt - Universit
  10:source\bsw\LabBoard/button.c **** * Permission to use, copy, modify, and distribute this software and its documentation for education
  11:source\bsw\LabBoard/button.c **** * (unless permitted by h_da) and official h_da projects, is hereby granted for enrolled students of
  12:source\bsw\LabBoard/button.c **** * this paragraph and the following paragraph appear in all copies, modifications, and distributions
  13:source\bsw\LabBoard/button.c **** * Contact Prof.Dr.-Ing. Peter Fromm, peter.fromm@h-da.de, Birkenweg 8 64295 Darmstadt - GERMANY for
  14:source\bsw\LabBoard/button.c **** *
  15:source\bsw\LabBoard/button.c **** * \warning This software is a PROTOTYPE version and is not designed or intended for use in producti
  16:source\bsw\LabBoard/button.c **** * The user represents and warrants that it will NOT use or redistribute the Software for such purpo
  17:source\bsw\LabBoard/button.c **** * This prototype is for research purposes only. This software is provided "AS IS," without a warran
  18:source\bsw\LabBoard/button.c **** */
  19:source\bsw\LabBoard/button.c **** 
  20:source\bsw\LabBoard/button.c **** /*****************************************************************************/
  21:source\bsw\LabBoard/button.c **** /* Include files                                                             */
  22:source\bsw\LabBoard/button.c **** /*****************************************************************************/
  23:source\bsw\LabBoard/button.c **** #include "project.h"
  24:source\bsw\LabBoard/button.c **** #include "button.h"
  25:source\bsw\LabBoard/button.c **** 
  26:source\bsw\LabBoard/button.c **** 
  27:source\bsw\LabBoard/button.c **** #include "button_3.h"
  28:source\bsw\LabBoard/button.c **** 
  29:source\bsw\LabBoard/button.c **** 
  30:source\bsw\LabBoard/button.c **** 
ARM GAS  C:\Users\MATEOC~1.QUE\AppData\Local\Temp\ccLVsgDF.s 			page 2


  31:source\bsw\LabBoard/button.c **** /*****************************************************************************/
  32:source\bsw\LabBoard/button.c **** /* Local pre-processor symbols/macros ('#define')                            */
  33:source\bsw\LabBoard/button.c **** /*****************************************************************************/
  34:source\bsw\LabBoard/button.c **** 
  35:source\bsw\LabBoard/button.c **** /*****************************************************************************/
  36:source\bsw\LabBoard/button.c **** /* Global variable definitions (declared in header file with 'extern')       */
  37:source\bsw\LabBoard/button.c **** /*****************************************************************************/
  38:source\bsw\LabBoard/button.c **** 
  39:source\bsw\LabBoard/button.c **** /*****************************************************************************/
  40:source\bsw\LabBoard/button.c **** /* Local type definitions ('typedef')                                        */
  41:source\bsw\LabBoard/button.c **** /*****************************************************************************/
  42:source\bsw\LabBoard/button.c **** 
  43:source\bsw\LabBoard/button.c **** /*****************************************************************************/
  44:source\bsw\LabBoard/button.c **** /* Local variable definitions ('static')                                     */
  45:source\bsw\LabBoard/button.c **** /*****************************************************************************/
  46:source\bsw\LabBoard/button.c **** 
  47:source\bsw\LabBoard/button.c **** 
  48:source\bsw\LabBoard/button.c **** 
  49:source\bsw\LabBoard/button.c **** /*****************************************************************************/
  50:source\bsw\LabBoard/button.c **** /* Local function prototypes ('static')                                      */
  51:source\bsw\LabBoard/button.c **** /*****************************************************************************/
  52:source\bsw\LabBoard/button.c **** 
  53:source\bsw\LabBoard/button.c **** 
  54:source\bsw\LabBoard/button.c **** /*****************************************************************************/
  55:source\bsw\LabBoard/button.c **** /* Function implementation - global ('extern') and local ('static')          */
  56:source\bsw\LabBoard/button.c **** /*****************************************************************************/
  57:source\bsw\LabBoard/button.c **** 
  58:source\bsw\LabBoard/button.c **** /**
  59:source\bsw\LabBoard/button.c ****  * Initialize Button
  60:source\bsw\LabBoard/button.c ****  * @return RC_SUCCESS if ok
  61:source\bsw\LabBoard/button.c ****  */
  62:source\bsw\LabBoard/button.c **** RC_t BUTTON_Init(cyisraddress address)
  63:source\bsw\LabBoard/button.c **** {
  28              		.loc 1 63 0
  29              		.cfi_startproc
  30              		@ args = 0, pretend = 0, frame = 0
  31              		@ frame_needed = 0, uses_anonymous_args = 0
  32              	.LVL0:
  64:source\bsw\LabBoard/button.c ****  
  65:source\bsw\LabBoard/button.c ****     if (address != 0)
  33              		.loc 1 65 0
  34 0000 20B1     		cbz	r0, .L4
  63:source\bsw\LabBoard/button.c ****  
  35              		.loc 1 63 0
  36 0002 08B5     		push	{r3, lr}
  37              		.cfi_def_cfa_offset 8
  38              		.cfi_offset 3, -8
  39              		.cfi_offset 14, -4
  40              	.LBB2:
  66:source\bsw\LabBoard/button.c ****     {
  67:source\bsw\LabBoard/button.c ****         isr_Button_StartEx(address);
  41              		.loc 1 67 0
  42 0004 FFF7FEFF 		bl	isr_Button_StartEx
  43              	.LVL1:
  44              	.LBE2:
  68:source\bsw\LabBoard/button.c ****     }
  69:source\bsw\LabBoard/button.c ****     
ARM GAS  C:\Users\MATEOC~1.QUE\AppData\Local\Temp\ccLVsgDF.s 			page 3


  70:source\bsw\LabBoard/button.c ****     return RC_SUCCESS;
  71:source\bsw\LabBoard/button.c **** }
  45              		.loc 1 71 0
  46 0008 0020     		movs	r0, #0
  47 000a 08BD     		pop	{r3, pc}
  48              	.LVL2:
  49              	.L4:
  50              		.cfi_def_cfa_offset 0
  51              		.cfi_restore 3
  52              		.cfi_restore 14
  53 000c 0020     		movs	r0, #0
  54              	.LVL3:
  55 000e 7047     		bx	lr
  56              		.cfi_endproc
  57              	.LFE63:
  58              		.size	BUTTON_Init, .-BUTTON_Init
  59              		.section	.text.BUTTON_IsPressed,"ax",%progbits
  60              		.align	2
  61              		.global	BUTTON_IsPressed
  62              		.thumb
  63              		.thumb_func
  64              		.type	BUTTON_IsPressed, %function
  65              	BUTTON_IsPressed:
  66              	.LFB64:
  72:source\bsw\LabBoard/button.c **** 
  73:source\bsw\LabBoard/button.c **** /**
  74:source\bsw\LabBoard/button.c ****  * Initialize Button
  75:source\bsw\LabBoard/button.c ****  * @param BUTTON_id_t button - check if the corresponding button is pressed
  76:source\bsw\LabBoard/button.c ****  * @return TRUE if button is pressed
  77:source\bsw\LabBoard/button.c ****  */
  78:source\bsw\LabBoard/button.c **** boolean_t BUTTON_IsPressed(BUTTON_id_t button)
  79:source\bsw\LabBoard/button.c **** {
  67              		.loc 1 79 0
  68              		.cfi_startproc
  69              		@ args = 0, pretend = 0, frame = 0
  70              		@ frame_needed = 0, uses_anonymous_args = 0
  71              	.LVL4:
  72 0000 08B5     		push	{r3, lr}
  73              		.cfi_def_cfa_offset 8
  74              		.cfi_offset 3, -8
  75              		.cfi_offset 14, -4
  76              	.LVL5:
  80:source\bsw\LabBoard/button.c ****     boolean_t result = FALSE;
  81:source\bsw\LabBoard/button.c ****     
  82:source\bsw\LabBoard/button.c ****     switch (button)
  77              		.loc 1 82 0
  78 0002 0328     		cmp	r0, #3
  79 0004 1BD8     		bhi	.L12
  80 0006 DFE800F0 		tbb	[pc, r0]
  81              	.L8:
  82 000a 02       		.byte	(.L7-.L8)/2
  83 000b 08       		.byte	(.L9-.L8)/2
  84 000c 0E       		.byte	(.L10-.L8)/2
  85 000d 14       		.byte	(.L11-.L8)/2
  86              		.p2align 1
  87              	.L7:
  88              	.LBB3:
ARM GAS  C:\Users\MATEOC~1.QUE\AppData\Local\Temp\ccLVsgDF.s 			page 4


  83:source\bsw\LabBoard/button.c ****     {
  84:source\bsw\LabBoard/button.c ****         case BUTTON_1 : if (BUTTON_1_Read() == 1) result = TRUE; break;
  89              		.loc 1 84 0
  90 000e FFF7FEFF 		bl	BUTTON_1_Read
  91              	.LVL6:
  92 0012 0128     		cmp	r0, #1
  93 0014 15D0     		beq	.L13
  94              	.LBE3:
  80:source\bsw\LabBoard/button.c ****     boolean_t result = FALSE;
  95              		.loc 1 80 0
  96 0016 0020     		movs	r0, #0
  97 0018 08BD     		pop	{r3, pc}
  98              	.LVL7:
  99              	.L9:
 100              	.LBB4:
  85:source\bsw\LabBoard/button.c ****         case BUTTON_2 : if (BUTTON_2_Read() == 1) result = TRUE; break;
 101              		.loc 1 85 0
 102 001a FFF7FEFF 		bl	BUTTON_2_Read
 103              	.LVL8:
 104 001e 0128     		cmp	r0, #1
 105 0020 11D0     		beq	.L14
 106              	.LBE4:
  80:source\bsw\LabBoard/button.c ****     boolean_t result = FALSE;
 107              		.loc 1 80 0
 108 0022 0020     		movs	r0, #0
 109 0024 08BD     		pop	{r3, pc}
 110              	.LVL9:
 111              	.L10:
  86:source\bsw\LabBoard/button.c ****         case BUTTON_3 : if (BUTTON_3_Read() == 1) result = TRUE; break;
 112              		.loc 1 86 0
 113 0026 FFF7FEFF 		bl	BUTTON_3_Read
 114              	.LVL10:
 115 002a 0128     		cmp	r0, #1
 116 002c 0DD0     		beq	.L15
  80:source\bsw\LabBoard/button.c ****     
 117              		.loc 1 80 0
 118 002e 0020     		movs	r0, #0
 119 0030 08BD     		pop	{r3, pc}
 120              	.LVL11:
 121              	.L11:
 122              	.LBB5:
  87:source\bsw\LabBoard/button.c ****         case BUTTON_4 : if (BUTTON_4_Read() == 1) result = TRUE; break;
 123              		.loc 1 87 0
 124 0032 FFF7FEFF 		bl	BUTTON_4_Read
 125              	.LVL12:
 126 0036 0128     		cmp	r0, #1
 127 0038 09D0     		beq	.L16
 128              	.LBE5:
  80:source\bsw\LabBoard/button.c ****     
 129              		.loc 1 80 0
 130 003a 0020     		movs	r0, #0
 131 003c 08BD     		pop	{r3, pc}
 132              	.LVL13:
 133              	.L12:
 134 003e 0020     		movs	r0, #0
 135              	.LVL14:
 136 0040 08BD     		pop	{r3, pc}
ARM GAS  C:\Users\MATEOC~1.QUE\AppData\Local\Temp\ccLVsgDF.s 			page 5


 137              	.L13:
 138              	.LBB6:
  84:source\bsw\LabBoard/button.c ****         case BUTTON_2 : if (BUTTON_2_Read() == 1) result = TRUE; break;
 139              		.loc 1 84 0
 140 0042 0120     		movs	r0, #1
 141 0044 08BD     		pop	{r3, pc}
 142              	.L14:
 143              	.LBE6:
 144              	.LBB7:
  85:source\bsw\LabBoard/button.c ****         case BUTTON_3 : if (BUTTON_3_Read() == 1) result = TRUE; break;
 145              		.loc 1 85 0
 146 0046 0120     		movs	r0, #1
 147 0048 08BD     		pop	{r3, pc}
 148              	.L15:
 149              	.LBE7:
  86:source\bsw\LabBoard/button.c ****         case BUTTON_4 : if (BUTTON_4_Read() == 1) result = TRUE; break;
 150              		.loc 1 86 0
 151 004a 0120     		movs	r0, #1
 152 004c 08BD     		pop	{r3, pc}
 153              	.L16:
 154              	.LBB8:
 155              		.loc 1 87 0
 156 004e 0120     		movs	r0, #1
 157              	.LVL15:
 158              	.LBE8:
  88:source\bsw\LabBoard/button.c ****     }
  89:source\bsw\LabBoard/button.c ****     
  90:source\bsw\LabBoard/button.c ****     return result;
  91:source\bsw\LabBoard/button.c **** }
 159              		.loc 1 91 0
 160 0050 08BD     		pop	{r3, pc}
 161              		.cfi_endproc
 162              	.LFE64:
 163              		.size	BUTTON_IsPressed, .-BUTTON_IsPressed
 164 0052 00BF     		.text
 165              	.Letext0:
 166              		.file 2 "c:\\program files (x86)\\cypress\\psoc creator\\4.4\\psoc creator\\import\\gnu\\arm\\5.4.
 167              		.file 3 "c:\\program files (x86)\\cypress\\psoc creator\\4.4\\psoc creator\\import\\gnu\\arm\\5.4.
 168              		.file 4 "Generated_Source\\PSoC5/cytypes.h"
 169              		.file 5 ".\\source\\bsw/global.h"
 170              		.file 6 "source\\bsw\\LabBoard\\button.h"
 171              		.file 7 "Generated_Source\\PSoC5/BUTTON_3.h"
 172              		.file 8 "Generated_Source\\PSoC5/core_cm3.h"
 173              		.section	.debug_info,"",%progbits
 174              	.Ldebug_info0:
 175 0000 F1020000 		.4byte	0x2f1
 176 0004 0400     		.2byte	0x4
 177 0006 00000000 		.4byte	.Ldebug_abbrev0
 178 000a 04       		.byte	0x4
 179 000b 01       		.uleb128 0x1
 180 000c 23030000 		.4byte	.LASF59
 181 0010 0C       		.byte	0xc
 182 0011 5B010000 		.4byte	.LASF60
 183 0015 10020000 		.4byte	.LASF61
 184 0019 48000000 		.4byte	.Ldebug_ranges0+0x48
 185 001d 00000000 		.4byte	0
 186 0021 00000000 		.4byte	.Ldebug_line0
ARM GAS  C:\Users\MATEOC~1.QUE\AppData\Local\Temp\ccLVsgDF.s 			page 6


 187 0025 02       		.uleb128 0x2
 188 0026 01       		.byte	0x1
 189 0027 06       		.byte	0x6
 190 0028 ED010000 		.4byte	.LASF0
 191 002c 02       		.uleb128 0x2
 192 002d 01       		.byte	0x1
 193 002e 08       		.byte	0x8
 194 002f C6010000 		.4byte	.LASF1
 195 0033 02       		.uleb128 0x2
 196 0034 02       		.byte	0x2
 197 0035 05       		.byte	0x5
 198 0036 39000000 		.4byte	.LASF2
 199 003a 02       		.uleb128 0x2
 200 003b 02       		.byte	0x2
 201 003c 07       		.byte	0x7
 202 003d 10030000 		.4byte	.LASF3
 203 0041 03       		.uleb128 0x3
 204 0042 39040000 		.4byte	.LASF9
 205 0046 02       		.byte	0x2
 206 0047 3F       		.byte	0x3f
 207 0048 4C000000 		.4byte	0x4c
 208 004c 02       		.uleb128 0x2
 209 004d 04       		.byte	0x4
 210 004e 05       		.byte	0x5
 211 004f 40010000 		.4byte	.LASF4
 212 0053 02       		.uleb128 0x2
 213 0054 04       		.byte	0x4
 214 0055 07       		.byte	0x7
 215 0056 F2030000 		.4byte	.LASF5
 216 005a 02       		.uleb128 0x2
 217 005b 08       		.byte	0x8
 218 005c 05       		.byte	0x5
 219 005d 0E010000 		.4byte	.LASF6
 220 0061 02       		.uleb128 0x2
 221 0062 08       		.byte	0x8
 222 0063 07       		.byte	0x7
 223 0064 F9010000 		.4byte	.LASF7
 224 0068 04       		.uleb128 0x4
 225 0069 04       		.byte	0x4
 226 006a 05       		.byte	0x5
 227 006b 696E7400 		.ascii	"int\000"
 228 006f 02       		.uleb128 0x2
 229 0070 04       		.byte	0x4
 230 0071 07       		.byte	0x7
 231 0072 C9020000 		.4byte	.LASF8
 232 0076 03       		.uleb128 0x3
 233 0077 D7030000 		.4byte	.LASF10
 234 007b 03       		.byte	0x3
 235 007c 2C       		.byte	0x2c
 236 007d 41000000 		.4byte	0x41
 237 0081 02       		.uleb128 0x2
 238 0082 04       		.byte	0x4
 239 0083 04       		.byte	0x4
 240 0084 FA000000 		.4byte	.LASF11
 241 0088 02       		.uleb128 0x2
 242 0089 08       		.byte	0x8
 243 008a 04       		.byte	0x4
ARM GAS  C:\Users\MATEOC~1.QUE\AppData\Local\Temp\ccLVsgDF.s 			page 7


 244 008b 04040000 		.4byte	.LASF12
 245 008f 02       		.uleb128 0x2
 246 0090 01       		.byte	0x1
 247 0091 08       		.byte	0x8
 248 0092 BD030000 		.4byte	.LASF13
 249 0096 05       		.uleb128 0x5
 250 0097 E0010000 		.4byte	.LASF14
 251 009b 04       		.byte	0x4
 252 009c A002     		.2byte	0x2a0
 253 009e A2000000 		.4byte	0xa2
 254 00a2 06       		.uleb128 0x6
 255 00a3 04       		.byte	0x4
 256 00a4 A8000000 		.4byte	0xa8
 257 00a8 07       		.uleb128 0x7
 258 00a9 02       		.uleb128 0x2
 259 00aa 08       		.byte	0x8
 260 00ab 04       		.byte	0x4
 261 00ac D4010000 		.4byte	.LASF15
 262 00b0 02       		.uleb128 0x2
 263 00b1 04       		.byte	0x4
 264 00b2 07       		.byte	0x7
 265 00b3 69000000 		.4byte	.LASF16
 266 00b7 03       		.uleb128 0x3
 267 00b8 BC010000 		.4byte	.LASF17
 268 00bc 05       		.byte	0x5
 269 00bd 9C       		.byte	0x9c
 270 00be 2C000000 		.4byte	0x2c
 271 00c2 08       		.uleb128 0x8
 272 00c3 01       		.byte	0x1
 273 00c4 25000000 		.4byte	0x25
 274 00c8 05       		.byte	0x5
 275 00c9 CF       		.byte	0xcf
 276 00ca 6B010000 		.4byte	0x16b
 277 00ce 09       		.uleb128 0x9
 278 00cf 1A000000 		.4byte	.LASF18
 279 00d3 00       		.byte	0
 280 00d4 0A       		.uleb128 0xa
 281 00d5 99040000 		.4byte	.LASF19
 282 00d9 7F       		.sleb128 -1
 283 00da 0A       		.uleb128 0xa
 284 00db E4020000 		.4byte	.LASF20
 285 00df 7E       		.sleb128 -2
 286 00e0 0A       		.uleb128 0xa
 287 00e1 72000000 		.4byte	.LASF21
 288 00e5 7D       		.sleb128 -3
 289 00e6 0A       		.uleb128 0xa
 290 00e7 A2040000 		.4byte	.LASF22
 291 00eb 7C       		.sleb128 -4
 292 00ec 0A       		.uleb128 0xa
 293 00ed DD000000 		.4byte	.LASF23
 294 00f1 7B       		.sleb128 -5
 295 00f2 0A       		.uleb128 0xa
 296 00f3 43000000 		.4byte	.LASF24
 297 00f7 7A       		.sleb128 -6
 298 00f8 0A       		.uleb128 0xa
 299 00f9 49010000 		.4byte	.LASF25
 300 00fd 79       		.sleb128 -7
ARM GAS  C:\Users\MATEOC~1.QUE\AppData\Local\Temp\ccLVsgDF.s 			page 8


 301 00fe 0A       		.uleb128 0xa
 302 00ff C2030000 		.4byte	.LASF26
 303 0103 78       		.sleb128 -8
 304 0104 0A       		.uleb128 0xa
 305 0105 F2020000 		.4byte	.LASF27
 306 0109 77       		.sleb128 -9
 307 010a 0A       		.uleb128 0xa
 308 010b 7F010000 		.4byte	.LASF28
 309 010f 76       		.sleb128 -10
 310 0110 0A       		.uleb128 0xa
 311 0111 B7040000 		.4byte	.LASF29
 312 0115 75       		.sleb128 -11
 313 0116 0A       		.uleb128 0xa
 314 0117 D6020000 		.4byte	.LASF30
 315 011b 74       		.sleb128 -12
 316 011c 0A       		.uleb128 0xa
 317 011d 0B040000 		.4byte	.LASF31
 318 0121 73       		.sleb128 -13
 319 0122 0A       		.uleb128 0xa
 320 0123 07000000 		.4byte	.LASF32
 321 0127 72       		.sleb128 -14
 322 0128 0A       		.uleb128 0xa
 323 0129 25000000 		.4byte	.LASF33
 324 012d 71       		.sleb128 -15
 325 012e 0A       		.uleb128 0xa
 326 012f 99010000 		.4byte	.LASF34
 327 0133 70       		.sleb128 -16
 328 0134 0A       		.uleb128 0xa
 329 0135 80000000 		.4byte	.LASF35
 330 0139 6F       		.sleb128 -17
 331 013a 0A       		.uleb128 0xa
 332 013b 54000000 		.4byte	.LASF36
 333 013f 6E       		.sleb128 -18
 334 0140 0A       		.uleb128 0xa
 335 0141 1C010000 		.4byte	.LASF37
 336 0145 6D       		.sleb128 -19
 337 0146 0A       		.uleb128 0xa
 338 0147 DF030000 		.4byte	.LASF38
 339 014b 6C       		.sleb128 -20
 340 014c 0A       		.uleb128 0xa
 341 014d AA010000 		.4byte	.LASF39
 342 0151 6B       		.sleb128 -21
 343 0152 0A       		.uleb128 0xa
 344 0153 67040000 		.4byte	.LASF40
 345 0157 6A       		.sleb128 -22
 346 0158 0A       		.uleb128 0xa
 347 0159 B5000000 		.4byte	.LASF41
 348 015d 69       		.sleb128 -23
 349 015e 0A       		.uleb128 0xa
 350 015f 2F010000 		.4byte	.LASF42
 351 0163 68       		.sleb128 -24
 352 0164 0A       		.uleb128 0xa
 353 0165 94000000 		.4byte	.LASF43
 354 0169 67       		.sleb128 -25
 355 016a 00       		.byte	0
 356 016b 03       		.uleb128 0x3
 357 016c B2040000 		.4byte	.LASF44
ARM GAS  C:\Users\MATEOC~1.QUE\AppData\Local\Temp\ccLVsgDF.s 			page 9


 358 0170 05       		.byte	0x5
 359 0171 EA       		.byte	0xea
 360 0172 C2000000 		.4byte	0xc2
 361 0176 0B       		.uleb128 0xb
 362 0177 08030000 		.4byte	.LASF62
 363 017b 01       		.byte	0x1
 364 017c 2C000000 		.4byte	0x2c
 365 0180 06       		.byte	0x6
 366 0181 59       		.byte	0x59
 367 0182 9F010000 		.4byte	0x19f
 368 0186 09       		.uleb128 0x9
 369 0187 43040000 		.4byte	.LASF45
 370 018b 00       		.byte	0
 371 018c 09       		.uleb128 0x9
 372 018d 4C040000 		.4byte	.LASF46
 373 0191 01       		.byte	0x1
 374 0192 09       		.uleb128 0x9
 375 0193 55040000 		.4byte	.LASF47
 376 0197 02       		.byte	0x2
 377 0198 09       		.uleb128 0x9
 378 0199 5E040000 		.4byte	.LASF48
 379 019d 03       		.byte	0x3
 380 019e 00       		.byte	0
 381 019f 03       		.uleb128 0x3
 382 01a0 8D010000 		.4byte	.LASF49
 383 01a4 06       		.byte	0x6
 384 01a5 5F       		.byte	0x5f
 385 01a6 76010000 		.4byte	0x176
 386 01aa 0C       		.uleb128 0xc
 387 01ab B1030000 		.4byte	.LASF50
 388 01af 01       		.byte	0x1
 389 01b0 3E       		.byte	0x3e
 390 01b1 6B010000 		.4byte	0x16b
 391 01b5 00000000 		.4byte	.LFB63
 392 01b9 10000000 		.4byte	.LFE63-.LFB63
 393 01bd 01       		.uleb128 0x1
 394 01be 9C       		.byte	0x9c
 395 01bf FF010000 		.4byte	0x1ff
 396 01c3 0D       		.uleb128 0xd
 397 01c4 AD000000 		.4byte	.LASF52
 398 01c8 01       		.byte	0x1
 399 01c9 3E       		.byte	0x3e
 400 01ca 96000000 		.4byte	0x96
 401 01ce 00000000 		.4byte	.LLST0
 402 01d2 0E       		.uleb128 0xe
 403 01d3 04000000 		.4byte	.LBB2
 404 01d7 04000000 		.4byte	.LBE2-.LBB2
 405 01db 0F       		.uleb128 0xf
 406 01dc 79040000 		.4byte	.LASF54
 407 01e0 01       		.byte	0x1
 408 01e1 43       		.byte	0x43
 409 01e2 68000000 		.4byte	0x68
 410 01e6 EC010000 		.4byte	0x1ec
 411 01ea 10       		.uleb128 0x10
 412 01eb 00       		.byte	0
 413 01ec 11       		.uleb128 0x11
 414 01ed 08000000 		.4byte	.LVL1
ARM GAS  C:\Users\MATEOC~1.QUE\AppData\Local\Temp\ccLVsgDF.s 			page 10


 415 01f1 BD020000 		.4byte	0x2bd
 416 01f5 12       		.uleb128 0x12
 417 01f6 01       		.uleb128 0x1
 418 01f7 50       		.byte	0x50
 419 01f8 03       		.uleb128 0x3
 420 01f9 F3       		.byte	0xf3
 421 01fa 01       		.uleb128 0x1
 422 01fb 50       		.byte	0x50
 423 01fc 00       		.byte	0
 424 01fd 00       		.byte	0
 425 01fe 00       		.byte	0
 426 01ff 0C       		.uleb128 0xc
 427 0200 CC000000 		.4byte	.LASF51
 428 0204 01       		.byte	0x1
 429 0205 4E       		.byte	0x4e
 430 0206 B7000000 		.4byte	0xb7
 431 020a 00000000 		.4byte	.LFB64
 432 020e 52000000 		.4byte	.LFE64-.LFB64
 433 0212 01       		.uleb128 0x1
 434 0213 9C       		.byte	0x9c
 435 0214 AC020000 		.4byte	0x2ac
 436 0218 0D       		.uleb128 0xd
 437 0219 78010000 		.4byte	.LASF53
 438 021d 01       		.byte	0x1
 439 021e 4E       		.byte	0x4e
 440 021f 9F010000 		.4byte	0x19f
 441 0223 3A000000 		.4byte	.LLST1
 442 0227 13       		.uleb128 0x13
 443 0228 00000000 		.4byte	.LASF63
 444 022c 01       		.byte	0x1
 445 022d 50       		.byte	0x50
 446 022e B7000000 		.4byte	0xb7
 447 0232 BF000000 		.4byte	.LLST2
 448 0236 14       		.uleb128 0x14
 449 0237 00000000 		.4byte	.Ldebug_ranges0+0
 450 023b 5A020000 		.4byte	0x25a
 451 023f 0F       		.uleb128 0xf
 452 0240 00010000 		.4byte	.LASF55
 453 0244 01       		.byte	0x1
 454 0245 54       		.byte	0x54
 455 0246 68000000 		.4byte	0x68
 456 024a 50020000 		.4byte	0x250
 457 024e 10       		.uleb128 0x10
 458 024f 00       		.byte	0
 459 0250 15       		.uleb128 0x15
 460 0251 12000000 		.4byte	.LVL6
 461 0255 C8020000 		.4byte	0x2c8
 462 0259 00       		.byte	0
 463 025a 14       		.uleb128 0x14
 464 025b 18000000 		.4byte	.Ldebug_ranges0+0x18
 465 025f 7E020000 		.4byte	0x27e
 466 0263 0F       		.uleb128 0xf
 467 0264 2B040000 		.4byte	.LASF56
 468 0268 01       		.byte	0x1
 469 0269 55       		.byte	0x55
 470 026a 68000000 		.4byte	0x68
 471 026e 74020000 		.4byte	0x274
ARM GAS  C:\Users\MATEOC~1.QUE\AppData\Local\Temp\ccLVsgDF.s 			page 11


 472 0272 10       		.uleb128 0x10
 473 0273 00       		.byte	0
 474 0274 15       		.uleb128 0x15
 475 0275 1E000000 		.4byte	.LVL8
 476 0279 D3020000 		.4byte	0x2d3
 477 027d 00       		.byte	0
 478 027e 14       		.uleb128 0x14
 479 027f 30000000 		.4byte	.Ldebug_ranges0+0x30
 480 0283 A2020000 		.4byte	0x2a2
 481 0287 0F       		.uleb128 0xf
 482 0288 1D040000 		.4byte	.LASF57
 483 028c 01       		.byte	0x1
 484 028d 57       		.byte	0x57
 485 028e 68000000 		.4byte	0x68
 486 0292 98020000 		.4byte	0x298
 487 0296 10       		.uleb128 0x10
 488 0297 00       		.byte	0
 489 0298 15       		.uleb128 0x15
 490 0299 36000000 		.4byte	.LVL12
 491 029d DE020000 		.4byte	0x2de
 492 02a1 00       		.byte	0
 493 02a2 15       		.uleb128 0x15
 494 02a3 2A000000 		.4byte	.LVL10
 495 02a7 E9020000 		.4byte	0x2e9
 496 02ab 00       		.byte	0
 497 02ac 16       		.uleb128 0x16
 498 02ad 8C040000 		.4byte	.LASF64
 499 02b1 08       		.byte	0x8
 500 02b2 1207     		.2byte	0x712
 501 02b4 B8020000 		.4byte	0x2b8
 502 02b8 17       		.uleb128 0x17
 503 02b9 76000000 		.4byte	0x76
 504 02bd 18       		.uleb128 0x18
 505 02be 79040000 		.4byte	.LASF54
 506 02c2 79040000 		.4byte	.LASF54
 507 02c6 01       		.byte	0x1
 508 02c7 43       		.byte	0x43
 509 02c8 18       		.uleb128 0x18
 510 02c9 00010000 		.4byte	.LASF55
 511 02cd 00010000 		.4byte	.LASF55
 512 02d1 01       		.byte	0x1
 513 02d2 54       		.byte	0x54
 514 02d3 18       		.uleb128 0x18
 515 02d4 2B040000 		.4byte	.LASF56
 516 02d8 2B040000 		.4byte	.LASF56
 517 02dc 01       		.byte	0x1
 518 02dd 55       		.byte	0x55
 519 02de 18       		.uleb128 0x18
 520 02df 1D040000 		.4byte	.LASF57
 521 02e3 1D040000 		.4byte	.LASF57
 522 02e7 01       		.byte	0x1
 523 02e8 57       		.byte	0x57
 524 02e9 18       		.uleb128 0x18
 525 02ea EC000000 		.4byte	.LASF58
 526 02ee EC000000 		.4byte	.LASF58
 527 02f2 07       		.byte	0x7
 528 02f3 29       		.byte	0x29
ARM GAS  C:\Users\MATEOC~1.QUE\AppData\Local\Temp\ccLVsgDF.s 			page 12


 529 02f4 00       		.byte	0
 530              		.section	.debug_abbrev,"",%progbits
 531              	.Ldebug_abbrev0:
 532 0000 01       		.uleb128 0x1
 533 0001 11       		.uleb128 0x11
 534 0002 01       		.byte	0x1
 535 0003 25       		.uleb128 0x25
 536 0004 0E       		.uleb128 0xe
 537 0005 13       		.uleb128 0x13
 538 0006 0B       		.uleb128 0xb
 539 0007 03       		.uleb128 0x3
 540 0008 0E       		.uleb128 0xe
 541 0009 1B       		.uleb128 0x1b
 542 000a 0E       		.uleb128 0xe
 543 000b 55       		.uleb128 0x55
 544 000c 17       		.uleb128 0x17
 545 000d 11       		.uleb128 0x11
 546 000e 01       		.uleb128 0x1
 547 000f 10       		.uleb128 0x10
 548 0010 17       		.uleb128 0x17
 549 0011 00       		.byte	0
 550 0012 00       		.byte	0
 551 0013 02       		.uleb128 0x2
 552 0014 24       		.uleb128 0x24
 553 0015 00       		.byte	0
 554 0016 0B       		.uleb128 0xb
 555 0017 0B       		.uleb128 0xb
 556 0018 3E       		.uleb128 0x3e
 557 0019 0B       		.uleb128 0xb
 558 001a 03       		.uleb128 0x3
 559 001b 0E       		.uleb128 0xe
 560 001c 00       		.byte	0
 561 001d 00       		.byte	0
 562 001e 03       		.uleb128 0x3
 563 001f 16       		.uleb128 0x16
 564 0020 00       		.byte	0
 565 0021 03       		.uleb128 0x3
 566 0022 0E       		.uleb128 0xe
 567 0023 3A       		.uleb128 0x3a
 568 0024 0B       		.uleb128 0xb
 569 0025 3B       		.uleb128 0x3b
 570 0026 0B       		.uleb128 0xb
 571 0027 49       		.uleb128 0x49
 572 0028 13       		.uleb128 0x13
 573 0029 00       		.byte	0
 574 002a 00       		.byte	0
 575 002b 04       		.uleb128 0x4
 576 002c 24       		.uleb128 0x24
 577 002d 00       		.byte	0
 578 002e 0B       		.uleb128 0xb
 579 002f 0B       		.uleb128 0xb
 580 0030 3E       		.uleb128 0x3e
 581 0031 0B       		.uleb128 0xb
 582 0032 03       		.uleb128 0x3
 583 0033 08       		.uleb128 0x8
 584 0034 00       		.byte	0
 585 0035 00       		.byte	0
ARM GAS  C:\Users\MATEOC~1.QUE\AppData\Local\Temp\ccLVsgDF.s 			page 13


 586 0036 05       		.uleb128 0x5
 587 0037 16       		.uleb128 0x16
 588 0038 00       		.byte	0
 589 0039 03       		.uleb128 0x3
 590 003a 0E       		.uleb128 0xe
 591 003b 3A       		.uleb128 0x3a
 592 003c 0B       		.uleb128 0xb
 593 003d 3B       		.uleb128 0x3b
 594 003e 05       		.uleb128 0x5
 595 003f 49       		.uleb128 0x49
 596 0040 13       		.uleb128 0x13
 597 0041 00       		.byte	0
 598 0042 00       		.byte	0
 599 0043 06       		.uleb128 0x6
 600 0044 0F       		.uleb128 0xf
 601 0045 00       		.byte	0
 602 0046 0B       		.uleb128 0xb
 603 0047 0B       		.uleb128 0xb
 604 0048 49       		.uleb128 0x49
 605 0049 13       		.uleb128 0x13
 606 004a 00       		.byte	0
 607 004b 00       		.byte	0
 608 004c 07       		.uleb128 0x7
 609 004d 15       		.uleb128 0x15
 610 004e 00       		.byte	0
 611 004f 27       		.uleb128 0x27
 612 0050 19       		.uleb128 0x19
 613 0051 00       		.byte	0
 614 0052 00       		.byte	0
 615 0053 08       		.uleb128 0x8
 616 0054 04       		.uleb128 0x4
 617 0055 01       		.byte	0x1
 618 0056 0B       		.uleb128 0xb
 619 0057 0B       		.uleb128 0xb
 620 0058 49       		.uleb128 0x49
 621 0059 13       		.uleb128 0x13
 622 005a 3A       		.uleb128 0x3a
 623 005b 0B       		.uleb128 0xb
 624 005c 3B       		.uleb128 0x3b
 625 005d 0B       		.uleb128 0xb
 626 005e 01       		.uleb128 0x1
 627 005f 13       		.uleb128 0x13
 628 0060 00       		.byte	0
 629 0061 00       		.byte	0
 630 0062 09       		.uleb128 0x9
 631 0063 28       		.uleb128 0x28
 632 0064 00       		.byte	0
 633 0065 03       		.uleb128 0x3
 634 0066 0E       		.uleb128 0xe
 635 0067 1C       		.uleb128 0x1c
 636 0068 0B       		.uleb128 0xb
 637 0069 00       		.byte	0
 638 006a 00       		.byte	0
 639 006b 0A       		.uleb128 0xa
 640 006c 28       		.uleb128 0x28
 641 006d 00       		.byte	0
 642 006e 03       		.uleb128 0x3
ARM GAS  C:\Users\MATEOC~1.QUE\AppData\Local\Temp\ccLVsgDF.s 			page 14


 643 006f 0E       		.uleb128 0xe
 644 0070 1C       		.uleb128 0x1c
 645 0071 0D       		.uleb128 0xd
 646 0072 00       		.byte	0
 647 0073 00       		.byte	0
 648 0074 0B       		.uleb128 0xb
 649 0075 04       		.uleb128 0x4
 650 0076 01       		.byte	0x1
 651 0077 03       		.uleb128 0x3
 652 0078 0E       		.uleb128 0xe
 653 0079 0B       		.uleb128 0xb
 654 007a 0B       		.uleb128 0xb
 655 007b 49       		.uleb128 0x49
 656 007c 13       		.uleb128 0x13
 657 007d 3A       		.uleb128 0x3a
 658 007e 0B       		.uleb128 0xb
 659 007f 3B       		.uleb128 0x3b
 660 0080 0B       		.uleb128 0xb
 661 0081 01       		.uleb128 0x1
 662 0082 13       		.uleb128 0x13
 663 0083 00       		.byte	0
 664 0084 00       		.byte	0
 665 0085 0C       		.uleb128 0xc
 666 0086 2E       		.uleb128 0x2e
 667 0087 01       		.byte	0x1
 668 0088 3F       		.uleb128 0x3f
 669 0089 19       		.uleb128 0x19
 670 008a 03       		.uleb128 0x3
 671 008b 0E       		.uleb128 0xe
 672 008c 3A       		.uleb128 0x3a
 673 008d 0B       		.uleb128 0xb
 674 008e 3B       		.uleb128 0x3b
 675 008f 0B       		.uleb128 0xb
 676 0090 27       		.uleb128 0x27
 677 0091 19       		.uleb128 0x19
 678 0092 49       		.uleb128 0x49
 679 0093 13       		.uleb128 0x13
 680 0094 11       		.uleb128 0x11
 681 0095 01       		.uleb128 0x1
 682 0096 12       		.uleb128 0x12
 683 0097 06       		.uleb128 0x6
 684 0098 40       		.uleb128 0x40
 685 0099 18       		.uleb128 0x18
 686 009a 9742     		.uleb128 0x2117
 687 009c 19       		.uleb128 0x19
 688 009d 01       		.uleb128 0x1
 689 009e 13       		.uleb128 0x13
 690 009f 00       		.byte	0
 691 00a0 00       		.byte	0
 692 00a1 0D       		.uleb128 0xd
 693 00a2 05       		.uleb128 0x5
 694 00a3 00       		.byte	0
 695 00a4 03       		.uleb128 0x3
 696 00a5 0E       		.uleb128 0xe
 697 00a6 3A       		.uleb128 0x3a
 698 00a7 0B       		.uleb128 0xb
 699 00a8 3B       		.uleb128 0x3b
ARM GAS  C:\Users\MATEOC~1.QUE\AppData\Local\Temp\ccLVsgDF.s 			page 15


 700 00a9 0B       		.uleb128 0xb
 701 00aa 49       		.uleb128 0x49
 702 00ab 13       		.uleb128 0x13
 703 00ac 02       		.uleb128 0x2
 704 00ad 17       		.uleb128 0x17
 705 00ae 00       		.byte	0
 706 00af 00       		.byte	0
 707 00b0 0E       		.uleb128 0xe
 708 00b1 0B       		.uleb128 0xb
 709 00b2 01       		.byte	0x1
 710 00b3 11       		.uleb128 0x11
 711 00b4 01       		.uleb128 0x1
 712 00b5 12       		.uleb128 0x12
 713 00b6 06       		.uleb128 0x6
 714 00b7 00       		.byte	0
 715 00b8 00       		.byte	0
 716 00b9 0F       		.uleb128 0xf
 717 00ba 2E       		.uleb128 0x2e
 718 00bb 01       		.byte	0x1
 719 00bc 3F       		.uleb128 0x3f
 720 00bd 19       		.uleb128 0x19
 721 00be 03       		.uleb128 0x3
 722 00bf 0E       		.uleb128 0xe
 723 00c0 3A       		.uleb128 0x3a
 724 00c1 0B       		.uleb128 0xb
 725 00c2 3B       		.uleb128 0x3b
 726 00c3 0B       		.uleb128 0xb
 727 00c4 49       		.uleb128 0x49
 728 00c5 13       		.uleb128 0x13
 729 00c6 3C       		.uleb128 0x3c
 730 00c7 19       		.uleb128 0x19
 731 00c8 01       		.uleb128 0x1
 732 00c9 13       		.uleb128 0x13
 733 00ca 00       		.byte	0
 734 00cb 00       		.byte	0
 735 00cc 10       		.uleb128 0x10
 736 00cd 18       		.uleb128 0x18
 737 00ce 00       		.byte	0
 738 00cf 00       		.byte	0
 739 00d0 00       		.byte	0
 740 00d1 11       		.uleb128 0x11
 741 00d2 898201   		.uleb128 0x4109
 742 00d5 01       		.byte	0x1
 743 00d6 11       		.uleb128 0x11
 744 00d7 01       		.uleb128 0x1
 745 00d8 31       		.uleb128 0x31
 746 00d9 13       		.uleb128 0x13
 747 00da 00       		.byte	0
 748 00db 00       		.byte	0
 749 00dc 12       		.uleb128 0x12
 750 00dd 8A8201   		.uleb128 0x410a
 751 00e0 00       		.byte	0
 752 00e1 02       		.uleb128 0x2
 753 00e2 18       		.uleb128 0x18
 754 00e3 9142     		.uleb128 0x2111
 755 00e5 18       		.uleb128 0x18
 756 00e6 00       		.byte	0
ARM GAS  C:\Users\MATEOC~1.QUE\AppData\Local\Temp\ccLVsgDF.s 			page 16


 757 00e7 00       		.byte	0
 758 00e8 13       		.uleb128 0x13
 759 00e9 34       		.uleb128 0x34
 760 00ea 00       		.byte	0
 761 00eb 03       		.uleb128 0x3
 762 00ec 0E       		.uleb128 0xe
 763 00ed 3A       		.uleb128 0x3a
 764 00ee 0B       		.uleb128 0xb
 765 00ef 3B       		.uleb128 0x3b
 766 00f0 0B       		.uleb128 0xb
 767 00f1 49       		.uleb128 0x49
 768 00f2 13       		.uleb128 0x13
 769 00f3 02       		.uleb128 0x2
 770 00f4 17       		.uleb128 0x17
 771 00f5 00       		.byte	0
 772 00f6 00       		.byte	0
 773 00f7 14       		.uleb128 0x14
 774 00f8 0B       		.uleb128 0xb
 775 00f9 01       		.byte	0x1
 776 00fa 55       		.uleb128 0x55
 777 00fb 17       		.uleb128 0x17
 778 00fc 01       		.uleb128 0x1
 779 00fd 13       		.uleb128 0x13
 780 00fe 00       		.byte	0
 781 00ff 00       		.byte	0
 782 0100 15       		.uleb128 0x15
 783 0101 898201   		.uleb128 0x4109
 784 0104 00       		.byte	0
 785 0105 11       		.uleb128 0x11
 786 0106 01       		.uleb128 0x1
 787 0107 31       		.uleb128 0x31
 788 0108 13       		.uleb128 0x13
 789 0109 00       		.byte	0
 790 010a 00       		.byte	0
 791 010b 16       		.uleb128 0x16
 792 010c 34       		.uleb128 0x34
 793 010d 00       		.byte	0
 794 010e 03       		.uleb128 0x3
 795 010f 0E       		.uleb128 0xe
 796 0110 3A       		.uleb128 0x3a
 797 0111 0B       		.uleb128 0xb
 798 0112 3B       		.uleb128 0x3b
 799 0113 05       		.uleb128 0x5
 800 0114 49       		.uleb128 0x49
 801 0115 13       		.uleb128 0x13
 802 0116 3F       		.uleb128 0x3f
 803 0117 19       		.uleb128 0x19
 804 0118 3C       		.uleb128 0x3c
 805 0119 19       		.uleb128 0x19
 806 011a 00       		.byte	0
 807 011b 00       		.byte	0
 808 011c 17       		.uleb128 0x17
 809 011d 35       		.uleb128 0x35
 810 011e 00       		.byte	0
 811 011f 49       		.uleb128 0x49
 812 0120 13       		.uleb128 0x13
 813 0121 00       		.byte	0
ARM GAS  C:\Users\MATEOC~1.QUE\AppData\Local\Temp\ccLVsgDF.s 			page 17


 814 0122 00       		.byte	0
 815 0123 18       		.uleb128 0x18
 816 0124 2E       		.uleb128 0x2e
 817 0125 00       		.byte	0
 818 0126 3F       		.uleb128 0x3f
 819 0127 19       		.uleb128 0x19
 820 0128 3C       		.uleb128 0x3c
 821 0129 19       		.uleb128 0x19
 822 012a 6E       		.uleb128 0x6e
 823 012b 0E       		.uleb128 0xe
 824 012c 03       		.uleb128 0x3
 825 012d 0E       		.uleb128 0xe
 826 012e 3A       		.uleb128 0x3a
 827 012f 0B       		.uleb128 0xb
 828 0130 3B       		.uleb128 0x3b
 829 0131 0B       		.uleb128 0xb
 830 0132 00       		.byte	0
 831 0133 00       		.byte	0
 832 0134 00       		.byte	0
 833              		.section	.debug_loc,"",%progbits
 834              	.Ldebug_loc0:
 835              	.LLST0:
 836 0000 00000000 		.4byte	.LVL0
 837 0004 07000000 		.4byte	.LVL1-1
 838 0008 0100     		.2byte	0x1
 839 000a 50       		.byte	0x50
 840 000b 07000000 		.4byte	.LVL1-1
 841 000f 0C000000 		.4byte	.LVL2
 842 0013 0400     		.2byte	0x4
 843 0015 F3       		.byte	0xf3
 844 0016 01       		.uleb128 0x1
 845 0017 50       		.byte	0x50
 846 0018 9F       		.byte	0x9f
 847 0019 0C000000 		.4byte	.LVL2
 848 001d 0E000000 		.4byte	.LVL3
 849 0021 0100     		.2byte	0x1
 850 0023 50       		.byte	0x50
 851 0024 0E000000 		.4byte	.LVL3
 852 0028 10000000 		.4byte	.LFE63
 853 002c 0400     		.2byte	0x4
 854 002e F3       		.byte	0xf3
 855 002f 01       		.uleb128 0x1
 856 0030 50       		.byte	0x50
 857 0031 9F       		.byte	0x9f
 858 0032 00000000 		.4byte	0
 859 0036 00000000 		.4byte	0
 860              	.LLST1:
 861 003a 00000000 		.4byte	.LVL4
 862 003e 11000000 		.4byte	.LVL6-1
 863 0042 0100     		.2byte	0x1
 864 0044 50       		.byte	0x50
 865 0045 11000000 		.4byte	.LVL6-1
 866 0049 1A000000 		.4byte	.LVL7
 867 004d 0400     		.2byte	0x4
 868 004f F3       		.byte	0xf3
 869 0050 01       		.uleb128 0x1
 870 0051 50       		.byte	0x50
ARM GAS  C:\Users\MATEOC~1.QUE\AppData\Local\Temp\ccLVsgDF.s 			page 18


 871 0052 9F       		.byte	0x9f
 872 0053 1A000000 		.4byte	.LVL7
 873 0057 1D000000 		.4byte	.LVL8-1
 874 005b 0100     		.2byte	0x1
 875 005d 50       		.byte	0x50
 876 005e 1D000000 		.4byte	.LVL8-1
 877 0062 26000000 		.4byte	.LVL9
 878 0066 0400     		.2byte	0x4
 879 0068 F3       		.byte	0xf3
 880 0069 01       		.uleb128 0x1
 881 006a 50       		.byte	0x50
 882 006b 9F       		.byte	0x9f
 883 006c 26000000 		.4byte	.LVL9
 884 0070 29000000 		.4byte	.LVL10-1
 885 0074 0100     		.2byte	0x1
 886 0076 50       		.byte	0x50
 887 0077 29000000 		.4byte	.LVL10-1
 888 007b 32000000 		.4byte	.LVL11
 889 007f 0400     		.2byte	0x4
 890 0081 F3       		.byte	0xf3
 891 0082 01       		.uleb128 0x1
 892 0083 50       		.byte	0x50
 893 0084 9F       		.byte	0x9f
 894 0085 32000000 		.4byte	.LVL11
 895 0089 35000000 		.4byte	.LVL12-1
 896 008d 0100     		.2byte	0x1
 897 008f 50       		.byte	0x50
 898 0090 35000000 		.4byte	.LVL12-1
 899 0094 3E000000 		.4byte	.LVL13
 900 0098 0400     		.2byte	0x4
 901 009a F3       		.byte	0xf3
 902 009b 01       		.uleb128 0x1
 903 009c 50       		.byte	0x50
 904 009d 9F       		.byte	0x9f
 905 009e 3E000000 		.4byte	.LVL13
 906 00a2 40000000 		.4byte	.LVL14
 907 00a6 0100     		.2byte	0x1
 908 00a8 50       		.byte	0x50
 909 00a9 40000000 		.4byte	.LVL14
 910 00ad 52000000 		.4byte	.LFE64
 911 00b1 0400     		.2byte	0x4
 912 00b3 F3       		.byte	0xf3
 913 00b4 01       		.uleb128 0x1
 914 00b5 50       		.byte	0x50
 915 00b6 9F       		.byte	0x9f
 916 00b7 00000000 		.4byte	0
 917 00bb 00000000 		.4byte	0
 918              	.LLST2:
 919 00bf 02000000 		.4byte	.LVL5
 920 00c3 50000000 		.4byte	.LVL15
 921 00c7 0200     		.2byte	0x2
 922 00c9 30       		.byte	0x30
 923 00ca 9F       		.byte	0x9f
 924 00cb 50000000 		.4byte	.LVL15
 925 00cf 52000000 		.4byte	.LFE64
 926 00d3 0100     		.2byte	0x1
 927 00d5 50       		.byte	0x50
ARM GAS  C:\Users\MATEOC~1.QUE\AppData\Local\Temp\ccLVsgDF.s 			page 19


 928 00d6 00000000 		.4byte	0
 929 00da 00000000 		.4byte	0
 930              		.section	.debug_aranges,"",%progbits
 931 0000 24000000 		.4byte	0x24
 932 0004 0200     		.2byte	0x2
 933 0006 00000000 		.4byte	.Ldebug_info0
 934 000a 04       		.byte	0x4
 935 000b 00       		.byte	0
 936 000c 0000     		.2byte	0
 937 000e 0000     		.2byte	0
 938 0010 00000000 		.4byte	.LFB63
 939 0014 10000000 		.4byte	.LFE63-.LFB63
 940 0018 00000000 		.4byte	.LFB64
 941 001c 52000000 		.4byte	.LFE64-.LFB64
 942 0020 00000000 		.4byte	0
 943 0024 00000000 		.4byte	0
 944              		.section	.debug_ranges,"",%progbits
 945              	.Ldebug_ranges0:
 946 0000 0E000000 		.4byte	.LBB3
 947 0004 16000000 		.4byte	.LBE3
 948 0008 42000000 		.4byte	.LBB6
 949 000c 46000000 		.4byte	.LBE6
 950 0010 00000000 		.4byte	0
 951 0014 00000000 		.4byte	0
 952 0018 1A000000 		.4byte	.LBB4
 953 001c 22000000 		.4byte	.LBE4
 954 0020 46000000 		.4byte	.LBB7
 955 0024 4A000000 		.4byte	.LBE7
 956 0028 00000000 		.4byte	0
 957 002c 00000000 		.4byte	0
 958 0030 32000000 		.4byte	.LBB5
 959 0034 3A000000 		.4byte	.LBE5
 960 0038 4E000000 		.4byte	.LBB8
 961 003c 50000000 		.4byte	.LBE8
 962 0040 00000000 		.4byte	0
 963 0044 00000000 		.4byte	0
 964 0048 00000000 		.4byte	.LFB63
 965 004c 10000000 		.4byte	.LFE63
 966 0050 00000000 		.4byte	.LFB64
 967 0054 52000000 		.4byte	.LFE64
 968 0058 00000000 		.4byte	0
 969 005c 00000000 		.4byte	0
 970              		.section	.debug_line,"",%progbits
 971              	.Ldebug_line0:
 972 0000 D0010000 		.section	.debug_str,"MS",%progbits,1
 972      02009501 
 972      00000201 
 972      FB0E0D00 
 972      01010101 
 973              	.LASF63:
 974 0000 72657375 		.ascii	"result\000"
 974      6C7400
 975              	.LASF32:
 976 0007 52435F45 		.ascii	"RC_ERROR_READ_ONLY\000"
 976      52524F52 
 976      5F524541 
 976      445F4F4E 
ARM GAS  C:\Users\MATEOC~1.QUE\AppData\Local\Temp\ccLVsgDF.s 			page 20


 976      4C5900
 977              	.LASF18:
 978 001a 52435F53 		.ascii	"RC_SUCCESS\000"
 978      55434345 
 978      535300
 979              	.LASF33:
 980 0025 52435F45 		.ascii	"RC_ERROR_WRITE_ONLY\000"
 980      52524F52 
 980      5F575249 
 980      54455F4F 
 980      4E4C5900 
 981              	.LASF2:
 982 0039 73686F72 		.ascii	"short int\000"
 982      7420696E 
 982      7400
 983              	.LASF24:
 984 0043 52435F45 		.ascii	"RC_ERROR_OVERRUN\000"
 984      52524F52 
 984      5F4F5645 
 984      5252554E 
 984      00
 985              	.LASF36:
 986 0054 52435F45 		.ascii	"RC_ERROR_WRITE_FAILS\000"
 986      52524F52 
 986      5F575249 
 986      54455F46 
 986      41494C53 
 987              	.LASF16:
 988 0069 73697A65 		.ascii	"sizetype\000"
 988      74797065 
 988      00
 989              	.LASF21:
 990 0072 52435F45 		.ascii	"RC_ERROR_ZERO\000"
 990      52524F52 
 990      5F5A4552 
 990      4F00
 991              	.LASF35:
 992 0080 52435F45 		.ascii	"RC_ERROR_READ_FAILS\000"
 992      52524F52 
 992      5F524541 
 992      445F4641 
 992      494C5300 
 993              	.LASF43:
 994 0094 52435F45 		.ascii	"RC_ERROR_NOT_IMPLEMENTED\000"
 994      52524F52 
 994      5F4E4F54 
 994      5F494D50 
 994      4C454D45 
 995              	.LASF52:
 996 00ad 61646472 		.ascii	"address\000"
 996      65737300 
 997              	.LASF41:
 998 00b5 52435F45 		.ascii	"RC_ERROR_INVALID_STATE\000"
 998      52524F52 
 998      5F494E56 
 998      414C4944 
 998      5F535441 
ARM GAS  C:\Users\MATEOC~1.QUE\AppData\Local\Temp\ccLVsgDF.s 			page 21


 999              	.LASF51:
 1000 00cc 42555454 		.ascii	"BUTTON_IsPressed\000"
 1000      4F4E5F49 
 1000      73507265 
 1000      73736564 
 1000      00
 1001              	.LASF23:
 1002 00dd 52435F45 		.ascii	"RC_ERROR_RANGE\000"
 1002      52524F52 
 1002      5F52414E 
 1002      474500
 1003              	.LASF58:
 1004 00ec 42555454 		.ascii	"BUTTON_3_Read\000"
 1004      4F4E5F33 
 1004      5F526561 
 1004      6400
 1005              	.LASF11:
 1006 00fa 666C6F61 		.ascii	"float\000"
 1006      7400
 1007              	.LASF55:
 1008 0100 42555454 		.ascii	"BUTTON_1_Read\000"
 1008      4F4E5F31 
 1008      5F526561 
 1008      6400
 1009              	.LASF6:
 1010 010e 6C6F6E67 		.ascii	"long long int\000"
 1010      206C6F6E 
 1010      6720696E 
 1010      7400
 1011              	.LASF37:
 1012 011c 52435F45 		.ascii	"RC_ERROR_NOT_MATCH\000"
 1012      52524F52 
 1012      5F4E4F54 
 1012      5F4D4154 
 1012      434800
 1013              	.LASF42:
 1014 012f 52435F45 		.ascii	"RC_ERROR_UNKNOWN\000"
 1014      52524F52 
 1014      5F554E4B 
 1014      4E4F574E 
 1014      00
 1015              	.LASF4:
 1016 0140 6C6F6E67 		.ascii	"long int\000"
 1016      20696E74 
 1016      00
 1017              	.LASF25:
 1018 0149 52435F45 		.ascii	"RC_ERROR_UNDERRUN\000"
 1018      52524F52 
 1018      5F554E44 
 1018      45525255 
 1018      4E00
 1019              	.LASF60:
 1020 015b 736F7572 		.ascii	"source\\bsw\\LabBoard\\button.c\000"
 1020      63655C62 
 1020      73775C4C 
 1020      6162426F 
 1020      6172645C 
ARM GAS  C:\Users\MATEOC~1.QUE\AppData\Local\Temp\ccLVsgDF.s 			page 22


 1021              	.LASF53:
 1022 0178 62757474 		.ascii	"button\000"
 1022      6F6E00
 1023              	.LASF28:
 1024 017f 52435F45 		.ascii	"RC_ERROR_BUSY\000"
 1024      52524F52 
 1024      5F425553 
 1024      5900
 1025              	.LASF49:
 1026 018d 42555454 		.ascii	"BUTTON_id_t\000"
 1026      4F4E5F69 
 1026      645F7400 
 1027              	.LASF34:
 1028 0199 52435F45 		.ascii	"RC_ERROR_INVALID\000"
 1028      52524F52 
 1028      5F494E56 
 1028      414C4944 
 1028      00
 1029              	.LASF39:
 1030 01aa 52435F45 		.ascii	"RC_ERROR_BAD_DATA\000"
 1030      52524F52 
 1030      5F424144 
 1030      5F444154 
 1030      4100
 1031              	.LASF17:
 1032 01bc 626F6F6C 		.ascii	"boolean_t\000"
 1032      65616E5F 
 1032      7400
 1033              	.LASF1:
 1034 01c6 756E7369 		.ascii	"unsigned char\000"
 1034      676E6564 
 1034      20636861 
 1034      7200
 1035              	.LASF15:
 1036 01d4 6C6F6E67 		.ascii	"long double\000"
 1036      20646F75 
 1036      626C6500 
 1037              	.LASF14:
 1038 01e0 63796973 		.ascii	"cyisraddress\000"
 1038      72616464 
 1038      72657373 
 1038      00
 1039              	.LASF0:
 1040 01ed 7369676E 		.ascii	"signed char\000"
 1040      65642063 
 1040      68617200 
 1041              	.LASF7:
 1042 01f9 6C6F6E67 		.ascii	"long long unsigned int\000"
 1042      206C6F6E 
 1042      6720756E 
 1042      7369676E 
 1042      65642069 
 1043              	.LASF61:
 1044 0210 433A5C55 		.ascii	"C:\\Users\\Mateo C. Querol\\OneDrive\\University\\D"
 1044      73657273 
 1044      5C4D6174 
 1044      656F2043 
ARM GAS  C:\Users\MATEOC~1.QUE\AppData\Local\Temp\ccLVsgDF.s 			page 23


 1044      2E205175 
 1045 023e 61726D73 		.ascii	"armstadt\\Advanced Microcontroller Systems and Embe"
 1045      74616474 
 1045      5C416476 
 1045      616E6365 
 1045      64204D69 
 1046 0270 64646564 		.ascii	"dded Operating systems\\Embedded Operating Systems\\"
 1046      204F7065 
 1046      72617469 
 1046      6E672073 
 1046      79737465 
 1047 02a2 576F726B 		.ascii	"Workbook\\1.2_lets_press_a_button.cydsn\000"
 1047      626F6F6B 
 1047      5C312E32 
 1047      5F6C6574 
 1047      735F7072 
 1048              	.LASF8:
 1049 02c9 756E7369 		.ascii	"unsigned int\000"
 1049      676E6564 
 1049      20696E74 
 1049      00
 1050              	.LASF30:
 1051 02d6 52435F45 		.ascii	"RC_ERROR_OPEN\000"
 1051      52524F52 
 1051      5F4F5045 
 1051      4E00
 1052              	.LASF20:
 1053 02e4 52435F45 		.ascii	"RC_ERROR_NULL\000"
 1053      52524F52 
 1053      5F4E554C 
 1053      4C00
 1054              	.LASF27:
 1055 02f2 52435F45 		.ascii	"RC_ERROR_BUFFER_EMTPY\000"
 1055      52524F52 
 1055      5F425546 
 1055      4645525F 
 1055      454D5450 
 1056              	.LASF62:
 1057 0308 65427574 		.ascii	"eButton\000"
 1057      746F6E00 
 1058              	.LASF3:
 1059 0310 73686F72 		.ascii	"short unsigned int\000"
 1059      7420756E 
 1059      7369676E 
 1059      65642069 
 1059      6E7400
 1060              	.LASF59:
 1061 0323 474E5520 		.ascii	"GNU C11 5.4.1 20160609 (release) [ARM/embedded-5-br"
 1061      43313120 
 1061      352E342E 
 1061      31203230 
 1061      31363036 
 1062 0356 616E6368 		.ascii	"anch revision 237715] -mcpu=cortex-m3 -mthumb -g -O"
 1062      20726576 
 1062      6973696F 
 1062      6E203233 
 1062      37373135 
ARM GAS  C:\Users\MATEOC~1.QUE\AppData\Local\Temp\ccLVsgDF.s 			page 24


 1063 0389 67202D66 		.ascii	"g -ffunction-sections -ffat-lto-objects\000"
 1063      66756E63 
 1063      74696F6E 
 1063      2D736563 
 1063      74696F6E 
 1064              	.LASF50:
 1065 03b1 42555454 		.ascii	"BUTTON_Init\000"
 1065      4F4E5F49 
 1065      6E697400 
 1066              	.LASF13:
 1067 03bd 63686172 		.ascii	"char\000"
 1067      00
 1068              	.LASF26:
 1069 03c2 52435F45 		.ascii	"RC_ERROR_BUFFER_FULL\000"
 1069      52524F52 
 1069      5F425546 
 1069      4645525F 
 1069      46554C4C 
 1070              	.LASF10:
 1071 03d7 696E7433 		.ascii	"int32_t\000"
 1071      325F7400 
 1072              	.LASF38:
 1073 03df 52435F45 		.ascii	"RC_ERROR_BAD_PARAM\000"
 1073      52524F52 
 1073      5F424144 
 1073      5F504152 
 1073      414D00
 1074              	.LASF5:
 1075 03f2 6C6F6E67 		.ascii	"long unsigned int\000"
 1075      20756E73 
 1075      69676E65 
 1075      6420696E 
 1075      7400
 1076              	.LASF12:
 1077 0404 646F7562 		.ascii	"double\000"
 1077      6C6500
 1078              	.LASF31:
 1079 040b 52435F45 		.ascii	"RC_ERROR_CHECKSUM\000"
 1079      52524F52 
 1079      5F434845 
 1079      434B5355 
 1079      4D00
 1080              	.LASF57:
 1081 041d 42555454 		.ascii	"BUTTON_4_Read\000"
 1081      4F4E5F34 
 1081      5F526561 
 1081      6400
 1082              	.LASF56:
 1083 042b 42555454 		.ascii	"BUTTON_2_Read\000"
 1083      4F4E5F32 
 1083      5F526561 
 1083      6400
 1084              	.LASF9:
 1085 0439 5F5F696E 		.ascii	"__int32_t\000"
 1085      7433325F 
 1085      7400
 1086              	.LASF45:
ARM GAS  C:\Users\MATEOC~1.QUE\AppData\Local\Temp\ccLVsgDF.s 			page 25


 1087 0443 42555454 		.ascii	"BUTTON_1\000"
 1087      4F4E5F31 
 1087      00
 1088              	.LASF46:
 1089 044c 42555454 		.ascii	"BUTTON_2\000"
 1089      4F4E5F32 
 1089      00
 1090              	.LASF47:
 1091 0455 42555454 		.ascii	"BUTTON_3\000"
 1091      4F4E5F33 
 1091      00
 1092              	.LASF48:
 1093 045e 42555454 		.ascii	"BUTTON_4\000"
 1093      4F4E5F34 
 1093      00
 1094              	.LASF40:
 1095 0467 52435F45 		.ascii	"RC_ERROR_CANCELED\000"
 1095      52524F52 
 1095      5F43414E 
 1095      43454C45 
 1095      4400
 1096              	.LASF54:
 1097 0479 6973725F 		.ascii	"isr_Button_StartEx\000"
 1097      42757474 
 1097      6F6E5F53 
 1097      74617274 
 1097      457800
 1098              	.LASF64:
 1099 048c 49544D5F 		.ascii	"ITM_RxBuffer\000"
 1099      52784275 
 1099      66666572 
 1099      00
 1100              	.LASF19:
 1101 0499 52435F45 		.ascii	"RC_ERROR\000"
 1101      52524F52 
 1101      00
 1102              	.LASF22:
 1103 04a2 52435F45 		.ascii	"RC_ERROR_MEMORY\000"
 1103      52524F52 
 1103      5F4D454D 
 1103      4F525900 
 1104              	.LASF44:
 1105 04b2 52435F74 		.ascii	"RC_t\000"
 1105      00
 1106              	.LASF29:
 1107 04b7 52435F45 		.ascii	"RC_ERROR_TIME_OUT\000"
 1107      52524F52 
 1107      5F54494D 
 1107      455F4F55 
 1107      5400
 1108              		.ident	"GCC: (GNU Tools for ARM Embedded Processors) 5.4.1 20160609 (release) [ARM/embedded-5-bran
