ARM GAS  C:\Users\MATEOC~1.QUE\AppData\Local\Temp\ccS0v569.s 			page 1


   1              		.syntax unified
   2              		.cpu cortex-m3
   3              		.fpu softvfp
   4              		.eabi_attribute 20, 1
   5              		.eabi_attribute 21, 1
   6              		.eabi_attribute 23, 3
   7              		.eabi_attribute 24, 1
   8              		.eabi_attribute 25, 1
   9              		.eabi_attribute 26, 1
  10              		.eabi_attribute 30, 1
  11              		.eabi_attribute 34, 1
  12              		.eabi_attribute 18, 4
  13              		.thumb
  14              		.syntax unified
  15              		.file	"main.c"
  16              		.text
  17              	.Ltext0:
  18              		.cfi_sections	.debug_frame
  19              		.section	.text.isButtonPressed,"ax",%progbits
  20              		.align	2
  21              		.thumb
  22              		.thumb_func
  23              		.type	isButtonPressed, %function
  24              	isButtonPressed:
  25              	.LFB64:
  26              		.file 1 "source\\asw\\main.c"
   1:source\asw/main.c **** /**
   2:source\asw/main.c **** * \file main
   3:source\asw/main.c **** * \author Peter Fromm
   4:source\asw/main.c **** * \date 5.12.2019
   5:source\asw/main.c **** *
   6:source\asw/main.c **** * \brief Demonstrator for critical regions
   7:source\asw/main.c **** *
   8:source\asw/main.c **** */
   9:source\asw/main.c **** 
  10:source\asw/main.c **** #include "project.h"
  11:source\asw/main.c **** #include "global.h"
  12:source\asw/main.c **** 
  13:source\asw/main.c **** #include "button.h"
  14:source\asw/main.c **** #include "tft.h"
  15:source\asw/main.c **** #include "seven.h"
  16:source\asw/main.c **** #include "led.h"
  17:source\asw/main.c **** #include "joystick.h"
  18:source\asw/main.c **** 
  19:source\asw/main.c **** // Function to detect button press (toggle)
  20:source\asw/main.c **** static uint8_t isButtonPressed(void)
  21:source\asw/main.c **** {
  27              		.loc 1 21 0
  28              		.cfi_startproc
  29              		@ args = 0, pretend = 0, frame = 0
  30              		@ frame_needed = 0, uses_anonymous_args = 0
  31 0000 08B5     		push	{r3, lr}
  32              		.cfi_def_cfa_offset 8
  33              		.cfi_offset 3, -8
  34              		.cfi_offset 14, -4
  22:source\asw/main.c ****     static uint8_t prevButtonStatus = 0;
  23:source\asw/main.c ****     
ARM GAS  C:\Users\MATEOC~1.QUE\AppData\Local\Temp\ccS0v569.s 			page 2


  24:source\asw/main.c ****     // Read the current button status
  25:source\asw/main.c ****     uint8_t buttonStatus = BUTTON_3_Read();
  35              		.loc 1 25 0
  36 0002 FFF7FEFF 		bl	BUTTON_3_Read
  37              	.LVL0:
  26:source\asw/main.c ****     
  27:source\asw/main.c ****     // Check if the button status has changed since the last read
  28:source\asw/main.c ****     if (buttonStatus != prevButtonStatus)
  38              		.loc 1 28 0
  39 0006 064B     		ldr	r3, .L5
  40 0008 1B78     		ldrb	r3, [r3]	@ zero_extendqisi2
  41 000a 9842     		cmp	r0, r3
  42 000c 05D0     		beq	.L3
  29:source\asw/main.c ****     {
  30:source\asw/main.c ****         // Update the previous button status
  31:source\asw/main.c ****         prevButtonStatus = buttonStatus;
  43              		.loc 1 31 0
  44 000e 044B     		ldr	r3, .L5
  45 0010 1870     		strb	r0, [r3]
  32:source\asw/main.c ****         
  33:source\asw/main.c ****         // Return true if the button is pressed
  34:source\asw/main.c ****         return (buttonStatus != 0);
  46              		.loc 1 34 0
  47 0012 0030     		adds	r0, r0, #0
  48              	.LVL1:
  49 0014 18BF     		it	ne
  50 0016 0120     		movne	r0, #1
  51 0018 08BD     		pop	{r3, pc}
  52              	.LVL2:
  53              	.L3:
  35:source\asw/main.c ****     }
  36:source\asw/main.c ****     
  37:source\asw/main.c ****     return 0;
  54              		.loc 1 37 0
  55 001a 0020     		movs	r0, #0
  56              	.LVL3:
  38:source\asw/main.c **** }
  57              		.loc 1 38 0
  58 001c 08BD     		pop	{r3, pc}
  59              	.L6:
  60 001e 00BF     		.align	2
  61              	.L5:
  62 0020 00000000 		.word	.LANCHOR0
  63              		.cfi_endproc
  64              	.LFE64:
  65              		.size	isButtonPressed, .-isButtonPressed
  66              		.section	.text.main,"ax",%progbits
  67              		.align	2
  68              		.global	main
  69              		.thumb
  70              		.thumb_func
  71              		.type	main, %function
  72              	main:
  73              	.LFB65:
  39:source\asw/main.c **** 
  40:source\asw/main.c **** int main(void)
  41:source\asw/main.c **** {
ARM GAS  C:\Users\MATEOC~1.QUE\AppData\Local\Temp\ccS0v569.s 			page 3


  74              		.loc 1 41 0
  75              		.cfi_startproc
  76              		@ Volatile: function does not return.
  77              		@ args = 0, pretend = 0, frame = 0
  78              		@ frame_needed = 0, uses_anonymous_args = 0
  79 0000 08B5     		push	{r3, lr}
  80              		.cfi_def_cfa_offset 8
  81              		.cfi_offset 3, -8
  82              		.cfi_offset 14, -4
  42:source\asw/main.c ****     CyGlobalIntEnable; /* Enable global interrupts. */
  83              		.loc 1 42 0
  84              		.syntax unified
  85              	@ 42 "source\asw\main.c" 1
  86 0002 62B6     		CPSIE   i
  87              	@ 0 "" 2
  88              		.thumb
  89              		.syntax unified
  90              	.L8:
  43:source\asw/main.c **** 
  44:source\asw/main.c ****     for(;;)
  45:source\asw/main.c ****     {
  46:source\asw/main.c ****         // Check if the button is pressed
  47:source\asw/main.c ****         if (isButtonPressed())
  91              		.loc 1 47 0
  92 0004 FFF7FEFF 		bl	isButtonPressed
  93              	.LVL4:
  94 0008 0028     		cmp	r0, #0
  95 000a FBD0     		beq	.L8
  48:source\asw/main.c ****         {
  49:source\asw/main.c ****             // Toggle the LEDs
  50:source\asw/main.c ****             LED_green_Write(!LED_green_Read());
  96              		.loc 1 50 0
  97 000c FFF7FEFF 		bl	LED_green_Read
  98              	.LVL5:
  99 0010 B0FA80F0 		clz	r0, r0
 100 0014 4009     		lsrs	r0, r0, #5
 101 0016 FFF7FEFF 		bl	LED_green_Write
 102              	.LVL6:
  51:source\asw/main.c ****             LED_yellow_Write(!LED_yellow_Read());
 103              		.loc 1 51 0
 104 001a FFF7FEFF 		bl	LED_yellow_Read
 105              	.LVL7:
 106 001e B0FA80F0 		clz	r0, r0
 107 0022 4009     		lsrs	r0, r0, #5
 108 0024 FFF7FEFF 		bl	LED_yellow_Write
 109              	.LVL8:
  52:source\asw/main.c ****             LED_red_Write(!LED_red_Read());
 110              		.loc 1 52 0
 111 0028 FFF7FEFF 		bl	LED_red_Read
 112              	.LVL9:
 113 002c B0FA80F0 		clz	r0, r0
 114 0030 4009     		lsrs	r0, r0, #5
 115 0032 FFF7FEFF 		bl	LED_red_Write
 116              	.LVL10:
  53:source\asw/main.c ****             
  54:source\asw/main.c ****             // Add a delay to avoid rapid toggling due to button bouncing
  55:source\asw/main.c ****             CyDelay(100);
ARM GAS  C:\Users\MATEOC~1.QUE\AppData\Local\Temp\ccS0v569.s 			page 4


 117              		.loc 1 55 0
 118 0036 6420     		movs	r0, #100
 119 0038 FFF7FEFF 		bl	CyDelay
 120              	.LVL11:
 121 003c E2E7     		b	.L8
 122              		.cfi_endproc
 123              	.LFE65:
 124              		.size	main, .-main
 125 003e 00BF     		.bss
 126              		.set	.LANCHOR0,. + 0
 127              		.type	prevButtonStatus.7536, %object
 128              		.size	prevButtonStatus.7536, 1
 129              	prevButtonStatus.7536:
 130 0000 00       		.space	1
 131              		.text
 132              	.Letext0:
 133              		.file 2 "c:\\program files (x86)\\cypress\\psoc creator\\4.4\\psoc creator\\import\\gnu\\arm\\5.4.
 134              		.file 3 "c:\\program files (x86)\\cypress\\psoc creator\\4.4\\psoc creator\\import\\gnu\\arm\\5.4.
 135              		.file 4 "Generated_Source\\PSoC5/BUTTON_3.h"
 136              		.file 5 "Generated_Source\\PSoC5/LED_green.h"
 137              		.file 6 "Generated_Source\\PSoC5/LED_yellow.h"
 138              		.file 7 "Generated_Source\\PSoC5/LED_red.h"
 139              		.file 8 "Generated_Source\\PSoC5/CyLib.h"
 140              		.file 9 "Generated_Source\\PSoC5/core_cm3.h"
 141              		.section	.debug_info,"",%progbits
 142              	.Ldebug_info0:
 143 0000 CC010000 		.4byte	0x1cc
 144 0004 0400     		.2byte	0x4
 145 0006 00000000 		.4byte	.Ldebug_abbrev0
 146 000a 04       		.byte	0x4
 147 000b 01       		.uleb128 0x1
 148 000c 1B010000 		.4byte	.LASF28
 149 0010 0C       		.byte	0xc
 150 0011 7F020000 		.4byte	.LASF29
 151 0015 10000000 		.4byte	.LASF30
 152 0019 00000000 		.4byte	.Ldebug_ranges0+0
 153 001d 00000000 		.4byte	0
 154 0021 00000000 		.4byte	.Ldebug_line0
 155 0025 02       		.uleb128 0x2
 156 0026 01       		.byte	0x1
 157 0027 06       		.byte	0x6
 158 0028 B5020000 		.4byte	.LASF0
 159 002c 03       		.uleb128 0x3
 160 002d C9000000 		.4byte	.LASF4
 161 0031 02       		.byte	0x2
 162 0032 1D       		.byte	0x1d
 163 0033 37000000 		.4byte	0x37
 164 0037 02       		.uleb128 0x2
 165 0038 01       		.byte	0x1
 166 0039 08       		.byte	0x8
 167 003a 0D010000 		.4byte	.LASF1
 168 003e 02       		.uleb128 0x2
 169 003f 02       		.byte	0x2
 170 0040 05       		.byte	0x5
 171 0041 96020000 		.4byte	.LASF2
 172 0045 02       		.uleb128 0x2
 173 0046 02       		.byte	0x2
ARM GAS  C:\Users\MATEOC~1.QUE\AppData\Local\Temp\ccS0v569.s 			page 5


 174 0047 07       		.byte	0x7
 175 0048 BB010000 		.4byte	.LASF3
 176 004c 03       		.uleb128 0x3
 177 004d E0000000 		.4byte	.LASF5
 178 0051 02       		.byte	0x2
 179 0052 3F       		.byte	0x3f
 180 0053 57000000 		.4byte	0x57
 181 0057 02       		.uleb128 0x2
 182 0058 04       		.byte	0x4
 183 0059 05       		.byte	0x5
 184 005a A0020000 		.4byte	.LASF6
 185 005e 02       		.uleb128 0x2
 186 005f 04       		.byte	0x4
 187 0060 07       		.byte	0x7
 188 0061 A9010000 		.4byte	.LASF7
 189 0065 02       		.uleb128 0x2
 190 0066 08       		.byte	0x8
 191 0067 05       		.byte	0x5
 192 0068 71020000 		.4byte	.LASF8
 193 006c 02       		.uleb128 0x2
 194 006d 08       		.byte	0x8
 195 006e 07       		.byte	0x7
 196 006f 1F020000 		.4byte	.LASF9
 197 0073 04       		.uleb128 0x4
 198 0074 04       		.byte	0x4
 199 0075 05       		.byte	0x5
 200 0076 696E7400 		.ascii	"int\000"
 201 007a 02       		.uleb128 0x2
 202 007b 04       		.byte	0x4
 203 007c 07       		.byte	0x7
 204 007d 02020000 		.4byte	.LASF10
 205 0081 03       		.uleb128 0x3
 206 0082 36020000 		.4byte	.LASF11
 207 0086 03       		.byte	0x3
 208 0087 18       		.byte	0x18
 209 0088 2C000000 		.4byte	0x2c
 210 008c 03       		.uleb128 0x3
 211 008d 4F020000 		.4byte	.LASF12
 212 0091 03       		.byte	0x3
 213 0092 2C       		.byte	0x2c
 214 0093 4C000000 		.4byte	0x4c
 215 0097 02       		.uleb128 0x2
 216 0098 04       		.byte	0x4
 217 0099 04       		.byte	0x4
 218 009a 07010000 		.4byte	.LASF13
 219 009e 02       		.uleb128 0x2
 220 009f 08       		.byte	0x8
 221 00a0 04       		.byte	0x4
 222 00a1 E9010000 		.4byte	.LASF14
 223 00a5 02       		.uleb128 0x2
 224 00a6 01       		.byte	0x1
 225 00a7 08       		.byte	0x8
 226 00a8 91020000 		.4byte	.LASF15
 227 00ac 02       		.uleb128 0x2
 228 00ad 08       		.byte	0x8
 229 00ae 04       		.byte	0x4
 230 00af A9020000 		.4byte	.LASF16
ARM GAS  C:\Users\MATEOC~1.QUE\AppData\Local\Temp\ccS0v569.s 			page 6


 231 00b3 02       		.uleb128 0x2
 232 00b4 04       		.byte	0x4
 233 00b5 07       		.byte	0x7
 234 00b6 68020000 		.4byte	.LASF17
 235 00ba 05       		.uleb128 0x5
 236 00bb 0F020000 		.4byte	.LASF31
 237 00bf 01       		.byte	0x1
 238 00c0 14       		.byte	0x14
 239 00c1 81000000 		.4byte	0x81
 240 00c5 00000000 		.4byte	.LFB64
 241 00c9 24000000 		.4byte	.LFE64-.LFB64
 242 00cd 01       		.uleb128 0x1
 243 00ce 9C       		.byte	0x9c
 244 00cf FD000000 		.4byte	0xfd
 245 00d3 06       		.uleb128 0x6
 246 00d4 57020000 		.4byte	.LASF18
 247 00d8 01       		.byte	0x1
 248 00d9 16       		.byte	0x16
 249 00da 81000000 		.4byte	0x81
 250 00de 05       		.uleb128 0x5
 251 00df 03       		.byte	0x3
 252 00e0 00000000 		.4byte	prevButtonStatus.7536
 253 00e4 07       		.uleb128 0x7
 254 00e5 D3000000 		.4byte	.LASF19
 255 00e9 01       		.byte	0x1
 256 00ea 19       		.byte	0x19
 257 00eb 81000000 		.4byte	0x81
 258 00ef 00000000 		.4byte	.LLST0
 259 00f3 08       		.uleb128 0x8
 260 00f4 06000000 		.4byte	.LVL0
 261 00f8 77010000 		.4byte	0x177
 262 00fc 00       		.byte	0
 263 00fd 09       		.uleb128 0x9
 264 00fe F0010000 		.4byte	.LASF32
 265 0102 01       		.byte	0x1
 266 0103 28       		.byte	0x28
 267 0104 73000000 		.4byte	0x73
 268 0108 00000000 		.4byte	.LFB65
 269 010c 3E000000 		.4byte	.LFE65-.LFB65
 270 0110 01       		.uleb128 0x1
 271 0111 9C       		.byte	0x9c
 272 0112 66010000 		.4byte	0x166
 273 0116 08       		.uleb128 0x8
 274 0117 08000000 		.4byte	.LVL4
 275 011b BA000000 		.4byte	0xba
 276 011f 08       		.uleb128 0x8
 277 0120 10000000 		.4byte	.LVL5
 278 0124 82010000 		.4byte	0x182
 279 0128 08       		.uleb128 0x8
 280 0129 1A000000 		.4byte	.LVL6
 281 012d 8D010000 		.4byte	0x18d
 282 0131 08       		.uleb128 0x8
 283 0132 1E000000 		.4byte	.LVL7
 284 0136 98010000 		.4byte	0x198
 285 013a 08       		.uleb128 0x8
 286 013b 28000000 		.4byte	.LVL8
 287 013f A3010000 		.4byte	0x1a3
ARM GAS  C:\Users\MATEOC~1.QUE\AppData\Local\Temp\ccS0v569.s 			page 7


 288 0143 08       		.uleb128 0x8
 289 0144 2C000000 		.4byte	.LVL9
 290 0148 AE010000 		.4byte	0x1ae
 291 014c 08       		.uleb128 0x8
 292 014d 36000000 		.4byte	.LVL10
 293 0151 B9010000 		.4byte	0x1b9
 294 0155 0A       		.uleb128 0xa
 295 0156 3C000000 		.4byte	.LVL11
 296 015a C4010000 		.4byte	0x1c4
 297 015e 0B       		.uleb128 0xb
 298 015f 01       		.uleb128 0x1
 299 0160 50       		.byte	0x50
 300 0161 02       		.uleb128 0x2
 301 0162 08       		.byte	0x8
 302 0163 64       		.byte	0x64
 303 0164 00       		.byte	0
 304 0165 00       		.byte	0
 305 0166 0C       		.uleb128 0xc
 306 0167 DC010000 		.4byte	.LASF33
 307 016b 09       		.byte	0x9
 308 016c 1207     		.2byte	0x712
 309 016e 72010000 		.4byte	0x172
 310 0172 0D       		.uleb128 0xd
 311 0173 8C000000 		.4byte	0x8c
 312 0177 0E       		.uleb128 0xe
 313 0178 CE010000 		.4byte	.LASF20
 314 017c CE010000 		.4byte	.LASF20
 315 0180 04       		.byte	0x4
 316 0181 29       		.byte	0x29
 317 0182 0E       		.uleb128 0xe
 318 0183 F8000000 		.4byte	.LASF21
 319 0187 F8000000 		.4byte	.LASF21
 320 018b 05       		.byte	0x5
 321 018c 29       		.byte	0x29
 322 018d 0E       		.uleb128 0xe
 323 018e 00000000 		.4byte	.LASF22
 324 0192 00000000 		.4byte	.LASF22
 325 0196 05       		.byte	0x5
 326 0197 26       		.byte	0x26
 327 0198 0E       		.uleb128 0xe
 328 0199 C1020000 		.4byte	.LASF23
 329 019d C1020000 		.4byte	.LASF23
 330 01a1 06       		.byte	0x6
 331 01a2 29       		.byte	0x29
 332 01a3 0E       		.uleb128 0xe
 333 01a4 3E020000 		.4byte	.LASF24
 334 01a8 3E020000 		.4byte	.LASF24
 335 01ac 06       		.byte	0x6
 336 01ad 26       		.byte	0x26
 337 01ae 0E       		.uleb128 0xe
 338 01af F5010000 		.4byte	.LASF25
 339 01b3 F5010000 		.4byte	.LASF25
 340 01b7 07       		.byte	0x7
 341 01b8 29       		.byte	0x29
 342 01b9 0E       		.uleb128 0xe
 343 01ba EA000000 		.4byte	.LASF26
 344 01be EA000000 		.4byte	.LASF26
ARM GAS  C:\Users\MATEOC~1.QUE\AppData\Local\Temp\ccS0v569.s 			page 8


 345 01c2 07       		.byte	0x7
 346 01c3 26       		.byte	0x26
 347 01c4 0E       		.uleb128 0xe
 348 01c5 D1020000 		.4byte	.LASF27
 349 01c9 D1020000 		.4byte	.LASF27
 350 01cd 08       		.byte	0x8
 351 01ce 76       		.byte	0x76
 352 01cf 00       		.byte	0
 353              		.section	.debug_abbrev,"",%progbits
 354              	.Ldebug_abbrev0:
 355 0000 01       		.uleb128 0x1
 356 0001 11       		.uleb128 0x11
 357 0002 01       		.byte	0x1
 358 0003 25       		.uleb128 0x25
 359 0004 0E       		.uleb128 0xe
 360 0005 13       		.uleb128 0x13
 361 0006 0B       		.uleb128 0xb
 362 0007 03       		.uleb128 0x3
 363 0008 0E       		.uleb128 0xe
 364 0009 1B       		.uleb128 0x1b
 365 000a 0E       		.uleb128 0xe
 366 000b 55       		.uleb128 0x55
 367 000c 17       		.uleb128 0x17
 368 000d 11       		.uleb128 0x11
 369 000e 01       		.uleb128 0x1
 370 000f 10       		.uleb128 0x10
 371 0010 17       		.uleb128 0x17
 372 0011 00       		.byte	0
 373 0012 00       		.byte	0
 374 0013 02       		.uleb128 0x2
 375 0014 24       		.uleb128 0x24
 376 0015 00       		.byte	0
 377 0016 0B       		.uleb128 0xb
 378 0017 0B       		.uleb128 0xb
 379 0018 3E       		.uleb128 0x3e
 380 0019 0B       		.uleb128 0xb
 381 001a 03       		.uleb128 0x3
 382 001b 0E       		.uleb128 0xe
 383 001c 00       		.byte	0
 384 001d 00       		.byte	0
 385 001e 03       		.uleb128 0x3
 386 001f 16       		.uleb128 0x16
 387 0020 00       		.byte	0
 388 0021 03       		.uleb128 0x3
 389 0022 0E       		.uleb128 0xe
 390 0023 3A       		.uleb128 0x3a
 391 0024 0B       		.uleb128 0xb
 392 0025 3B       		.uleb128 0x3b
 393 0026 0B       		.uleb128 0xb
 394 0027 49       		.uleb128 0x49
 395 0028 13       		.uleb128 0x13
 396 0029 00       		.byte	0
 397 002a 00       		.byte	0
 398 002b 04       		.uleb128 0x4
 399 002c 24       		.uleb128 0x24
 400 002d 00       		.byte	0
 401 002e 0B       		.uleb128 0xb
ARM GAS  C:\Users\MATEOC~1.QUE\AppData\Local\Temp\ccS0v569.s 			page 9


 402 002f 0B       		.uleb128 0xb
 403 0030 3E       		.uleb128 0x3e
 404 0031 0B       		.uleb128 0xb
 405 0032 03       		.uleb128 0x3
 406 0033 08       		.uleb128 0x8
 407 0034 00       		.byte	0
 408 0035 00       		.byte	0
 409 0036 05       		.uleb128 0x5
 410 0037 2E       		.uleb128 0x2e
 411 0038 01       		.byte	0x1
 412 0039 03       		.uleb128 0x3
 413 003a 0E       		.uleb128 0xe
 414 003b 3A       		.uleb128 0x3a
 415 003c 0B       		.uleb128 0xb
 416 003d 3B       		.uleb128 0x3b
 417 003e 0B       		.uleb128 0xb
 418 003f 27       		.uleb128 0x27
 419 0040 19       		.uleb128 0x19
 420 0041 49       		.uleb128 0x49
 421 0042 13       		.uleb128 0x13
 422 0043 11       		.uleb128 0x11
 423 0044 01       		.uleb128 0x1
 424 0045 12       		.uleb128 0x12
 425 0046 06       		.uleb128 0x6
 426 0047 40       		.uleb128 0x40
 427 0048 18       		.uleb128 0x18
 428 0049 9742     		.uleb128 0x2117
 429 004b 19       		.uleb128 0x19
 430 004c 01       		.uleb128 0x1
 431 004d 13       		.uleb128 0x13
 432 004e 00       		.byte	0
 433 004f 00       		.byte	0
 434 0050 06       		.uleb128 0x6
 435 0051 34       		.uleb128 0x34
 436 0052 00       		.byte	0
 437 0053 03       		.uleb128 0x3
 438 0054 0E       		.uleb128 0xe
 439 0055 3A       		.uleb128 0x3a
 440 0056 0B       		.uleb128 0xb
 441 0057 3B       		.uleb128 0x3b
 442 0058 0B       		.uleb128 0xb
 443 0059 49       		.uleb128 0x49
 444 005a 13       		.uleb128 0x13
 445 005b 02       		.uleb128 0x2
 446 005c 18       		.uleb128 0x18
 447 005d 00       		.byte	0
 448 005e 00       		.byte	0
 449 005f 07       		.uleb128 0x7
 450 0060 34       		.uleb128 0x34
 451 0061 00       		.byte	0
 452 0062 03       		.uleb128 0x3
 453 0063 0E       		.uleb128 0xe
 454 0064 3A       		.uleb128 0x3a
 455 0065 0B       		.uleb128 0xb
 456 0066 3B       		.uleb128 0x3b
 457 0067 0B       		.uleb128 0xb
 458 0068 49       		.uleb128 0x49
ARM GAS  C:\Users\MATEOC~1.QUE\AppData\Local\Temp\ccS0v569.s 			page 10


 459 0069 13       		.uleb128 0x13
 460 006a 02       		.uleb128 0x2
 461 006b 17       		.uleb128 0x17
 462 006c 00       		.byte	0
 463 006d 00       		.byte	0
 464 006e 08       		.uleb128 0x8
 465 006f 898201   		.uleb128 0x4109
 466 0072 00       		.byte	0
 467 0073 11       		.uleb128 0x11
 468 0074 01       		.uleb128 0x1
 469 0075 31       		.uleb128 0x31
 470 0076 13       		.uleb128 0x13
 471 0077 00       		.byte	0
 472 0078 00       		.byte	0
 473 0079 09       		.uleb128 0x9
 474 007a 2E       		.uleb128 0x2e
 475 007b 01       		.byte	0x1
 476 007c 3F       		.uleb128 0x3f
 477 007d 19       		.uleb128 0x19
 478 007e 03       		.uleb128 0x3
 479 007f 0E       		.uleb128 0xe
 480 0080 3A       		.uleb128 0x3a
 481 0081 0B       		.uleb128 0xb
 482 0082 3B       		.uleb128 0x3b
 483 0083 0B       		.uleb128 0xb
 484 0084 27       		.uleb128 0x27
 485 0085 19       		.uleb128 0x19
 486 0086 49       		.uleb128 0x49
 487 0087 13       		.uleb128 0x13
 488 0088 8701     		.uleb128 0x87
 489 008a 19       		.uleb128 0x19
 490 008b 11       		.uleb128 0x11
 491 008c 01       		.uleb128 0x1
 492 008d 12       		.uleb128 0x12
 493 008e 06       		.uleb128 0x6
 494 008f 40       		.uleb128 0x40
 495 0090 18       		.uleb128 0x18
 496 0091 9742     		.uleb128 0x2117
 497 0093 19       		.uleb128 0x19
 498 0094 01       		.uleb128 0x1
 499 0095 13       		.uleb128 0x13
 500 0096 00       		.byte	0
 501 0097 00       		.byte	0
 502 0098 0A       		.uleb128 0xa
 503 0099 898201   		.uleb128 0x4109
 504 009c 01       		.byte	0x1
 505 009d 11       		.uleb128 0x11
 506 009e 01       		.uleb128 0x1
 507 009f 31       		.uleb128 0x31
 508 00a0 13       		.uleb128 0x13
 509 00a1 00       		.byte	0
 510 00a2 00       		.byte	0
 511 00a3 0B       		.uleb128 0xb
 512 00a4 8A8201   		.uleb128 0x410a
 513 00a7 00       		.byte	0
 514 00a8 02       		.uleb128 0x2
 515 00a9 18       		.uleb128 0x18
ARM GAS  C:\Users\MATEOC~1.QUE\AppData\Local\Temp\ccS0v569.s 			page 11


 516 00aa 9142     		.uleb128 0x2111
 517 00ac 18       		.uleb128 0x18
 518 00ad 00       		.byte	0
 519 00ae 00       		.byte	0
 520 00af 0C       		.uleb128 0xc
 521 00b0 34       		.uleb128 0x34
 522 00b1 00       		.byte	0
 523 00b2 03       		.uleb128 0x3
 524 00b3 0E       		.uleb128 0xe
 525 00b4 3A       		.uleb128 0x3a
 526 00b5 0B       		.uleb128 0xb
 527 00b6 3B       		.uleb128 0x3b
 528 00b7 05       		.uleb128 0x5
 529 00b8 49       		.uleb128 0x49
 530 00b9 13       		.uleb128 0x13
 531 00ba 3F       		.uleb128 0x3f
 532 00bb 19       		.uleb128 0x19
 533 00bc 3C       		.uleb128 0x3c
 534 00bd 19       		.uleb128 0x19
 535 00be 00       		.byte	0
 536 00bf 00       		.byte	0
 537 00c0 0D       		.uleb128 0xd
 538 00c1 35       		.uleb128 0x35
 539 00c2 00       		.byte	0
 540 00c3 49       		.uleb128 0x49
 541 00c4 13       		.uleb128 0x13
 542 00c5 00       		.byte	0
 543 00c6 00       		.byte	0
 544 00c7 0E       		.uleb128 0xe
 545 00c8 2E       		.uleb128 0x2e
 546 00c9 00       		.byte	0
 547 00ca 3F       		.uleb128 0x3f
 548 00cb 19       		.uleb128 0x19
 549 00cc 3C       		.uleb128 0x3c
 550 00cd 19       		.uleb128 0x19
 551 00ce 6E       		.uleb128 0x6e
 552 00cf 0E       		.uleb128 0xe
 553 00d0 03       		.uleb128 0x3
 554 00d1 0E       		.uleb128 0xe
 555 00d2 3A       		.uleb128 0x3a
 556 00d3 0B       		.uleb128 0xb
 557 00d4 3B       		.uleb128 0x3b
 558 00d5 0B       		.uleb128 0xb
 559 00d6 00       		.byte	0
 560 00d7 00       		.byte	0
 561 00d8 00       		.byte	0
 562              		.section	.debug_loc,"",%progbits
 563              	.Ldebug_loc0:
 564              	.LLST0:
 565 0000 06000000 		.4byte	.LVL0
 566 0004 14000000 		.4byte	.LVL1
 567 0008 0100     		.2byte	0x1
 568 000a 50       		.byte	0x50
 569 000b 14000000 		.4byte	.LVL1
 570 000f 1A000000 		.4byte	.LVL2
 571 0013 0500     		.2byte	0x5
 572 0015 03       		.byte	0x3
ARM GAS  C:\Users\MATEOC~1.QUE\AppData\Local\Temp\ccS0v569.s 			page 12


 573 0016 00000000 		.4byte	prevButtonStatus.7536
 574 001a 1A000000 		.4byte	.LVL2
 575 001e 1C000000 		.4byte	.LVL3
 576 0022 0100     		.2byte	0x1
 577 0024 50       		.byte	0x50
 578 0025 00000000 		.4byte	0
 579 0029 00000000 		.4byte	0
 580              		.section	.debug_aranges,"",%progbits
 581 0000 24000000 		.4byte	0x24
 582 0004 0200     		.2byte	0x2
 583 0006 00000000 		.4byte	.Ldebug_info0
 584 000a 04       		.byte	0x4
 585 000b 00       		.byte	0
 586 000c 0000     		.2byte	0
 587 000e 0000     		.2byte	0
 588 0010 00000000 		.4byte	.LFB64
 589 0014 24000000 		.4byte	.LFE64-.LFB64
 590 0018 00000000 		.4byte	.LFB65
 591 001c 3E000000 		.4byte	.LFE65-.LFB65
 592 0020 00000000 		.4byte	0
 593 0024 00000000 		.4byte	0
 594              		.section	.debug_ranges,"",%progbits
 595              	.Ldebug_ranges0:
 596 0000 00000000 		.4byte	.LFB64
 597 0004 24000000 		.4byte	.LFE64
 598 0008 00000000 		.4byte	.LFB65
 599 000c 3E000000 		.4byte	.LFE65
 600 0010 00000000 		.4byte	0
 601 0014 00000000 		.4byte	0
 602              		.section	.debug_line,"",%progbits
 603              	.Ldebug_line0:
 604 0000 BF010000 		.section	.debug_str,"MS",%progbits,1
 604      02008F01 
 604      00000201 
 604      FB0E0D00 
 604      01010101 
 605              	.LASF22:
 606 0000 4C45445F 		.ascii	"LED_green_Write\000"
 606      67726565 
 606      6E5F5772 
 606      69746500 
 607              	.LASF30:
 608 0010 433A5C55 		.ascii	"C:\\Users\\Mateo C. Querol\\OneDrive\\University\\D"
 608      73657273 
 608      5C4D6174 
 608      656F2043 
 608      2E205175 
 609 003e 61726D73 		.ascii	"armstadt\\Advanced Microcontroller Systems and Embe"
 609      74616474 
 609      5C416476 
 609      616E6365 
 609      64204D69 
 610 0070 64646564 		.ascii	"dded Operating systems\\Embedded Operating Systems\\"
 610      204F7065 
 610      72617469 
 610      6E672073 
 610      79737465 
ARM GAS  C:\Users\MATEOC~1.QUE\AppData\Local\Temp\ccS0v569.s 			page 13


 611 00a2 576F726B 		.ascii	"Workbook\\1.2_lets_press_a_button.cydsn\000"
 611      626F6F6B 
 611      5C312E32 
 611      5F6C6574 
 611      735F7072 
 612              	.LASF4:
 613 00c9 5F5F7569 		.ascii	"__uint8_t\000"
 613      6E74385F 
 613      7400
 614              	.LASF19:
 615 00d3 62757474 		.ascii	"buttonStatus\000"
 615      6F6E5374 
 615      61747573 
 615      00
 616              	.LASF5:
 617 00e0 5F5F696E 		.ascii	"__int32_t\000"
 617      7433325F 
 617      7400
 618              	.LASF26:
 619 00ea 4C45445F 		.ascii	"LED_red_Write\000"
 619      7265645F 
 619      57726974 
 619      6500
 620              	.LASF21:
 621 00f8 4C45445F 		.ascii	"LED_green_Read\000"
 621      67726565 
 621      6E5F5265 
 621      616400
 622              	.LASF13:
 623 0107 666C6F61 		.ascii	"float\000"
 623      7400
 624              	.LASF1:
 625 010d 756E7369 		.ascii	"unsigned char\000"
 625      676E6564 
 625      20636861 
 625      7200
 626              	.LASF28:
 627 011b 474E5520 		.ascii	"GNU C11 5.4.1 20160609 (release) [ARM/embedded-5-br"
 627      43313120 
 627      352E342E 
 627      31203230 
 627      31363036 
 628 014e 616E6368 		.ascii	"anch revision 237715] -mcpu=cortex-m3 -mthumb -g -O"
 628      20726576 
 628      6973696F 
 628      6E203233 
 628      37373135 
 629 0181 67202D66 		.ascii	"g -ffunction-sections -ffat-lto-objects\000"
 629      66756E63 
 629      74696F6E 
 629      2D736563 
 629      74696F6E 
 630              	.LASF7:
 631 01a9 6C6F6E67 		.ascii	"long unsigned int\000"
 631      20756E73 
 631      69676E65 
 631      6420696E 
ARM GAS  C:\Users\MATEOC~1.QUE\AppData\Local\Temp\ccS0v569.s 			page 14


 631      7400
 632              	.LASF3:
 633 01bb 73686F72 		.ascii	"short unsigned int\000"
 633      7420756E 
 633      7369676E 
 633      65642069 
 633      6E7400
 634              	.LASF20:
 635 01ce 42555454 		.ascii	"BUTTON_3_Read\000"
 635      4F4E5F33 
 635      5F526561 
 635      6400
 636              	.LASF33:
 637 01dc 49544D5F 		.ascii	"ITM_RxBuffer\000"
 637      52784275 
 637      66666572 
 637      00
 638              	.LASF14:
 639 01e9 646F7562 		.ascii	"double\000"
 639      6C6500
 640              	.LASF32:
 641 01f0 6D61696E 		.ascii	"main\000"
 641      00
 642              	.LASF25:
 643 01f5 4C45445F 		.ascii	"LED_red_Read\000"
 643      7265645F 
 643      52656164 
 643      00
 644              	.LASF10:
 645 0202 756E7369 		.ascii	"unsigned int\000"
 645      676E6564 
 645      20696E74 
 645      00
 646              	.LASF31:
 647 020f 69734275 		.ascii	"isButtonPressed\000"
 647      74746F6E 
 647      50726573 
 647      73656400 
 648              	.LASF9:
 649 021f 6C6F6E67 		.ascii	"long long unsigned int\000"
 649      206C6F6E 
 649      6720756E 
 649      7369676E 
 649      65642069 
 650              	.LASF11:
 651 0236 75696E74 		.ascii	"uint8_t\000"
 651      385F7400 
 652              	.LASF24:
 653 023e 4C45445F 		.ascii	"LED_yellow_Write\000"
 653      79656C6C 
 653      6F775F57 
 653      72697465 
 653      00
 654              	.LASF12:
 655 024f 696E7433 		.ascii	"int32_t\000"
 655      325F7400 
 656              	.LASF18:
ARM GAS  C:\Users\MATEOC~1.QUE\AppData\Local\Temp\ccS0v569.s 			page 15


 657 0257 70726576 		.ascii	"prevButtonStatus\000"
 657      42757474 
 657      6F6E5374 
 657      61747573 
 657      00
 658              	.LASF17:
 659 0268 73697A65 		.ascii	"sizetype\000"
 659      74797065 
 659      00
 660              	.LASF8:
 661 0271 6C6F6E67 		.ascii	"long long int\000"
 661      206C6F6E 
 661      6720696E 
 661      7400
 662              	.LASF29:
 663 027f 736F7572 		.ascii	"source\\asw\\main.c\000"
 663      63655C61 
 663      73775C6D 
 663      61696E2E 
 663      6300
 664              	.LASF15:
 665 0291 63686172 		.ascii	"char\000"
 665      00
 666              	.LASF2:
 667 0296 73686F72 		.ascii	"short int\000"
 667      7420696E 
 667      7400
 668              	.LASF6:
 669 02a0 6C6F6E67 		.ascii	"long int\000"
 669      20696E74 
 669      00
 670              	.LASF16:
 671 02a9 6C6F6E67 		.ascii	"long double\000"
 671      20646F75 
 671      626C6500 
 672              	.LASF0:
 673 02b5 7369676E 		.ascii	"signed char\000"
 673      65642063 
 673      68617200 
 674              	.LASF23:
 675 02c1 4C45445F 		.ascii	"LED_yellow_Read\000"
 675      79656C6C 
 675      6F775F52 
 675      65616400 
 676              	.LASF27:
 677 02d1 43794465 		.ascii	"CyDelay\000"
 677      6C617900 
 678              		.ident	"GCC: (GNU Tools for ARM Embedded Processors) 5.4.1 20160609 (release) [ARM/embedded-5-bran
